===================================
  al = 4.8376100330959799e+00
  au = 9.8531093458838512e+00
  bl = 9.9999527253568310e-01
  bu = 1.2178789309639737e+00
  m = 162683, n = 0
  DRIFT : 162683
  Narrowing range from: {4.8375871634671697e+00, 1.1999894276836164e+01}
                  to  : {4.8375871635394150e+00, 1.1999894276836164e+01}
===================================
  al = 7.5997218499909787e+00
  au = 9.2315480825169445e+00
  bl = 7.9999418512913181e+00
  bu = 7.9999418512913181e+00
  m = 12929, n = 112517
  DRIFT : 112517
  Narrowing range from: {6.0797332885915914e+01, 7.3851847857535418e+01}
                  to  : {6.0797332885961843e+01, 7.3851847856735944e+01}
===================================
  al = 1.3302499141721045e+00
  au = 1.6471863519171228e+00
  bl = 6.1897232804840563e+00
  bu = 7.9999857354929560e+00
  m = 0, n = 102607
  DRIFT : 102607
  Narrowing range from: {8.2338788626129933e+00, 1.3177467319035662e+01}
                  to  : {8.2338788626129933e+00, 1.3177467318944529e+01}
===================================
  al = 4.1005107519954285e+00
  au = 6.3902224106083096e+00
  bl = 7.9999933277895714e+00
  bu = 8.7269858330673689e+00
  m = 1144383, n = 0
  DRIFT : 1144383
  Narrowing range from: {3.2804058656492828e+01, 5.5767380447528332e+01}
                  to  : {3.2804058660558489e+01, 5.5767380447528332e+01}
===================================
  al = 9.1602829831643806e+00
  au = 9.6696558292582768e+00
  bl = 3.9999861228192430e+00
  bu = 8.1797460242010072e+00
  m = 161373, n = 0
  DRIFT : 161373
  Narrowing range from: {3.6641004813754783e+01, 7.9095328824767478e+01}
                  to  : {3.6641004814328092e+01, 7.9095328824767478e+01}
===================================
  al = 1.8350791981044837e-01
  au = 1.6422689333107807e+00
  bl = 6.3222572776588430e+00
  bu = 7.9999966491014716e+00
  m = 0, n = 795215
  DRIFT : 795215
  Narrowing range from: {1.1601842815296426e+00, 1.3138145963409693e+01}
                  to  : {1.1601842815296426e+00, 1.3138145962703401e+01}
===================================
  al = 8.7680458426092878e-01
  au = 4.5665021926713365e+00
  bl = 1.5647914418466717e+00
  bu = 1.9999976095741641e+00
  m = 0, n = 644625
  DRIFT : 644625
  Narrowing range from: {1.3720163096234304e+00, 9.1329934694578512e+00}
                  to  : {1.3720163096234304e+00, 9.1329934688853101e+00}
===================================
  al = 1.3467630896517431e+00
  au = 6.5329944154680657e+00
  bl = 7.9999903614489734e+00
  bu = 7.9999903614489734e+00
  m = 0, n = 175937
  DRIFT : 175937
  Narrowing range from: {1.0774091736369185e+01, 5.2263892355144492e+01}
                  to  : {1.0774091736369185e+01, 5.2263892354519442e+01}
===================================
  al = 6.4275942748508330e-01
  au = 7.3987207643896280e-01
  bl = 4.6436108829698958e-01
  bu = 9.9999974572888395e-01
  m = 0, n = 1874201
  DRIFT : 1874201
  Narrowing range from: {2.9847246726012322e-01, 7.3987188831086415e-01}
                  to  : {2.9847246726012322e-01, 7.3987188820682515e-01}
===================================
  al = 4.4939644958291552e-01
  au = 4.3398160904025769e+00
  bl = 2.3043394194980729e-01
  bu = 1.9999986680623052e+00
  m = 0, n = 584007
  DRIFT : 584007
  Narrowing range from: {1.0355619537563905e-01, 8.6796264004405135e+00}
                  to  : {1.0355619537563905e-01, 8.6796263999218120e+00}
===================================
  al = 1.2632843930721280e+00
  au = 4.6991338012029669e+00
  bl = 1.0964054083713259e+00
  bu = 1.9999970169989545e+00
  m = 0, n = 493983
  DRIFT : 493983
  Narrowing range from: {1.3850718408753691e+00, 9.3982535848848912e+00}
                  to  : {1.3850718408753691e+00, 9.3982535844461470e+00}
===================================
  al = 7.9447630808343672e-01
  au = 1.0915512824436477e+00
  bl = 3.6031509197926339e+00
  bu = 7.9999591549877866e+00
  m = 0, n = 152517
  DRIFT : 152517
  Narrowing range from: {2.8626180402242909e+00, 8.7323656751237184e+00}
                  to  : {2.8626180402242909e+00, 8.7323656749882570e+00}
===================================
  al = 9.1276478562401808e-01
  au = 1.5841530168762918e+00
  bl = 1.0704897289266904e+00
  bu = 3.9999920863075578e+00
  m = 0, n = 152069
  DRIFT : 152069
  Narrowing range from: {9.7710532793648375e-01, 6.3365995310054100e+00}
                  to  : {9.7710532793648375e-01, 6.3365995309378782e+00}
===================================
  al = 3.8056084690843166e+00
  au = 4.1660158448686282e+00
  bl = 6.4210106649657372e-01
  bu = 1.9999959680181678e+00
  m = 0, n = 429885
  DRIFT : 429885
  Narrowing range from: {2.4435852566674328e+00, 8.3320148924370567e+00}
                  to  : {2.4435852566674328e+00, 8.3320148920552430e+00}
===================================
  al = 2.2144165619759120e+00
  au = 4.0328490899553824e+00
  bl = 7.9999636828054568e+00
  bu = 7.9999636828054568e+00
  m = 135001, n = 0
  DRIFT : 135001
  Narrowing range from: {1.7715252074410216e+01, 3.2262646257878096e+01}
                  to  : {1.7715252074650024e+01, 3.2262646257878096e+01}
===================================
  al = 5.0492033401186032e-01
  au = 2.9967798560274517e+00
  bl = 9.9999460754260316e-01
  bu = 4.9960437428221276e+00
  m = 114151, n = 0
  DRIFT : 114151
  Narrowing range from: {5.0491761125047041e-01, 1.4972043248321347e+01}
                  to  : {5.0491761125680701e-01, 1.4972043248321347e+01}
===================================
  al = 2.7051603689502851e-01
  au = 1.7480693082709062e+00
  bl = 1.9999961882627351e+00
  bu = 2.5375604688373814e+00
  m = 221207, n = 0
  DRIFT : 221207
  Narrowing range from: {5.4103104265399848e-01, 4.4358315734561575e+00}
                  to  : {5.4103104266627788e-01, 4.4358315734561575e+00}
===================================
  al = 2.2084042404799420e+00
  au = 8.0795480134089672e+00
  bl = 1.4597951791563182e+00
  bu = 3.9999964158687829e+00
  m = 0, n = 1052617
  DRIFT : 1052617
  Narrowing range from: {3.2238178638809898e+00, 3.2318163095475612e+01}
                  to  : {3.2238178638809898e+00, 3.2318163091735968e+01}
===================================
  al = 1.1395451028199928e+00
  au = 1.2238059609694631e+00
  bl = 4.4917911782274427e+00
  bu = 7.9999473341792893e+00
  m = 0, n = 108381
  DRIFT : 108381
  Narrowing range from: {5.1185986400391279e+00, 9.7903832350103794e+00}
                  to  : {5.1185986400391279e+00, 9.7903832349141187e+00}
===================================
  al = 1.0734247675919624e+00
  au = 2.9396412993232484e+00
  bl = 1.2499904093032412e-01
  bu = 6.0060955214342400e+00
  m = 116293, n = 0
  DRIFT : 116293
  Narrowing range from: {1.3417706645985136e-01, 1.7655766442488492e+01}
                  to  : {1.3417706646146524e-01, 1.7655766442488492e+01}
===================================
  al = 4.3133336361527812e+00
  au = 6.9178546511289092e+00
  bl = 4.9999995481898818e-01
  bu = 1.8100345348545410e+00
  m = 2995177, n = 0
  DRIFT : 2995177
  Narrowing range from: {2.1566666231956129e+00, 1.2521555825647438e+01}
                  to  : {2.1566666238606755e+00, 1.2521555825647438e+01}
===================================
  al = 9.4962494710386327e+00
  au = 9.7491738203539882e+00
  bl = 1.0331827307658030e+00
  bu = 7.9999638580249002e+00
  m = 0, n = 163269
  DRIFT : 163269
  Narrowing range from: {9.8113609605210073e+00, 7.7993038208434442e+01}
                  to  : {9.8113609605210073e+00, 7.7993038207274353e+01}
===================================
  al = 1.1909478421650006e+00
  au = 1.4049516150187766e+00
  bl = 4.9999793691796257e-01
  bu = 7.5742983190605839e-01
  m = 158491, n = 0
  DRIFT : 158491
  Narrowing range from: {5.9547146405939966e-01, 1.0641522655998172e+00}
                  to  : {5.9547146406819762e-01, 1.0641522655998172e+00}
===================================
  al = 6.2004749234031264e-01
  au = 2.5171272340519915e+00
  bl = 8.4747678919720848e-02
  bu = 3.9999833986277293e+00
  m = 0, n = 104633
  DRIFT : 104633
  Narrowing range from: {5.2547585795834885e-02, 1.0068467148441700e+01}
                  to  : {5.2547585795834885e-02, 1.0068467148348768e+01}
===================================
  al = 1.4208149805843711e+00
  au = 3.8556649247736496e+00
  bl = 1.9999966883769213e+00
  bu = 5.9088336835476598e+00
  m = 278591, n = 0
  DRIFT : 278591
  Narrowing range from: {2.8416252559650621e+00, 2.2782482779975794e+01}
                  to  : {2.8416252560269215e+00, 2.2782482779975794e+01}
===================================
  al = 1.8551173516856607e+00
  au = 2.8386520861868796e+00
  bl = 1.3239494867932777e+00
  bu = 3.9999975456832559e+00
  m = 0, n = 620287
  DRIFT : 620287
  Narrowing range from: {2.4560816657055349e+00, 1.1354601377796172e+01}
                  to  : {2.4560816657055349e+00, 1.1354601377245247e+01}
===================================
  al = 1.3000082555111376e+00
  au = 5.5291855012949451e+00
  bl = 1.0075937518659704e-01
  bu = 9.9999957160349651e-01
  m = 1, n = 1251691
  DRIFT : 1251691
  Narrowing range from: {1.3098801956272024e-01, 5.5291831326112089e+00}
                  to  : {1.3098801956272024e-01, 5.5291831320553468e+00}
===================================
  al = 6.2566324014696457e+00
  au = 6.2680643224894688e+00
  bl = 7.9999769272256449e+00
  bu = 7.9999769272256449e+00
  m = 121863, n = 0
  DRIFT : 121863
  Narrowing range from: {5.0052914853889547e+01, 5.0144369958281992e+01}
                  to  : {5.0052914854322488e+01, 5.0144369958281992e+01}
===================================
  al = 2.8214014231715254e-02
  au = 3.5515145563644179e-01
  bl = 9.3205244324213579e-02
  bu = 7.9999721197113267e+00
  m = 0, n = 133803
  DRIFT : 133803
  Narrowing range from: {2.6296940898338592e-03, 2.8412017433664283e+00}
                  to  : {2.6296940898338592e-03, 2.8412017433367183e+00}
===================================
  al = 2.2433575482073340e-02
  au = 2.5583287119779408e-01
  bl = 9.9999984822975385e-01
  bu = 4.4987253331364947e+00
  m = 128775, n = 0
  DRIFT : 128775
  Narrowing range from: {2.2433572077324070e-02, 1.1509218187065622e+00}
                  to  : {2.2433572077547457e-02, 1.1509218187065622e+00}
===================================
  al = 4.7975768468115332e+00
  au = 7.8547323238075197e+00
  bl = 1.2499982701773510e-01
  bu = 1.2977524432084997e+00
  m = 142569, n = 0
  DRIFT : 142569
  Narrowing range from: {5.9969627595573272e-01, 1.0193498063969985e+01}
                  to  : {5.9969627596364683e-01, 1.0193498063969985e+01}
===================================
  al = 4.0961099239484433e+00
  au = 6.7067039156797108e+00
  bl = 3.9999985327879046e+00
  bu = 3.9999985327879046e+00
  m = 2137873, n = 0
  DRIFT : 2137873
  Narrowing range from: {1.6384433685931750e+01, 2.6826805822561738e+01}
                  to  : {1.6384433689729374e+01, 2.6826805822561738e+01}
===================================
  al = 4.6725123675470509e-01
  au = 5.5506671328569563e+00
  bl = 1.8788417754594495e+00
  bu = 3.9999854065248170e+00
  m = 0, n = 137621
  DRIFT : 137621
  Narrowing range from: {8.7789114324983375e-01, 2.2202587527904772e+01}
                  to  : {8.7789114324983375e-01, 2.2202587527660310e+01}
===================================
  al = 8.4327299304070831e+00
  au = 8.8113739514906317e+00
  bl = 1.9999971421174279e+00
  bu = 1.9999971421174279e+00
  m = 0, n = 386883
  DRIFT : 386883
  Narrowing range from: {1.6865435761062262e+01, 1.7622722721109209e+01}
                  to  : {1.6865435761062262e+01, 1.7622722720421969e+01}
===================================
  al = 2.9919992714966916e+00
  au = 5.8046997467357766e+00
  bl = 6.9876128540864064e+00
  bu = 7.9999793143645128e+00
  m = 0, n = 174505
  DRIFT : 174505
  Narrowing range from: {2.0906932568927445e+01, 4.6437477899983136e+01}
                  to  : {2.0906932568927445e+01, 4.6437477899363174e+01}
===================================
  al = 2.7752840888555746e-01
  au = 3.4311129159327574e+00
  bl = 7.9999836324029925e+00
  bu = 7.9999836324029925e+00
  m = 124861, n = 0
  DRIFT : 124861
  Narrowing range from: {2.2202227286113052e+00, 2.7448847168388564e+01}
                  to  : {2.2202227286390297e+00, 2.7448847168388564e+01}
===================================
  al = 1.5602512866695878e-01
  au = 8.4605037720173049e-01
  bl = 4.9999935211147117e-01
  bu = 3.4403040129655453e+00
  m = 412181, n = 0
  DRIFT : 412181
  Narrowing range from: {7.8012463246588323e-02, 2.9106705078581268e+00}
                  to  : {7.8012463249448397e-02, 2.9106705078581268e+00}
===================================
  al = 3.4274298077784380e+00
  au = 8.2197046764339383e+00
  bl = 3.1556035230410444e+00
  bu = 7.9999712834352374e+00
  m = 1, n = 243419
  DRIFT : 243419
  Narrowing range from: {1.0815609576401529e+01, 6.5757401369789832e+01}
                  to  : {1.0815609576401529e+01, 6.5757401368060243e+01}
===================================
  al = 4.3814738930577226e+00
  au = 4.3901127806497078e+00
  bl = 1.9999910972706727e+00
  bu = 5.5847077104854996e+00
  m = 147543, n = 0
  DRIFT : 147543
  Narrowing range from: {8.7629087790393214e+00, 2.4517496695995359e+01}
                  to  : {8.7629087791703650e+00, 2.4517496695995359e+01}
===================================
  al = 5.0799108284158467e-01
  au = 1.9449381518325479e+00
  bl = 7.9999551853360344e+00
  bu = 7.9999551853360344e+00
  m = 137255, n = 0
  DRIFT : 137255
  Narrowing range from: {4.0639058972830027e+00, 1.5559418052910676e+01}
                  to  : {4.0639058973439557e+00, 1.5559418052910676e+01}
===================================
  al = 1.4038007763844840e+00
  au = 1.6261320927057288e+00
  bl = 1.6180921278651164e+00
  bu = 7.9999805145784091e+00
  m = 0, n = 148931
  DRIFT : 148931
  Narrowing range from: {2.2714789853586721e+00, 1.3009025055776441e+01}
                  to  : {2.2714789853586721e+00, 1.3009025055644164e+01}
===================================
  al = 5.7963548456272151e-01
  au = 1.2463447001079524e+00
  bl = 6.2870721823303388e-01
  bu = 3.9999784518578996e+00
  m = 0, n = 108187
  DRIFT : 108187
  Narrowing range from: {3.6442101308858527e-01, 4.9853519440191052e+00}
                  to  : {3.6442101308858527e-01, 4.9853519439710610e+00}
===================================
  al = 4.2112912016581960e+00
  au = 5.0201194780434193e+00
  bl = 4.9999847093636740e-01
  bu = 7.8055480206658734e+00
  m = 203569, n = 29
  DRIFT : 203569
  Narrowing range from: {2.1056391614968755e+00, 3.9184783655348006e+01}
                  to  : {2.1056391615420766e+00, 3.9184783655347907e+01}
===================================
  al = 5.0864996446437774e+00
  au = 5.4153453792832380e+00
  bl = 3.9999964922727504e+00
  bu = 4.5595341683301420e+00
  m = 217603, n = 0
  DRIFT : 217603
  Narrowing range from: {2.0345980736521703e+01, 2.4691452290150675e+01}
                  to  : {2.0345980736908242e+01, 2.4691452290150675e+01}
===================================
  al = 2.7986132790696914e+00
  au = 4.4213358771319342e+00
  bl = 1.9999931534285316e+00
  bu = 4.4921348891213304e+00
  m = 158863, n = 0
  DRIFT : 158863
  Narrowing range from: {5.5972073972335554e+00, 1.9861237150188220e+01}
                  to  : {5.5972073973041043e+00, 1.9861237150188220e+01}
===================================
  al = 1.0501014779948665e+00
  au = 8.2396684764960817e+00
  bl = 7.9999710677946396e+00
  bu = 7.9999710677946396e+00
  m = 0, n = 127157
  DRIFT : 127157
  Narrowing range from: {8.4007814422073217e+00, 6.5917109420188183e+01}
                  to  : {8.4007814422073217e+00, 6.5917109419284685e+01}
===================================
  al = 1.3352759276362913e-01
  au = 7.1198171401098742e-01
  bl = 9.9999928971996677e-01
  bu = 1.9688449356083835e+00
  m = 1187063, n = 0
  DRIFT : 1187063
  Narrowing range from: {1.3352749792164612e-01, 1.4017815918763090e+00}
                  to  : {1.3352749793811991e-01, 1.4017815918763090e+00}
===================================
  al = 6.9945852563348359e+00
  au = 8.9317382245236114e+00
  bl = 2.8095732426104032e+00
  bu = 7.9999956189212416e+00
  m = 0, n = 1330361
  DRIFT : 1330361
  Narrowing range from: {1.9651799579355583e+01, 7.1453866665540275e+01}
                  to  : {1.9651799579355583e+01, 7.1453866656087499e+01}
===================================
  al = 3.9260028147231063e+00
  au = 9.0672004425555564e+00
  bl = 6.7337281598179211e-01
  bu = 1.9999962516745962e+00
  m = 0, n = 358165
  DRIFT : 358165
  Narrowing range from: {2.6436635709025400e+00, 1.8134366898293351e+01}
                  to  : {2.6436635709025400e+00, 1.8134366897657124e+01}
===================================
  al = 2.5241391888823173e+00
  au = 5.3656417051805230e+00
  bl = 1.1518484630333688e-01
  bu = 1.9999958590865961e+00
  m = 0, n = 184919
  DRIFT : 184919
  Narrowing range from: {2.9074258451963914e-01, 1.0731261191703387e+01}
                  to  : {2.9074258451963914e-01, 1.0731261191539147e+01}
===================================
  al = 4.0249751660090300e+00
  au = 8.1678016536430889e+00
  bl = 1.9999987069127401e+00
  bu = 2.2654343231025691e+00
  m = 525341, n = 0
  DRIFT : 525341
  Narrowing range from: {8.0499451273739524e+00, 1.8503618210456974e+01}
                  to  : {8.0499451278405481e+00, 1.8503618210456974e+01}
===================================
  al = 2.0247779750381021e+00
  au = 4.4287362975368971e+00
  bl = 5.1513828636409487e-01
  bu = 3.9999731696853251e+00
  m = 0, n = 110105
  DRIFT : 110105
  Narrowing range from: {1.0430406563288899e+00, 1.7714826365759112e+01}
                  to  : {1.0430406563288899e+00, 1.7714826365563528e+01}
===================================
  al = 2.1185663984080967e+00
  au = 7.0056066321779316e+00
  bl = 1.9999886688008721e+00
  bu = 3.3762867330663542e+00
  m = 123865, n = 0
  DRIFT : 123865
  Narrowing range from: {4.2371087909184677e+00, 2.3652936729304013e+01}
                  to  : {4.2371087909734744e+00, 2.3652936729304013e+01}
===================================
  al = 3.8320058840451674e+00
  au = 9.4480941567722194e+00
  bl = 1.1281126853862122e+00
  bu = 7.9999785927996374e+00
  m = 0, n = 124689
  DRIFT : 124689
  Narrowing range from: {4.3229344482659604e+00, 7.5584550996933089e+01}
                  to  : {4.3229344482659604e+00, 7.5584550996047128e+01}
===================================
  al = 2.1577854828110730e+00
  au = 2.1851598061255366e+00
  bl = 1.1607533093168669e+00
  bu = 7.9999994958942047e+00
  m = 0, n = 606647
  DRIFT : 606647
  Narrowing range from: {2.5046566399688466e+00, 1.7481277347452568e+01}
                  to  : {2.5046566399688466e+00, 1.7481277346374949e+01}
===================================
  al = 4.8250707125850605e+00
  au = 5.7467051847161859e+00
  bl = 3.9999878008264407e+00
  bu = 6.3190013318650990e+00
  m = 240553, n = 0
  DRIFT : 240553
  Narrowing range from: {1.9300223988465184e+01, 3.6313437716057649e+01}
                  to  : {1.9300223988892490e+01, 3.6313437716057649e+01}
===================================
  al = 4.8561393644170687e+00
  au = 8.3545023565975427e+00
  bl = 7.9999889403955642e+00
  bu = 9.3902206959801511e+00
  m = 319517, n = 0
  DRIFT : 319517
  Narrowing range from: {3.8849061208356098e+01, 7.8450620933537195e+01}
                  to  : {3.8849061209491246e+01, 7.8450620933537195e+01}
===================================
  al = 2.1278325025778919e+00
  au = 2.7065859474114919e+00
  bl = 9.9999836743981496e-01
  bu = 9.9999836743981496e-01
  m = 390627, n = 0
  DRIFT : 390627
  Narrowing range from: {2.1278290287632680e+00, 2.7065815287470367e+00}
                  to  : {2.1278290288500044e+00, 2.7065815287470367e+00}
===================================
  al = 8.3503632917289732e+00
  au = 9.2337398585806945e+00
  bl = 6.9718017315590064e-01
  bu = 7.9999969585926953e+00
  m = 0, n = 1282263
  DRIFT : 1282263
  Narrowing range from: {5.8217077256422822e+00, 7.3869890785081694e+01}
                  to  : {5.8217077256422822e+00, 7.3869890775970674e+01}
===================================
  al = 2.1423820227441026e+00
  au = 4.0700897131505549e+00
  bl = 3.9999926981418019e+00
  bu = 3.9999926981418019e+00
  m = 422815, n = 0
  DRIFT : 422815
  Narrowing range from: {8.5695124476066749e+00, 1.6280329133384281e+01}
                  to  : {8.5695124479822091e+00, 1.6280329133384281e+01}
===================================
  al = 3.7707884031561201e+00
  au = 8.2208408464802201e+00
  bl = 4.7021306706869233e+00
  bu = 7.9999534209125391e+00
  m = 0, n = 155387
  DRIFT : 155387
  Narrowing range from: {1.7730739803150961e+01, 6.5766343852576966e+01}
                  to  : {1.7730739803150961e+01, 6.5766343851472882e+01}
===================================
  al = 7.3162651248613830e+00
  au = 8.2160327542300617e+00
  bl = 6.4580259100303037e+00
  bu = 7.9999921718156832e+00
  m = 0, n = 260657
  DRIFT : 260657
  Narrowing range from: {4.7248629741005907e+01, 6.5728197717221732e+01}
                  to  : {4.7248629741005907e+01, 6.5728197715369660e+01}
===================================
  al = 4.2245208265378968e+00
  au = 4.6266730442963384e+00
  bl = 4.9999997121375073e-01
  bu = 8.3821737203899325e+00
  m = 8972037, n = 0
  DRIFT : 8972037
  Narrowing range from: {2.1122602916608391e+00, 3.8781577204737253e+01}
                  to  : {2.1122602936530313e+00, 3.8781577204737253e+01}
===================================
  al = 4.3137847457326641e+00
  au = 4.5293466495976347e+00
  bl = 7.9999727927954805e+00
  bu = 7.9999727927954805e+00
  m = 0, n = 248793
  DRIFT : 248793
  Narrowing range from: {3.4510160599837484e+01, 3.6234649965920440e+01}
                  to  : {3.4510160599837484e+01, 3.6234649965036553e+01}
===================================
  al = 1.6844229131550867e+00
  au = 2.2522668266664740e+00
  bl = 1.9999939203247403e+00
  bu = 1.9999939203247403e+00
  m = 0, n = 148041
  DRIFT : 148041
  Narrowing range from: {3.3688355855658614e+00, 4.5045199602820434e+00}
                  to  : {3.3688355855658614e+00, 4.5045199602163004e+00}
===================================
  al = 1.1423352548551224e+00
  au = 1.3006648596188031e+00
  bl = 4.4446917230985861e-01
  bu = 3.9999920427952351e+00
  m = 0, n = 257635
  DRIFT : 257635
  Narrowing range from: {5.0773280522582764e-01, 5.2026490888185934e+00}
                  to  : {5.0773280522582764e-01, 5.2026490887041810e+00}
===================================
  al = 3.8536148709680534e-01
  au = 4.0063930388207336e-01
  bl = 7.2729296532873278e-01
  bu = 9.9999675325208692e-01
  m = 0, n = 121715
  DRIFT : 121715
  Narrowing range from: {2.8027069867412574e-01, 4.0063800310724956e-01}
                  to  : {2.8027069867412574e-01, 4.0063800310387132e-01}
===================================
  al = 1.2663880643804080e+00
  au = 1.3888103260854923e+00
  bl = 7.9999889221272831e+00
  bu = 7.9999889221272831e+00
  m = 132591, n = 403135
  DRIFT : 403135
  Narrowing range from: {1.0131090486157477e+01, 1.1110467223619917e+01}
                  to  : {1.0131090486275241e+01, 1.1110467223261862e+01}
===================================
  al = 1.2353247754755529e-01
  au = 1.4653212259576689e-01
  bl = 1.7529158804484026e+00
  bu = 1.9999915244472830e+00
  m = 0, n = 167685
  DRIFT : 167685
  Narrowing range from: {2.1654204164424543e-01, 2.9306300325080398e-01}
                  to  : {2.1654204164424543e-01, 2.9306300324614981e-01}
===================================
  al = 5.6974791514759762e+00
  au = 9.8806013058758619e+00
  bl = 3.9999986355916253e+00
  bu = 4.5589325293107734e+00
  m = 832107, n = 0
  DRIFT : 832107
  Narrowing range from: {2.2789908832215637e+01, 4.5044994702507978e+01}
                  to  : {2.2789908833693755e+01, 4.5044994702507978e+01}
===================================
  al = 4.5473589882146666e+00
  au = 4.5626186963440034e+00
  bl = 1.4525208480086627e+00
  bu = 3.9999862301458249e+00
  m = 0, n = 185093
  DRIFT : 185093
  Narrowing range from: {6.6051337337613818e+00, 1.8250411958781907e+01}
                  to  : {6.6051337337613818e+00, 1.8250411958453117e+01}
===================================
  al = 1.0933086177001357e+00
  au = 9.6305592940696521e+00
  bl = 3.9999944862652814e+00
  bu = 3.9999944862652814e+00
  m = 15483, n = 457993
  DRIFT : 457993
  Narrowing range from: {4.3732284425868597e+00, 3.8522184075929466e+01}
                  to  : {4.3732284425937351e+00, 3.8522184074302352e+01}
===================================
  al = 4.1765251469110112e+00
  au = 6.5652665590059360e+00
  bl = 3.9999697453848890e+00
  bu = 8.4735078328356082e+00
  m = 118463, n = 0
  DRIFT : 118463
  Narrowing range from: {1.6705974228483225e+01, 5.5630837612390479e+01}
                  to  : {1.6705974228693655e+01, 5.5630837612390479e+01}
===================================
  al = 2.0400393987328571e+00
  au = 2.0828785402205710e+00
  bl = 4.0372263471220998e-02
  bu = 6.2499553948715300e-02
  m = 0, n = 123623
  DRIFT : 123623
  Narrowing range from: {8.2361008097314170e-02, 1.3017897969313694e-01}
                  to  : {8.2361008097314170e-02, 1.3017897969142134e-01}
===================================
  al = 1.5724374455650045e+00
  au = 9.9003132583074862e+00
  bl = 1.9147745305125929e-01
  bu = 9.9999638297691473e-01
  m = 0, n = 111421
  DRIFT : 111421
  Narrowing range from: {3.0108631715921524e-01, 9.9002774486458787e+00}
                  to  : {3.0108631715921524e-01, 9.9002774485469178e+00}
===================================
  al = 5.6743043656051562e+00
  au = 8.7016776906887046e+00
  bl = 7.9057560184279954e+00
  bu = 7.9999761250470760e+00
  m = 0, n = 285485
  DRIFT : 285485
  Narrowing range from: {4.4859665888775211e+01, 6.9613213773364407e+01}
                  to  : {4.4859665888775211e+01, 6.9613213771335921e+01}
===================================
  al = 1.4037200850079559e+00
  au = 4.9682905743371437e+00
  bl = 3.9999901588244544e+00
  bu = 7.9531097306202350e+00
  m = 196833, n = 113
  DRIFT : 196833
  Narrowing range from: {5.6148665257760504e+00, 3.9513360111309531e+01}
                  to  : {5.6148665258634614e+00, 3.9513360111309133e+01}
===================================
  al = 3.9760275456494245e+00
  au = 8.2442435709476705e+00
  bl = 7.9450057019837095e+00
  bu = 7.9999770144959390e+00
  m = 0, n = 138953
  DRIFT : 138953
  Narrowing range from: {3.1589561521428973e+01, 6.5953759069487276e+01}
                  to  : {3.1589561521428973e+01, 6.5953759068499963e+01}
===================================
  al = 5.8763419045881209e+00
  au = 8.6573187942753869e+00
  bl = 3.1972178355405338e+00
  bu = 7.9999547606901658e+00
  m = 0, n = 123251
  DRIFT : 123251
  Narrowing range from: {1.8787945145083370e+01, 6.9258158703075821e+01}
                  to  : {1.8787945145083370e+01, 6.9258158702200078e+01}
===================================
  al = 1.5103954212182658e-01
  au = 6.4709359151976398e-01
  bl = 4.9999960296768153e-01
  bu = 1.1684248633868022e+00
  m = 640453, n = 0
  DRIFT : 640453
  Narrowing range from: {7.5519711093333705e-02, 7.5608024126995543e-01}
                  to  : {7.5519711097777734e-02, 7.5608024126995543e-01}
===================================
  al = 1.1007888542692392e+00
  au = 2.7590731680000764e+00
  bl = 7.9999496964214210e+00
  bu = 7.9999496964214210e+00
  m = 121303, n = 41673
  DRIFT : 121303
  Narrowing range from: {8.8062554605352847e+00, 2.2072446552746698e+01}
                  to  : {8.8062554606430226e+00, 2.2072446552672673e+01}
===================================
  al = 3.1315310453824612e+00
  au = 4.2007818962178032e+00
  bl = 1.3861594728052524e+00
  bu = 3.9999953570533875e+00
  m = 0, n = 766335
  DRIFT : 766335
  Narrowing range from: {4.3408014229406335e+00, 1.6803108080865137e+01}
                  to  : {4.3408014229406335e+00, 1.6803108079503854e+01}
===================================
  al = 2.4737811151495312e-01
  au = 1.4866371881224236e+00
  bl = 1.6339897419195577e+00
  bu = 7.9999671971053790e+00
  m = 0, n = 116755
  DRIFT : 116755
  Narrowing range from: {4.0421329659086580e-01, 1.1893048738976367e+01}
                  to  : {4.0421329659086580e-01, 1.1893048738872668e+01}
===================================
  al = 4.5872429059933673e-01
  au = 6.7092615229794705e-01
  bl = 2.4685624504600678e+00
  bu = 3.9999966439150496e+00
  m = 0, n = 412125
  DRIFT : 412125
  Narrowing range from: {1.1323895588874549e+00, 2.6837023575066254e+00}
                  to  : {1.1323895588874549e+00, 2.6837023574151155e+00}
===================================
  al = 1.6678840003130999e+00
  au = 2.1446612636817024e+00
  bl = 7.9999953644654536e+00
  bu = 7.9999953644654536e+00
  m = 238103, n = 0
  DRIFT : 238103
  Narrowing range from: {1.3343064270970897e+01, 1.7157280167802242e+01}
                  to  : {1.3343064271182374e+01, 1.7157280167802242e+01}
===================================
  al = 6.3641501067740675e-04
  au = 1.3175569084560890e-01
  bl = 1.3583028192988396e+00
  bu = 7.9999367940476107e+00
  m = 0, n = 106153
  DRIFT : 106153
  Narrowing range from: {8.6444430324722271e-04, 1.0540371990209485e+00}
                  to  : {8.6444430324722271e-04, 1.0540371990091633e+00}
===================================
  al = 5.5840299551759409e-01
  au = 4.5846301606784792e+00
  bl = 9.9999998129962742e-01
  bu = 2.0594227607033373e+00
  m = 1396753, n = 0
  DRIFT : 1396753
  Narrowing range from: {5.5840298507525010e-01, 9.4416917023082583e+00}
                  to  : {5.5840298515278541e-01, 9.4416917023082583e+00}
===================================
  al = 1.0759388120972910e+00
  au = 1.1289483009201029e+00
  bl = 3.1650983822000183e+00
  bu = 7.9999731111458159e+00
  m = 0, n = 181339
  DRIFT : 181339
  Narrowing range from: {3.4054521935153454e+00, 9.0315560512345776e+00}
                  to  : {3.4054521935153454e+00, 9.0315560510735171e+00}
===================================
  al = 1.8973611068374427e+00
  au = 8.1797722132821669e+00
  bl = 6.1523174346360907e+00
  bu = 7.9999588075976362e+00
  m = 0, n = 139089
  DRIFT : 139089
  Narrowing range from: {1.1673167817396429e+01, 6.5437840761789076e+01}
                  to  : {1.1673167817396429e+01, 6.5437840760800796e+01}
===================================
  al = 1.3954735906561377e-01
  au = 1.8623335744970877e+00
  bl = 7.9999695904527606e+00
  bu = 7.9999695904527606e+00
  m = 198985, n = 0
  DRIFT : 198985
  Narrowing range from: {1.1163746289529026e+00, 1.4898611963255892e+01}
                  to  : {1.1163746289749943e+00, 1.4898611963255892e+01}
===================================
  al = 7.1956647787535255e-01
  au = 5.4111187737839606e+00
  bl = 3.9999961993382587e+00
  bu = 4.5232315278021087e+00
  m = 138021, n = 0
  DRIFT : 138021
  Narrowing range from: {2.8782631766726277e+00, 2.4475743038261498e+01}
                  to  : {2.8782631767032743e+00, 2.4475743038261498e+01}
===================================
  al = 8.0603756823863515e-01
  au = 1.0261749540070504e+00
  bl = 1.5986985772424106e-02
  bu = 7.9999529782890413e+00
  m = 0, n = 123523
  DRIFT : 123523
  Narrowing range from: {1.2886111135470384e-02, 8.2093513795543220e+00}
                  to  : {1.2886111135470384e-02, 8.2093513794446125e+00}
===================================
  al = 3.0603133489749923e+00
  au = 3.4819664636938614e+00
  bl = 7.9999881071159260e+00
  bu = 7.9999881071159260e+00
  m = 229617, n = 0
  DRIFT : 229617
  Narrowing range from: {2.4482470395848051e+01, 2.7855690298927389e+01}
                  to  : {2.4482470396255930e+01, 2.7855690298927389e+01}
===================================
  al = 2.9866717078338669e+00
  au = 5.6586529819708966e+00
  bl = 9.9999747156257890e-01
  bu = 3.1085057311302595e+00
  m = 130677, n = 1
  DRIFT : 130677
  Narrowing range from: {2.9866641562213565e+00, 1.7589955224933863e+01}
                  to  : {2.9866641562503724e+00, 1.7589955224933863e+01}
===================================
  al = 5.2758724374614179e+00
  au = 6.7702045806193869e+00
  bl = 7.9999772034031178e+00
  bu = 7.9999772034031178e+00
  m = 225319, n = 0
  DRIFT : 225319
  Narrowing range from: {4.2206859227754187e+01, 5.4161482307330459e+01}
                  to  : {4.2206859228554677e+01, 5.4161482307330459e+01}
===================================
  al = 6.8737151701307331e-01
  au = 3.7465623670788242e+00
  bl = 9.9999609928488031e-01
  bu = 1.3419933417264103e+00
  m = 103401, n = 0
  DRIFT : 103401
  Narrowing range from: {6.8736883577260410e-01, 5.0278617509825212e+00}
                  to  : {6.8736883577834396e-01, 5.0278617509825212e+00}
===================================
  al = 5.5839208246396455e-01
  au = 7.3464859088854650e-01
  bl = 1.9999966097905666e+00
  bu = 2.7221105557626939e+00
  m = 427215, n = 0
  DRIFT : 427215
  Narrowing range from: {1.1167822718618237e+00, 1.9997946840339014e+00}
                  to  : {1.1167822719092539e+00, 1.9997946840339014e+00}
===================================
  al = 4.5527533822344735e+00
  au = 7.7444948682616150e+00
  bl = 1.9999977910221747e+00
  bu = 1.9999977910221747e+00
  m = 409751, n = 0
  DRIFT : 409751
  Narrowing range from: {9.1054967075376823e+00, 1.5488972629105797e+01}
                  to  : {9.1054967079016134e+00, 1.5488972629105797e+01}
===================================
  al = 1.0656582379362052e+00
  au = 1.4734947166909818e+00
  bl = 3.9999820168896552e+00
  bu = 3.9999820168896552e+00
  m = 105645, n = 0
  DRIFT : 105645
  Narrowing range from: {4.2626137878951385e+00, 5.8939523687458442e+00}
                  to  : {4.2626137879420538e+00, 5.8939523687458442e+00}
===================================
  al = 2.6272316899991957e+00
  au = 4.6975214517024959e+00
  bl = 4.5875707857061937e-01
  bu = 9.9999873471223322e-01
  m = 3, n = 330609
  DRIFT : 330609
  Narrowing range from: {1.2052611348321822e+00, 4.6975155079860684e+00}
                  to  : {1.2052611348321824e+00, 4.6975155078392490e+00}
===================================
  al = 1.5374065668039880e-01
  au = 9.2855154287183677e+00
  bl = 4.9999862575496473e-01
  bu = 9.2351315490233188e-01
  m = 172433, n = 0
  DRIFT : 172433
  Narrowing range from: {7.6870117062865242e-02, 8.5752956484699787e+00}
                  to  : {7.6870117064061730e-02, 8.5752956484699787e+00}
===================================
  al = 1.8959557019051215e-01
  au = 1.1612053253330914e+00
  bl = 1.9999862684884075e+00
  bu = 1.9999862684884075e+00
  m = 0, n = 104831
  DRIFT : 104831
  Narrowing range from: {3.7918853694725435e-01, 2.3223947055617966e+00}
                  to  : {3.7918853694725435e-01, 2.3223947055385197e+00}
===================================
  al = 3.0216081025232860e-01
  au = 2.5807486529288814e+00
  bl = 1.9999893353098517e+00
  bu = 2.4852190622673938e+00
  m = 112983, n = 0
  DRIFT : 112983
  Narrowing range from: {6.0431839805324095e-01, 6.4137257471797549e+00}
                  to  : {6.0431839805951271e-01, 6.4137257471797549e+00}
===================================
  al = 6.1440409832631016e-01
  au = 2.1694627840253990e+00
  bl = 4.4788248785073757e+00
  bu = 7.9999566938998123e+00
  m = 0, n = 119689
  DRIFT : 119689
  Narrowing range from: {2.7518083610407698e+00, 1.7355608321230513e+01}
                  to  : {2.7518083610407698e+00, 1.7355608321017904e+01}
===================================
  al = 8.6001592301804486e+00
  au = 9.1017186985666125e+00
  bl = 1.2499966291923004e-01
  bu = 1.2499966291923004e-01
  m = 62055, n = 138913
  DRIFT : 138913
  Narrowing range from: {1.0750170048242611e+00, 1.1377117693064795e+00}
                  to  : {1.0750170048311505e+00, 1.1377117692910572e+00}
===================================
  al = 5.0427077146300869e-01
  au = 4.5099588929077896e+00
  bl = 4.6514138775562515e+00
  bu = 7.9999716835451160e+00
  m = 0, n = 239777
  DRIFT : 239777
  Narrowing range from: {2.3455720644290357e+00, 3.6079543437214795e+01}
                  to  : {2.3455720644290357e+00, 3.6079543436362940e+01}
===================================
  al = 5.3087949643093593e+00
  au = 5.5982154600610210e+00
  bl = 3.9999987639207832e+00
  bu = 6.7427250888100083e+00
  m = 600113, n = 3
  DRIFT : 600113
  Narrowing range from: {2.1235173295146318e+01, 3.7747227835117506e+01}
                  to  : {2.1235173296212331e+01, 3.7747227835117499e+01}
===================================
  al = 6.0600242172700947e-01
  au = 1.1623589487420363e+00
  bl = 3.9999914404709487e+00
  bu = 5.1242208087173635e+00
  m = 144763, n = 0
  DRIFT : 144763
  Narrowing range from: {2.4240044998127042e+00, 5.9561839123427820e+00}
                  to  : {2.4240044998448478e+00, 5.9561839123427820e+00}
===================================
  al = 3.0276139782937759e+00
  au = 9.3976211806890486e+00
  bl = 1.8201723491544923e+00
  bu = 7.9999645246872317e+00
  m = 1, n = 146015
  DRIFT : 146015
  Narrowing range from: {5.5107792472039607e+00, 7.5180636061961721e+01}
                  to  : {5.5107792472039607e+00, 7.5180636060924229e+01}
===================================
  al = 4.4634448317642272e+00
  au = 4.6142626530122426e+00
  bl = 4.2126199703096895e-01
  bu = 4.9999726741859363e-01
  m = 0, n = 149775
  DRIFT : 149775
  Narrowing range from: {1.8802796834665556e+00, 2.3071187176577914e+00}
                  to  : {1.8802796834665556e+00, 2.3071187176245349e+00}
===================================
  al = 3.1529571317103877e+00
  au = 4.5637213418031468e+00
  bl = 1.2243161450099884e+00
  bu = 7.9999976210555861e+00
  m = 0, n = 2159679
  DRIFT : 2159679
  Narrowing range from: {3.8602163208774121e+00, 3.6509759877585779e+01}
                  to  : {3.8602163208774121e+00, 3.6509759869913061e+01}
===================================
  al = 7.2513958366002881e-04
  au = 1.0510270665819512e+00
  bl = 1.5118427632984816e-01
  bu = 1.9999973663518902e+00
  m = 0, n = 266983
  DRIFT : 266983
  Narrowing range from: {1.0962970319376884e-04, 2.1020513651284549e+00}
                  to  : {1.0962970319376884e-04, 2.1020513650691730e+00}
===================================
  al = 4.3098751119964120e+00
  au = 7.7987956102970308e+00
  bl = 7.9999936739564337e+00
  bu = 7.9999936739564337e+00
  m = 763283, n = 0
  DRIFT : 763283
  Narrowing range from: {3.4478973631513576e+01, 6.2390315546855454e+01}
                  to  : {3.4478973634225298e+01, 6.2390315546855454e+01}
===================================
  al = 8.7319142931595568e+00
  au = 8.9675521133674465e+00
  bl = 9.9999941541969672e-01
  bu = 1.3233109676335548e+00
  m = 857011, n = 0
  DRIFT : 857011
  Narrowing range from: {8.7319091886544520e+00, 1.1866860064444605e+01}
                  to  : {8.7319091894156298e+00, 1.1866860064444605e+01}
===================================
  al = 1.6750587571116662e-01
  au = 9.7716713053216449e+00
  bl = 7.9999701321966317e+00
  bu = 7.9999701321966317e+00
  m = 114581, n = 0
  DRIFT : 114581
  Narrowing range from: {1.3400420026567743e+00, 7.8173078584216029e+01}
                  to  : {1.3400420026694952e+00, 7.8173078584216029e+01}
===================================
  al = 1.1775308340730217e+00
  au = 4.5782565846971943e+00
  bl = 7.9999649818159764e+00
  bu = 7.9999649818159764e+00
  m = 0, n = 116681
  DRIFT : 116681
  Narrowing range from: {9.4202054375927329e+00, 3.6625892355345961e+01}
                  to  : {9.4202054375927329e+00, 3.6625892354931430e+01}
===================================
  al = 2.2373924966418248e+00
  au = 2.3480241541909255e+00
  bl = 1.9999960714885794e+00
  bu = 1.9999960714885794e+00
  m = 381035, n = 0
  DRIFT : 381035
  Narrowing range from: {4.4747762036616745e+00, 4.6960390841421455e+00}
                  to  : {4.4747762038308876e+00, 4.6960390841421455e+00}
===================================
  al = 2.3822888203100794e+00
  au = 5.6359180943053637e+00
  bl = 1.2499942879107979e-01
  bu = 2.8311752000924200e+00
  m = 167377, n = 0
  DRIFT : 167377
  Narrowing range from: {2.9778474175413527e-01, 1.5956271538349478e+01}
                  to  : {2.9778474175878089e-01, 1.5956271538349478e+01}
===================================
  al = 5.1671944660278770e+00
  au = 9.2251549673224993e+00
  bl = 7.1085498603390071e-03
  bu = 1.5624938862709836e-02
  m = 1, n = 148867
  DRIFT : 148867
  Narrowing range from: {3.6731259499826960e-02, 1.4414248236343799e-01}
                  to  : {3.6731259499826960e-02, 1.4414248236137206e-01}
===================================
  al = 5.0875382568888095e-01
  au = 1.3936821263721944e+00
  bl = 3.3413509512838759e+00
  bu = 3.9999959280551063e+00
  m = 0, n = 595519
  DRIFT : 595519
  Narrowing range from: {1.6999250794348535e+00, 5.5747228304919592e+00}
                  to  : {1.6999250794348535e+00, 5.5747228302274960e+00}
===================================
  al = 1.5751374583360978e+00
  au = 5.2474836159012073e+00
  bl = 2.6911188949806792e+00
  bu = 3.9999882871408179e+00
  m = 0, n = 190319
  DRIFT : 190319
  Narrowing range from: {4.2388821763201152e+00, 2.0989873000568174e+01}
                  to  : {4.2388821763201152e+00, 2.0989873000230101e+01}
===================================
  al = 1.7408421886346590e+00
  au = 8.4332082520799858e+00
  bl = 6.9711853614072181e+00
  bu = 7.9999250779816045e+00
  m = 0, n = 100425
  DRIFT : 100425
  Narrowing range from: {1.2135733581930038e+01, 6.7465034183656087e+01}
                  to  : {1.2135733581930038e+01, 6.7465034182942532e+01}
===================================
  al = 2.1639462952918198e-01
  au = 2.2999043514588244e+00
  bl = 1.1495144057149906e+00
  bu = 1.9999981038932437e+00
  m = 0, n = 537421
  DRIFT : 537421
  Narrowing range from: {2.4874874396315319e-01, 4.5998043420534689e+00}
                  to  : {2.4874874396315319e-01, 4.5998043418148065e+00}
===================================
  al = 1.0462906350322405e+00
  au = 6.0606169981519233e+00
  bl = 7.9999614192830819e+00
  bu = 8.1380945230812944e+00
  m = 134115, n = 0
  DRIFT : 134115
  Narrowing range from: {8.3702847136151206e+00, 4.9321873999153567e+01}
                  to  : {8.3702847137342378e+00, 4.9321873999153567e+01}
===================================
  al = 4.7740899026631629e+00
  au = 8.6711431403404440e+00
  bl = 5.9628060217534873e-01
  bu = 1.9999993431683682e+00
  m = 0, n = 911721
  DRIFT : 911721
  Narrowing range from: {2.8466972019992429e+00, 1.7342280585199788e+01}
                  to  : {2.8466972019992429e+00, 1.7342280583580248e+01}
===================================
  al = 6.6842359960292042e-01
  au = 4.7439396717334521e+00
  bl = 3.9999906965833558e+00
  bu = 5.0214144871380082e+00
  m = 135815, n = 0
  DRIFT : 135815
  Narrowing range from: {2.6736881797884400e+00, 2.3821287393751085e+01}
                  to  : {2.6736881798185967e+00, 2.3821287393751085e+01}
===================================
  al = 6.9829004068187889e-03
  au = 8.8696903053391354e-03
  bl = 6.1072964547874153e-01
  bu = 3.9999855690183814e+00
  m = 0, n = 122769
  DRIFT : 122769
  Narrowing range from: {4.2646642898697988e-03, 3.5478633223018780e-02}
                  to  : {4.2646642898697988e-03, 3.5478633222592842e-02}
===================================
  al = 6.7817917960529011e+00
  au = 8.9205104045861834e+00
  bl = 5.9417704851950921e+00
  bu = 7.9999664879184671e+00
  m = 0, n = 126365
  DRIFT : 126365
  Narrowing range from: {4.0295850330525340e+01, 7.1363784291817467e+01}
                  to  : {4.0295850330525340e+01, 7.1363784290919597e+01}
===================================
  al = 1.3230929576765729e+00
  au = 2.2514489901280941e+00
  bl = 9.9999679043567380e-01
  bu = 9.9999679043567380e-01
  m = 0, n = 138689
  DRIFT : 138689
  Narrowing range from: {1.3230887111246157e+00, 2.2514417639577329e+00}
                  to  : {1.3230887111246157e+00, 2.2514417639269380e+00}
===================================
  al = 1.1389446331758606e-02
  au = 2.1712772260313251e+00
  bl = 1.6932261997813314e+00
  bu = 3.9999817332899399e+00
  m = 1, n = 125793
  DRIFT : 125793
  Narrowing range from: {1.9284908929937051e-02, 8.6850692420337516e+00}
                  to  : {1.9284908929937051e-02, 8.6850692419220259e+00}
===================================
  al = 5.5837439291068343e+00
  au = 8.6311978988718181e+00
  bl = 7.1837561877009790e+00
  bu = 7.9999539641462816e+00
  m = 3, n = 104075
  DRIFT : 104075
  Narrowing range from: {4.0112255001259001e+01, 6.9049185846410651e+01}
                  to  : {4.0112255001259008e+01, 6.9049185845671161e+01}
===================================
  al = 8.8494075304031252e+00
  au = 9.1743325392231316e+00
  bl = 7.7145470263035669e+00
  bu = 7.9999534886006449e+00
  m = 0, n = 103383
  DRIFT : 103383
  Narrowing range from: {6.8269170548219819e+01, 7.3394233602740499e+01}
                  to  : {6.8269170548219819e+01, 7.3394233602005926e+01}
===================================
  al = 4.5384672467475458e+00
  au = 4.7444622540592523e+00
  bl = 7.3969254750377980e+00
  bu = 7.9999910109854984e+00
  m = 0, n = 308287
  DRIFT : 308287
  Narrowing range from: {3.3570703995091577e+01, 3.7955655384434010e+01}
                  to  : {3.3570703995091577e+01, 3.7955655383338758e+01}
===================================
  al = 2.2891205879751091e+00
  au = 6.2921399839233416e+00
  bl = 9.9999481820995606e-01
  bu = 3.8772402890998512e+00
  m = 119677, n = 0
  DRIFT : 119677
  Narrowing range from: {2.2891087262328371e+00, 2.4396138650323671e+01}
                  to  : {2.2891087262594105e+00, 2.4396138650323671e+01}
===================================
  al = 1.2016950143703731e+00
  au = 8.2864918746606211e+00
  bl = 4.5471655720410471e+00
  bu = 7.9999420968211101e+00
  m = 0, n = 109163
  DRIFT : 109163
  Narrowing range from: {5.4643061974383320e+00, 6.6291455183063576e+01}
                  to  : {5.4643061974383320e+00, 6.6291455182287933e+01}
===================================
  al = 4.5421349508484461e+00
  au = 8.2254828701405298e+00
  bl = 1.9999983092062046e+00
  bu = 7.4990066396436408e+00
  m = 809021, n = 0
  DRIFT : 809021
  Narrowing range from: {9.0842622218833000e+00, 6.1682950657458868e+01}
                  to  : {9.0842622226018541e+00, 6.1682950657458868e+01}
===================================
  al = 2.5726256898050019e+00
  au = 3.1028251769904029e+00
  bl = 9.9999902260138795e-01
  bu = 9.9999902260138795e-01
  m = 152717, n = 0
  DRIFT : 152717
  Narrowing range from: {2.5726231753242237e+00, 3.1028221442933814e+00}
                  to  : {2.5726231753581335e+00, 3.1028221442933814e+00}
===================================
  al = 1.0088463944257495e+00
  au = 2.8204862454121833e+00
  bl = 9.9999897396274950e-01
  bu = 9.9999897396274950e-01
  m = 0, n = 512899
  DRIFT : 512899
  Narrowing range from: {1.0088453593117688e+00, 2.8204833514882308e+00}
                  to  : {1.0088453593117688e+00, 2.8204833513743446e+00}
===================================
  al = 2.2171658232744531e+00
  au = 9.8536503737527283e+00
  bl = 1.8852923782971041e+00
  bu = 7.9999857141045609e+00
  m = 0, n = 108511
  DRIFT : 108511
  Narrowing range from: {4.1800058280401506e+00, 7.8829062221802886e+01}
                  to  : {4.1800058280401506e+00, 7.8829062221031876e+01}
===================================
  al = 4.9971863838163672e-01
  au = 2.0616957697447753e+00
  bl = 6.9489836350746639e-02
  bu = 1.9999949521257012e+00
  m = 0, n = 169839
  DRIFT : 169839
  Narrowing range from: {3.4725366402557876e-02, 4.1233811323084621e+00}
                  to  : {3.4725366402557876e-02, 4.1233811322330389e+00}
===================================
  al = 2.7096222448404315e+00
  au = 3.6287226157491519e+00
  bl = 9.9999733147033820e-01
  bu = 7.3843352167752627e+00
  m = 184351, n = 0
  DRIFT : 184351
  Narrowing range from: {2.7096150141330990e+00, 2.6795704203385313e+01}
                  to  : {2.7096150141740329e+00, 2.6795704203385313e+01}
===================================
  al = 1.2527866029549942e-01
  au = 7.2552832383431187e-01
  bl = 3.9999985778724958e+00
  bu = 6.6994801404591833e+00
  m = 103301, n = 1
  DRIFT : 103301
  Narrowing range from: {5.0111446301976925e-01, 4.8606625968686110e+00}
                  to  : {5.0111446302550355e-01, 4.8606625968686110e+00}
===================================
  al = 2.4725123669240370e+00
  au = 4.1163633473901688e+00
  bl = 8.8814761337368353e-01
  bu = 1.9999929951315152e+00
  m = 0, n = 153809
  DRIFT : 153809
  Narrowing range from: {2.1959559577205008e+00, 8.2326978601964527e+00}
                  to  : {2.1959559577205008e+00, 8.2326978600598437e+00}
===================================
  al = 7.3830031884728191e+00
  au = 9.9591270508130183e+00
  bl = 4.2953425041224580e-01
  bu = 7.9999795495673922e+00
  m = 0, n = 142327
  DRIFT : 142327
  Narrowing range from: {3.1712527403518931e+00, 7.9672812738047554e+01}
                  to  : {3.1712527403518931e+00, 7.9672812737036267e+01}
===================================
  al = 2.5858825550450932e+00
  au = 4.8619125495020725e+00
  bl = 5.4212552247533825e+00
  bu = 7.9999951789971284e+00
  m = 0, n = 326817
  DRIFT : 326817
  Narrowing range from: {1.4018729312136838e+01, 3.8895276956722213e+01}
                  to  : {1.4018729312136838e+01, 3.8895276955561130e+01}
===================================
  al = 2.6475886877075139e-01
  au = 4.8329378091838500e+00
  bl = 7.9999881837081643e+00
  bu = 7.9999881837081643e+00
  m = 389695, n = 0
  DRIFT : 389695
  Narrowing range from: {2.1180678216979518e+00, 3.8663445366067222e+01}
                  to  : {2.1180678217844813e+00, 3.8663445366067222e+01}
===================================
  al = 3.8188182158600030e-02
  au = 3.1805694025046805e+00
  bl = 3.4172808332374238e+00
  bu = 3.9999970522403365e+00
  m = 0, n = 144631
  DRIFT : 144631
  Narrowing range from: {1.3049974294676323e-01, 1.2722268234464529e+01}
                  to  : {1.3049974294676323e-01, 1.2722268234336072e+01}
===================================
  al = 1.4716462207537253e+00
  au = 1.9686862779111260e+00
  bl = 7.9999712988692684e+00
  bu = 9.5043362711548323e+00
  m = 116893, n = 0
  DRIFT : 116893
  Narrowing range from: {1.1773127528119231e+01, 1.8711056397675517e+01}
                  to  : {1.1773127528223052e+01, 1.8711056397675517e+01}
===================================
  al = 4.4562859810265665e-01
  au = 5.2775939761042858e+00
  bl = 1.9999914840350084e+00
  bu = 1.9999914840350084e+00
  m = 42103, n = 136751
  DRIFT : 136751
  Narrowing range from: {8.9125340124777264e-01, 1.0555143008403030e+01}
                  to  : {8.9125340125010977e-01, 1.0555143008281572e+01}
===================================
  al = 5.4401559885387207e-01
  au = 2.6742989588393931e+00
  bl = 9.9999544789433814e-01
  bu = 4.2795470673329614e+00
  m = 196261, n = 0
  DRIFT : 196261
  Narrowing range from: {5.4401312243738442e-01, 1.1444788266472717e+01}
                  to  : {5.4401312244827904e-01, 1.1444788266472717e+01}
===================================
  al = 3.3324704069414244e+00
  au = 8.7532499250575242e+00
  bl = 7.9999986498198012e+00
  bu = 8.5542154355729068e+00
  m = 1621505, n = 0
  DRIFT : 1621505
  Narrowing range from: {2.6659758756095840e+01, 7.4877185620354467e+01}
                  to  : {2.6659758758976210e+01, 7.4877185620354467e+01}
===================================
  al = 3.6129557371331344e+00
  au = 8.3533240809155664e+00
  bl = 3.9999999638984347e+00
  bu = 6.9437933589743848e+00
  m = 11235033, n = 0
  DRIFT : 11235033
  Narrowing range from: {1.4451822818099181e+01, 5.8003756278422316e+01}
                  to  : {1.4451822828077894e+01, 5.8003756278422316e+01}
===================================
  al = 4.9356782693230787e+00
  au = 5.2048596538594163e+00
  bl = 7.1339568227472361e-01
  bu = 3.9999879110941405e+00
  m = 0, n = 132729
  DRIFT : 132729
  Narrowing range from: {3.5210915664322648e+00, 2.0819375694379296e+01}
                  to  : {3.5210915664322648e+00, 2.0819375694143524e+01}
===================================
  al = 7.7979460541968304e-01
  au = 3.9728312551557687e+00
  bl = 9.9999856554043198e-01
  bu = 3.1473357930222861e+00
  m = 218491, n = 0
  DRIFT : 218491
  Narrowing range from: {7.7979348683585026e-01, 1.2503834008989406e+01}
                  to  : {7.7979348684797889e-01, 1.2503834008989406e+01}
===================================
  al = 2.2714703449934035e+00
  au = 3.7166226985618684e+00
  bl = 7.9999607264911496e+00
  bu = 7.9999607264911496e+00
  m = 109677, n = 0
  DRIFT : 109677
  Narrowing range from: {1.8171673551336532e+01, 2.9732835623680501e+01}
                  to  : {1.8171673551531356e+01, 2.9732835623680501e+01}
===================================
  al = 3.3557769442245244e+00
  au = 3.9947618501881492e+00
  bl = 7.9999897782621554e+00
  bu = 9.9997899146538067e+00
  m = 165509, n = 0
  DRIFT : 165509
  Narrowing range from: {2.6846181251924008e+01, 3.9946779260955239e+01}
                  to  : {2.6846181252218010e+01, 3.9946779260955239e+01}
===================================
  al = 2.1625609437135787e-01
  au = 4.0161160127342083e-01
  bl = 4.3299836841409889e-01
  bu = 1.9999976207249859e+00
  m = 0, n = 186477
  DRIFT : 186477
  Narrowing range from: {9.3638536022403351e-02, 8.0322224700239331e-01}
                  to  : {9.3638536022403351e-02, 8.0322224699204181e-01}
===================================
  al = 5.2496288888072595e-01
  au = 1.2187886350869790e+00
  bl = 3.1106901994253082e+00
  bu = 3.9999970833789948e+00
  m = 0, n = 842941
  DRIFT : 842941
  Narrowing range from: {1.6329969135032714e+00, 4.8751509856033817e+00}
                  to  : {1.6329969135032714e+00, 4.8751509852290411e+00}
===================================
  al = 8.0153609012216158e+00
  au = 9.0134922045199559e+00
  bl = 3.9999850544523365e+00
  bu = 3.9999850544523365e+00
  m = 0, n = 164875
  DRIFT : 164875
  Narrowing range from: {3.2061323810928073e+01, 3.6053834106502464e+01}
                  to  : {3.2061323810928073e+01, 3.6053834105916714e+01}
===================================
  al = 4.5534918257566872e+00
  au = 8.2830768201733456e+00
  bl = 3.9999895824288090e+00
  bu = 8.2896911282126204e+00
  m = 150415, n = 0
  DRIFT : 150415
  Narrowing range from: {1.8213919866701488e+01, 6.8664148430494592e+01}
                  to  : {1.8213919866968677e+01, 6.8664148430494592e+01}
===================================
  al = 5.1865570111967632e+00
  au = 8.5298534239285662e+00
  bl = 1.8834084027412428e+00
  bu = 7.9999590467767288e+00
  m = 0, n = 168139
  DRIFT : 168139
  Narrowing range from: {9.7684050561844895e+00, 6.8238478066436784e+01}
                  to  : {9.7684050561844895e+00, 6.8238478065242091e+01}
===================================
  al = 9.1365259202604843e-01
  au = 9.2124065622145306e+00
  bl = 3.6549486543174772e+00
  bu = 7.9999991595918205e+00
  m = 0, n = 2321777
  DRIFT : 2321777
  Narrowing range from: {3.3393533117392806e+00, 7.3699244755534409e+01}
                  to  : {3.3393533117392806e+00, 7.3699244739037198e+01}
===================================
  al = 3.6912462380385724e+00
  au = 9.2214604911566127e+00
  bl = 7.5290338539935764e+00
  bu = 7.9999834590947891e+00
  m = 1, n = 219195
  DRIFT : 219195
  Narrowing range from: {2.7791517889618845e+01, 7.3771531397949005e+01}
                  to  : {2.7791517889618845e+01, 7.3771531396391538e+01}
===================================
  al = 1.6304685005226096e+00
  au = 9.1971776458668373e+00
  bl = 5.3575658766811198e+00
  bu = 7.9999807850289244e+00
  m = 1, n = 222883
  DRIFT : 222883
  Narrowing range from: {8.7353424014033667e+00, 7.3577244443432249e+01}
                  to  : {8.7353424014033667e+00, 7.3577244441848578e+01}
===================================
  al = 5.3524184443762923e-01
  au = 9.2455123472686456e+00
  bl = 1.9999828230101988e+00
  bu = 9.0024291958590013e+00
  m = 105377, n = 0
  DRIFT : 105377
  Narrowing range from: {1.0704744950315555e+00, 8.3232070285726138e+01}
                  to  : {1.0704744950432545e+00, 8.3232070285726138e+01}
===================================
  al = 2.8884914157423860e+00
  au = 3.1150200129509455e+00
  bl = 5.1164048451824069e+00
  bu = 7.9999978787500927e+00
  m = 0, n = 131787
  DRIFT : 131787
  Narrowing range from: {1.4778691474772133e+01, 2.4920153495871649e+01}
                  to  : {1.4778691474772133e+01, 2.4920153495637550e+01}
===================================
  al = 1.4296862832275622e-01
  au = 1.5306341027141972e+00
  bl = 7.9999857859573762e+00
  bu = 7.9999857859573762e+00
  m = 349899, n = 0
  DRIFT : 349899
  Narrowing range from: {1.1437469944198730e+00, 1.2245051065215200e+01}
                  to  : {1.1437469944587195e+00, 1.2245051065215200e+01}
===================================
  al = 2.3251237368358262e+00
  au = 7.5831137393031476e+00
  bl = 1.9999962544549872e+00
  bu = 2.5995321953330457e+00
  m = 200199, n = 0
  DRIFT : 200199
  Narrowing range from: {4.6502387648160362e+00, 1.9712548306190893e+01}
                  to  : {4.6502387649049419e+00, 1.9712548306190893e+01}
===================================
  al = 1.3096481187501190e+00
  au = 4.8379406204741828e+00
  bl = 3.0795259734499187e+00
  bu = 7.9999876738495823e+00
  m = 0, n = 405401
  DRIFT : 405401
  Narrowing range from: {4.0330953977708148e+00, 3.8703465330609660e+01}
                  to  : {4.0330953977708148e+00, 3.8703465329169390e+01}
===================================
  al = 4.5110557626406846e+00
  au = 7.2578605728966581e+00
  bl = 3.9999800546578252e+00
  bu = 4.7665796795655186e+00
  m = 131583, n = 0
  DRIFT : 131583
  Narrowing range from: {1.8044133076011985e+01, 3.4595170723888963e+01}
                  to  : {1.8044133076245721e+01, 3.4595170723888963e+01}
===================================
  al = 7.8612618977067383e-01
  au = 1.3103866951908540e+00
  bl = 2.8018645446357522e+00
  bu = 3.9999967924218649e+00
  m = 0, n = 200559
  DRIFT : 200559
  Narrowing range from: {2.2026190987280478e+00, 5.2415425775957036e+00}
                  to  : {2.2026190987280478e+00, 5.2415425775066380e+00}
===================================
  al = 4.6709911825867437e-03
  au = 5.2031303037946330e-01
  bl = 9.9999827339845049e-01
  bu = 9.9999827339845049e-01
  m = 0, n = 264095
  DRIFT : 264095
  Narrowing range from: {4.6709831176461299e-03, 5.2031213200617876e-01}
                  to  : {4.6709831176461299e-03, 5.2031213199151860e-01}
===================================
  al = 2.1018285775489534e+00
  au = 4.0147698545764197e+00
  bl = 7.9999517361333154e+00
  bu = 7.9999517361333154e+00
  m = 86541, n = 149311
  DRIFT : 149311
  Narrowing range from: {1.6814527178017368e+01, 3.2117965068294325e+01}
                  to  : {1.6814527178171094e+01, 3.2117965067763869e+01}
===================================
  al = 2.2014252850871845e+00
  au = 3.7617483653026884e+00
  bl = 9.9999693911528453e-01
  bu = 6.4805775313200185e+00
  m = 252155, n = 0
  DRIFT : 252155
  Narrowing range from: {2.2014185467781773e+00, 2.4378301934660410e+01}
                  to  : {2.2014185468341667e+00, 2.4378301934660410e+01}
===================================
  al = 1.6932540894719816e+00
  au = 4.4823456979463341e+00
  bl = 3.1240294964364357e-01
  bu = 3.9999968027851613e+00
  m = 1, n = 905269
  DRIFT : 905269
  Narrowing range from: {5.2897757204720908e-01, 1.7929368460763158e+01}
                  to  : {5.2897757204720908e-01, 1.7929368459155079e+01}
===================================
  al = 4.1622160097949310e+00
  au = 7.5010451123155004e+00
  bl = 3.9999712276283481e+00
  bu = 6.2084835443419983e+00
  m = 100653, n = 0
  DRIFT : 100653
  Narrowing range from: {1.6648744282353796e+01, 4.6570115145177759e+01}
                  to  : {1.6648744282532590e+01, 4.6570115145177759e+01}
===================================
  al = 5.0983509861774423e-01
  au = 8.2444677013661671e+00
  bl = 9.9999610294078445e-01
  bu = 9.9999610294078445e-01
  m = 0, n = 104925
  DRIFT : 104925
  Narrowing range from: {5.0983311176017476e-01, 8.2444355721873332e+00}
                  to  : {5.0983311176017476e-01, 8.2444355720941420e+00}
===================================
  al = 6.6481346867144788e+00
  au = 8.7308042688027605e+00
  bl = 1.9999968042261349e+00
  bu = 1.9999968042261349e+00
  m = 0, n = 183751
  DRIFT : 183751
  Narrowing range from: {1.3296248127493874e+01, 1.7461580635929415e+01}
                  to  : {1.3296248127493874e+01, 1.7461580635603010e+01}
===================================
  al = 2.1640575352808761e-01
  au = 1.3715368902712028e+00
  bl = 3.8751825967066811e+00
  bu = 3.9999945782013420e+00
  m = 0, n = 163353
  DRIFT : 163353
  Narrowing range from: {8.3861180989924056e-01, 5.4861401248879398e+00}
                  to  : {8.3861180989924056e-01, 5.4861401248153969e+00}
===================================
  al = 2.0392535888690531e+00
  au = 3.1136222489369021e+00
  bl = 4.2749779454319303e-01
  bu = 1.9999992315295536e+00
  m = 0, n = 979981
  DRIFT : 979981
  Narrowing range from: {8.7177641175581144e-01, 6.2272421051471243e+00}
                  to  : {8.7177641175581144e-01, 6.2272421047119257e+00}
===================================
  al = 1.9537765406598500e+00
  au = 6.5121672485081437e+00
  bl = 3.9999877804751121e+00
  bu = 3.9999877804751121e+00
  m = 0, n = 110699
  DRIFT : 110699
  Narrowing range from: {7.8150822884183357e+00, 2.6048589418442806e+01}
                  to  : {7.8150822884183357e+00, 2.6048589418246166e+01}
===================================
  al = 4.1027461422005524e+00
  au = 5.7274129516202086e+00
  bl = 7.9999507952011850e+00
  bu = 9.4245665453661100e+00
  m = 121609, n = 0
  DRIFT : 121609
  Narrowing range from: {3.2821767262805906e+01, 5.3978384495336385e+01}
                  to  : {3.2821767263237945e+01, 5.3978384495336385e+01}
===================================
  al = 2.9030219996051665e+00
  au = 8.2304832413779891e+00
  bl = 7.9999606832577150e+00
  bu = 7.9999606832577150e+00
  m = 0, n = 163637
  DRIFT : 163637
  Narrowing range from: {2.3224061859473526e+01, 6.5843542335235426e+01}
                  to  : {2.3224061859473526e+01, 6.5843542334072723e+01}
===================================
  al = 4.4618719313373463e+00
  au = 5.3465793980525280e+00
  bl = 1.9999864940139744e+00
  bu = 4.5138892762457994e+00
  m = 114537, n = 0
  DRIFT : 114537
  Narrowing range from: {8.9236836006947406e+00, 2.4133867409466028e+01}
                  to  : {8.9236836007964691e+00, 2.4133867409466028e+01}
===================================
  al = 4.6481310111575871e+00
  au = 6.2713619937205669e+00
  bl = 9.9999977066087997e-01
  bu = 4.7648620186714306e+00
  m = 1817059, n = 0
  DRIFT : 1817059
  Narrowing range from: {4.6481299451593117e+00, 2.9882174569218670e+01}
                  to  : {4.6481299459662475e+00, 2.9882174569218670e+01}
===================================
  al = 3.6861012243984899e+00
  au = 5.3166478807988327e+00
  bl = 3.2801976817507312e+00
  bu = 3.9999945636578178e+00
  m = 0, n = 227531
  DRIFT : 227531
  Narrowing range from: {1.2091140690970459e+01, 2.1266562620078187e+01}
                  to  : {1.2091140690970459e+01, 2.1266562619674012e+01}
===================================
  al = 1.1510021321171042e+00
  au = 1.9600614364036664e+00
  bl = 9.9999553554313869e-01
  bu = 1.0889569065099189e+00
  m = 129717, n = 0
  DRIFT : 129717
  Narrowing range from: {1.1509969935177382e+00, 2.1344224383555246e+00}
                  to  : {1.1509969935321396e+00, 2.1344224383555246e+00}
===================================
  al = 1.0884457401717975e+00
  au = 4.5261495916391485e+00
  bl = 6.2499842861907726e-02
  bu = 6.2499842861907726e-02
  m = 140613, n = 162399
  DRIFT : 162399
  Narrowing range from: {6.8027687724450198e-02, 2.8288363824693458e-01}
                  to  : {6.8027687725425889e-02, 2.8288363824242713e-01}
===================================
  al = 3.1961780250941683e+00
  au = 4.0720801421551354e+00
  bl = 3.4271539672370750e+00
  bu = 7.9999812319852568e+00
  m = 1, n = 211727
  DRIFT : 211727
  Narrowing range from: {1.0953794198697439e+01, 3.2576564712380936e+01}
                  to  : {1.0953794198697439e+01, 3.2576564711628734e+01}
===================================
  al = 2.0446619695348351e+00
  au = 4.0971269970275053e+00
  bl = 3.9999903119220099e+00
  bu = 3.9999903119220099e+00
  m = 193409, n = 53333
  DRIFT : 193409
  Narrowing range from: {8.1786280692947173e+00, 1.6388468294824136e+01}
                  to  : {8.1786280694664981e+00, 1.6388468294729400e+01}
===================================
  al = 4.1925117204466067e-01
  au = 1.9579792377058878e+00
  bl = 1.9999948524100972e+00
  bu = 2.8036335962156977e+00
  m = 101655, n = 1
  DRIFT : 101655
  Narrowing range from: {8.3850018595622144e-01, 5.4894563715250282e+00}
                  to  : {8.3850018596186437e-01, 5.4894563715250282e+00}
===================================
  al = 4.1093010753582380e-03
  au = 1.4236930047658090e+00
  bl = 7.9999292539862861e+00
  bu = 7.9999292539862861e+00
  m = 106693, n = 0
  DRIFT : 106693
  Narrowing range from: {3.2874117886195674e-02, 1.1389443317521632e+01}
                  to  : {3.2874117886565836e-02, 1.1389443317521632e+01}
===================================
  al = 1.2237262236382049e+00
  au = 3.6721968054467951e+00
  bl = 2.4999969640726166e-01
  bu = 4.5114724076578328e-01
  m = 613739, n = 0
  DRIFT : 613739
  Narrowing range from: {3.0593118439515604e-01, 1.6567014563262454e+00}
                  to  : {3.0593118441219069e-01, 1.6567014563262454e+00}
===================================
  al = 4.6284964820036931e+00
  au = 9.6406512615086406e+00
  bl = 2.8674405726538066e-02
  bu = 2.4999975898295801e-01
  m = 0, n = 709595
  DRIFT : 709595
  Narrowing range from: {1.3271938602882799e-01, 2.4101604918159101e+00}
                  to  : {1.3271938602882799e-01, 2.4101604916583486e+00}
===================================
  al = 6.3080155304101646e-02
  au = 4.5851038949882525e+00
  bl = 4.2445364604251878e+00
  bu = 7.9999466115778173e+00
  m = 0, n = 121887
  DRIFT : 121887
  Narrowing range from: {2.6774601911754276e-01, 3.6680586368443521e+01}
                  to  : {2.6774601911754276e-01, 3.6680586368010495e+01}
===================================
  al = 7.7733471406656129e-01
  au = 3.3124774669976773e+00
  bl = 3.9999893176649008e+00
  bu = 6.6546372008956549e+00
  m = 155215, n = 1
  DRIFT : 155215
  Narrowing range from: {3.1093305525163455e+00, 2.2043335779011350e+01}
                  to  : {3.1093305525508099e+00, 2.2043335779011350e+01}
===================================
  al = 2.1052155198897196e-01
  au = 2.1347523976636040e-01
  bl = 2.4999974384281279e-01
  bu = 2.4999974384281279e-01
  m = 0, n = 104561
  DRIFT : 104561
  Narrowing range from: {5.2630334070634388e-02, 5.3368755258373139e-02}
                  to  : {5.2630334070634388e-02, 5.3368755258010374e-02}
===================================
  al = 3.7826552434483900e+00
  au = 8.7995829885303785e+00
  bl = 1.2812907783351316e-01
  bu = 9.9999377685401214e-01
  m = 0, n = 131771
  DRIFT : 131771
  Narrowing range from: {4.8466812810514537e-01, 8.7995282274408080e+00}
                  to  : {4.8466812810514537e-01, 8.7995282273237727e+00}
===================================
  al = 7.6162964540693012e-01
  au = 2.0973044250521697e+00
  bl = 9.9999729316715269e-01
  bu = 4.2374562992693319e+00
  m = 128989, n = 0
  DRIFT : 128989
  Narrowing range from: {7.6162758380278850e-01, 8.8872358474227617e+00}
                  to  : {7.6162758380994877e-01, 8.8872358474227617e+00}
===================================
  al = 4.0438406418152431e+00
  au = 5.6187684577053041e+00
  bl = 3.7589411461953577e+00
  bu = 7.9999901860712486e+00
  m = 0, n = 272817
  DRIFT : 272817
  Narrowing range from: {1.5200558977176360e+01, 4.4950092519449115e+01}
                  to  : {1.5200558977176360e+01, 4.4950092518479877e+01}
===================================
  al = 4.0027328710423911e+00
  au = 8.7580482629715046e+00
  bl = 3.9999965458339455e+00
  bu = 3.9999965458339455e+00
  m = 0, n = 536175
  DRIFT : 536175
  Narrowing range from: {1.6010917658065555e+01, 3.5032162800133001e+01}
                  to  : {1.6010917658065555e+01, 3.5032162798228129e+01}
===================================
  al = 5.7362344407275112e-01
  au = 5.0135518704428659e+00
  bl = 1.9999992830640239e+00
  bu = 3.8147998923658317e+00
  m = 963505, n = 0
  DRIFT : 963505
  Narrowing range from: {1.1472464768942185e+00, 1.9125697135735958e+01}
                  to  : {1.1472464770011890e+00, 1.9125697135735958e+01}
===================================
  al = 4.6493509057176619e+00
  au = 4.9926043474336552e+00
  bl = 6.5049795953346425e+00
  bu = 7.9999886892694159e+00
  m = 0, n = 389941
  DRIFT : 389941
  Narrowing range from: {3.0243932773244030e+01, 3.9940778309466552e+01}
                  to  : {3.0243932773244030e+01, 3.9940778308081207e+01}
===================================
  al = 2.2691518968353215e+00
  au = 2.3201302584129300e+00
  bl = 1.2499957235141521e-01
  bu = 2.4768131490700981e-01
  m = 201613, n = 87
  DRIFT : 201613
  Narrowing range from: {2.8364301670481784e-01, 5.7465291315925493e-01}
                  to  : {2.8364301671041370e-01, 5.7465291315925016e-01}
===================================
  al = 1.8946211764317020e-02
  au = 4.0423897366281589e-02
  bl = 5.5705861248553248e+00
  bu = 7.9999764995802121e+00
  m = 0, n = 165257
  DRIFT : 165257
  Narrowing range from: {1.0554150437287511e-01, 3.2339022895169511e-01}
                  to  : {1.0554150437287511e-01, 3.2339022894710834e-01}
===================================
  al = 8.6213148396322081e-01
  au = 1.0925319302032721e+00
  bl = 1.4054457830530682e+00
  bu = 7.9999970702494716e+00
  m = 0, n = 1246367
  DRIFT : 1246367
  Narrowing range from: {1.2116790585733925e+00, 8.7402522407801762e+00}
                  to  : {1.2116790585733925e+00, 8.7402522396731808e+00}
===================================
  al = 4.2680179820200363e+00
  au = 7.8051872095370554e+00
  bl = 7.9999712407507504e+00
  bu = 9.1631821397362483e+00
  m = 121071, n = 0
  DRIFT : 121071
  Narrowing range from: {3.4144021111167348e+01, 7.1520352035727754e+01}
                  to  : {3.4144021111597475e+01, 7.1520352035727754e+01}
===================================
  al = 9.2784679226839391e+00
  au = 9.8634082440604640e+00
  bl = 3.9105302693765026e-01
  bu = 7.9999860281563713e+00
  m = 0, n = 231461
  DRIFT : 231461
  Narrowing range from: {3.6283729665094464e+00, 7.8907128142486073e+01}
                  to  : {3.6283729665094464e+00, 7.8907128140841451e+01}
===================================
  al = 3.7048937794390207e+00
  au = 4.7797752674726821e+00
  bl = 1.6757062895544985e+00
  bu = 3.9999828589379485e+00
  m = 0, n = 118419
  DRIFT : 118419
  Narrowing range from: {6.2083138083373042e+00, 1.9119019139466275e+01}
                  to  : {6.2083138083373042e+00, 1.9119019139255922e+01}
===================================
  al = 2.0415522644873318e+00
  au = 5.0391791067997271e+00
  bl = 1.9999983507981332e+00
  bu = 1.9999983507981332e+00
  m = 433913, n = 0
  DRIFT : 433913
  Narrowing range from: {4.0831011620428583e+00, 1.0078349902975864e+01}
                  to  : {4.0831011622355540e+00, 1.0078349902975864e+01}
===================================
  al = 4.6815506927939134e+00
  au = 6.1924875438225948e+00
  bl = 2.4999990620936985e-01
  bu = 3.1053451274928828e-01
  m = 914581, n = 0
  DRIFT : 914581
  Narrowing range from: {1.1703872341128889e+00, 1.9229811021269865e+00}
                  to  : {1.1703872342144277e+00, 1.9229811021269865e+00}
===================================
  al = 4.1554180891963360e-01
  au = 1.9843446212945917e+00
  bl = 9.9999971066672377e-01
  bu = 9.9999971066672377e-01
  m = 202981, n = 0
  DRIFT : 202981
  Narrowing range from: {4.1554168868956065e-01, 1.9843440471576612e+00}
                  to  : {4.1554168869519448e-01, 1.9843440471576612e+00}
===================================
  al = 1.2907284964441124e-01
  au = 4.4875941056558855e+00
  bl = 2.5243993799708173e+00
  bu = 7.9999870529759454e+00
  m = 0, n = 107175
  DRIFT : 107175
  Narrowing range from: {3.2583142161341827e-01, 3.5900694744258246e+01}
                  to  : {3.2583142161341827e-01, 3.5900694743877487e+01}
===================================
  al = 4.1155253590882310e+00
  au = 6.7610636283608088e+00
  bl = 9.9999712606400970e-01
  bu = 4.7798753815696635e+00
  m = 172721, n = 1
  DRIFT : 172721
  Narrowing range from: {4.1155135313317830e+00, 3.2317041590427891e+01}
                  to  : {4.1155135314084861e+00, 3.2317041590427891e+01}
===================================
  al = 8.2477449521584401e-01
  au = 9.3882300426713616e+00
  bl = 1.9999997789117425e+00
  bu = 1.9999997789117425e+00
  m = 1290169, n = 0
  DRIFT : 1290169
  Narrowing range from: {1.6495488080837322e+00, 1.8776458009715302e+01}
                  to  : {1.6495488082269696e+00, 1.8776458009715302e+01}
===================================
  al = 3.3780859771003127e+00
  au = 4.6246970398584750e+00
  bl = 3.9999878480736379e+00
  bu = 3.9999878480736379e+00
  m = 0, n = 192667
  DRIFT : 192667
  Narrowing range from: {1.3512302858149212e+01, 1.8498731960456023e+01}
                  to  : {1.3512302858149212e+01, 1.8498731960113780e+01}
===================================
  al = 5.6373794965236290e-01
  au = 5.9875074093684577e-01
  bl = 3.9999915750619697e+00
  bu = 5.5170311756076789e+00
  m = 348811, n = 0
  DRIFT : 348811
  Narrowing range from: {2.2549470491521606e+00, 3.3033265041667752e+00}
                  to  : {2.2549470492296120e+00, 3.3033265041667752e+00}
===================================
  al = 1.1810779368141887e-03
  au = 1.3279105220277239e+00
  bl = 3.8967793900159666e+00
  bu = 3.9999978993299412e+00
  m = 0, n = 635085
  DRIFT : 635085
  Narrowing range from: {4.6024001621801109e-03, 5.3116392986090206e+00}
                  to  : {4.6024001621801109e-03, 5.3116392983269867e+00}
===================================
  al = 3.4381555419981189e+00
  au = 9.6348201498385819e+00
  bl = 3.9999990616041270e+00
  bu = 3.9999990616041270e+00
  m = 0, n = 2390297
  DRIFT : 2390297
  Narrowing range from: {1.3752618941641504e+01, 3.8539271558078859e+01}
                  to  : {1.3752618941641504e+01, 3.8539271549586822e+01}
===================================
  al = 2.9543092710596164e+00
  au = 5.3137028823793404e+00
  bl = 8.1489170265396838e-01
  bu = 1.9999986517556372e+00
  m = 0, n = 560537
  DRIFT : 560537
  Narrowing range from: {2.4074421120601750e+00, 1.0627398600588723e+01}
                  to  : {2.4074421120601750e+00, 1.0627398600090867e+01}
===================================
  al = 6.3938808967130634e-01
  au = 6.5871672960090932e-01
  bl = 7.7471516319579548e-01
  bu = 7.9999869940300892e+00
  m = 0, n = 128055
  DRIFT : 128055
  Narrowing range from: {4.9534364823515398e-01, 5.2697252695573091e+00}
                  to  : {4.9534364823515398e-01, 5.2697252695004417e+00}
===================================
  al = 6.1005001949387392e+00
  au = 9.1398830806691365e+00
  bl = 1.9999934697881214e+00
  bu = 3.4642824895675908e+00
  m = 131331, n = 0
  DRIFT : 131331
  Narrowing range from: {1.2200960552318641e+01, 3.1663136913057176e+01}
                  to  : {1.2200960552435285e+01, 3.1663136913057176e+01}
===================================
  al = 2.3721173501496580e+00
  au = 6.7593220693691913e+00
  bl = 7.9999933151146561e+00
  bu = 8.0113077464173763e+00
  m = 680611, n = 0
  DRIFT : 680611
  Narrowing range from: {1.8976922943864757e+01, 5.4151009254867333e+01}
                  to  : {1.8976922945073763e+01, 5.4151009254867333e+01}
===================================
  al = 5.2249313686730554e+00
  au = 5.3918265700228378e+00
  bl = 9.9999988591910127e-01
  bu = 1.2300480321049578e+00
  m = 3540025, n = 0
  DRIFT : 3540025
  Narrowing range from: {5.2249307726081895e+00, 6.6322056619078165e+00}
                  to  : {5.2249307741802760e+00, 6.6322056619078165e+00}
===================================
  al = 1.0827930815701754e+00
  au = 2.4191716197059101e+00
  bl = 3.9999865627758160e+00
  bu = 5.3543658069118560e+00
  m = 240055, n = 0
  DRIFT : 240055
  Narrowing range from: {4.3311577765473199e+00, 1.2953129801604897e+01}
                  to  : {4.3311577766539253e+00, 1.2953129801604897e+01}
===================================
  al = 1.3566727276523842e+00
  au = 2.0776888531022042e+00
  bl = 7.9999958283793546e+00
  bu = 7.9999958283793546e+00
  m = 661943, n = 773343
  DRIFT : 773343
  Narrowing range from: {1.0853376161695115e+01, 1.6621502157487917e+01}
                  to  : {1.0853376162283038e+01, 1.6621502156114186e+01}
===================================
  al = 5.6049851482991988e+00
  au = 7.4718859007660621e+00
  bl = 9.9999548549564210e-01
  bu = 1.5355933066121261e+00
  m = 125459, n = 0
  DRIFT : 125459
  Narrowing range from: {5.6049598445693212e+00, 1.1473777976985883e+01}
                  to  : {5.6049598446250357e+00, 1.1473777976985883e+01}
===================================
  al = 6.1866396672455259e+00
  au = 8.2184643178349184e+00
  bl = 4.9999866799252507e-01
  bu = 1.0905516262752926e+00
  m = 115161, n = 0
  DRIFT : 115161
  Narrowing range from: {3.0933115929724817e+00, 8.9626596273003329e+00}
                  to  : {3.0933115929980524e+00, 8.9626596273003329e+00}
===================================
  al = 3.9154278365735103e-02
  au = 4.6762502056991337e+00
  bl = 7.2859117817831107e+00
  bu = 7.9999880731163886e+00
  m = 0, n = 427059
  DRIFT : 427059
  Narrowing range from: {2.8527461805212495e-01, 3.7409945872501126e+01}
                  to  : {2.8527461805212495e-01, 3.7409945870983911e+01}
===================================
  al = 2.8484511148542988e+00
  au = 5.0067933148699204e+00
  bl = 8.4042154179049333e-01
  bu = 9.9999927273178879e-01
  m = 0, n = 496145
  DRIFT : 496145
  Narrowing range from: {2.3938996776606993e+00, 5.0067896735883020e+00}
                  to  : {2.3938996776606993e+00, 5.0067896733679698e+00}
===================================
  al = 3.0997826359821351e-01
  au = 4.1984488341262196e+00
  bl = 9.9939900899252854e-01
  bu = 7.9999920794103332e+00
  m = 705, n = 548311
  DRIFT : 548311
  Narrowing range from: {3.0979196944927939e-01, 3.3587557418819301e+01}
                  to  : {3.0979196944929893e-01, 3.3587557416871313e+01}
===================================
  al = 1.0037212529823312e+00
  au = 6.4123333381250935e+00
  bl = 9.9999592182218333e-01
  bu = 9.9999592182218333e-01
  m = 205369, n = 0
  DRIFT : 205369
  Narrowing range from: {1.0037171596285832e+00, 6.4123071874895210e+00}
                  to  : {1.0037171596513836e+00, 6.4123071874895210e+00}
===================================
  al = 2.5287898469492071e-01
  au = 3.1234293606265857e+00
  bl = 2.4999900179470066e-01
  bu = 5.5334129627508211e-01
  m = 188527, n = 0
  DRIFT : 188527
  Narrowing range from: {6.3219493748587569e-02, 1.7283224512327660e+00}
                  to  : {6.3219493749895730e-02, 1.7283224512327660e+00}
===================================
  al = 1.4023829528865894e+00
  au = 1.5604054130926417e+00
  bl = 3.9999807356373052e+00
  bu = 6.9887854679452230e+00
  m = 118605, n = 0
  DRIFT : 118605
  Narrowing range from: {5.6095047955325166e+00, 1.0905338675124916e+01}
                  to  : {5.6095047955851873e+00, 1.0905338675124916e+01}
===================================
  al = 2.8197959714576708e+00
  au = 4.3973605941504301e+00
  bl = 7.9999994630600222e+00
  bu = 7.9999994630600222e+00
  m = 0, n = 7516593
  DRIFT : 7516593
  Narrowing range from: {2.2558366257600181e+01, 3.5178882392084738e+01}
                  to  : {2.2558366257600181e+01, 3.5178882365380439e+01}
===================================
  al = 1.3048931541720075e+00
  au = 2.2722676665906425e+00
  bl = 1.8366076059908681e-01
  bu = 7.9999601766535156e+00
  m = 0, n = 150711
  DRIFT : 150711
  Narrowing range from: {2.3965766919577233e-01, 1.8178050843422547e+01}
                  to  : {2.3965766919577233e-01, 1.8178050843154832e+01}
===================================
  al = 1.1077180055184204e+00
  au = 1.2044762161306153e+00
  bl = 9.9999909536986986e-01
  bu = 1.5150390598374504e+00
  m = 276605, n = 0
  DRIFT : 276605
  Narrowing range from: {1.1077170034433370e+00, 1.8248285140830971e+00}
                  to  : {1.1077170034740462e+00, 1.8248285140830971e+00}
===================================
  al = 2.7629675785284289e+00
  au = 4.5186183782360487e+00
  bl = 7.9999816661744010e+00
  bu = 9.1727413363049752e+00
  m = 195467, n = 0
  DRIFT : 195467
  Narrowing range from: {2.2103689972461712e+01, 4.1448117581033152e+01}
                  to  : {2.2103689972808930e+01, 4.1448117581033152e+01}
===================================
  al = 5.2478258420989143e-01
  au = 4.7114912105343620e+00
  bl = 7.9999928634406832e+00
  bu = 9.5794841381654177e+00
  m = 115511, n = 0
  DRIFT : 115511
  Narrowing range from: {4.1982569285370914e+00, 4.5133655318419706e+01}
                  to  : {4.1982569285883882e+00, 4.5133655318419706e+01}
===================================
  al = 1.0392480869669531e+00
  au = 8.3927556332905731e+00
  bl = 2.8106969644066973e+00
  bu = 3.9999826814053776e+00
  m = 0, n = 157959
  DRIFT : 157959
  Narrowing range from: {2.9210114433034824e+00, 3.3570877182429712e+01}
                  to  : {2.9210114433034824e+00, 3.3570877181868532e+01}
===================================
  al = 2.2420000376944311e+00
  au = 6.3615848563190127e+00
  bl = 1.9397205790165628e+00
  bu = 1.9999925951718580e+00
  m = 0, n = 104631
  DRIFT : 104631
  Narrowing range from: {4.3488536112717977e+00, 1.2723122606195453e+01}
                  to  : {4.3488536112717977e+00, 1.2723122606102523e+01}
===================================
  al = 5.1344126095588791e+00
  au = 8.4108419121683280e+00
  bl = 3.8337471621597849e+00
  bu = 7.9999605566220318e+00
  m = 0, n = 150349
  DRIFT : 150349
  Narrowing range from: {1.9684039771253769e+01, 6.7286403545330046e+01}
                  to  : {1.9684039771253769e+01, 6.7286403544261759e+01}
===================================
  al = 7.6918487465190266e-01
  au = 2.1760462258902629e+00
  bl = 2.9509511618467332e+00
  bu = 7.9999571491821122e+00
  m = 0, n = 148139
  DRIFT : 148139
  Narrowing range from: {2.2698269995289659e+00, 1.7408276561761561e+01}
                  to  : {2.2698269995289659e+00, 1.7408276561498415e+01}
===================================
  al = 3.9617705656039193e+00
  au = 9.6146823013160194e+00
  bl = 1.8911259136139986e+00
  bu = 1.9999971215983734e+00
  m = 0, n = 157831
  DRIFT : 157831
  Narrowing range from: {7.4922069804067597e+00, 1.9229336927714861e+01}
                  to  : {7.4922069804067597e+00, 1.9229336927434499e+01}
===================================
  al = 2.0397357615500731e+00
  au = 7.4894346444770097e+00
  bl = 1.2499916601955212e-01
  bu = 1.3134802411474653e+00
  m = 109407, n = 0
  DRIFT : 109407
  Narrowing range from: {2.5496526909401518e-01, 9.8372244228858445e+00}
                  to  : {2.5496526909705181e-01, 9.8372244228858445e+00}
===================================
  al = 3.9549178055604539e+00
  au = 6.8548374670348036e+00
  bl = 3.8567905168661967e+00
  bu = 3.9999954706830829e+00
  m = 0, n = 137079
  DRIFT : 137079
  Narrowing range from: {1.5253289487470827e+01, 2.7419318820407909e+01}
                  to  : {1.5253289487470827e+01, 2.7419318820164410e+01}
===================================
  al = 2.3665807366530309e+00
  au = 6.0887453059240677e+00
  bl = 1.9999989071689739e+00
  bu = 8.5824777673480419e+00
  m = 1414601, n = 0
  DRIFT : 1414601
  Narrowing range from: {4.7331588870332073e+00, 5.2256521219138065e+01}
                  to  : {4.7331588876614159e+00, 5.2256521219138065e+01}
===================================
  al = 4.3375629120661694e+00
  au = 4.3711193483199908e+00
  bl = 2.4999862258895092e-01
  bu = 2.1283290328122391e+00
  m = 117453, n = 0
  DRIFT : 117453
  Narrowing range from: {1.0843847534094613e+00, 9.3031802149167504e+00}
                  to  : {1.0843847534225011e+00, 9.3031802149167504e+00}
===================================
  al = 4.8278786586430478e+00
  au = 7.9310284682401146e+00
  bl = 3.1249895508048745e-02
  bu = 4.7518842560437846e-01
  m = 235899, n = 0
  DRIFT : 235899
  Narrowing range from: {1.5087070360813379e-01, 3.7687329312465252e+00}
                  to  : {1.5087070361140753e-01, 3.7687329312465252e+00}
===================================
  al = 2.4068572448936384e-01
  au = 5.3503402048987214e-01
  bl = 1.6538534371692523e-01
  bu = 7.9999844418631323e+00
  m = 0, n = 171253
  DRIFT : 171253
  Narrowing range from: {3.9805891272430609e-02, 4.2802638397864570e+00}
                  to  : {3.9805891272430609e-02, 4.2802638397104058e+00}
===================================
  al = 5.4977907697127062e+00
  au = 5.8117552323327617e+00
  bl = 9.9999703375301496e-01
  bu = 6.7758992357940242e+00
  m = 123139, n = 0
  DRIFT : 123139
  Narrowing range from: {5.4977744619074116e+00, 3.9379867837385483e+01}
                  to  : {5.4977744619620958e+00, 3.9379867837385483e+01}
===================================
  al = 7.8974614747928911e+00
  au = 9.8309312905833917e+00
  bl = 2.0375552182519652e+00
  bu = 7.9999679802440662e+00
  m = 0, n = 170385
  DRIFT : 170385
  Narrowing range from: {1.6091513838908117e+01, 7.8647135540646602e+01}
                  to  : {1.6091513838908117e+01, 7.8647135539435951e+01}
===================================
  al = 4.3783089726792515e+00
  au = 4.6869649148390140e+00
  bl = 9.9999247549105819e-01
  bu = 1.7501164594958882e+00
  m = 114023, n = 1
  DRIFT : 114023
  Narrowing range from: {4.3782760280542368e+00, 8.2027344425395015e+00}
                  to  : {4.3782760281048727e+00, 8.2027344425395015e+00}
===================================
  al = 2.2453976287115311e-02
  au = 6.8627165371103924e+00
  bl = 1.2499997954433488e-01
  bu = 4.4192682690963980e-01
  m = 2085045, n = 0
  DRIFT : 2085045
  Narrowing range from: {2.8067465765783946e-03, 3.0328185432255070e+00}
                  to  : {2.8067465770305164e-03, 3.0328185432255070e+00}
===================================
  al = 1.2471272243871012e+00
  au = 4.4272302721528138e+00
  bl = 3.7511891731972975e+00
  bu = 3.9999958913082372e+00
  m = 1, n = 312157
  DRIFT : 312157
  Narrowing range from: {4.6782101417204913e+00, 1.7708902898486702e+01}
                  to  : {4.6782101417204913e+00, 1.7708902897932202e+01}
===================================
  al = 2.6057081423735229e-01
  au = 8.1387392258002356e-01
  bl = 3.9999968908122225e+00
  bu = 6.4178751637415594e+00
  m = 382673, n = 0
  DRIFT : 382673
  Narrowing range from: {1.0422824467858185e+00, 5.2233412341432537e+00}
                  to  : {1.0422824468283036e+00, 5.2233412341432537e+00}
===================================
  al = 3.7042838716151412e+00
  au = 4.5895471280663411e+00
  bl = 4.4514504552139602e+00
  bu = 7.9999548934410729e+00
  m = 0, n = 130395
  DRIFT : 130395
  Narrowing range from: {1.6489436126542952e+01, 3.6716170005852746e+01}
                  to  : {1.6489436126542952e+01, 3.6716170005389493e+01}
===================================
  al = 7.0119159676381451e-02
  au = 2.4928924870771585e-01
  bl = 4.9999943239391131e-01
  bu = 1.6033603585124003e+00
  m = 136999, n = 0
  DRIFT : 136999
  Narrowing range from: {3.5059540038128764e-02, 3.9970049918129019e-01}
                  to  : {3.5059540038604071e-02, 3.9970049918129019e-01}
===================================
  al = 1.7005312916413332e-01
  au = 1.5927739089157984e+00
  bl = 3.7602895882135199e+00
  bu = 7.9999973502044792e+00
  m = 0, n = 992721
  DRIFT : 992721
  Narrowing range from: {6.3944901103901941e-01, 1.2742187050801217e+01}
                  to  : {6.3944901103901941e-01, 1.2742187049919504e+01}
===================================
  al = 5.9203824625107009e+00
  au = 9.4166918566372555e+00
  bl = 3.9999830309808972e+00
  bu = 8.0584746638106690e+00
  m = 107935, n = 0
  DRIFT : 107935
  Narrowing range from: {2.3681429386959703e+01, 7.5884172743623580e+01}
                  to  : {2.3681429387151432e+01, 7.5884172743623580e+01}
===================================
  al = 3.1923560287305728e+00
  au = 6.7528036343632225e+00
  bl = 9.9999935443604915e-01
  bu = 1.3689762106818635e+00
  m = 466819, n = 0
  DRIFT : 466819
  Narrowing range from: {3.1923539678606025e+00, 9.2444275308492809e+00}
                  to  : {3.1923539679642570e+00, 9.2444275308492809e+00}
===================================
  al = 6.4597753760214580e+00
  au = 8.3851897242040465e+00
  bl = 4.1605437149568303e+00
  bu = 7.9999571693697717e+00
  m = 0, n = 126765
  DRIFT : 126765
  Narrowing range from: {2.6876177840738972e+01, 6.7081158650671895e+01}
                  to  : {2.6876177840738972e+01, 6.7081158649771183e+01}
===================================
  al = 1.5081121358607594e+00
  au = 8.7683237715253650e+00
  bl = 1.9482046059231184e+00
  bu = 1.9999946386762675e+00
  m = 0, n = 326045
  DRIFT : 326045
  Narrowing range from: {2.9381110093324834e+00, 1.7536600533228398e+01}
                  to  : {2.9381110093324834e+00, 1.7536600532649228e+01}
===================================
  al = 7.1647923438496186e-01
  au = 1.0427373857479556e+00
  bl = 4.5993240602593506e+00
  bu = 7.9999564728280594e+00
  m = 0, n = 170329
  DRIFT : 170329
  Narrowing range from: {3.2953201813829538e+00, 8.3418536985741660e+00}
                  to  : {3.2953201813829538e+00, 8.3418536984228844e+00}
===================================
  al = 4.0720635381577469e-01
  au = 1.1102200267859956e+00
  bl = 3.9999882326964999e+00
  bu = 4.2987662580739991e+00
  m = 113625, n = 0
  DRIFT : 113625
  Narrowing range from: {1.6288206235423464e+00, 4.7725763901856499e+00}
                  to  : {1.6288206235549612e+00, 4.7725763901856499e+00}
===================================
  al = 4.0483165998959736e-01
  au = 8.3994551197737781e+00
  bl = 3.2036661389216320e-01
  bu = 1.9999914584967944e+00
  m = 1, n = 219309
  DRIFT : 219309
  Narrowing range from: {1.2969454810721084e-01, 1.6798838495574724e+01}
                  to  : {1.2969454810721084e-01, 1.6798838495185155e+01}
