===================================
  al = 5.7811153426520479e+00
  au = 9.2547634985636602e+00
  bl = 7.4413806694091509e+00
  bu = 7.9999495017997200e+00
  m = 0, n = 130139
  DRIFT : 130139
  Narrowing range from: {4.3019479958435610e+01, 7.4037640639608583e+01}
                  to  : {4.3019479958435610e+01, 7.4037640638683897e+01}
===================================
  al = 1.4949877814097261e+00
  au = 4.5869298517871284e+00
  bl = 7.9999905708094197e+00
  bu = 7.9999905708094197e+00
  m = 0, n = 158409
  DRIFT : 158409
  Narrowing range from: {1.1959888154753102e+01, 3.6695395563261272e+01}
                  to  : {1.1959888154753102e+01, 3.6695395562698494e+01}
===================================
  al = 2.0379341860015865e+00
  au = 8.0443681200213017e+00
  bl = 1.9999942121302730e+00
  bu = 1.9999942121302730e+00
  m = 178649, n = 0
  DRIFT : 178649
  Narrowing range from: {4.0758565767055925e+00, 1.6088689680287889e+01}
                  to  : {4.0758565767849282e+00, 1.6088689680287889e+01}
===================================
  al = 2.5141925754923050e-01
  au = 4.2676074361567009e+00
  bl = 1.5778265429782035e-01
  bu = 9.9999777659803479e-01
  m = 0, n = 180663
  DRIFT : 180663
  Narrowing range from: {3.9669597797704896e-02, 4.2675979475499402e+00}
                  to  : {3.9669597797704896e-02, 4.2675979474697101e+00}
===================================
  al = 1.4543396111270326e+00
  au = 4.1884959846824490e+00
  bl = 3.0759618151683208e+00
  bu = 3.9999927997500864e+00
  m = 1, n = 278831
  DRIFT : 278831
  Narrowing range from: {4.4734931101134974e+00, 1.6753953780511942e+01}
                  to  : {4.4734931101134974e+00, 1.6753953780016641e+01}
===================================
  al = 2.0482731897759705e+00
  au = 2.2684069726437368e+00
  bl = 2.4999890854740039e-01
  bu = 1.2049908383748011e+00
  m = 179159, n = 0
  DRIFT : 179159
  Narrowing range from: {5.1206606185089498e-01, 2.7334096197412210e+00}
                  to  : {5.1206606186084025e-01, 2.7334096197412210e+00}
===================================
  al = 1.0516559114735449e+00
  au = 2.6713022688247454e+00
  bl = 7.9999883513718517e+00
  bu = 7.9999883513718517e+00
  m = 416709, n = 0
  DRIFT : 416709
  Narrowing range from: {8.4132350414397070e+00, 2.1370387033591161e+01}
                  to  : {8.4132350418098181e+00, 2.1370387033591161e+01}
===================================
  al = 1.1824975083393987e+00
  au = 5.7345540456423159e+00
  bl = 3.1249950194063986e-02
  bu = 2.0891908744282190e+00
  m = 320617, n = 0
  DRIFT : 320617
  Narrowing range from: {3.6952988240210975e-02, 1.1980577981071351e+01}
                  to  : {3.6952988241323335e-02, 1.1980577981071351e+01}
===================================
  al = 5.1709667470084533e+00
  au = 8.1451805074850832e+00
  bl = 1.9999975524165632e+00
  bu = 6.1530918027134849e+00
  m = 403109, n = 0
  DRIFT : 403109
  Narrowing range from: {1.0341920837644345e+01, 5.0118043412228126e+01}
                  to  : {1.0341920838002377e+01, 5.0118043412228126e+01}
===================================
  al = 1.0811826796529245e+00
  au = 2.6327254488154601e+00
  bl = 2.2646790057941876e-01
  bu = 7.9999823426868737e+00
  m = 0, n = 102097
  DRIFT : 102097
  Narrowing range from: {2.4485317160382805e-01, 2.1061757103666054e+01}
                  to  : {2.4485317160382805e-01, 2.1061757103484695e+01}
===================================
  al = 1.5093442726696613e-01
  au = 8.9496377545072878e+00
  bl = 7.9999997858408394e+00
  bu = 8.3379803300125293e+00
  m = 17803823, n = 0
  DRIFT : 17803823
  Narrowing range from: {1.2074753858117389e+00, 7.4621903557819266e+01}
                  to  : {1.2074753877883602e+00, 7.4621903557819266e+01}
===================================
  al = 1.4798529675460710e+00
  au = 4.0393896072794435e+00
  bl = 3.7761983768685514e+00
  bu = 3.9999913380750534e+00
  m = 0, n = 396965
  DRIFT : 396965
  Narrowing range from: {5.5882183740515821e+00, 1.6157523440228164e+01}
                  to  : {5.5882183740515821e+00, 1.6157523439523015e+01}
===================================
  al = 1.0610688954503895e+00
  au = 3.7631254906950500e+00
  bl = 7.9999952464235413e+00
  bu = 7.9999952464235413e+00
  m = 1132949, n = 0
  DRIFT : 1132949
  Narrowing range from: {8.4885461197309944e+00, 3.0104986037255657e+01}
                  to  : {8.4885461207372543e+00, 3.0104986037255657e+01}
===================================
  al = 2.5255546066576806e+00
  au = 7.8026709197230124e+00
  bl = 9.9999717829034873e-01
  bu = 9.9999717829034873e-01
  m = 179907, n = 0
  DRIFT : 179907
  Narrowing range from: {2.5255474802758724e+00, 7.8026489028511730e+00}
                  to  : {2.5255474803158195e+00, 7.8026489028511730e+00}
===================================
  al = 6.0320604904430111e+00
  au = 6.0632303847089508e+00
  bl = 4.9999994426777450e-01
  bu = 2.2465311394852208e+00
  m = 2235151, n = 0
  DRIFT : 2235151
  Narrowing range from: {3.0160299090413503e+00, 1.3621235865121614e+01}
                  to  : {3.0160299095376533e+00, 1.3621235865121614e+01}
===================================
  al = 2.0499912974957463e-01
  au = 1.3087750633984829e+00
  bl = 3.9999995141129658e+00
  bu = 7.3348368908509869e+00
  m = 2712443, n = 0
  DRIFT : 2712443
  Narrowing range from: {8.1999641939187939e-01, 9.5996516168410313e+00}
                  to  : {8.1999641954245017e-01, 9.5996516168410313e+00}
===================================
  al = 4.0730752167107012e+00
  au = 8.0718847177227993e+00
  bl = 3.9999951975202857e+00
  bu = 3.9999951975202857e+00
  m = 434813, n = 0
  DRIFT : 434813
  Narrowing range from: {1.6292281305981703e+01, 3.2287500105828585e+01}
                  to  : {1.6292281306754084e+01, 3.2287500105828585e+01}
===================================
  al = 6.7813189198223673e+00
  au = 9.4827701949571974e+00
  bl = 3.0596792873938545e+00
  bu = 7.9999540401038791e+00
  m = 1, n = 136837
  DRIFT : 136837
  Narrowing range from: {2.0748661040192566e+01, 7.5861725732524476e+01}
                  to  : {2.0748661040192566e+01, 7.5861725731552198e+01}
===================================
  al = 2.1539296059542283e+00
  au = 2.1854691404773381e+00
  bl = 5.7870937788040964e+00
  bu = 7.9999936725496648e+00
  m = 0, n = 1047455
  DRIFT : 1047455
  Narrowing range from: {1.2464992622599674e+01, 1.7483739295371258e+01}
                  to  : {1.2464992622599674e+01, 1.7483739293510606e+01}
===================================
  al = 2.1491217462723062e+00
  au = 2.2807953910975871e+00
  bl = 7.9999969923644008e+00
  bu = 8.2240466209598395e+00
  m = 563199, n = 0
  DRIFT : 563199
  Narrowing range from: {1.7192967506403381e+01, 1.8757367629256887e+01}
                  to  : {1.7192967507403822e+01, 1.8757367629256887e+01}
===================================
  al = 6.2395991898462522e-01
  au = 4.0297866395384094e+00
  bl = 2.0532227263520051e+00
  bu = 3.9999974494914596e+00
  m = 0, n = 967603
  DRIFT : 967603
  Narrowing range from: {1.2811286859919884e+00, 1.6119136280148396e+01}
                  to  : {1.2811286859919884e+00, 1.6119136278429590e+01}
===================================
  al = 1.4715170285225327e+00
  au = 2.2366353594146990e+00
  bl = 1.9999951643055616e+00
  bu = 1.9999951643055616e+00
  m = 0, n = 143405
  DRIFT : 143405
  Narrowing range from: {2.9430269412383545e+00, 4.4732599031442293e+00}
                  to  : {2.9430269412383545e+00, 4.4732599030805451e+00}
===================================
  al = 2.6022497994303149e+00
  au = 2.6819035715276609e+00
  bl = 4.9999933976731314e-01
  bu = 5.2969168544809142e-01
  m = 405533, n = 0
  DRIFT : 405533
  Narrowing range from: {1.3011231816247806e+00, 1.4205820230117427e+00}
                  to  : {1.3011231816698037e+00, 1.4205820230117427e+00}
===================================
  al = 6.0566110733776568e-01
  au = 3.4282363490651302e+00
  bl = 7.9999856781448750e+00
  bu = 7.9999856781448750e+00
  m = 0, n = 101477
  DRIFT : 101477
  Narrowing range from: {4.8452801845114912e+00, 2.7425841693816714e+01}
                  to  : {4.8452801845114912e+00, 2.7425841693636457e+01}
===================================
  al = 1.9265324132982944e+00
  au = 9.2667628822948149e+00
  bl = 2.6210744553377774e+00
  bu = 7.9999993741151689e+00
  m = 0, n = 6522279
  DRIFT : 6522279
  Narrowing range from: {5.0495848958764009e+00, 7.4134097258432192e+01}
                  to  : {5.0495848958764009e+00, 7.4134097212088619e+01}
===================================
  al = 3.5101309378991652e-01
  au = 6.4420424625381434e-01
  bl = 5.2164131341309469e-02
  bu = 2.4999970556429094e-01
  m = 0, n = 312177
  DRIFT : 312177
  Narrowing range from: {1.8310293126976584e-02, 1.6105087188671954e-01}
                  to  : {1.8310293126976584e-02, 1.6105087188238723e-01}
===================================
  al = 1.3702996371541232e-01
  au = 2.0620217419175657e+00
  bl = 3.9999978811581145e+00
  bu = 4.3005806837430640e+00
  m = 587513, n = 0
  DRIFT : 587513
  Narrowing range from: {5.4811956451682264e-01, 8.8678908727489087e+00}
                  to  : {5.4811956454943611e-01, 8.8678908727489087e+00}
===================================
  al = 2.3372728090507535e+00
  au = 9.2957589631520303e+00
  bl = 1.9999919862551536e+00
  bu = 3.9704639268861803e+00
  m = 154487, n = 0
  DRIFT : 154487
  Narrowing range from: {4.6745268877935793e+00, 3.6908475636224019e+01}
                  to  : {4.6745268878621848e+00, 3.6908475636224019e+01}
===================================
  al = 1.6492554874001457e+00
  au = 2.0560353739820978e+00
  bl = 3.5312553408615761e+00
  bu = 7.9999659027172720e+00
  m = 0, n = 197673
  DRIFT : 197673
  Narrowing range from: {5.8239422483270262e+00, 1.6448212886637336e+01}
                  to  : {5.8239422483270262e+00, 1.6448212886286200e+01}
===================================
  al = 2.7581704526334749e+00
  au = 5.4594810809536671e+00
  bl = 2.8305840375972913e-01
  bu = 1.9999998289775223e+00
  m = 0, n = 2748347
  DRIFT : 2748347
  Narrowing range from: {7.8072332561968094e-01, 1.0918961228213352e+01}
                  to  : {7.8072332561968094e-01, 1.0918961225772330e+01}
===================================
  al = 5.8979873976986648e+00
  au = 6.0609260564923675e+00
  bl = 3.9999847217473654e+00
  bu = 3.9999847217473654e+00
  m = 106965, n = 0
  DRIFT : 106965
  Narrowing range from: {2.3591859479853163e+01, 2.4243611625609979e+01}
                  to  : {2.3591859480043169e+01, 2.4243611625609979e+01}
===================================
  al = 2.5388419957905866e+00
  au = 3.5699449480543328e+00
  bl = 1.9999988836641536e+00
  bu = 6.2673448735219104e+00
  m = 186723, n = 0
  DRIFT : 186723
  Narrowing range from: {5.0776811573808454e+00, 2.2374076168943766e+01}
                  to  : {5.0776811574637666e+00, 2.2374076168943766e+01}
===================================
  al = 3.4871573466869232e-01
  au = 9.6931822378139287e-01
  bl = 3.9999900483271627e+00
  bu = 4.5994515722482223e+00
  m = 135059, n = 0
  DRIFT : 135059
  Narrowing range from: {1.3948594683698647e+00, 4.4583322283801818e+00}
                  to  : {1.3948594683848592e+00, 4.4583322283801818e+00}
===================================
  al = 1.5974241364295443e+00
  au = 4.4151776493439074e+00
  bl = 3.1249993154669455e-02
  bu = 8.8524362687569691e-02
  m = 746185, n = 0
  DRIFT : 746185
  Narrowing range from: {4.9919493328527027e-02, 3.9085078756057146e-01}
                  to  : {4.9919493331115873e-02, 3.9085078756057146e-01}
===================================
  al = 3.5181336416252127e+00
  au = 4.8251571115513698e+00
  bl = 9.9999746245554344e-01
  bu = 9.9999746245554344e-01
  m = 0, n = 151209
  DRIFT : 151209
  Narrowing range from: {3.5181247142046930e+00, 4.8251448675006889e+00}
                  to  : {3.5181247142046930e+00, 4.8251448674335391e+00}
===================================
  al = 2.2631079394587277e-03
  au = 4.1090583951130732e-01
  bl = 3.9999908394297488e+00
  bu = 9.2952274028595756e+00
  m = 187143, n = 0
  DRIFT : 187143
  Narrowing range from: {9.0524110264756461e-03, 3.8194632194205229e+00}
                  to  : {9.0524110266379659e-03, 3.8194632194205229e+00}
===================================
  al = 2.0803434364926923e+00
  au = 2.1145667287143080e+00
  bl = 4.9999995787444984e-01
  bu = 3.0290314009540626e+00
  m = 4086031, n = 0
  DRIFT : 4086031
  Narrowing range from: {1.0401716306107345e+00, 6.4050890206883500e+00}
                  to  : {1.0401716310643749e+00, 6.4050890206883500e+00}
===================================
  al = 1.7642918669715908e+00
  au = 8.4872944571629318e+00
  bl = 1.9972504709317368e-01
  bu = 1.9999993087601369e+00
  m = 0, n = 411189
  DRIFT : 411189
  Narrowing range from: {3.5237327621700426e-01, 1.6974583047569602e+01}
                  to  : {3.5237327621700426e-01, 1.6974583046839186e+01}
===================================
  al = 5.1543581033086872e+00
  au = 5.9453861654967994e+00
  bl = 3.9999831672154404e+00
  bu = 5.9312843897200320e+00
  m = 114521, n = 0
  DRIFT : 114521
  Narrowing range from: {2.0617345651035254e+01, 3.5263776154268605e+01}
                  to  : {2.0617345651238683e+01, 3.5263776154268605e+01}
===================================
  al = 4.2332735392647947e-01
  au = 5.5079280033562872e-01
  bl = 7.1308517815987604e-01
  bu = 9.9999816137472641e-01
  m = 0, n = 126081
  DRIFT : 126081
  Narrowing range from: {3.0186846159461250e-01, 5.5079178763406544e-01}
                  to  : {3.0186846159461250e-01, 5.5079178762706660e-01}
===================================
  al = 1.2962072518118825e-01
  au = 5.5430716982344173e+00
  bl = 9.9999942153075938e-01
  bu = 2.7225361710074534e+00
  m = 1396467, n = 0
  DRIFT : 1396467
  Narrowing range from: {1.2962065019958580e-01, 1.5091213196930912e+01}
                  to  : {1.2962065021896566e-01, 1.5091213196930912e+01}
===================================
  al = 2.1773413541413853e+00
  au = 5.6964476716339485e+00
  bl = 3.9999804913324843e+00
  bu = 6.7204641460069858e+00
  m = 108255, n = 0
  DRIFT : 108255
  Narrowing range from: {8.7093229395369960e+00, 3.8282772336820926e+01}
                  to  : {8.7093229396331449e+00, 3.8282772336820926e+01}
===================================
  al = 3.3573837933624393e+00
  au = 4.5946014065685539e+00
  bl = 2.8029963629816822e-02
  bu = 9.9999983828546257e-01
  m = 0, n = 2742653
  DRIFT : 2742653
  Narrowing range from: {9.4107345619285604e-02, 4.5946006635547123e+00}
                  to  : {9.4107345619285604e-02, 4.5946006623367301e+00}
===================================
  al = 1.7825896525280374e-01
  au = 5.4273140004479199e+00
  bl = 1.2499987305577988e-01
  bu = 2.6996262442910379e+00
  m = 128141, n = 0
  DRIFT : 128141
  Narrowing range from: {2.2282348027655146e-02, 1.4651719311617386e+01}
                  to  : {2.2282348027877433e-02, 1.4651719311617386e+01}
===================================
  al = 2.1228282754720835e+00
  au = 2.7997708521414970e+00
  bl = 7.9999821587137676e+00
  bu = 8.3095900253061874e+00
  m = 327919, n = 0
  DRIFT : 327919
  Narrowing range from: {1.6982588329789785e+01, 2.3264947946097990e+01}
                  to  : {1.6982588330372284e+01, 2.3264947946097990e+01}
===================================
  al = 5.1617148997083773e-01
  au = 8.8882187247946085e+00
  bl = 7.1397572860356426e+00
  bu = 7.9999659319264946e+00
  m = 0, n = 150773
  DRIFT : 150773
  Narrowing range from: {3.6853391563631623e+00, 7.1105446993868014e+01}
                  to  : {3.6853391563631623e+00, 7.1105446992796715e+01}
===================================
  al = 9.0185395667628114e+00
  au = 9.4731156020742926e+00
  bl = 2.4999958055304089e-01
  bu = 3.2793748539034180e+00
  m = 364729, n = 0
  DRIFT : 364729
  Narrowing range from: {2.2546311088917061e+00, 3.1065897093562572e+01}
                  to  : {2.2546311089726920e+00, 3.1065897093562572e+01}
===================================
  al = 1.1411248853130451e+00
  au = 1.1803739936499573e+00
  bl = 1.9999960744247824e+00
  bu = 8.4988208003392458e+00
  m = 179523, n = 0
  DRIFT : 179523
  Narrowing range from: {2.2822452910545206e+00, 1.0031787049411763e+01}
                  to  : {2.2822452910943825e+00, 1.0031787049411763e+01}
===================================
  al = 2.8900768627585480e-02
  au = 8.9610421683923427e+00
  bl = 7.9999941285654907e+00
  bu = 7.9999941285654907e+00
  m = 0, n = 644941
  DRIFT : 644941
  Narrowing range from: {2.3120597933171358e-01, 7.1688284732966508e+01}
                  to  : {2.3120597933171358e-01, 7.1688284728383934e+01}
===================================
  al = 4.7303286565140912e+00
  au = 9.5132860338686633e+00
  bl = 6.9228021815008711e-01
  bu = 3.9999843979391922e+00
  m = 0, n = 174363
  DRIFT : 174363
  Narrowing range from: {3.2747129542531836e+00, 3.8052995708607469e+01}
                  to  : {3.2747129542531836e+00, 3.8052995707988011e+01}
===================================
  al = 4.5623218830957013e+00
  au = 7.4566123074719091e+00
  bl = 1.9999916860880220e+00
  bu = 1.9999916860880220e+00
  m = 122347, n = 0
  DRIFT : 122347
  Narrowing range from: {9.1246058354488522e+00, 1.4913162621325441e+01}
                  to  : {9.1246058355575173e+00, 1.4913162621325441e+01}
===================================
  al = 1.9950135084648311e+00
  au = 4.7864329476730774e+00
  bl = 7.9999782413278382e+00
  bu = 7.9999782413278382e+00
  m = 0, n = 175651
  DRIFT : 175651
  Narrowing range from: {1.5960064658873760e+01, 3.8291359434959283e+01}
                  to  : {1.5960064658873760e+01, 3.8291359434335249e+01}
===================================
  al = 2.2384789235998404e-01
  au = 2.6184584425839408e-01
  bl = 7.9999499584964786e+00
  bu = 7.9999499584964786e+00
  m = 0, n = 118247
  DRIFT : 118247
  Narrowing range from: {1.7907719371947786e+00, 2.0947536509074149e+00}
                  to  : {1.7907719371947786e+00, 2.0947536508811591e+00}
===================================
  al = 2.5836532560230334e+00
  au = 2.6513813895730287e+00
  bl = 1.9999982158507827e+00
  bu = 8.9674364589176356e+00
  m = 599921, n = 0
  DRIFT : 599921
  Narrowing range from: {5.1673019024231328e+00, 2.3776094139352882e+01}
                  to  : {5.1673019026895508e+00, 2.3776094139352882e+01}
===================================
  al = 3.2910693687172401e+00
  au = 4.3874008073572366e+00
  bl = 7.9999811796142959e+00
  bu = 9.4173125905844000e+00
  m = 110015, n = 0
  DRIFT : 110015
  Narrowing range from: {2.6328493010543024e+01, 4.1317524863065465e+01}
                  to  : {2.6328493010738448e+01, 4.1317524863065465e+01}
===================================
  al = 1.1031951575108301e+00
  au = 1.1351937255189424e+00
  bl = 1.9999970118296879e+00
  bu = 2.4642543026003478e+00
  m = 203169, n = 0
  DRIFT : 203169
  Narrowing range from: {2.2063870184866423e+00, 2.7974060223949722e+00}
                  to  : {2.2063870185317547e+00, 2.7974060223949722e+00}
===================================
  al = 4.4716511968544950e+00
  au = 8.2566553843580355e+00
  bl = 7.9999717004978557e+00
  bu = 9.3725053338103201e+00
  m = 188917, n = 0
  DRIFT : 188917
  Narrowing range from: {3.5773083029333328e+01, 7.7385546629329383e+01}
                  to  : {3.5773083030004493e+01, 7.7385546629329383e+01}
===================================
  al = 2.7989925262304034e+00
  au = 3.7891270824213623e+00
  bl = 1.9999991210232078e+00
  bu = 5.5856778758874137e+00
  m = 360129, n = 0
  DRIFT : 360129
  Narrowing range from: {5.5979825922113351e+00, 2.1164843313206827e+01}
                  to  : {5.5979825923712641e+00, 2.1164843313206827e+01}
===================================
  al = 1.0984864297429919e-01
  au = 1.7121730201250279e-01
  bl = 5.9429647863235804e+00
  bu = 7.9999871876750372e+00
  m = 0, n = 278625
  DRIFT : 278625
  Narrowing range from: {6.5282661702169131e-01, 1.3697362224083096e+00}
                  to  : {6.5282661702169131e-01, 1.3697362223773761e+00}
===================================
  al = 5.0302795720259608e-01
  au = 3.1613618273484372e+00
  bl = 3.9999828229181595e+00
  bu = 6.4902932315339488e+00
  m = 125271, n = 0
  DRIFT : 125271
  Narrowing range from: {2.0121031882579956e+00, 2.0518165270469357e+01}
                  to  : {2.0121031882858111e+00, 2.0518165270469357e+01}
===================================
  al = 4.9241458118731591e+00
  au = 6.1294512010344064e+00
  bl = 1.1558073604095387e+00
  bu = 7.9999975710177811e+00
  m = 0, n = 1287357
  DRIFT : 1287357
  Narrowing range from: {5.6913639730928010e+00, 4.9035594719947269e+01}
                  to  : {5.6913639730928010e+00, 4.9035594715373662e+01}
===================================
  al = 1.0824841142025821e+00
  au = 2.1869729515800835e+00
  bl = 5.8370594695192779e-01
  bu = 7.9999839755026692e+00
  m = 0, n = 393883
  DRIFT : 393883
  Narrowing range from: {6.3185241494103694e-01, 1.7495748567498442e+01}
                  to  : {6.3185241494103694e-01, 1.7495748566798767e+01}
===================================
  al = 1.1344309948062390e+00
  au = 2.4108003888402028e+00
  bl = 7.5864670627539317e+00
  bu = 7.9999771281908920e+00
  m = 1, n = 209315
  DRIFT : 209315
  Narrowing range from: {8.6063233770647098e+00, 1.9286347971355330e+01}
                  to  : {8.6063233770647098e+00, 1.9286347970983513e+01}
===================================
  al = 2.0085642910411816e-01
  au = 8.5531177874213764e+00
  bl = 1.9999990261136928e+00
  bu = 1.9999990261136928e+00
  m = 0, n = 559113
  DRIFT : 559113
  Narrowing range from: {4.0171266259691030e-01, 1.7106227245078454e+01}
                  to  : {4.0171266259691030e-01, 1.7106227244085272e+01}
===================================
  al = 4.0232419469610310e+00
  au = 6.2444853104077067e+00
  bl = 1.9999909229312032e+00
  bu = 8.0205665904940115e+00
  m = 175029, n = 0
  DRIFT : 175029
  Narrowing range from: {8.0464473746781238e+00, 5.0084310255486685e+01}
                  to  : {8.0464473748335799e+00, 5.0084310255486685e+01}
===================================
  al = 2.8545026407220582e+00
  au = 7.3888643271437839e+00
  bl = 3.9999822740040871e+00
  bu = 5.6064900009282841e+00
  m = 100143, n = 0
  DRIFT : 100143
  Narrowing range from: {1.1417959963986091e+01, 4.1425593968347322e+01}
                  to  : {1.1417959964075035e+01, 4.1425593968347322e+01}
===================================
  al = 1.0380087886107838e+00
  au = 3.6833645536834752e+00
  bl = 1.2499958872369185e-01
  bu = 7.1812068118132020e+00
  m = 119153, n = 0
  DRIFT : 119153
  Narrowing range from: {1.2975067166792559e-01, 2.6451002623303065e+01}
                  to  : {1.2975067166957915e-01, 2.6451002623303065e+01}
===================================
  al = 4.5554308949702786e+00
  au = 6.5667585790209513e+00
  bl = 9.9999954703396077e-01
  bu = 9.9999954703396077e-01
  m = 1417855, n = 0
  DRIFT : 1417855
  Narrowing range from: {4.5554288315147895e+00, 6.5667556045023270e+00}
                  to  : {4.5554288321444432e+00, 6.5667556045023270e+00}
===================================
  al = 2.3878363632000994e+00
  au = 6.2732582420087537e+00
  bl = 3.9999953087026827e+00
  bu = 6.8511527575041908e+00
  m = 233581, n = 0
  DRIFT : 233581
  Narrowing range from: {9.5513342507500738e+00, 4.2979050503274166e+01}
                  to  : {9.5513342509575345e+00, 4.2979050503274166e+01}
===================================
  al = 2.6504964177415640e+00
  au = 3.9082431893330982e+00
  bl = 7.9999762088120621e+00
  bu = 7.9999762088120621e+00
  m = 123665, n = 0
  DRIFT : 123665
  Narrowing range from: {2.1203908283474110e+01, 3.1265852532916561e+01}
                  to  : {2.1203908283693782e+01, 3.1265852532916561e+01}
===================================
  al = 6.4114512968592283e+00
  au = 7.2455824294269968e+00
  bl = 1.1349826106280637e-01
  bu = 1.9999998503447403e+00
  m = 0, n = 1991529
  DRIFT : 1991529
  Narrowing range from: {7.2768857308239721e-01, 1.4491163774514472e+01}
                  to  : {7.2768857308239721e-01, 1.4491163772745640e+01}
===================================
  al = 1.4841687918477888e-02
  au = 2.5975709386397861e+00
  bl = 2.5524854487181159e+00
  bu = 7.9999827550585501e+00
  m = 0, n = 262693
  DRIFT : 262693
  Narrowing range from: {3.7883192446330274e-02, 2.0780522714159538e+01}
                  to  : {3.7883192446330274e-02, 2.0780522713692903e+01}
===================================
  al = 5.5452701155584683e-01
  au = 9.6393460239845989e+00
  bl = 1.7591573378278449e+00
  bu = 7.9999918283346982e+00
  m = 0, n = 372015
  DRIFT : 372015
  Narrowing range from: {9.7550026140221413e-01, 7.7114689422367348e+01}
                  to  : {9.7550026140221413e-01, 7.7114689419724030e+01}
===================================
  al = 4.2938760065023178e+00
  au = 9.3160612611066025e+00
  bl = 7.9999884771961138e+00
  bu = 7.9999884771961138e+00
  m = 482697, n = 479037
  DRIFT : 482697
  Narrowing range from: {3.4350958574527411e+01, 7.4528382741705911e+01}
                  to  : {3.4350958576242292e+01, 7.4528382738302156e+01}
===================================
  al = 2.6755844986479107e+00
  au = 4.0780634441166637e+00
  bl = 3.4348530566273039e-01
  bu = 7.9999534856622576e+00
  m = 0, n = 118805
  DRIFT : 118805
  Narrowing range from: {9.1902395934454084e-01, 3.2624317864512932e+01}
                  to  : {9.1902395934454084e-01, 3.2624317864090855e+01}
===================================
  al = 4.1564440431154459e+00
  au = 5.7624467866691376e+00
  bl = 7.5421215642185979e+00
  bu = 7.9999998163731965e+00
  m = 0, n = 8384929
  DRIFT : 8384929
  Narrowing range from: {3.1348406248048938e+01, 4.6099573235213413e+01}
                  to  : {3.1348406248048938e+01, 4.6099573205424164e+01}
===================================
  al = 1.6286230735055268e-01
  au = 4.3679279859577242e+00
  bl = 3.9221325628754724e+00
  bu = 3.9999918290128589e+00
  m = 0, n = 388573
  DRIFT : 388573
  Narrowing range from: {6.3876755892463610e-01, 1.7471676253547489e+01}
                  to  : {6.3876755892463610e-01, 1.7471676252857247e+01}
===================================
  al = 6.5291309680347320e-01
  au = 3.9598443956429024e+00
  bl = 4.9999870573930555e-01
  bu = 1.9551431117880933e+00
  m = 133897, n = 0
  DRIFT : 133897
  Narrowing range from: {3.2645570336197854e-01, 7.7420624938939060e+00}
                  to  : {3.2645570336569490e-01, 7.7420624938939060e+00}
===================================
  al = 2.2264532375358104e+00
  au = 9.6210372900430432e+00
  bl = 3.9999913603159469e+00
  bu = 3.9999913603159469e+00
  m = 222131, n = 366447
  DRIFT : 366447
  Narrowing range from: {8.9057937142907111e+00, 3.8484066037449722e+01}
                  to  : {8.9057937144880022e+00, 3.8484066036147844e+01}
===================================
  al = 3.3982943610343512e+00
  au = 4.0679361427422887e+00
  bl = 3.9999838237160743e+00
  bu = 3.9999838237160743e+00
  m = 23799, n = 129887
  DRIFT : 129887
  Narrowing range from: {1.3593122472362959e+01, 1.6271678766879116e+01}
                  to  : {1.3593122472384096e+01, 1.6271678766648392e+01}
===================================
  al = 2.3981799923989904e+00
  au = 9.4667894089264379e+00
  bl = 3.9999957374534425e+00
  bu = 9.3765555674174177e+00
  m = 454439, n = 0
  DRIFT : 454439
  Narrowing range from: {9.5927097472420915e+00, 8.8765876937837433e+01}
                  to  : {9.5927097476457135e+00, 8.8765876937837433e+01}
===================================
  al = 1.1904936636499144e+00
  au = 2.0514223425323670e+00
  bl = 7.9999974763160884e+00
  bu = 7.9999974763160884e+00
  m = 0, n = 1767323
  DRIFT : 1767323
  Narrowing range from: {9.5239463047696091e+00, 1.6411373563117372e+01}
                  to  : {9.5239463047696091e+00, 1.6411373559977978e+01}
===================================
  al = 3.6709777884482713e+00
  au = 4.1055435019572180e+00
  bl = 2.7159030370823459e-02
  bu = 3.1249903504667463e-02
  m = 0, n = 104511
  DRIFT : 104511
  Narrowing range from: {9.9700197247084940e-02, 1.2829783827037758e-01}
                  to  : {9.9700197247084940e-02, 1.2829783826892721e-01}
===================================
  al = 9.9050617992235024e-02
  au = 1.2961797698532820e+00
  bl = 1.7620591506531244e-01
  bu = 9.9999935016902619e-01
  m = 0, n = 286785
  DRIFT : 286785
  Narrowing range from: {1.7453304781106474e-02, 1.2961789275555198e+00}
                  to  : {1.7453304781106474e-02, 1.2961789275236804e+00}
===================================
  al = 4.3462287923329610e+00
  au = 7.6988232674443724e+00
  bl = 9.9999524712992682e-01
  bu = 8.0716054525984013e+00
  m = 152271, n = 0
  DRIFT : 152271
  Narrowing range from: {4.3462081352722031e+00, 6.2141863864095441e+01}
                  to  : {4.3462081353398245e+00, 6.2141863864095441e+01}
===================================
  al = 2.5446063551209303e-01
  au = 1.2276556168184878e+00
  bl = 7.9999963813741983e+00
  bu = 7.9999963813741983e+00
  m = 0, n = 248089
  DRIFT : 248089
  Narrowing range from: {2.0356841632989231e+00, 9.8212404921216105e+00}
                  to  : {2.0356841632989231e+00, 9.8212404919012641e+00}
===================================
  al = 4.2880420474223078e+00
  au = 9.7371204671921383e+00
  bl = 3.9999978784425982e+00
  bu = 4.3071699983590204e+00
  m = 895905, n = 0
  DRIFT : 895905
  Narrowing range from: {1.7152159092361888e+01, 4.1939433146697546e+01}
                  to  : {1.7152159093953333e+01, 4.1939433146697546e+01}
===================================
  al = 1.7968680694000252e+00
  au = 8.0983108035297651e+00
  bl = 4.1159711342344601e-01
  bu = 4.9999874837611918e-01
  m = 0, n = 190655
  DRIFT : 190655
  Narrowing range from: {7.3958571056781064e-01, 4.0491452657256861e+00}
                  to  : {7.3958571056781064e-01, 4.0491452656410187e+00}
===================================
  al = 3.6488281479168299e+00
  au = 4.8190888378497165e+00
  bl = 7.9999832190409306e+00
  bu = 7.9999832190409306e+00
  m = 0, n = 324697
  DRIFT : 324697
  Narrowing range from: {2.9190563952498838e+01, 3.8552629833865190e+01}
                  to  : {2.9190563952498838e+01, 3.8552629832711638e+01}
===================================
  al = 4.1200409701610434e+00
  au = 7.5068833117332323e+00
  bl = 3.9999962417060413e+00
  bu = 3.9999962417060413e+00
  m = 583715, n = 0
  DRIFT : 583715
  Narrowing range from: {1.6480148396319088e+01, 3.0027505033858731e+01}
                  to  : {1.6480148397355972e+01, 3.0027505033858731e+01}
===================================
  al = 1.3276415702881330e+00
  au = 1.3811089689645795e+00
  bl = 1.9999914618484700e+00
  bu = 5.8672073777439273e+00
  m = 156759, n = 0
  DRIFT : 156759
  Narrowing range from: {2.6552718049713615e+00, 8.1032527321772889e+00}
                  to  : {2.6552718050061688e+00, 8.1032527321772889e+00}
===================================
  al = 1.1154142226267412e+00
  au = 9.2756541716487568e+00
  bl = 7.9999511463171737e+00
  bu = 7.9999511463171737e+00
  m = 128081, n = 93287
  DRIFT : 128081
  Narrowing range from: {8.9232592889212778e+00, 7.4204780223323141e+01}
                  to  : {8.9232592890350357e+00, 7.4204780222660304e+01}
===================================
  al = 2.9032249217363297e+00
  au = 4.0630875471013788e+00
  bl = 3.9978331725142691e-01
  bu = 4.9999669973565036e-01
  m = 1, n = 110181
  DRIFT : 110181
  Narrowing range from: {1.1606608899387643e+00, 2.0315303642877081e+00}
                  to  : {1.1606608899387643e+00, 2.0315303642632432e+00}
===================================
  al = 2.5006872685509468e-01
  au = 2.0463027841731214e+00
  bl = 3.1907595836987418e-01
  bu = 3.9999995775317698e+00
  m = 0, n = 1590599
  DRIFT : 1590599
  Narrowing range from: {7.9790918679623624e-02, 8.1852102721945688e+00}
                  to  : {7.9790918679623624e-02, 8.1852102707818339e+00}
===================================
  al = 4.7188088468850022e+00
  au = 8.3813741482750466e+00
  bl = 7.3159985552505047e-01
  bu = 7.9999932666446529e+00
  m = 0, n = 826929
  DRIFT : 826929
  Narrowing range from: {3.4522798706313975e+00, 6.7050936751429930e+01}
                  to  : {3.4522798706313975e+00, 6.7050936745554253e+01}
===================================
  al = 8.3028587100449460e+00
  au = 9.3409126241602003e+00
  bl = 1.9999922771120258e+00
  bu = 5.1761196647004803e+00
  m = 186419, n = 0
  DRIFT : 186419
  Narrowing range from: {1.6605653298042210e+01, 4.8349681520164580e+01}
                  to  : {1.6605653298373355e+01, 4.8349681520164580e+01}
===================================
  al = 6.1342390166518195e+00
  au = 6.3437444911020417e+00
  bl = 7.9999714869292013e+00
  bu = 7.9999714869292013e+00
  m = 0, n = 108899
  DRIFT : 108899
  Narrowing range from: {4.9073737227223177e+01, 5.0749775049180528e+01}
                  to  : {4.9073737227223177e+01, 5.0749775048793644e+01}
===================================
  al = 5.7655192712895857e+00
  au = 8.3508368730274807e+00
  bl = 2.4999939451524583e-01
  bu = 6.5471929855274003e-01
  m = 140763, n = 0
  DRIFT : 140763
  Narrowing range from: {1.4413763268883779e+00, 5.4674540598369088e+00}
                  to  : {1.4413763269040056e+00, 5.4674540598369088e+00}
===================================
  al = 4.4320066598033065e+00
  au = 5.1046289574116468e+00
  bl = 1.7458930343762630e-01
  bu = 2.4999848841477132e-01
  m = 0, n = 100771
  DRIFT : 100771
  Narrowing range from: {7.7378095556598003e-01, 1.2761495232711817e+00}
                  to  : {7.7378095556598003e-01, 1.2761495232599940e+00}
===================================
  al = 7.8839192512212053e-02
  au = 2.3194006944887384e+00
  bl = 3.9999813103724673e+00
  bu = 6.2814351709409957e+00
  m = 118407, n = 0
  DRIFT : 118407
  Narrowing range from: {3.1535529657370520e-01, 1.4569165097866533e+01}
                  to  : {3.1535529657699163e-01, 1.4569165097866533e+01}
===================================
  al = 6.9438738278113687e+00
  au = 9.7103686987427977e+00
  bl = 1.9999992341974380e+00
  bu = 9.9596765796403091e+00
  m = 141489, n = 0
  DRIFT : 141489
  Narrowing range from: {1.3887742337986371e+01, 9.6712131708540994e+01}
                  to  : {1.3887742338112037e+01, 9.6712131708540994e+01}
===================================
  al = 2.5154767002933109e+00
  au = 7.3268182767882459e+00
  bl = 7.9999805086696076e+00
  bu = 8.4538823576999143e+00
  m = 279667, n = 0
  DRIFT : 279667
  Narrowing range from: {2.0123764572359029e+01, 6.1940059768213445e+01}
                  to  : {2.0123764572855816e+01, 6.1940059768213445e+01}
===================================
  al = 7.2195476073462372e-01
  au = 6.3368431719277227e+00
  bl = 7.9999967370483533e+00
  bu = 8.5584705358869844e+00
  m = 955395, n = 0
  DRIFT : 955395
  Narrowing range from: {5.7756357301735148e+00, 5.4233685577480038e+01}
                  to  : {5.7756357305977950e+00, 5.4233685577480038e+01}
===================================
  al = 3.1493724973185691e+00
  au = 4.7651237338751411e+00
  bl = 7.9999992541460783e+00
  bu = 7.9999992541460783e+00
  m = 0, n = 7114063
  DRIFT : 7114063
  Narrowing range from: {2.5194977629576723e+01, 3.8120986316914902e+01}
                  to  : {2.5194977629576723e+01, 3.8120986291640676e+01}
===================================
  al = 4.5165045114691695e+00
  au = 8.8698257861569303e+00
  bl = 7.9999806179749742e+00
  bu = 9.6668779340802544e+00
  m = 118329, n = 0
  DRIFT : 118329
  Narrowing range from: {3.6131948552749890e+01, 8.5743523171336477e+01}
                  to  : {3.6131948553170275e+01, 8.5743523171336477e+01}
===================================
  al = 3.5750042228419385e+00
  au = 5.2389424174930364e+00
  bl = 3.9999977872676107e+00
  bu = 3.9999977872676107e+00
  m = 0, n = 149073
  DRIFT : 149073
  Narrowing range from: {1.4300008980840119e+01, 2.0955758077594570e+01}
                  to  : {1.4300008980840119e+01, 2.0955758077329765e+01}
===================================
  al = 1.5665504687058895e-01
  au = 9.9524388095986982e+00
  bl = 7.9999767674868627e+00
  bu = 7.9999767674868627e+00
  m = 209469, n = 0
  DRIFT : 209469
  Narrowing range from: {1.2532367354742773e+00, 7.9619279256624196e+01}
                  to  : {1.2532367354975329e+00, 7.9619279256624196e+01}
===================================
  al = 1.1097146263602478e+00
  au = 3.7090625406985596e+00
  bl = 4.9999618723905692e-01
  bu = 6.0232331303344933e-01
  m = 108775, n = 0
  DRIFT : 108775
  Narrowing range from: {5.5485308210353856e-01, 2.2340548377618195e+00}
                  to  : {5.5485308210957673e-01, 2.2340548377618195e+00}
===================================
  al = 2.0256233615789516e+00
  au = 3.5740125697077429e+00
  bl = 3.9999891071739482e+00
  bu = 4.2668028195716721e+00
  m = 237239, n = 0
  DRIFT : 237239
  Narrowing range from: {8.1024713815528830e+00, 1.5249606909613595e+01}
                  to  : {8.1024713817635927e+00, 1.5249606909613595e+01}
===================================
  al = 2.3704844507880671e+00
  au = 2.6393164788385111e+00
  bl = 7.9999511469776072e+00
  bu = 8.2934343805209174e+00
  m = 115079, n = 0
  DRIFT : 115079
  Narrowing range from: {1.8963759800974582e+01, 2.1888998026674717e+01}
                  to  : {1.8963759801179002e+01, 2.1888998026674717e+01}
===================================
  al = 3.1264881785220022e+00
  au = 6.0046445407658471e+00
  bl = 7.9999839466688201e+00
  bu = 7.9999839466688201e+00
  m = 0, n = 167849
  DRIFT : 167849
  Narrowing range from: {2.5011855237625859e+01, 4.8037059931579343e+01}
                  to  : {2.5011855237625859e+01, 4.8037059930983027e+01}
===================================
  al = 7.4626372793580331e-01
  au = 8.5118282856098730e+00
  bl = 3.6038242563571560e-01
  bu = 9.9999863698340952e-01
  m = 0, n = 175581
  DRIFT : 175581
  Narrowing range from: {2.6894033243745652e-01, 8.5118166838467033e+00}
                  to  : {2.6894033243745652e-01, 8.5118166836907569e+00}
===================================
  al = 2.5470168820057761e+00
  au = 4.6032046363214532e+00
  bl = 6.3263291789728882e-01
  bu = 9.9999624792000030e-01
  m = 0, n = 182759
  DRIFT : 182759
  Narrowing range from: {1.6113267219969687e+00, 4.6031873647294024e+00}
                  to  : {1.6113267219969687e+00, 4.6031873646482415e+00}
===================================
  al = 1.9168689798389269e+00
  au = 9.8783470647041565e+00
  bl = 6.4132440834091247e+00
  bu = 7.9999956180113774e+00
  m = 0, n = 558747
  DRIFT : 558747
  Narrowing range from: {1.2293348643622483e+01, 7.9026733230828796e+01}
                  to  : {1.2293348643622483e+01, 7.9026733226858667e+01}
===================================
  al = 1.1021871903518781e+00
  au = 3.4635315768427826e+00
  bl = 3.9999994327173920e+00
  bu = 3.9999994327173920e+00
  m = 0, n = 1595921
  DRIFT : 1595921
  Narrowing range from: {4.4087481361558885e+00, 1.3854124342569904e+01}
                  to  : {4.4087481361558885e+00, 1.3854124341152442e+01}
===================================
  al = 5.2881157838272297e-01
  au = 5.5402292298897138e-01
  bl = 9.9999929405259447e-01
  bu = 3.5110266916220976e+00
  m = 599601, n = 0
  DRIFT : 599601
  Narrowing range from: {5.2881120506956125e-01, 1.9451892703847724e+00}
                  to  : {5.2881120510284574e-01, 1.9451892703847724e+00}
===================================
  al = 7.8202422793484407e+00
  au = 9.7146318119183110e+00
  bl = 1.0022869696230932e+00
  bu = 3.9999861485871104e+00
  m = 0, n = 213751
  DRIFT : 213751
  Narrowing range from: {7.8381269358865389e+00, 3.8858392686296945e+01}
                  to  : {7.8381269358865389e+00, 3.8858392685537552e+01}
===================================
  al = 8.8970299213225845e-01
  au = 2.8665546532633259e+00
  bl = 1.9999897989527975e+00
  bu = 1.9999897989527975e+00
  m = 0, n = 101769
  DRIFT : 101769
  Narrowing range from: {1.7793969083622980e+00, 5.7330800646673250e+00}
                  to  : {1.7793969083622980e+00, 5.7330800646221309e+00}
===================================
  al = 8.1281898022151360e+00
  au = 8.1309572490859878e+00
  bl = 4.1540313816386965e-01
  bu = 9.9999967342623219e-01
  m = 0, n = 1614405
  DRIFT : 1614405
  Narrowing range from: {3.3764755514317306e+00, 8.1309545937286423e+00}
                  to  : {3.3764755514317306e+00, 8.1309545922947635e+00}
===================================
  al = 3.8647150009885283e+00
  au = 4.7569880676092193e+00
  bl = 3.1424543235898321e-02
  bu = 9.9999711116334722e-01
  m = 0, n = 158313
  DRIFT : 158313
  Narrowing range from: {1.2144690364298882e-01, 4.7569743254477324e+00}
                  to  : {1.2144690364298882e-01, 4.7569743253774277e+00}
===================================
  al = 3.5435728764268237e+00
  au = 4.7675770126544901e+00
  bl = 3.1966475129969529e-01
  bu = 9.9999903036889604e-01
  m = 0, n = 385873
  DRIFT : 385873
  Narrowing range from: {1.1327553422553265e+00, 4.7675723898635276e+00}
                  to  : {1.1327553422553265e+00, 4.7675723896921660e+00}
===================================
  al = 1.3408235595583926e+00
  au = 6.2197899450443392e+00
  bl = 9.9999990735693234e-01
  bu = 2.4138752479129097e+00
  m = 5315243, n = 0
  DRIFT : 5315243
  Narrowing range from: {1.3408234353403850e+00, 1.5013796995560128e+01}
                  to  : {1.3408234359304954e+00, 1.5013796995560128e+01}
===================================
  al = 8.5834300770156755e+00
  au = 8.9167305245855815e+00
  bl = 7.9999717708959439e+00
  bu = 8.7178543066437211e+00
  m = 239017, n = 0
  DRIFT : 239017
  Narrowing range from: {6.8667198313584606e+01, 7.7734757604939944e+01}
                  to  : {6.8667198315282917e+01, 7.7734757604939944e+01}
===================================
  al = 8.0547943534937916e-01
  au = 4.4672224469167388e+00
  bl = 4.9999984591747504e-01
  bu = 4.9999984591747504e-01
  m = 0, n = 243983
  DRIFT : 243983
  Narrowing range from: {4.0273959356438438e-01, 2.2336105351374549e+00}
                  to  : {4.0273959356438438e-01, 2.2336105350832800e+00}
===================================
  al = 4.9880278694215745e+00
  au = 9.8169795472944124e+00
  bl = 9.3383398459076436e-02
  bu = 7.9999662931664233e+00
  m = 0, n = 142137
  DRIFT : 142137
  Narrowing range from: {4.6579899405517300e-01, 7.8535505479059466e+01}
                  to  : {4.6579899405517300e-01, 7.8535505478049529e+01}
===================================
  al = 1.0441893445050661e+00
  au = 2.4194212381103637e+00
  bl = 3.1727164926893630e+00
  bu = 3.9999800796396316e+00
  m = 0, n = 103041
  DRIFT : 103041
  Narrowing range from: {3.3129167548017180e+00, 9.6776367566985080e+00}
                  to  : {3.3129167548017180e+00, 9.6776367566069901e+00}
===================================
  al = 2.6288784072888367e+00
  au = 2.7936622079104785e+00
  bl = 5.2901376283861286e+00
  bu = 7.9999766339344349e+00
  m = 0, n = 131907
  DRIFT : 131907
  Narrowing range from: {1.3907128582850468e+01, 2.2349232386389509e+01}
                  to  : {1.3907128582850468e+01, 2.2349232386155197e+01}
===================================
  al = 7.8980991815584789e-01
  au = 8.0946449175470718e+00
  bl = 3.5499215252351419e+00
  bu = 3.9999701498408085e+00
  m = 0, n = 115359
  DRIFT : 115359
  Narrowing range from: {2.8037632293056500e+00, 3.2378338043748897e+01}
                  to  : {2.8037632293056500e+00, 3.2378338043339063e+01}
===================================
  al = 5.9391755755253473e-01
  au = 8.2268008204581466e+00
  bl = 2.3925053083298936e-01
  bu = 2.4999977933603157e-01
  m = 17, n = 103437
  DRIFT : 103437
  Narrowing range from: {1.4209509091547645e-01, 2.0566983897560198e+00}
                  to  : {1.4209509091547667e-01, 2.0566983897330524e+00}
===================================
  al = 2.6385648436900095e+00
  au = 5.4231348088778280e+00
  bl = 9.9999893092244052e-01
  bu = 7.8428930787802065e+00
  m = 476107, n = 0
  DRIFT : 476107
  Narrowing range from: {2.6385620228595461e+00, 4.2533066457839936e+01}
                  to  : {2.6385620229652629e+00, 4.2533066457839936e+01}
===================================
  al = 1.2956868952626259e+00
  au = 3.0536420060813594e+00
  bl = 1.9457248663525468e+00
  bu = 1.9999993583685387e+00
  m = 17, n = 394317
  DRIFT : 394317
  Narrowing range from: {2.5210502111196194e+00, 6.1072820528499356e+00}
                  to  : {2.5210502111196229e+00, 6.1072820526748242e+00}
===================================
  al = 1.1539836519455318e+00
  au = 4.2089865689169228e+00
  bl = 2.4999935939319312e-01
  bu = 7.1465314260479063e-01
  m = 291835, n = 0
  DRIFT : 291835
  Narrowing range from: {2.8849517373660050e-01, 3.0079654786578343e+00}
                  to  : {2.8849517374470052e-01, 3.0079654786578343e+00}
===================================
  al = 4.7360688724867561e+00
  au = 6.2883261643642125e+00
  bl = 9.9999809065750278e-01
  bu = 1.3838296739563682e+00
  m = 311743, n = 0
  DRIFT : 311743
  Narrowing range from: {4.7360598297091885e+00, 8.7019723457634282e+00}
                  to  : {4.7360598298476297e+00, 8.7019723457634282e+00}
===================================
  al = 4.0932113508533297e+00
  au = 6.7743932057888259e+00
  bl = 3.9999822225113464e+00
  bu = 3.9999822225113464e+00
  m = 143939, n = 0
  DRIFT : 143939
  Narrowing range from: {1.6372772636394973e+01, 2.7097452391456951e+01}
                  to  : {1.6372772636650659e+01, 2.7097452391456951e+01}
===================================
  al = 2.8522346636738710e-01
  au = 4.7295779461841274e+00
  bl = 6.5616553560293089e-01
  bu = 1.9999977771511608e+00
  m = 0, n = 734653
  DRIFT : 734653
  Narrowing range from: {1.8715380857548111e-01, 9.4591453792314066e+00}
                  to  : {1.8715380857548111e-01, 9.4591453785789046e+00}
===================================
  al = 2.0331047236964248e+00
  au = 2.1151668547494213e+00
  bl = 1.2499949349963578e-01
  bu = 8.0040505590942335e+00
  m = 236181, n = 0
  DRIFT : 236181
  Narrowing range from: {2.5413706069377007e-01, 1.6929902446334697e+01}
                  to  : {2.5413706070032538e-01, 1.6929902446334697e+01}
===================================
  al = 5.5999143137885421e-01
  au = 7.0530415887741937e-01
  bl = 3.9999953803984485e+00
  bu = 3.9999953803984485e+00
  m = 0, n = 116397
  DRIFT : 116397
  Narrowing range from: {2.2399631385781316e+00, 2.8212133772854906e+00}
                  to  : {2.2399631385781316e+00, 2.8212133772596455e+00}
===================================
  al = 5.3507532604412642e+00
  au = 9.9903210095979329e+00
  bl = 7.9999698391897356e+00
  bu = 8.4351552213609633e+00
  m = 168139, n = 0
  DRIFT : 168139
  Narrowing range from: {4.2805864700476256e+01, 8.4269908427182131e+01}
                  to  : {4.2805864701073602e+01, 8.4269908427182131e+01}
===================================
  al = 8.8273274016162731e+00
  au = 9.6812148090018990e+00
  bl = 1.9999977871732337e+00
  bu = 3.7254382944716058e+00
  m = 152311, n = 7
  DRIFT : 152311
  Narrowing range from: {1.7654635269886199e+01, 3.6066768386461284e+01}
                  to  : {1.7654635270156756e+01, 3.6066768386461263e+01}
===================================
  al = 3.3362208737435944e-01
  au = 1.8452388429211608e+00
  bl = 7.9999847675635625e+00
  bu = 7.9999847675635625e+00
  m = 283827, n = 0
  DRIFT : 283827
  Narrowing range from: {2.6689716171176356e+00, 1.4761882635885900e+01}
                  to  : {2.6689716171806577e+00, 1.4761882635885900e+01}
===================================
  al = 7.3656941550017132e+00
  au = 9.6038490030757249e+00
  bl = 6.9484495960650854e+00
  bu = 7.9999990249867272e+00
  m = 0, n = 6067817
  DRIFT : 6067817
  Narrowing range from: {5.1180154576060616e+01, 7.6830782660725546e+01}
                  to  : {5.1180154576060616e+01, 7.6830782617611121e+01}
===================================
  al = 3.4112948461562622e+00
  au = 9.6680517892838473e+00
  bl = 2.7121568629795849e+00
  bu = 3.9999840223922134e+00
  m = 0, n = 147635
  DRIFT : 147635
  Narrowing range from: {9.2519667286495935e+00, 3.8672052684795837e+01}
                  to  : {9.2519667286495935e+00, 3.8672052684271335e+01}
===================================
  al = 2.3374639183195014e+00
  au = 9.7653060793868267e+00
  bl = 1.6841603217254917e+00
  bu = 1.9999993728502008e+00
  m = 0, n = 374799
  DRIFT : 374799
  Narrowing range from: {3.9366639846986997e+00, 1.9530606034463904e+01}
                  to  : {3.9366639846986997e+00, 1.9530606033798129e+01}
===================================
  al = 4.4024140213560212e+00
  au = 8.9641546127475920e+00
  bl = 6.3490885045701058e+00
  bu = 7.9999705584150895e+00
  m = 0, n = 146877
  DRIFT : 146877
  Narrowing range from: {2.7951316255349766e+01, 7.1712972983061547e+01}
                  to  : {2.7951316255349766e+01, 7.1712972982017931e+01}
===================================
  al = 8.7188418719352292e+00
  au = 9.6766282231400762e+00
  bl = 7.9999983587098003e+00
  bu = 7.9999983587098003e+00
  m = 1046999, n = 0
  DRIFT : 1046999
  Narrowing range from: {6.9750720665332125e+01, 7.7413009902965541e+01}
                  to  : {6.9750720672771493e+01, 7.7413009902965541e+01}
===================================
  al = 5.8615235535431143e-01
  au = 2.3193550450652576e+00
  bl = 7.9999875287626807e+00
  bu = 7.9999875287626807e+00
  m = 104027, n = 0
  DRIFT : 104027
  Narrowing range from: {4.6892115327893631e+00, 1.8554811435294866e+01}
                  to  : {4.6892115328355599e+00, 1.8554811435294866e+01}
===================================
  al = 2.7749675663540110e+00
  au = 9.3434073414662286e+00
  bl = 2.4996284833205129e+00
  bu = 3.9999863889555449e+00
  m = 0, n = 170749
  DRIFT : 170749
  Narrowing range from: {6.9363879691490915e+00, 3.7373502192332225e+01}
                  to  : {6.9363879691490915e+00, 3.7373502191725606e+01}
===================================
  al = 1.1357957417547973e+00
  au = 2.1655558838324884e+00
  bl = 1.2499975337440571e-01
  bu = 2.9371054307308260e+00
  m = 274599, n = 0
  DRIFT : 274599
  Narrowing range from: {1.4197418760304986e-01, 6.3604659469554958e+00}
                  to  : {1.4197418760686067e-01, 6.3604659469554958e+00}
===================================
  al = 1.0403580533281556e+00
  au = 3.1080087120571562e+00
  bl = 1.5624996327058601e-02
  bu = 1.4471173978296443e+00
  m = 1440311, n = 1
  DRIFT : 1440311
  Narrowing range from: {1.6255590762078269e-02, 4.4976534798240158e+00}
                  to  : {1.6255590764576808e-02, 4.4976534798240158e+00}
===================================
  al = 2.5044372300852320e+00
  au = 9.3492174581294449e+00
  bl = 4.9802536081997961e-01
  bu = 3.9999963427229339e+00
  m = 97, n = 810201
  DRIFT : 810201
  Narrowing range from: {1.2472732551641881e+00, 3.7396835639839182e+01}
                  to  : {1.2472732551641987e+00, 3.7396835636960773e+01}
===================================
  al = 7.0496293124889027e+00
  au = 8.9549836798155109e+00
  bl = 1.9999896638428956e+00
  bu = 1.9999896638428956e+00
  m = 0, n = 158903
  DRIFT : 158903
  Narrowing range from: {1.4099185758901703e+01, 1.7909874799512838e+01}
                  to  : {1.4099185758901703e+01, 1.7909874799230572e+01}
===================================
  al = 4.4422160863041835e+00
  au = 4.7049794368212421e+00
  bl = 3.1249968078871388e-02
  bu = 3.9612656541700160e-02
  m = 202489, n = 0
  DRIFT : 202489
  Narrowing range from: {1.3881911089645474e-01, 1.8637673446656172e-01}
                  to  : {1.3881911089926482e-01, 1.8637673446656172e-01}
===================================
  al = 1.6967000397392407e-02
  au = 8.5146831269380456e+00
  bl = 6.2499976502456318e-02
  bu = 1.2061137594069613e+00
  m = 365411, n = 0
  DRIFT : 365411
  Narrowing range from: {1.0604371261541926e-03, 1.0269676476390266e+01}
                  to  : {1.0604371261938104e-03, 1.0269676476390266e+01}
===================================
  al = 1.3600609210098638e+00
  au = 2.0497766655352585e+00
  bl = 1.1731629494634335e-01
  bu = 7.9999999703123272e+00
  m = 0, n = 180938037
  DRIFT : 180938037
  Narrowing range from: {1.5955730815418856e-01, 1.6398213263428968e+01}
                  to  : {1.5955730815418856e-01, 1.6398212942018450e+01}
===================================
  al = 7.5461217565829379e+00
  au = 8.8977419606382018e+00
  bl = 5.0382363639583483e+00
  bu = 7.9999647571580335e+00
  m = 0, n = 158409
  DRIFT : 158409
  Narrowing range from: {3.8019145040873404e+01, 7.1181622103391831e+01}
                  to  : {3.8019145040873404e+01, 7.1181622102266275e+01}
===================================
  al = 2.6049036272154651e+00
  au = 3.4730918895363372e+00
  bl = 3.9999991254439693e+00
  bu = 6.3255677485143238e+00
  m = 701531, n = 0
  DRIFT : 701531
  Narrowing range from: {1.0419612230727685e+01, 2.1969278044077726e+01}
                  to  : {1.0419612231350769e+01, 2.1969278044077726e+01}
===================================
  al = 2.6305197662315685e+00
  au = 6.3532679669918979e+00
  bl = 6.2499834238522026e-02
  bu = 1.8017682587792999e-01
  m = 241513, n = 0
  DRIFT : 241513
  Narrowing range from: {1.6440704935062875e-01, 1.1447116562445294e+00}
                  to  : {1.6440704935398040e-01, 1.1447116562445294e+00}
===================================
  al = 1.0982021877202901e+00
  au = 9.0040691152828529e+00
  bl = 3.9999949725191342e+00
  bu = 3.9999949725191342e+00
  m = 548647, n = 26085
  DRIFT : 548647
  Narrowing range from: {4.3928032296906752e+00, 3.6016231193346215e+01}
                  to  : {4.3928032299343229e+00, 3.6016231193253546e+01}
===================================
  al = 8.5341464611764835e+00
  au = 9.0203571562534730e+00
  bl = 1.7909347886980711e+00
  bu = 1.9999997533156544e+00
  m = 0, n = 6110537
  DRIFT : 6110537
  Narrowing range from: {1.5284099789165497e+01, 1.8040712087326042e+01}
                  to  : {1.5284099789165497e+01, 1.8040712076471550e+01}
===================================
  al = 1.3929676233350645e+00
  au = 2.3016215145566212e+00
  bl = 4.7721602524124211e+00
  bu = 7.9999996555696065e+00
  m = 0, n = 12834451
  DRIFT : 12834451
  Narrowing range from: {6.6474647249769916e+00, 1.8412971323704564e+01}
                  to  : {6.6474647249769916e+00, 1.8412971300906001e+01}
===================================
  al = 2.9369718985823412e+00
  au = 5.0457795551818787e+00
  bl = 3.5571819366660153e+00
  bu = 3.9999729708240261e+00
  m = 0, n = 103429
  DRIFT : 103429
  Narrowing range from: {1.0447343386132797e+01, 2.0182981837463991e+01}
                  to  : {1.0447343386132797e+01, 2.0182981837280266e+01}
===================================
  al = 1.6264395932747142e+00
  au = 2.1907180625538625e+00
  bl = 2.7781542764598108e+00
  bu = 7.9999557679678635e+00
  m = 0, n = 149983
  DRIFT : 149983
  Narrowing range from: {4.5185001114597023e+00, 1.7525647600519154e+01}
                  to  : {4.5185001114597023e+00, 1.7525647600252732e+01}
===================================
  al = 3.4693842088614835e-01
  au = 4.1590024348996452e-01
  bl = 3.4773962504650208e-01
  bu = 4.9999862839472942e-01
  m = 0, n = 111821
  DRIFT : 111821
  Narrowing range from: {1.2064423639317474e-01, 2.0794955129401624e-01}
                  to  : {1.2064423639317474e-01, 2.0794955129246442e-01}
===================================
  al = 1.0194758536433189e-02
  au = 4.4147893235485271e-02
  bl = 7.9999989931313431e+00
  bu = 7.9999989931313431e+00
  m = 4229981, n = 1019561
  DRIFT : 4229981
  Narrowing range from: {8.1558058026682687e-02, 3.5318310143275217e-01}
                  to  : {8.1558058056034069e-02, 3.5318310140445369e-01}
===================================
  al = 1.1089844633711048e+00
  au = 5.0910501362826599e+00
  bl = 1.7361466110559376e+00
  bu = 1.9999947814167522e+00
  m = 0, n = 169957
  DRIFT : 169957
  Narrowing range from: {1.9253596177954311e+00, 1.0182073704496364e+01}
                  to  : {1.9253596177954311e+00, 1.0182073704345413e+01}
===================================
  al = 4.1911435040567131e+00
  au = 5.0184009941590766e+00
  bl = 3.7444295269419912e+00
  bu = 7.9999678596989536e+00
  m = 0, n = 176865
  DRIFT : 176865
  Narrowing range from: {1.5693441488241078e+01, 4.0147046660353887e+01}
                  to  : {1.5693441488241078e+01, 4.0147046659725540e+01}
===================================
  al = 4.0467774152280791e+00
  au = 7.8750967250664408e+00
  bl = 1.2499990908315332e-01
  bu = 4.1479967545507170e+00
  m = 181843, n = 0
  DRIFT : 181843
  Narrowing range from: {5.0584680898326817e-01, 3.2665875657348579e+01}
                  to  : {5.0584680899336243e-01, 3.2665875657348579e+01}
===================================
  al = 4.3851941500682541e+00
  au = 4.8635378010871442e+00
  bl = 1.2499969718811338e-01
  bu = 1.4051639107780189e+00
  m = 108409, n = 0
  DRIFT : 108409
  Narrowing range from: {5.4814794086961804e-01, 6.8340677967923380e+00}
                  to  : {5.4814794087563590e-01, 6.8340677967923380e+00}
===================================
  al = 6.8840868709202707e-01
  au = 7.9986619316196328e-01
  bl = 2.4999906296663080e-01
  bu = 3.6779468572604808e+00
  m = 109781, n = 0
  DRIFT : 109781
  Narrowing range from: {1.7210152671109533e-01, 2.9418653513689477e+00}
                  to  : {1.7210152671261883e-01, 2.9418653513689477e+00}
===================================
  al = 3.5396514965702036e-01
  au = 2.8803380503703861e+00
  bl = 3.9999926548566820e+00
  bu = 6.4484429804129544e+00
  m = 194743, n = 0
  DRIFT : 194743
  Narrowing range from: {1.4158579987033277e+00, 1.8573695682127251e+01}
                  to  : {1.4158579987249484e+00, 1.8573695682127251e+01}
===================================
  al = 4.4935421031791595e-01
  au = 5.4001297393926784e-01
  bl = 9.8551396500564681e-01
  bu = 9.9999332616675241e-01
  m = 0, n = 122609
  DRIFT : 122609
  Narrowing range from: {4.4284484950239067e-01, 5.4000936998272819e-01}
                  to  : {4.4284484950239067e-01, 5.4000936997592208e-01}
===================================
  al = 2.6248315339898194e+00
  au = 5.0396221859198125e+00
  bl = 3.9999868098937190e+00
  bu = 5.2324293544992688e+00
  m = 163547, n = 0
  DRIFT : 163547
  Narrowing range from: {1.0499291514152375e+01, 2.6369467061192598e+01}
                  to  : {1.0499291514297633e+01, 2.6369467061192598e+01}
===================================
  al = 7.7702615336871117e-01
  au = 2.9566990893919867e+00
  bl = 1.1937958066538183e+00
  bu = 7.9999637738207561e+00
  m = 0, n = 111147
  DRIFT : 111147
  Narrowing range from: {9.2761056355191407e-01, 2.3653485605224709e+01}
                  to  : {9.2761056355191407e-01, 2.3653485605027274e+01}
===================================
  al = 5.8738300628765208e+00
  au = 6.4958782733753342e+00
  bl = 9.9999818113449235e-01
  bu = 3.8071054005095379e+00
  m = 126725, n = 1
  DRIFT : 126725
  Narrowing range from: {5.8738193791696220e+00, 2.4730493255619805e+01}
                  to  : {5.8738193792258988e+00, 2.4730493255619805e+01}
===================================
  al = 1.0132278086085502e+00
  au = 1.7030700800971190e+00
  bl = 3.9999912511268070e+00
  bu = 6.8724304718413221e+00
  m = 269339, n = 0
  DRIFT : 269339
  Narrowing range from: {4.0529023698325881e+00, 1.1704230714140682e+01}
                  to  : {4.0529023699521982e+00, 1.1704230714140682e+01}
===================================
  al = 3.4867823476184494e+00
  au = 9.4658683145201188e+00
  bl = 3.2783029268195957e-02
  bu = 7.9999387366162411e+00
  m = 0, n = 100251
  DRIFT : 100251
  Narrowing range from: {1.1430728775380464e-01, 7.5726366605037782e+01}
                  to  : {1.1430728775380464e-01, 7.5726366604325463e+01}
===================================
  al = 2.7190130327584515e-03
  au = 5.7369397023472955e-02
  bl = 3.9999942027345230e+00
  bu = 6.3909937292122780e+00
  m = 148825, n = 0
  DRIFT : 148825
  Narrowing range from: {1.0876036368193421e-02, 3.6664745662570519e-01}
                  to  : {1.0876036368322505e-02, 3.6664745662570519e-01}
===================================
  al = 5.2340252090143329e+00
  au = 8.8403430363731843e+00
  bl = 4.4952728533577491e-01
  bu = 3.9999881603581695e+00
  m = 0, n = 297651
  DRIFT : 297651
  Narrowing range from: {2.3528371435872248e+00, 3.5361267478997526e+01}
                  to  : {2.3528371435872248e+00, 3.5361267477940061e+01}
===================================
  al = 5.3453664447285822e+00
  au = 8.5438121889169949e+00
  bl = 9.0430002628787243e-01
  bu = 1.9999892562969970e+00
  m = 0, n = 156333
  DRIFT : 156333
  Narrowing range from: {4.8338150164863682e+00, 1.7087532585653317e+01}
                  to  : {4.8338150164863682e+00, 1.7087532585375616e+01}
===================================
  al = 1.2417236017760702e+00
  au = 9.1420563197918661e+00
  bl = 1.7420430793519674e+00
  bu = 7.9999642166253482e+00
  m = 1, n = 134573
  DRIFT : 134573
  Narrowing range from: {2.1631360069420018e+00, 7.3136123424708543e+01}
                  to  : {2.1631360069420018e+00, 7.3136123423752352e+01}
===================================
  al = 3.0134627891973620e-01
  au = 1.2596743664738739e+00
  bl = 3.9999988505664912e+00
  bu = 4.1691499586324614e+00
  m = 2537545, n = 0
  DRIFT : 2537545
  Narrowing range from: {1.2053847693014341e+00, 5.2517713328749238e+00}
                  to  : {1.2053847695831581e+00, 5.2517713328749238e+00}
===================================
  al = 1.4386714872574595e+00
  au = 1.5042242391564442e+00
  bl = 9.9999851256518069e-01
  bu = 2.7365218102001072e+00
  m = 212707, n = 0
  DRIFT : 212707
  Narrowing range from: {1.4386693473273959e+00, 4.1163424378832714e+00}
                  to  : {1.4386693473510110e+00, 4.1163424378832714e+00}
===================================
  al = 2.0653429880831733e+00
  au = 2.0784353725217510e+00
  bl = 9.9999507921392361e-01
  bu = 1.8616554138214383e+00
  m = 123725, n = 0
  DRIFT : 123725
  Narrowing range from: {2.0653328249721548e+00, 3.8693304635330956e+00}
                  to  : {2.0653328249996270e+00, 3.8693304635330956e+00}
===================================
  al = 1.4438490053083008e+00
  au = 1.6959974190078837e+00
  bl = 3.9999993665092326e+00
  bu = 6.2930916599507194e+00
  m = 1963761, n = 0
  DRIFT : 1963761
  Narrowing range from: {5.7753951065681894e+00, 1.0673067212856459e+01}
                  to  : {5.7753951074402741e+00, 1.0673067212856459e+01}
===================================
  al = 1.2594554431858147e+00
  au = 4.4169653592646112e+00
  bl = 3.9999814903897035e+00
  bu = 3.9999814903897035e+00
  m = 0, n = 119467
  DRIFT : 119467
  Narrowing range from: {5.0377984607138195e+00, 1.7667779680750950e+01}
                  to  : {5.0377984607138195e+00, 1.7667779680538736e+01}
===================================
  al = 3.4113144493634984e+00
  au = 5.4651889858439917e+00
  bl = 4.9999979472152462e-01
  bu = 1.6140031430276567e+00
  m = 313519, n = 1
  DRIFT : 313519
  Narrowing range from: {1.7056565244123201e+00, 8.8208322003923332e+00}
                  to  : {1.7056565244471276e+00, 8.8208322003923332e+00}
===================================
  al = 7.0019592106319486e+00
  au = 8.8720552369225913e+00
  bl = 2.6540720092315651e+00
  bu = 3.9999995067630345e+00
  m = 0, n = 517891
  DRIFT : 517891
  Narrowing range from: {1.8583703950719400e+01, 3.5488216571664758e+01}
                  to  : {1.8583703950719400e+01, 3.5488216569824843e+01}
===================================
  al = 4.9893863408981378e+00
  au = 8.6595044367059959e+00
  bl = 7.9999861112209834e+00
  bu = 7.9999861112209834e+00
  m = 2001, n = 235095
  DRIFT : 235095
  Narrowing range from: {3.9915021430700790e+01, 6.9275915223704445e+01}
                  to  : {3.9915021430707895e+01, 6.9275915222034001e+01}
===================================
  al = 8.7783647216534764e+00
  au = 9.8324461891530994e+00
  bl = 3.9999905836802139e+00
  bu = 7.6383163723598724e+00
  m = 220455, n = 0
  DRIFT : 220455
  Narrowing range from: {3.5113376226724490e+01, 7.5103334706955550e+01}
                  to  : {3.5113376227507700e+01, 7.5103334706955550e+01}
===================================
  al = 1.4853410290028055e+00
  au = 5.1737861591726952e+00
  bl = 6.6313644420338602e-01
  bu = 1.9999930969813420e+00
  m = 0, n = 136453
  DRIFT : 136453
  Narrowing range from: {9.8498376840231894e-01, 1.0347536603603000e+01}
                  to  : {9.8498376840231894e-01, 1.0347536603481807e+01}
===================================
  al = 5.7569736882431952e+00
  au = 9.1737974454818900e+00
  bl = 5.0869798980733592e+00
  bu = 7.9999366829418630e+00
  m = 0, n = 103215
  DRIFT : 103215
  Narrowing range from: {2.9285609425830380e+01, 7.3389798705988923e+01}
                  to  : {2.9285609425830380e+01, 7.3389798705255544e+01}
===================================
  al = 1.9241213622365645e+00
  au = 3.1627737813015324e+00
  bl = 6.0533891476504040e+00
  bu = 7.9999757038168262e+00
  m = 0, n = 105131
  DRIFT : 105131
  Narrowing range from: {1.1647455372925132e+01, 2.5302113407081130e+01}
                  to  : {1.1647455372925132e+01, 2.5302113406894382e+01}
===================================
  al = 5.7925951953156769e+00
  au = 6.1860088379922793e+00
  bl = 4.9999827548362225e-01
  bu = 6.4252304180406909e+00
  m = 144225, n = 1
  DRIFT : 144225
  Narrowing range from: {2.8962876082325546e+00, 3.9746532152136538e+01}
                  to  : {2.8962876082645788e+00, 3.9746532152136538e+01}
===================================
  al = 2.3838083603334024e+00
  au = 5.7093642473838324e+00
  bl = 3.9999969931311012e+00
  bu = 9.8602432066523367e+00
  m = 189703, n = 0
  DRIFT : 189703
  Narrowing range from: {9.5352262735343913e+00, 5.6295720034570166e+01}
                  to  : {9.5352262737028806e+00, 5.6295720034570166e+01}
===================================
  al = 1.3558605281640687e-01
  au = 7.1411625681914517e+00
  bl = 1.9999956218079733e+00
  bu = 1.9999956218079733e+00
  m = 240743, n = 9087
  DRIFT : 240743
  Narrowing range from: {2.7117151201103840e-01, 1.4282293871001885e+01}
                  to  : {2.7117151201772033e-01, 1.4282293870993815e+01}
===================================
  al = 1.2960419568650061e+00
  au = 6.5764639074225499e+00
  bl = 7.9999860927054653e+00
  bu = 7.9999860927054653e+00
  m = 371139, n = 0
  DRIFT : 371139
  Narrowing range from: {1.0368317630482826e+01, 5.2611619798559843e+01}
                  to  : {1.0368317630812463e+01, 5.2611619798559843e+01}
===================================
  al = 2.3509711362993966e+00
  au = 7.2646658794613694e+00
  bl = 3.9999905483246723e+00
  bu = 4.7893049183198473e+00
  m = 132401, n = 0
  DRIFT : 132401
  Narrowing range from: {9.4038623245817021e+00, 3.4792700026454717e+01}
                  to  : {9.4038623246992969e+00, 3.4792700026454717e+01}
===================================
  al = 4.2291815127249262e+00
  au = 9.9524710888807615e+00
  bl = 1.9999924893656007e+00
  bu = 6.8359763135362837e+00
  m = 219821, n = 0
  DRIFT : 219821
  Narrowing range from: {8.4583312616137025e+00, 6.8034856624743554e+01}
                  to  : {8.4583312618089419e+00, 6.8034856624743554e+01}
===================================
  al = 2.9538175435530700e+00
  au = 5.4739058285010911e+00
  bl = 6.4930500641431390e+00
  bu = 7.9999693165390582e+00
  m = 3, n = 118129
  DRIFT : 118129
  Narrowing range from: {1.9179285190634392e+01, 4.3791078669633038e+01}
                  to  : {1.9179285190634396e+01, 4.3791078669213363e+01}
===================================
  al = 3.7753627735886960e-02
  au = 4.9048718020266324e-01
  bl = 3.9999709322683819e+00
  bu = 7.4058790373593784e+00
  m = 101725, n = 0
  DRIFT : 101725
  Narrowing range from: {1.5101341353122921e-01, 3.6324887259564158e+00}
                  to  : {1.5101341353264092e-01, 3.6324887259564158e+00}
===================================
  al = 1.0076703644442779e+00
  au = 1.9382341402644059e+00
  bl = 3.9999886186946330e+00
  bu = 6.2969778303730113e+00
  m = 335749, n = 0
  DRIFT : 335749
  Narrowing range from: {4.0306699891729849e+00, 1.2205017411317057e+01}
                  to  : {4.0306699893220870e+00, 1.2205017411317057e+01}
===================================
  al = 7.0005998655417425e+00
  au = 8.2252989149082865e+00
  bl = 6.9871578562897252e+00
  bu = 7.9999536786792538e+00
  m = 0, n = 141465
  DRIFT : 141465
  Narrowing range from: {4.8914296349260781e+01, 6.5802010312557016e+01}
                  to  : {4.8914296349260781e+01, 6.5802010311551854e+01}
===================================
  al = 8.7346014608576397e+00
  au = 8.9475426401538769e+00
  bl = 3.9999972213172681e+00
  bu = 8.3005719284730635e+00
  m = 947431, n = 0
  DRIFT : 947431
  Narrowing range from: {3.4938381572744312e+01, 7.4269721267677028e+01}
                  to  : {3.4938381576110260e+01, 7.4269721267677028e+01}
===================================
  al = 2.6105004157646694e+00
  au = 3.2019937521733692e+00
  bl = 4.9999913813383157e-01
  bu = 2.8658497590127894e+00
  m = 296517, n = 0
  DRIFT : 296517
  Narrowing range from: {1.3052479579803438e+00, 9.1764330230265081e+00}
                  to  : {1.3052479580132637e+00, 9.1764330230265081e+00}
===================================
  al = 2.3858238371214715e+00
  au = 4.0320526679596860e+00
  bl = 7.9999780266572333e+00
  bu = 7.9999780266572333e+00
  m = 165259, n = 211943
  DRIFT : 211943
  Narrowing range from: {1.9086538272446820e+01, 3.2256332746002158e+01}
                  to  : {1.9086538272740377e+01, 3.2256332745249189e+01}
===================================
  al = 2.5736071622959176e+00
  au = 4.1253006479107448e+00
  bl = 1.2499947348402793e-01
  bu = 3.6741716798535112e-01
  m = 125855, n = 0
  DRIFT : 125855
  Narrowing range from: {3.2169954024171293e-01, 1.5157062811435000e+00}
                  to  : {3.2169954024520608e-01, 1.5157062811435000e+00}
===================================
  al = 1.0263519682716791e+00
  au = 2.8702052392140001e+00
  bl = 2.0144019927936916e+00
  bu = 7.9999844050335458e+00
  m = 0, n = 191117
  DRIFT : 191117
  Narrowing range from: {2.0674854501941979e+00, 2.2961597152957577e+01}
                  to  : {2.0674854501941979e+00, 2.2961597152618086e+01}
===================================
  al = 6.1372819868312534e-01
  au = 8.7074201535991447e-01
  bl = 9.9999485138687505e-01
  bu = 9.9999485138687505e-01
  m = 135157, n = 0
  DRIFT : 135157
  Narrowing range from: {6.1372503883406648e-01, 8.7073753224614570e-01}
                  to  : {6.1372503884156915e-01, 8.7073753224614570e-01}
===================================
  al = 4.4028261509227056e+00
  au = 4.9270569470146182e+00
  bl = 1.9999932035961452e+00
  bu = 4.6561648068840569e+00
  m = 187961, n = 0
  DRIFT : 187961
  Narrowing range from: {8.8056223784607877e+00, 2.2941189158203070e+01}
                  to  : {8.8056223786277297e+00, 2.2941189158203070e+01}
===================================
  al = 1.3362418996083207e+00
  au = 8.3730318708395330e+00
  bl = 1.9999912633524524e+00
  bu = 5.1134617959412312e+00
  m = 132869, n = 0
  DRIFT : 132869
  Narrowing range from: {2.6724721249421264e+00, 4.2815178587736284e+01}
                  to  : {2.6724721249716290e+00, 4.2815178587736284e+01}
===================================
  al = 3.8514590910670243e-01
  au = 3.1108796926254896e+00
  bl = 7.8340995567740661e+00
  bu = 7.9999996755480662e+00
  m = 1, n = 9052655
  DRIFT : 9052655
  Narrowing range from: {3.0172713958261625e+00, 2.4887036531672983e+01}
                  to  : {3.0172713958261625e+00, 2.4887036515592239e+01}
===================================
  al = 1.1448419354942585e+00
  au = 9.8349221622206464e+00
  bl = 1.9999892035141782e+00
  bu = 4.2539738432711802e+00
  m = 136755, n = 0
  DRIFT : 136755
  Narrowing range from: {2.2896715107187924e+00, 4.1837501628694667e+01}
                  to  : {2.2896715107491579e+00, 4.1837501628694667e+01}
===================================
  al = 6.2892056317958644e+00
  au = 9.1367608223326062e+00
  bl = 1.4440160749560740e-01
  bu = 1.9999895192349817e+00
  m = 0, n = 116305
  DRIFT : 116305
  Narrowing range from: {9.0817140310174993e-01, 1.8273425884422004e+01}
                  to  : {9.0817140310174993e-01, 1.8273425884215406e+01}
===================================
  al = 1.3507072019007493e+00
  au = 5.4888793820929616e+00
  bl = 7.4363368368020248e+00
  bu = 7.9999905505625124e+00
  m = 9, n = 130485
  DRIFT : 130485
  Narrowing range from: {1.0044313721228333e+01, 4.3910983189921090e+01}
                  to  : {1.0044313721228340e+01, 4.3910983189457518e+01}
===================================
  al = 1.9338561492593933e+00
  au = 9.0361781997530617e+00
  bl = 2.2285095217992307e-01
  bu = 2.4999934106736887e-01
  m = 0, n = 199579
  DRIFT : 199579
  Narrowing range from: {4.3096168424145520e-01, 2.2590385957055887e+00}
                  to  : {4.3096168424145520e-01, 2.2590385956612735e+00}
===================================
  al = 1.5699651555384539e+00
  au = 7.3763613676039865e+00
  bl = 4.5741289805681273e-01
  bu = 4.9999974922128809e-01
  m = 0, n = 247653
  DRIFT : 247653
  Narrowing range from: {7.1812231164305895e-01, 3.6881788339675907e+00}
                  to  : {7.1812231164305895e-01, 3.6881788339126009e+00}
===================================
  al = 2.7637073759777584e+00
  au = 3.5212668605085944e+00
  bl = 9.9999639545323249e-01
  bu = 1.6391147468828229e+00
  m = 149183, n = 0
  DRIFT : 149183
  Narrowing range from: {2.7636974140652701e+00, 5.7717604387694168e+00}
                  to  : {2.7636974140983952e+00, 5.7717604387694168e+00}
===================================
  al = 6.3448740977285412e-01
  au = 6.4141336196167078e+00
  bl = 1.9999991712918546e+00
  bu = 2.1284219893726415e+00
  m = 335285, n = 0
  DRIFT : 335285
  Narrowing range from: {1.2689742937408237e+00, 1.3651983038766536e+01}
                  to  : {1.2689742937780477e+00, 1.3651983038766536e+01}
===================================
  al = 7.0154394030178766e+00
  au = 7.0858978398868366e+00
  bl = 3.5395150761053480e+00
  bu = 3.9999936312144029e+00
  m = 0, n = 119453
  DRIFT : 119453
  Narrowing range from: {2.4831253532485277e+01, 2.8343546230983240e+01}
                  to  : {2.4831253532485277e+01, 2.8343546230771050e+01}
===================================
  al = 2.7757266549005832e+00
  au = 5.2822222190245007e+00
  bl = 3.9999865721750787e+00
  bu = 3.9999865721750787e+00
  m = 0, n = 200835
  DRIFT : 200835
  Narrowing range from: {1.1102869347630781e+01, 2.1128817947342849e+01}
                  to  : {1.1102869347630781e+01, 2.1128817946986096e+01}
===================================
  al = 1.2102526934929267e+00
  au = 5.1190060336940668e+00
  bl = 7.9999847363605268e+00
  bu = 8.1826291587152475e+00
  m = 238015, n = 0
  DRIFT : 238015
  Narrowing range from: {9.6820030750826298e+00, 4.1886928034944361e+01}
                  to  : {9.6820030752940287e+00, 4.1886928034944361e+01}
===================================
  al = 1.8386822484842882e-01
  au = 7.3689279698760890e-01
  bl = 1.9999962482852160e+00
  bu = 5.8239118073673950e+00
  m = 124739, n = 0
  DRIFT : 124739
  Narrowing range from: {3.6773575987572021e-01, 4.2915986611401200e+00}
                  to  : {3.6773575987918239e-01, 4.2915986611401200e+00}
===================================
  al = 4.7722384419222958e+00
  au = 8.5264075385503784e+00
  bl = 2.2643361457656885e+00
  bu = 7.9999865775106551e+00
  m = 0, n = 264497
  DRIFT : 264497
  Narrowing range from: {1.0805952000257186e+01, 6.8211145862788683e+01}
                  to  : {1.0805952000257186e+01, 6.8211145860909326e+01}
===================================
  al = 2.2077911628961484e+00
  au = 5.7136902733811654e+00
  bl = 3.4665890030065292e+00
  bu = 3.9999873522024809e+00
  m = 0, n = 147923
  DRIFT : 147923
  Narrowing range from: {7.6535045662307848e+00, 2.2854688827926996e+01}
                  to  : {7.6535045662307848e+00, 2.2854688827664233e+01}
===================================
  al = 4.8674619058943733e+00
  au = 8.1592301161211331e+00
  bl = 4.0347447762879227e+00
  bu = 7.9999734281469230e+00
  m = 0, n = 243449
  DRIFT : 243449
  Narrowing range from: {1.9638966498587777e+01, 6.5273624123105193e+01}
                  to  : {1.9638966498587777e+01, 6.5273624121375391e+01}
===================================
  al = 8.4839782085437521e-01
  au = 5.3123397220624788e+00
  bl = 1.9999983191752273e+00
  bu = 4.9953017007201259e+00
  m = 240719, n = 0
  DRIFT : 240719
  Narrowing range from: {1.6967942157006761e+00, 2.6536739648421783e+01}
                  to  : {1.6967942157274012e+00, 2.6536739648421783e+01}
===================================
  al = 7.4143127235503350e+00
  au = 9.1256710178869902e+00
  bl = 7.2578788167912638e+00
  bu = 7.9999941901376905e+00
  m = 0, n = 445845
  DRIFT : 445845
  Narrowing range from: {5.3812183257321919e+01, 7.3005315124203818e+01}
                  to  : {5.3812183257321919e+01, 7.3005315121035906e+01}
===================================
  al = 6.2406449596435798e-01
  au = 5.8989123084039905e+00
  bl = 9.9999769319535492e-01
  bu = 9.9999769319535492e-01
  m = 307151, n = 0
  DRIFT : 307151
  Narrowing range from: {6.2406305636947990e-01, 5.8988987007656766e+00}
                  to  : {6.2406305638653015e-01, 5.8988987007656766e+00}
===================================
  al = 5.8769315561134605e-01
  au = 7.0291126493537615e-01
  bl = 3.9999846214740304e+00
  bu = 8.8654573974926905e+00
  m = 128919, n = 0
  DRIFT : 128919
  Narrowing range from: {2.3507635845909287e+00, 6.2316298735022748e+00}
                  to  : {2.3507635846195543e+00, 6.2316298735022748e+00}
===================================
  al = 1.2856248103645580e+00
  au = 2.3825222757908620e+00
  bl = 2.7230981320002573e-01
  bu = 9.9999613477109517e-01
  m = 0, n = 181871
  DRIFT : 181871
  Narrowing range from: {3.5008825195569127e-01, 2.3825130667968950e+00}
                  to  : {3.5008825195569127e-01, 2.3825130667565118e+00}
===================================
  al = 2.3976702494613273e+00
  au = 5.8273368560738259e+00
  bl = 3.9999904256245014e+00
  bu = 9.1687503845745653e+00
  m = 260403, n = 0
  DRIFT : 260403
  Narrowing range from: {9.5906580416500198e+00, 5.3429397040172432e+01}
                  to  : {9.5906580418813032e+00, 5.3429397040172432e+01}
===================================
  al = 4.4449248134430572e+00
  au = 8.3231822856682882e+00
  bl = 6.2698106735078971e+00
  bu = 7.9999885894445413e+00
  m = 0, n = 428511
  DRIFT : 428511
  Narrowing range from: {2.7868837038265379e+01, 6.6585363313213236e+01}
                  to  : {2.7868837038265379e+01, 6.6585363310168489e+01}
===================================
  al = 2.9193907394877288e+00
  au = 6.0953310839834085e+00
  bl = 7.9999871148531927e+00
  bu = 7.9999871148531927e+00
  m = 284539, n = 0
  DRIFT : 284539
  Narrowing range from: {2.3355088299123565e+01, 4.8762570132631410e+01}
                  to  : {2.3355088299629006e+01, 4.8762570132631410e+01}
===================================
  al = 1.9651377162412140e+00
  au = 4.5160616425113158e+00
  bl = 7.9999960537624739e+00
  bu = 7.9999960537624739e+00
  m = 0, n = 1291345
  DRIFT : 1291345
  Narrowing range from: {1.5721093975029513e+01, 3.6128475318638600e+01}
                  to  : {1.5721093975029513e+01, 3.6128475314050824e+01}
===================================
  al = 4.6249758986042151e+00
  au = 4.7824939435282845e+00
  bl = 9.9999414873400616e-01
  bu = 2.9999510590143261e+00
  m = 135695, n = 0
  DRIFT : 135695
  Narrowing range from: {4.6249488366400175e+00, 1.4347247770617278e+01}
                  to  : {4.6249488367002778e+00, 1.4347247770617278e+01}
===================================
  al = 5.4446451441331760e+00
  au = 7.3939734798349317e+00
  bl = 7.9999860749602245e+00
  bu = 7.9999860749602245e+00
  m = 302879, n = 0
  DRIFT : 302879
  Narrowing range from: {4.3557085336165215e+01, 5.9151684877304646e+01}
                  to  : {4.3557085337241254e+01, 5.9151684877304646e+01}
===================================
  al = 1.2941604218030269e+00
  au = 9.7893117437004324e+00
  bl = 9.9999646681960930e-01
  bu = 3.0837219243300602e+00
  m = 111813, n = 0
  DRIFT : 111813
  Narrowing range from: {1.2941558493008023e+00, 3.0187515248150756e+01}
                  to  : {1.2941558493132159e+00, 3.0187515248150756e+01}
===================================
  al = 4.3617993380405018e+00
  au = 7.3746983589052961e+00
  bl = 6.2499969382392384e-02
  bu = 3.9491128066964571e+00
  m = 911657, n = 0
  DRIFT : 911657
  Narrowing range from: {2.7261232507967076e-01, 2.9123515734676250e+01}
                  to  : {2.7261232510497430e-01, 2.9123515734676250e+01}
===================================
  al = 3.8143491138682062e-01
  au = 7.8127074056144219e-01
  bl = 3.9999966694437634e+00
  bu = 8.8450933576257764e+00
  m = 290437, n = 0
  DRIFT : 290437
  Narrowing range from: {1.5257383751568596e+00, 6.9104126378473838e+00}
                  to  : {1.5257383751891045e+00, 6.9104126378473838e+00}
===================================
  al = 3.0517209510676162e+00
  au = 5.2931313524897581e+00
  bl = 1.7875217952330802e+00
  bu = 1.9999973824696453e+00
  m = 0, n = 180543
  DRIFT : 180543
  Narrowing range from: {5.4550177130027881e+00, 1.0586248850047529e+01}
                  to  : {5.4550177130027881e+00, 1.0586248849887175e+01}
===================================
  al = 8.5530629688176185e-01
  au = 2.1514498709191363e+00
  bl = 3.1509935147103572e+00
  bu = 7.9999686889877308e+00
  m = 0, n = 176775
  DRIFT : 176775
  Narrowing range from: {2.6950645945653631e+00, 1.7211531603279784e+01}
                  to  : {2.6950645945653631e+00, 1.7211531602965771e+01}
===================================
  al = 9.2739299629460759e-02
  au = 2.2498328260179226e+00
  bl = 1.9999987540488957e+00
  bu = 2.8184288042155052e+00
  m = 714365, n = 0
  DRIFT : 714365
  Narrowing range from: {1.8547848371028874e-01, 6.3409936415184847e+00}
                  to  : {1.8547848372020254e-01, 6.3409936415184847e+00}
===================================
  al = 4.2750544143230753e+00
  au = 8.4672365274469854e+00
  bl = 5.7571365126849672e-01
  bu = 7.9999349924562244e+00
  m = 0, n = 112787
  DRIFT : 112787
  Narrowing range from: {2.4612071862414426e+00, 6.7737341785326663e+01}
                  to  : {2.4612071862414426e+00, 6.7737341784525270e+01}
===================================
  al = 1.0927513055738263e+00
  au = 3.3811278392860276e+00
  bl = 4.3563018669333542e-01
  bu = 3.9999985530591706e+00
  m = 0, n = 355649
  DRIFT : 355649
  Narrowing range from: {4.7603545525651197e-01, 1.3524506464852189e+01}
                  to  : {4.7603545525651197e-01, 1.3524506464536310e+01}
===================================
  al = 3.0353045963248668e+00
  au = 9.7812308572122504e+00
  bl = 9.9999948125875893e-01
  bu = 1.4997309622308612e+00
  m = 647479, n = 0
  DRIFT : 647479
  Narrowing range from: {3.0353030217871937e+00, 1.4669214765289119e+01}
                  to  : {3.0353030219309627e+00, 1.4669214765289119e+01}
===================================
  al = 4.7951717686048976e-03
  au = 4.2551974241262736e+00
  bl = 9.7910609364023105e-01
  bu = 1.9999970643658926e+00
  m = 0, n = 331207
  DRIFT : 331207
  Narrowing range from: {4.6949818986926593e-03, 8.5103823565498544e+00}
                  to  : {4.6949818986926593e-03, 8.5103823562556844e+00}
===================================
  al = 4.6319106802940500e+00
  au = 6.0725972881957677e+00
  bl = 1.9999893481932649e+00
  bu = 8.1896257875117975e+00
  m = 129385, n = 0
  DRIFT : 129385
  Narrowing range from: {9.2637720223707198e+00, 4.9732299348582274e+01}
                  to  : {9.2637720224856359e+00, 4.9732299348582274e+01}
===================================
  al = 2.1486342999495220e+00
  au = 7.3888693086901984e+00
  bl = 9.9999696911981562e-01
  bu = 1.3185766116250195e+00
  m = 147697, n = 1
  DRIFT : 147697
  Narrowing range from: {2.1486277876963991e+00, 9.7427902567928211e+00}
                  to  : {2.1486277877291942e+00, 9.7427902567928211e+00}
===================================
  al = 2.3298093267267874e+00
  au = 2.4274955450109128e+00
  bl = 7.9999649726664543e+00
  bu = 7.9999649726664543e+00
  m = 47171, n = 104119
  DRIFT : 104119
  Narrowing range from: {1.8638393006805916e+01, 1.9419879331391165e+01}
                  to  : {1.8638393006889707e+01, 1.9419879331206214e+01}
===================================
  al = 4.2569762599828470e-01
  au = 1.1801604935869663e+00
  bl = 2.0702558766869155e+00
  bu = 3.9999762225733626e+00
  m = 0, n = 132091
  DRIFT : 132091
  Narrowing range from: {8.8130301191461746e-01, 4.7206139131683083e+00}
                  to  : {8.8130301191461746e-01, 4.7206139131096485e+00}
===================================
  al = 4.5946160450360690e-01
  au = 5.7559176537255297e-01
  bl = 7.9999943595060330e+00
  bu = 8.1723432447092961e+00
  m = 114541, n = 0
  DRIFT : 114541
  Narrowing range from: {3.6756902444384472e+00, 4.7039334754526818e+00}
                  to  : {3.6756902444638802e+00, 4.7039334754526818e+00}
===================================
  al = 1.4593336517864095e+00
  au = 7.7313646322931096e+00
  bl = 2.4999955758457207e-01
  bu = 8.3671941447134230e+00
  m = 300935, n = 0
  DRIFT : 300935
  Narrowing range from: {3.6483276731488035e-01, 6.4689828881967358e+01}
                  to  : {3.6483276732323294e-01, 6.4689828881967358e+01}
===================================
  al = 2.3371431847007953e+00
  au = 5.1483795687956579e+00
  bl = 7.8075194671528934e+00
  bu = 7.9999552192459884e+00
  m = 0, n = 108037
  DRIFT : 108037
  Narrowing range from: {1.8247290912075169e+01, 4.1186806002046232e+01}
                  to  : {1.8247290912075169e+01, 4.1186806001662411e+01}
===================================
  al = 5.9093608982844292e-01
  au = 2.4747123850263448e+00
  bl = 8.3665455569092506e-01
  bu = 1.9999992948044891e+00
  m = 0, n = 1590645
  DRIFT : 1590645
  Narrowing range from: {4.9440937167714849e-01, 4.9494230248966247e+00}
                  to  : {4.9440937167714849e-01, 4.9494230241902368e+00}
===================================
  al = 4.4540404818125845e+00
  au = 6.2450698559734166e+00
  bl = 3.9999805094343568e+00
  bu = 6.2596780902325122e+00
  m = 171999, n = 1
  DRIFT : 171999
  Narrowing range from: {1.7816075115481951e+01, 3.9092126949408303e+01}
                  to  : {1.7816075115787481e+01, 3.9092126949408303e+01}
===================================
  al = 4.1784548623967774e+00
  au = 5.2350824471648414e+00
  bl = 3.4460428806016510e+00
  bu = 3.9999924964992712e+00
  m = 0, n = 232125
  DRIFT : 232125
  Narrowing range from: {1.4399134630477766e+01, 2.0940290507214407e+01}
                  to  : {1.4399134630477766e+01, 2.0940290506802071e+01}
===================================
  al = 1.8805372520816646e+00
  au = 2.0190547542537733e+00
  bl = 7.9999924148230575e+00
  bu = 7.9999924148230575e+00
  m = 0, n = 410563
  DRIFT : 410563
  Narrowing range from: {1.5044283752445512e+01, 1.6152422719142617e+01}
                  to  : {1.5044283752445512e+01, 1.6152422718413312e+01}
===================================
  al = 1.6846751233266988e-01
  au = 8.6862568719009374e+00
  bl = 7.9999985263410860e+00
  bu = 7.9999985263410860e+00
  m = 3413487, n = 0
  DRIFT : 3413487
  Narrowing range from: {1.3477398503977078e+00, 6.9490042174627632e+01}
                  to  : {1.3477398507766809e+00, 6.9490042174627632e+01}
===================================
  al = 3.9571983916801337e+00
  au = 4.4272261511381341e+00
  bl = 9.3089382923037964e-02
  bu = 4.9999978938605444e-01
  m = 0, n = 396291
  DRIFT : 396291
  Narrowing range from: {3.6837315638554191e-01, 2.2136121431334992e+00}
                  to  : {3.6837315638554191e-01, 2.2136121430455051e+00}
===================================
  al = 4.1793048738026393e+00
  au = 8.3763217847621032e+00
  bl = 5.3430493403141244e-01
  bu = 7.9999799169917010e+00
  m = 0, n = 160687
  DRIFT : 160687
  Narrowing range from: {2.2330232148942795e+00, 6.7010406056356899e+01}
                  to  : {2.2330232148942795e+00, 6.7010406055215157e+01}
===================================
  al = 2.0442371639767369e+00
  au = 5.0672042129478427e+00
  bl = 3.9999996587381941e+00
  bu = 3.9999996587381941e+00
  m = 0, n = 5072787
  DRIFT : 5072787
  Narrowing range from: {8.1769479582868811e+00, 2.0268815122548109e+01}
                  to  : {8.1769479582868811e+00, 2.0268815113537030e+01}
===================================
  al = 2.5994949675052874e+00
  au = 5.1265961310606141e+00
  bl = 2.7436571140365512e-01
  bu = 1.9999994092134350e+00
  m = 0, n = 488353
  DRIFT : 488353
  Narrowing range from: {7.1321228604980946e-01, 1.0253189233397109e+01}
                  to  : {7.1321228604980946e-01, 1.0253189232963365e+01}
===================================
  al = 1.8007599174569315e+00
  au = 8.5244446639762135e+00
  bl = 2.2698459145434797e+00
  bu = 7.9999862708155378e+00
  m = 0, n = 451279
  DRIFT : 451279
  Narrowing range from: {4.0874475417132698e+00, 6.8195440278136473e+01}
                  to  : {4.0874475417132698e+00, 6.8195440274929950e+01}
===================================
  al = 1.3460350936632098e-03
  au = 8.2191456957464697e-03
  bl = 3.9999928155994122e+00
  bu = 9.1356203089441124e+00
  m = 106981, n = 0
  DRIFT : 106981
  Narrowing range from: {5.3841307041975215e-03, 7.5086994340232041e-02}
                  to  : {5.3841307042439166e-03, 7.5086994340232041e-02}
===================================
  al = 6.6911375366600667e-01
  au = 1.0155767570744947e+00
  bl = 1.8795134009493311e+00
  bu = 7.9999738859312073e+00
  m = 9, n = 272863
  DRIFT : 272863
  Narrowing range from: {1.2576082667747692e+00, 8.1245875357546584e+00}
                  to  : {1.2576082667747701e+00, 8.1245875355123083e+00}
===================================
  al = 1.6120700122672558e+00
  au = 8.8002853862062302e+00
  bl = 6.0408616542761076e+00
  bu = 7.9999907444053155e+00
  m = 0, n = 374477
  DRIFT : 374477
  Narrowing range from: {9.7382919211136798e+00, 7.0402201637775192e+01}
                  to  : {9.7382919211136798e+00, 7.0402201635114380e+01}
===================================
  al = 9.6805684517494162e-01
  au = 3.3913652941230632e+00
  bl = 7.9999994500603231e+00
  bu = 7.9999994500603231e+00
  m = 0, n = 1133777
  DRIFT : 1133777
  Narrowing range from: {7.7444542290266645e+00, 2.7130920487938170e+01}
                  to  : {7.7444542290266645e+00, 2.7130920485924179e+01}
