===================================
  al = 3.1023720335669540e+00
  au = 3.3992472140548076e+00
  bl = 2.4999937660395208e-01
  bu = 9.1249919358589224e+00
  m = 177181, n = 0
  DRIFT : 177181
  Narrowing range: {7.7559107439510910e-01, 3.1018103416241029e+01}
===================================
  al = 6.7816217851993177e-01
  au = 1.5963279439479510e+00
  bl = 2.4999972791214212e-01
  bu = 7.1387997612229261e+00
  m = 528253, n = 0
  DRIFT : 528253
  Narrowing range: {1.6954036011761947e-01, 1.1395865545089118e+01}
===================================
  al = 8.3116035708657721e-02
  au = 8.8921550801117846e+00
  bl = 5.4258544538407421e+00
  bu = 7.9999654105918765e+00
  m = 0, n = 194763
  DRIFT : 194763
  Narrowing range: {4.5097551253540663e-01, 7.1136933065129242e+01}
===================================
  al = 4.6871813410300653e+00
  au = 6.3759872676057840e+00
  bl = 3.9999973013078378e+00
  bu = 5.0246739324879695e+00
  m = 268245, n = 0
  DRIFT : 268245
  Narrowing range: {1.8748712715337213e+01, 3.2037257017413978e+01}
===================================
  al = 4.7002785756035514e+00
  au = 8.8950487636571740e+00
  bl = 6.2542614244661632e+00
  bu = 7.9999978175839992e+00
  m = 0, n = 766019
  DRIFT : 766019
  Narrowing range: {2.9396770979642056e+01, 7.1160370691117748e+01}
===================================
  al = 3.1750549510606413e-01
  au = 2.9453137141215024e+00
  bl = 1.9999977235686048e+00
  bu = 3.1794478908499140e+00
  m = 584545, n = 0
  DRIFT : 584545
  Narrowing range: {6.3501026746509981e-01, 9.3644714762549377e+00}
===================================
  al = 9.0502716598707555e-01
  au = 3.0655178520328259e+00
  bl = 7.0954716627468850e-01
  bu = 1.9999984200119800e+00
  m = 0, n = 309059
  DRIFT : 309059
  Narrowing range: {6.4215946102774157e-01, 6.1310308604469208e+00}
===================================
  al = 7.3834853747718174e+00
  au = 8.4331136730767948e+00
  bl = 3.9999644461109440e+00
  bu = 3.9999644461109440e+00
  m = 0, n = 102585
  DRIFT : 102585
  Narrowing range: {2.9533678987467407e+01, 3.3732154861954797e+01}
===================================
  al = 1.6743336183859137e+00
  au = 2.5437966339416436e+00
  bl = 1.9999946723139093e+00
  bu = 5.3936525147013459e+00
  m = 112061, n = 0
  DRIFT : 112061
  Narrowing range: {3.3486583164727799e+00, 1.3720355111548166e+01}
===================================
  al = 7.6867668906828568e+00
  au = 8.6512018302971292e+00
  bl = 3.9375898860306995e+00
  bu = 7.9999959192462740e+00
  m = 0, n = 318471
  DRIFT : 318471
  Narrowing range: {3.0267335565028464e+01, 6.9209579336690055e+01}
===================================
  al = 4.2423603039868549e+00
  au = 4.2462931646891935e+00
  bl = 6.2499921402478092e-02
  bu = 2.4886718468345875e-01
  m = 399903, n = 0
  DRIFT : 399903
  Narrowing range: {2.6514718557127104e-01, 1.0567630252368141e+00}
===================================
  al = 1.8203111556345870e-02
  au = 9.7658535001981239e-02
  bl = 6.6332633079807390e-01
  bu = 7.9999870609619244e+00
  m = 0, n = 166089
  DRIFT : 166089
  Narrowing range: {1.2074603197778921e-02, 7.8126701639912732e-01}
===================================
  al = 3.5266660600196642e-01
  au = 1.0190493145476422e+00
  bl = 3.9999946236213959e+00
  bu = 7.2180959526840125e+00
  m = 124731, n = 0
  DRIFT : 124731
  Narrowing range: {1.4106645279525187e+00, 7.3555957329217536e+00}
===================================
  al = 3.3525926427316861e+00
  au = 4.9278218413581616e+00
  bl = 3.2644789615599281e+00
  bu = 3.9999958673107194e+00
  m = 0, n = 638673
  DRIFT : 638673
  Narrowing range: {1.0944468148878190e+01, 1.9711266999141635e+01}
===================================
  al = 9.0270011497615921e-01
  au = 2.0935063653724417e+00
  bl = 3.9999929674098911e+00
  bu = 3.9999929674098911e+00
  m = 0, n = 416879
  DRIFT : 416879
  Narrowing range: {3.6107941115847368e+00, 8.3740107383473461e+00}
===================================
  al = 2.1526104180702790e+00
  au = 7.9223904681897945e+00
  bl = 3.9999922225960560e+00
  bu = 6.4334651860271439e+00
  m = 326753, n = 0
  DRIFT : 326753
  Narrowing range: {8.6104249308505754e+00, 5.0968423267212330e+01}
===================================
  al = 2.5646498188062089e-01
  au = 4.7462244418461150e+00
  bl = 1.9999942764424790e+00
  bu = 7.7433087916246297e+00
  m = 290209, n = 0
  DRIFT : 290209
  Narrowing range: {5.1292849588527567e-01, 3.6751481447570725e+01}
===================================
  al = 2.1965516060632075e+00
  au = 2.6712560198012265e+00
  bl = 9.9999631499125652e-01
  bu = 8.0823780622754757e+00
  m = 150461, n = 0
  DRIFT : 150461
  Narrowing range: {2.1965435117847427e+00, 2.1590101053162737e+01}
===================================
  al = 4.2216570955071442e-01
  au = 2.2959533108413095e+00
  bl = 8.2432696865236943e-01
  bu = 1.9999900394456689e+00
  m = 0, n = 139703
  DRIFT : 139703
  Narrowing range: {3.4800257962291709e-01, 4.5918837526528842e+00}
===================================
  al = 1.0475369447297112e+00
  au = 3.0542176176672586e+00
  bl = 1.6867908592094714e+00
  bu = 7.9999772042479371e+00
  m = 0, n = 100905
  DRIFT : 100905
  Narrowing range: {1.7669757430542941e+00, 2.4433671317971267e+01}
===================================
  al = 1.4654323717576029e-01
  au = 2.2210342848192428e+00
  bl = 1.9999905773705458e+00
  bu = 7.3305885473212848e+00
  m = 119513, n = 0
  DRIFT : 119513
  Narrowing range: {2.9308509353221479e-01, 1.6281488491503861e+01}
===================================
  al = 1.5819219982631545e+00
  au = 4.1363872362962431e+00
  bl = 3.2662039849195414e+00
  bu = 3.9999951405128966e+00
  m = 0, n = 768151
  DRIFT : 768151
  Narrowing range: {5.1668799345589989e+00, 1.6545528843100033e+01}
===================================
  al = 5.3862541896281657e-01
  au = 4.1235182791126093e+00
  bl = 1.5947998215124253e+00
  bu = 3.9999942320496160e+00
  m = 0, n = 620819
  DRIFT : 620819
  Narrowing range: {8.5899972202395514e-01, 1.6494049331098800e+01}
===================================
  al = 3.0137305408333631e-01
  au = 1.6381074151935708e+00
  bl = 7.9999743283364406e+00
  bu = 7.9999743283364406e+00
  m = 153295, n = 0
  DRIFT : 153295
  Narrowing range: {2.4109766959530785e+00, 1.3104817268606130e+01}
===================================
  al = 1.2894455327236057e-01
  au = 2.7656991343202773e+00
  bl = 4.9999894330194489e-01
  bu = 9.5261512835785727e+00
  m = 137517, n = 0
  DRIFT : 137517
  Narrowing range: {6.4472140381675841e-02, 2.6346468358397257e+01}
===================================
  al = 2.3730216238012103e+00
  au = 9.7460832726278852e+00
  bl = 1.2499955116939268e-01
  bu = 9.2715920970357246e-01
  m = 203473, n = 0
  DRIFT : 203473
  Narrowing range: {2.9662663789606220e-01, 9.0361708647548777e+00}
===================================
  al = 2.3214621303792993e+00
  au = 4.2820039440658322e+00
  bl = 2.4999942521217303e-01
  bu = 1.0454692795353191e+00
  m = 346881, n = 0
  DRIFT : 346881
  Narrowing range: {5.8036419826590724e-01, 4.4767035783699001e+00}
===================================
  al = 2.0377331937659844e+00
  au = 8.0468666103712021e+00
  bl = 3.9999962581947428e+00
  bu = 3.9999962581947428e+00
  m = 803959, n = 0
  DRIFT : 803959
  Narrowing range: {8.1509251509772191e+00, 3.2187436331677020e+01}
===================================
  al = 3.9057056008842577e+00
  au = 5.3138425215686533e+00
  bl = 1.9999992649311491e+00
  bu = 1.9999992649311491e+00
  m = 0, n = 746991
  DRIFT : 746991
  Narrowing range: {7.8114083308059872e+00, 1.0627681136433729e+01}
===================================
  al = 1.4927537501557617e+00
  au = 2.1026868967604448e+00
  bl = 6.3707071512752975e+00
  bu = 7.9999561857852051e+00
  m = 1, n = 109059
  DRIFT : 109059
  Narrowing range: {9.5098969912103311e+00, 1.6821403046314490e+01}
===================================
  al = 6.0551788719538528e+00
  au = 9.7185233831059925e+00
  bl = 3.9999874137506102e+00
  bu = 5.4291883208369427e+00
  m = 119427, n = 0
  DRIFT : 119427
  Narrowing range: {2.4220639276036174e+01, 5.2763693647339785e+01}
===================================
  al = 9.4049239387780794e+00
  au = 9.4166839534295441e+00
  bl = 3.9999728242268375e+00
  bu = 6.6243114117965458e+00
  m = 108333, n = 0
  DRIFT : 108333
  Narrowing range: {3.7619440169417622e+01, 6.2379046973984742e+01}
===================================
  al = 6.0456900549122428e-01
  au = 5.0492098814877480e+00
  bl = 7.9999976107640345e+00
  bu = 7.9999976107640345e+00
  m = 325329, n = 993909
  DRIFT : 993909
  Narrowing range: {4.8365505996162579e+00, 4.0393666984617063e+01}
===================================
  al = 2.8845237199586720e+00
  au = 5.2087890943810775e+00
  bl = 2.9980400577995643e+00
  bu = 7.9999556847624200e+00
  m = 1, n = 124031
  DRIFT : 124031
  Narrowing range: {8.6479176601091119e+00, 4.1670081925881753e+01}
===================================
  al = 1.5096353548820709e-02
  au = 9.1810782265869779e+00
  bl = 1.7967396042880346e-01
  bu = 2.4999884010180917e-01
  m = 0, n = 181723
  DRIFT : 181723
  Narrowing range: {2.7124216301500389e-03, 2.2952589074903691e+00}
===================================
  al = 6.0906896662474983e+00
  au = 8.0619266449714075e+00
  bl = 3.9999965464291525e+00
  bu = 3.9999965464291525e+00
  m = 0, n = 590465
  DRIFT : 590465
  Narrowing range: {2.4362737630361721e+01, 3.2247678735353041e+01}
===================================
  al = 7.3486430209367426e-01
  au = 3.4998735871858559e+00
  bl = 4.4270111537978609e+00
  bu = 7.9999846583694998e+00
  m = 0, n = 122331
  DRIFT : 122331
  Narrowing range: {3.2532524618965768e+00, 2.7998935003502172e+01}
===================================
  al = 2.5755991821116311e+00
  au = 2.6290348148736715e+00
  bl = 7.9999748134309332e+00
  bu = 9.8291514241125171e+00
  m = 177497, n = 0
  DRIFT : 177497
  Narrowing range: {2.0604728586701658e+01, 2.5841181294656938e+01}
===================================
  al = 2.4774651210661820e+00
  au = 4.1921815792417219e+00
  bl = 1.4145070285785957e+00
  bu = 3.9999675412634268e+00
  m = 0, n = 101753
  DRIFT : 101753
  Narrowing range: {3.5043918268064358e+00, 1.6768590243868591e+01}
===================================
  al = 4.5794141481823551e+00
  au = 7.3261453437776805e+00
  bl = 9.9999856728515868e-01
  bu = 1.3915656353476114e+00
  m = 389509, n = 0
  DRIFT : 389509
  Narrowing range: {4.5794075873607172e+00, 1.0194812099962933e+01}
===================================
  al = 1.2919133587456288e+00
  au = 5.4459599912910299e+00
  bl = 6.2499965483419746e-02
  bu = 2.7943152376318769e-01
  m = 1056525, n = 0
  DRIFT : 1056525
  Narrowing range: {8.0744540336501788e-02, 1.5217728987198089e+00}
===================================
  al = 5.5165100682504065e-01
  au = 1.0705549032915864e+00
  bl = 3.2122967475072102e+00
  bu = 3.9999889788731617e+00
  m = 0, n = 287253
  DRIFT : 287253
  Narrowing range: {1.7720667349831558e+00, 4.2822078143174034e+00}
===================================
  al = 6.2683503646369294e+00
  au = 8.1187734677020664e+00
  bl = 1.7928633156503666e+00
  bu = 3.9999729800935739e+00
  m = 0, n = 122131
  DRIFT : 122131
  Narrowing range: {1.1238295418401149e+01, 3.2474874501874979e+01}
===================================
  al = 3.0591024307264347e+00
  au = 9.1579891375564220e+00
  bl = 4.4513829622582852e+00
  bu = 7.9999635515721028e+00
  m = 0, n = 136009
  DRIFT : 136009
  Narrowing range: {1.3617236439938557e+01, 7.3263579305178212e+01}
===================================
  al = 1.4360970185642280e-01
  au = 7.6300529596671529e+00
  bl = 7.9999816105342321e+00
  bu = 9.6987011584074363e+00
  m = 211985, n = 0
  DRIFT : 211985
  Narrowing range: {1.1488749739692212e+00, 7.4001603478633911e+01}
===================================
  al = 3.8359724191390785e+00
  au = 4.6991995373816069e+00
  bl = 3.9999942056224205e+00
  bu = 3.9999942056224205e+00
  m = 0, n = 453015
  DRIFT : 453015
  Narrowing range: {1.5343867449483733e+01, 1.8796770919785271e+01}
===================================
  al = 1.0880968281183561e+00
  au = 4.4752038632113509e+00
  bl = 1.9999979298358235e+00
  bu = 7.1959066568619088e+00
  m = 405497, n = 7
  DRIFT : 405497
  Narrowing range: {2.1761914037876764e+00, 3.2203149270096667e+01}
===================================
  al = 3.6054475829146670e+00
  au = 4.1154897746201788e+00
  bl = 4.4386539174852344e-02
  bu = 6.2499741090144514e-02
  m = 1, n = 168031
  DRIFT : 168031
  Narrowing range: {1.6003334038191858e-01, 2.5721704536823459e-01}
===================================
  al = 4.1165069185773904e+00
  au = 4.3355099955371967e+00
  bl = 3.9999955552551807e+00
  bu = 8.5261066149245757e+00
  m = 421023, n = 0
  DRIFT : 421023
  Narrowing range: {1.6466009378234649e+01, 3.6965020452021314e+01}
===================================
  al = 4.3135275269503142e+00
  au = 4.3348555666911146e+00
  bl = 6.0798976675490068e-01
  bu = 3.9999805873713443e+00
  m = 0, n = 112355
  DRIFT : 112355
  Narrowing range: {2.6225805950013652e+00, 1.7339338115623484e+01}
===================================
  al = 7.6618675919266579e+00
  au = 9.3031418698252022e+00
  bl = 3.1593442509648892e+00
  bu = 7.9999498083983660e+00
  m = 0, n = 105051
  DRIFT : 105051
  Narrowing range: {2.4206477328207686e+01, 7.4424668018264512e+01}
===================================
  al = 8.5045096193367087e-01
  au = 1.3830171173384871e+00
  bl = 6.5740190050625469e-01
  bu = 3.9999981863095515e+00
  m = 0, n = 974075
  DRIFT : 974075
  Narrowing range: {5.5908807866256771e-01, 5.5320659605564364e+00}
===================================
  al = 1.9466262122585137e-01
  au = 2.2890371263319484e+00
  bl = 9.7540553422033674e-02
  bu = 2.4999952563879829e-01
  m = 0, n = 408429
  DRIFT : 408429
  Narrowing range: {1.8987499804953262e-02, 5.7225819572991277e-01}
===================================
  al = 1.2695341388608092e-01
  au = 2.8368754022317688e-01
  bl = 4.5384796140805390e+00
  bu = 7.9999887040510167e+00
  m = 0, n = 202863
  DRIFT : 202863
  Narrowing range: {5.7617548085990744e-01, 2.2694971172203888e+00}
===================================
  al = 1.9544424021928758e-01
  au = 2.8982254565839582e-01
  bl = 2.8058516207109091e-01
  bu = 9.9999608560585085e-01
  m = 0, n = 209697
  DRIFT : 209697
  Narrowing range: {5.4838753817790027e-02, 2.8982141117289856e-01}
===================================
  al = 4.2859053961978555e+00
  au = 5.1929201210409737e+00
  bl = 8.1942754579569610e-01
  bu = 3.9999964901615819e+00
  m = 0, n = 710451
  DRIFT : 710451
  Narrowing range: {3.5119889403189393e+00, 2.0771662256591338e+01}
===================================
  al = 2.4490735788139704e+00
  au = 3.4351033654866914e+00
  bl = 7.9999771269975346e+00
  bu = 8.2225515895781491e+00
  m = 159695, n = 0
  DRIFT : 159695
  Narrowing range: {1.9592532613129432e+01, 2.8245314638247844e+01}
===================================
  al = 9.0605867635588455e-01
  au = 2.5827812543377004e+00
  bl = 7.9999545738006583e+00
  bu = 7.9999545738006583e+00
  m = 0, n = 118109
  DRIFT : 118109
  Narrowing range: {7.2484282520450289e+00, 2.0662132708555685e+01}
===================================
  al = 1.4282618277625185e+00
  au = 2.8271771018248932e+00
  bl = 7.7435141134466452e+00
  bu = 7.9999889717107306e+00
  m = 0, n = 251367
  DRIFT : 251367
  Narrowing range: {1.1059765620976163e+01, 2.2617385635225734e+01}
===================================
  al = 1.3566571950830823e-02
  au = 2.5349211518093295e-01
  bl = 3.9999892973320779e+00
  bu = 3.9999892973320779e+00
  m = 0, n = 156627
  DRIFT : 156627
  Narrowing range: {5.4266142604808859e-02, 1.0139657476644131e+00}
===================================
  al = 2.0647388964841795e+00
  au = 2.2074817816106123e+00
  bl = 6.2499901033157050e-02
  bu = 4.0624724050553895e-01
  m = 480989, n = 0
  DRIFT : 480989
  Narrowing range: {1.2904597669624618e-01, 8.9678338224556198e-01}
===================================
  al = 1.5123881363621954e+00
  au = 4.5848311759343243e+00
  bl = 3.7439360276046896e-01
  bu = 7.9999656675120177e+00
  m = 1, n = 117421
  DRIFT : 117421
  Narrowing range: {5.6622844314483378e-01, 3.6678491998396183e+01}
===================================
  al = 2.3262583179512220e+00
  au = 8.7383340255487596e+00
  bl = 1.2740005109316190e+00
  bu = 3.9999793800644596e+00
  m = 0, n = 164759
  DRIFT : 164759
  Narrowing range: {2.9636542856287855e+00, 3.4953155917725361e+01}
===================================
  al = 2.0272485269651490e+00
  au = 2.3910190496074666e+00
  bl = 3.9999778068026517e+00
  bu = 7.5434231792393351e+00
  m = 116955, n = 0
  DRIFT : 116955
  Narrowing range: {8.1089491168378398e+00, 1.8036468520811770e+01}
===================================
  al = 8.5515645271930953e+00
  au = 9.8571265360020348e+00
  bl = 9.9999913724871636e-01
  bu = 1.2515662892689785e+00
  m = 889385, n = 0
  DRIFT : 889385
  Narrowing range: {8.5515571501097547e+00, 1.2336847281518846e+01}
===================================
  al = 7.4020355386295096e+00
  au = 9.8386487384656718e+00
  bl = 2.3533399986615957e+00
  bu = 3.9999826699359398e+00
  m = 0, n = 126181
  DRIFT : 126181
  Narrowing range: {1.7419506304571453e+01, 3.9354424449001499e+01}
===================================
  al = 6.2740708682786561e+00
  au = 9.1548896465870193e+00
  bl = 2.2778287171096698e+00
  bu = 7.9999669196457432e+00
  m = 0, n = 160863
  DRIFT : 160863
  Narrowing range: {1.4291258796946323e+01, 7.3238814324560465e+01}
===================================
  al = 4.2232516230190678e+00
  au = 8.4418207182619636e+00
  bl = 3.9999769750720433e+00
  bu = 3.9999769750720433e+00
  m = 0, n = 135631
  DRIFT : 135631
  Narrowing range: {1.6892909252011908e+01, 3.3767088500252136e+01}
===================================
  al = 5.0833458937130116e+00
  au = 9.5194506129576286e+00
  bl = 3.7547012731324254e+00
  bu = 7.9999915725942667e+00
  m = 0, n = 522739
  DRIFT : 522739
  Narrowing range: {1.9086445298896731e+01, 7.6155524675674073e+01}
===================================
  al = 8.7525110140329643e-01
  au = 5.6136990644260347e+00
  bl = 1.9056981204620687e+00
  bu = 7.9999964701438149e+00
  m = 0, n = 1161249
  DRIFT : 1161249
  Narrowing range: {1.6679643788766174e+00, 4.4909572695732329e+01}
===================================
  al = 4.7742966829483491e+00
  au = 4.8736338470143767e+00
  bl = 3.1415688443415801e-01
  bu = 1.9999927725441879e+00
  m = 0, n = 156543
  DRIFT : 156543
  Narrowing range: {1.4998781712793885e+00, 9.7472324699164421e+00}
===================================
  al = 1.4856963066491293e+00
  au = 2.1094826016143111e+00
  bl = 4.0745054728070302e+00
  bu = 7.9999913339886888e+00
  m = 0, n = 574697
  DRIFT : 574697
  Narrowing range: {6.0534777323710687e+00, 1.6875842531093536e+01}
===================================
  al = 1.8042872972383601e+00
  au = 8.6357065390172743e+00
  bl = 3.7197309345729779e-01
  bu = 4.9999718979363406e-01
  m = 0, n = 137033
  DRIFT : 137033
  Narrowing range: {6.7114632743945979e-01, 4.3178290013302920e+00}
===================================
  al = 6.4828781247315934e+00
  au = 9.2892818502113901e+00
  bl = 3.0965763796695587e+00
  bu = 3.9999968388800022e+00
  m = 0, n = 180897
  DRIFT : 180897
  Narrowing range: {2.0074727273320335e+01, 3.7157098035668263e+01}
===================================
  al = 7.8214502641135164e-01
  au = 2.0986033757851401e+00
  bl = 3.5953345317859955e+00
  bu = 7.9999916661071069e+00
  m = 0, n = 313961
  DRIFT : 313961
  Narrowing range: {2.8120730223214019e+00, 1.6788809516187655e+01}
===================================
  al = 1.9558017653627620e+00
  au = 2.0332742138785616e+00
  bl = 8.6761928239340702e-01
  bu = 1.9999944542805015e+00
  m = 0, n = 258645
  DRIFT : 258645
  Narrowing range: {1.6968913241677981e+00, 4.0665371516738080e+00}
===================================
  al = 3.9718738037283435e-01
  au = 1.2561806817458820e+00
  bl = 2.4999988485636299e-01
  bu = 1.4409902757131627e+00
  m = 781547, n = 0
  DRIFT : 781547
  Narrowing range: {9.9296799365032107e-02, 1.8101441469345474e+00}
===================================
  al = 2.0950899566208188e+00
  au = 8.6599147129753629e+00
  bl = 3.8543268094466994e+00
  bu = 3.9999994382944610e+00
  m = 0, n = 2662429
  DRIFT : 2662429
  Narrowing range: {8.0751613880061441e+00, 3.4639653978120542e+01}
===================================
  al = 4.1191937200709052e+00
  au = 5.5849999662336582e+00
  bl = 1.9999880768898135e+00
  bu = 3.2999157859985835e+00
  m = 137173, n = 0
  DRIFT : 137173
  Narrowing range: {8.2383383266630403e+00, 1.8430029553376006e+01}
===================================
  al = 4.3099457659894848e-02
  au = 1.3611244210067286e-01
  bl = 2.5087422404560602e+00
  bu = 7.9999795342377968e+00
  m = 0, n = 322965
  DRIFT : 322965
  Narrowing range: {1.0812542997212571e-01, 1.0888967511246537e+00}
===================================
  al = 1.4016062759127010e+00
  au = 4.5276737114137147e+00
  bl = 6.2032919669591440e+00
  bu = 7.9999700238834226e+00
  m = 0, n = 147929
  DRIFT : 147929
  Narrowing range: {8.6945729522087802e+00, 3.6221253968709171e+01}
===================================
  al = 1.3352601114219273e-01
  au = 4.1612373821634288e+00
  bl = 3.9999904073432457e+00
  bu = 6.0082544573072614e+00
  m = 205513, n = 0
  DRIFT : 205513
  Narrowing range: {5.3410276371098653e-01, 2.5001773049297022e+01}
===================================
  al = 4.4979605961577871e+00
  au = 8.0365810870880861e+00
  bl = 1.6022981237701148e+00
  bu = 3.9999833327552246e+00
  m = 0, n = 165707
  DRIFT : 165707
  Narrowing range: {7.2070738240155290e+00, 3.2146190400099499e+01}
===================================
  al = 5.4782066963810765e+00
  au = 8.7487879792045540e+00
  bl = 2.2888952701254493e-03
  bu = 7.9999906058955936e+00
  m = 0, n = 137253
  DRIFT : 137253
  Narrowing range: {1.2539041396116210e-02, 6.9990221645633483e+01}
===================================
  al = 1.8263820042649730e+00
  au = 2.3192946102335048e+00
  bl = 1.6728146177274035e+00
  bu = 7.9999922617075914e+00
  m = 0, n = 526323
  DRIFT : 526323
  Narrowing range: {3.0551985142887199e+00, 1.8554338933553225e+01}
===================================
  al = 3.4348604931609095e+00
  au = 4.8876333120448487e+00
  bl = 1.5618131216515976e+00
  bu = 3.9999815873655846e+00
  m = 0, n = 156237
  DRIFT : 156237
  Narrowing range: {5.3646101892613860e+00, 1.9550443253696532e+01}
===================================
  al = 6.3184286922521453e+00
  au = 8.1767743181817707e+00
  bl = 3.6376264010595376e+00
  bu = 7.9999966701394420e+00
  m = 0, n = 605797
  DRIFT : 605797
  Narrowing range: {2.2984083024148493e+01, 6.5414167313631424e+01}
===================================
  al = 8.0416713653631997e-02
  au = 2.5662401397652201e-01
  bl = 3.8215416739560744e+00
  bu = 3.9999931533719306e+00
  m = 1, n = 264277
  DRIFT : 264277
  Narrowing range: {3.0731582250994716e-01, 1.0264942988675700e+00}
===================================
  al = 2.8007366437899437e+00
  au = 9.2122874161691648e+00
  bl = 7.9999958341864037e+00
  bu = 7.9999958341864037e+00
  m = 0, n = 482679
  DRIFT : 482679
  Narrowing range: {2.2405881482972759e+01, 7.3698260949251505e+01}
===================================
  al = 4.9305690850871651e+00
  au = 9.4219745212229373e+00
  bl = 1.9999997318335339e+00
  bu = 7.8984651929312140e+00
  m = 133925, n = 19
  DRIFT : 133925
  Narrowing range: {9.8611368480799921e+00, 7.4419137804563974e+01}
===================================
  al = 2.1507029103906632e+00
  au = 2.8576552311637120e+00
  bl = 4.9999935407057711e-01
  bu = 2.7910484988978652e+00
  m = 603155, n = 0
  DRIFT : 603155
  Narrowing range: {1.0753500660600055e+00, 7.9758543433071107e+00}
===================================
  al = 1.0833313813608036e+00
  au = 9.2444827895355886e+00
  bl = 9.9999579457787358e-01
  bu = 8.7913883099701948e+00
  m = 108337, n = 0
  DRIFT : 108337
  Narrowing range: {1.0833268255070700e+00, 8.1271837927643830e+01}
===================================
  al = 8.3006368289775212e-01
  au = 8.6680134591016458e+00
  bl = 7.8514800397619968e+00
  bu = 7.9999994138581236e+00
  m = 0, n = 3306855
  DRIFT : 3306855
  Narrowing range: {6.5172284380030323e+00, 6.9344102568630873e+01}
===================================
  al = 1.2401304991135862e+00
  au = 5.3829338343201343e+00
  bl = 9.0551984531208579e-02
  bu = 9.9999589643419273e-01
  m = 0, n = 123715
  DRIFT : 123715
  Narrowing range: {1.1229627777241342e-01, 5.3829117450419686e+00}
===================================
  al = 4.3715251140290414e+00
  au = 4.9941662431372320e+00
  bl = 4.9999981154024009e-01
  bu = 2.2023127756472998e+00
  m = 974625, n = 0
  DRIFT : 974625
  Narrowing range: {2.1857617333743575e+00, 1.0998716120967606e+01}
===================================
  al = 3.4263411199253184e+00
  au = 8.8127934284144658e+00
  bl = 1.5000302491450532e+00
  bu = 3.9999820194776250e+00
  m = 0, n = 157537
  DRIFT : 157537
  Narrowing range: {5.1396153237775160e+00, 3.5251015254468754e+01}
===================================
  al = 4.4953167504905407e+00
  au = 5.0253215430218248e+00
  bl = 7.9999995845351703e+00
  bu = 7.9999995845351703e+00
  m = 16204081, n = 0
  DRIFT : 16204081
  Narrowing range: {3.5962532193846776e+01, 4.0202570256330240e+01}
===================================
  al = 2.8121207182680634e+00
  au = 5.6351752355082576e+00
  bl = 3.9999924959902953e+00
  bu = 7.5863943046644033e+00
  m = 122835, n = 1
  DRIFT : 122835
  Narrowing range: {1.1248461771000192e+01, 4.2750661312445729e+01}
===================================
  al = 2.9810231787993191e-01
  au = 1.0362718275422789e+00
  bl = 3.9999862399613311e+00
  bu = 6.4465564605460335e+00
  m = 179093, n = 0
  DRIFT : 179093
  Narrowing range: {1.1924051696401896e+00, 6.6803848447245233e+00}
===================================
  al = 6.4871326595894752e-01
  au = 1.1218329300701755e+00
  bl = 1.2499988098649328e-01
  bu = 1.5393989364464813e-01
  m = 724617, n = 0
  DRIFT : 724617
  Narrowing range: {8.1089081044255842e-02, 1.7269484194206680e-01}
===================================
  al = 7.1639843577777178e+00
  au = 9.4996897536989202e+00
  bl = 3.7637286646183177e+00
  bu = 3.9999865591939310e+00
  m = 0, n = 233391
  DRIFT : 233391
  Narrowing range: {2.6963293280245246e+01, 3.7998631330478815e+01}
===================================
  al = 5.6964908567076922e+00
  au = 9.1891351898619398e+00
  bl = 3.4761128055647306e+00
  bu = 3.9999966435132310e+00
  m = 0, n = 136271
  DRIFT : 136271
  Narrowing range: {1.9801644813784012e+01, 3.6756509915752943e+01}
===================================
  al = 1.0783354508710383e+00
  au = 5.3488006310529368e+00
  bl = 7.9999803903241196e+00
  bu = 7.9999803903241196e+00
  m = 131089, n = 0
  DRIFT : 131089
  Narrowing range: {8.6266624612760552e+00, 4.2790300160176770e+01}
===================================
  al = 3.0461150725639302e-01
  au = 2.4923547557067676e+00
  bl = 7.9999760978864138e+00
  bu = 7.9999760978864138e+00
  m = 0, n = 226305
  DRIFT : 226305
  Narrowing range: {2.4368847771922981e+00, 1.9938778472705675e+01}
===================================
  al = 2.2431258555601119e-01
  au = 8.6816765632149924e+00
  bl = 2.6500365261870457e-01
  bu = 9.9999776617381075e-01
  m = 0, n = 138335
  DRIFT : 138335
  Narrowing range: {5.9443654500688635e-02, 8.6816571697356526e+00}
===================================
  al = 4.9732928895822912e+00
  au = 9.8706970338793312e+00
  bl = 1.9999969325448905e+00
  bu = 2.9004673732853008e+00
  m = 274839, n = 0
  DRIFT : 274839
  Narrowing range: {9.9465705240560034e+00, 2.8629634698350994e+01}
===================================
  al = 6.9668840818637880e+00
  au = 9.4771272720054025e+00
  bl = 1.7323325454876868e+00
  bu = 1.9999973677476559e+00
  m = 0, n = 359715
  DRIFT : 359715
  Narrowing range: {1.2068960035652742e+01, 1.8954229597181346e+01}
===================================
  al = 5.1702456234268179e-01
  au = 5.9673854737852148e+00
  bl = 9.9999877032421081e-01
  bu = 5.7113312729969152e+00
  m = 569469, n = 0
  DRIFT : 569469
  Narrowing range: {5.1702392660170693e-01, 3.4081715274457011e+01}
===================================
  al = 3.3208416659544668e+00
  au = 9.7181789224493684e+00
  bl = 9.7356194133219587e-01
  bu = 1.9999964057916599e+00
  m = 0, n = 164329
  DRIFT : 164329
  Narrowing range: {3.2330450591634743e+00, 1.9436322915447096e+01}
===================================
  al = 4.7359805352341535e+00
  au = 5.3498060439112685e+00
  bl = 9.9999611755525863e-01
  bu = 2.0891132946002466e+00
  m = 204139, n = 0
  DRIFT : 204139
  Narrowing range: {4.7359621481420850e+00, 1.1176350929867782e+01}
===================================
  al = 2.5728981437416545e+00
  au = 8.0663851524255783e+00
  bl = 1.2225455029691357e-02
  bu = 1.2499999761093683e-01
  m = 0, n = 9917151
  DRIFT : 9917151
  Narrowing range: {3.1454850552289963e-02, 1.0082981236810686e+00}
===================================
  al = 1.4772107985637819e+00
  au = 4.6919486030065496e+00
  bl = 4.9999956576868021e-01
  bu = 6.5734810595245765e+00
  m = 132255, n = 0
  DRIFT : 132255
  Narrowing range: {7.3860475783803792e-01, 3.0842435274126352e+01}
===================================
  al = 1.9742564276794325e-01
  au = 2.4558409273826026e-01
  bl = 1.9999942211096631e+00
  bu = 1.9999942211096631e+00
  m = 120635, n = 0
  DRIFT : 120635
  Narrowing range: {3.9485014463809553e-01, 4.9116676627298012e-01}
===================================
  al = 1.0648332844704940e+00
  au = 2.9802342086936076e+00
  bl = 1.9999881458043722e+00
  bu = 8.3074942998769785e+00
  m = 136331, n = 0
  DRIFT : 136331
  Narrowing range: {2.1296539462291944e+00, 2.4758278701020522e+01}
===================================
  al = 4.8547137961905801e-01
  au = 5.6461594660012251e+00
  bl = 7.9289953433271432e+00
  bu = 7.9999875271272858e+00
  m = 0, n = 121915
  DRIFT : 121915
  Narrowing range: {3.8493003083181145e+00, 4.5169205303748328e+01}
===================================
  al = 6.2879256675789863e+00
  au = 9.3880537109364148e+00
  bl = 6.5389461776239139e+00
  bu = 7.9999708462537678e+00
  m = 0, n = 193115
  DRIFT : 193115
  Narrowing range: {4.1116407509198908e+01, 7.5104155989183653e+01}
===================================
  al = 1.9412996968828427e+00
  au = 2.3535218240334470e+00
  bl = 7.6894018273165212e+00
  bu = 7.9999764020282278e+00
  m = 0, n = 226933
  DRIFT : 226933
  Narrowing range: {1.4927433436579939e+01, 1.8828119053522894e+01}
===================================
  al = 1.3650309390807344e-01
  au = 2.9200682791286436e-01
  bl = 1.9999895595366737e+00
  bu = 3.3453006643139620e+00
  m = 116765, n = 0
  DRIFT : 116765
  Narrowing range: {2.7300476266384188e-01, 9.7685063540111794e-01}
===================================
  al = 5.8148761020492629e-02
  au = 2.4634672230281849e+00
  bl = 7.6300924645111792e+00
  bu = 7.9999723542115397e+00
  m = 0, n = 165111
  DRIFT : 165111
  Narrowing range: {4.4368042328312218e-01, 1.9707669679438457e+01}
===================================
  al = 3.0166292551507734e+00
  au = 9.2145993511629314e+00
  bl = 1.5040672458667963e+00
  bu = 3.9999889735256700e+00
  m = 1, n = 137961
  DRIFT : 137961
  Narrowing range: {4.5372132555958293e+00, 3.6858295799618382e+01}
===================================
  al = 9.9585489552411632e-01
  au = 2.0682817943015488e+00
  bl = 7.9999685008650019e+00
  bu = 7.9999685008650019e+00
  m = 0, n = 127939
  DRIFT : 127939
  Narrowing range: {7.9668077956251375e+00, 1.6546189205097672e+01}
===================================
  al = 8.1020700480514325e+00
  au = 8.1981427265478821e+00
  bl = 1.9999925234313212e+00
  bu = 2.9384697772692481e+00
  m = 251465, n = 0
  DRIFT : 251465
  Narrowing range: {1.6204079520866401e+01, 2.4089994631700662e+01}
===================================
  al = 2.2523806370431600e+00
  au = 3.3249223786284903e+00
  bl = 1.9999956858497194e+00
  bu = 2.1919589581836614e+00
  m = 304301, n = 0
  DRIFT : 304301
  Narrowing range: {4.5047515571128995e+00, 7.2880933931000476e+00}
===================================
  al = 1.0276853850130179e+00
  au = 1.3974190172279295e+00
  bl = 1.2974710605723014e+00
  bu = 7.9999966287511795e+00
  m = 0, n = 648485
  DRIFT : 648485
  Narrowing range: {1.3333920464274942e+00, 1.1179347426200252e+01}
===================================
  al = 2.6732330496965524e+00
  au = 2.7624023242336788e+00
  bl = 2.0059963264626879e-01
  bu = 9.9999890422019055e-01
  m = 0, n = 305011
  DRIFT : 305011
  Narrowing range: {5.3624956774699317e-01, 2.7623992971812603e+00}
===================================
  al = 2.2418978989096772e+00
  au = 4.7280433342909332e+00
  bl = 3.9999810283438055e+00
  bu = 3.9999810283438055e+00
  m = 0, n = 116593
  DRIFT : 116593
  Narrowing range: {8.9675490631225472e+00, 1.8912083638144011e+01}
===================================
  al = 2.2913198566636872e+00
  au = 2.3823950930872533e+00
  bl = 1.9999980699675293e+00
  bu = 2.3580952569386775e+00
  m = 863123, n = 0
  DRIFT : 863123
  Narrowing range: {4.5826352913889536e+00, 5.6179145691630312e+00}
===================================
  al = 1.7877085668665684e+00
  au = 2.5879800570950513e+00
  bl = 9.9999947088852037e-01
  bu = 3.1981196453990268e+00
  m = 158103, n = 0
  DRIFT : 158103
  Narrowing range: {1.7877076209869964e+00, 8.2766698624965791e+00}
===================================
  al = 5.1298479511899731e-01
  au = 7.0537110070438547e-01
  bl = 7.9999456813289971e+00
  bu = 7.9999456813289971e+00
  m = 130645, n = 0
  DRIFT : 130645
  Narrowing range: {4.1038504963576807e+00, 5.6429304908143294e+00}
===================================
  al = 2.0151021200028350e+00
  au = 6.5635163794452556e+00
  bl = 1.9999961310513696e+00
  bu = 5.5700468610798017e+00
  m = 500745, n = 1
  DRIFT : 500745
  Narrowing range: {4.0301964439014579e+00, 3.6559093806974907e+01}
===================================
  al = 1.1166608638445701e-01
  au = 3.8007402905875393e-01
  bl = 1.8817224913323081e+00
  bu = 1.9999940746957559e+00
  m = 0, n = 107375
  DRIFT : 107375
  Narrowing range: {2.1012458626868916e-01, 7.6014580605728987e-01}
===================================
  al = 1.0497368154673030e+00
  au = 2.1851710361179606e+00
  bl = 1.5334041823892588e+00
  bu = 3.9999871031185452e+00
  m = 0, n = 116323
  DRIFT : 116323
  Narrowing range: {1.6096708232455441e+00, 8.7406559624767155e+00}
===================================
  al = 6.0149284200322350e+00
  au = 6.2620886325468934e+00
  bl = 7.9999903975183075e+00
  bu = 7.9999903975183075e+00
  m = 0, n = 291351
  DRIFT : 291351
  Narrowing range: {4.8119369602017848e+01, 5.0096648927748610e+01}
===================================
  al = 1.1370486163889661e+00
  au = 8.8513028338494468e+00
  bl = 2.1582945982047796e+00
  bu = 7.9999896209894157e+00
  m = 0, n = 465409
  DRIFT : 465409
  Narrowing range: {2.4540858866485245e+00, 7.0810330799722848e+01}
===================================
  al = 2.2279539083789905e+00
  au = 8.4126439266590189e+00
  bl = 1.9999911969016204e+00
  bu = 9.4364857028265519e+00
  m = 178289, n = 0
  DRIFT : 178289
  Narrowing range: {4.4558882039397165e+00, 7.9385794136888450e+01}
===================================
  al = 2.3090496902934485e+00
  au = 6.6856242977126046e+00
  bl = 4.9999877048744079e-01
  bu = 5.1764245245449718e+00
  m = 188543, n = 0
  DRIFT : 188543
  Narrowing range: {1.1545220061620627e+00, 3.4607629576573281e+01}
===================================
  al = 5.0471660968127399e+00
  au = 5.3095849701324465e+00
  bl = 3.5831581605406706e+00
  bu = 7.9999710529214596e+00
  m = 0, n = 133221
  DRIFT : 133221
  Narrowing range: {1.8084794387398773e+01, 4.2476526063613129e+01}
===================================
  al = 1.0927979627829294e+00
  au = 1.2356194940722849e+00
  bl = 1.9999902128795164e+00
  bu = 4.3536633072485760e+00
  m = 142733, n = 0
  DRIFT : 142733
  Narrowing range: {2.1855852302522258e+00, 5.3794712530635564e+00}
===================================
  al = 1.8862234467874558e-01
  au = 2.2922232275670744e+00
  bl = 7.9999576800127894e+00
  bu = 7.9999576800127894e+00
  m = 0, n = 156469
  DRIFT : 156469
  Narrowing range: {1.5089707749347503e+00, 1.8337688813400977e+01}
===================================
  al = 1.1489847244122566e+00
  au = 1.3409893042983487e+00
  bl = 4.9999841962437824e-01
  bu = 6.6115428170740209e+00
  m = 162595, n = 3
  DRIFT : 162595
  Narrowing range: {5.7449054638770591e-01, 8.8660082026068334e+00}
===================================
  al = 1.3802581021404268e+00
  au = 3.5926554478625010e+00
  bl = 3.8908121250022859e-01
  bu = 3.9999988614564215e+00
  m = 1, n = 491681
  DRIFT : 491681
  Narrowing range: {5.3703249594406166e-01, 1.4370617700618514e+01}
===================================
  al = 1.8278048464860905e-01
  au = 9.3093675181271589e+00
  bl = 6.5911839191745869e-01
  bu = 9.9999473493162827e-01
  m = 0, n = 142291
  DRIFT : 142291
  Narrowing range: {1.2047397911548494e-01, 9.3093185035442989e+00}
===================================
  al = 4.2864765611610203e+00
  au = 9.4822032051762051e+00
  bl = 2.2334811894604310e-02
  bu = 2.4999872386050842e-01
  m = 0, n = 109645
  DRIFT : 109645
  Narrowing range: {9.5737647684161736e-02, 2.3705387006557279e+00}
===================================
  al = 1.0121785225537507e+00
  au = 5.8432839144724795e+00
  bl = 7.9999916618822855e+00
  bu = 7.9999916618822855e+00
  m = 597131, n = 0
  DRIFT : 597131
  Narrowing range: {8.0974197412966955e+00, 4.6746222593790719e+01}
===================================
  al = 3.2760609743805875e+00
  au = 3.3831566001849138e+00
  bl = 9.9999848722627505e-01
  bu = 9.9999848722627505e-01
  m = 0, n = 187093
  DRIFT : 187093
  Narrowing range: {3.2760560184416243e+00, 3.3831514821929587e+00}
===================================
  al = 1.1385877687432258e+00
  au = 1.8336651252726028e+00
  bl = 9.9999663660211979e-01
  bu = 9.9999663660211979e-01
  m = 142061, n = 0
  DRIFT : 142061
  Narrowing range: {1.1385839392353099e+00, 1.8336589579272076e+00}
===================================
  al = 3.9846096602495489e-02
  au = 3.3157276362901458e+00
  bl = 3.1341294414842960e+00
  bu = 7.9999964526973084e+00
  m = 0, n = 141047
  DRIFT : 141047
  Narrowing range: {1.2488282449010848e-01, 2.6525809328181047e+01}
===================================
  al = 2.5018110463058907e+00
  au = 4.1196337665524752e+00
  bl = 3.9999991660621133e+00
  bu = 3.9999991660621133e+00
  m = 478937, n = 4469147
  DRIFT : 4469147
  Narrowing range: {1.0007242099293927e+01, 1.6478531622752424e+01}
===================================
  al = 2.1790143476190953e+00
  au = 2.6559814730055900e+00
  bl = 9.9999595786993911e-01
  bu = 7.9099115153307586e+00
  m = 101445, n = 0
  DRIFT : 101445
  Narrowing range: {2.1790055397822230e+00, 2.1008578437832067e+01}
===================================
  al = 1.2417667528167344e+00
  au = 2.5186256461985543e+00
  bl = 3.9999985525592612e+00
  bu = 8.5881350730010322e+00
  m = 1725077, n = 0
  DRIFT : 1725077
  Narrowing range: {4.9670652146492396e+00, 2.1630297247877692e+01}
===================================
  al = 8.5712869310590776e+00
  au = 9.7704109964888222e+00
  bl = 7.9999728740085772e+00
  bu = 8.8491657508205499e+00
  m = 240157, n = 0
  DRIFT : 240157
  Narrowing range: {6.8570062945523262e+01, 8.6459986361569364e+01}
===================================
  al = 6.4732119194191917e-01
  au = 7.9595433406664373e+00
  bl = 4.9999858680749631e-01
  bu = 3.6901396416936016e+00
  m = 212069, n = 0
  DRIFT : 212069
  Narrowing range: {3.2365968118738975e-01, 2.9371826411171540e+01}
===================================
  al = 2.6673497253756456e-01
  au = 3.0376833362451167e-01
  bl = 7.9999443902136287e+00
  bu = 8.2039642814206459e+00
  m = 101747, n = 0
  DRIFT : 101747
  Narrowing range: {2.1338649472482683e+00, 2.4921045588821640e+00}
===================================
  al = 1.6923525814667322e+00
  au = 9.4919919715030048e+00
  bl = 3.9999882826669513e+00
  bu = 3.9999882826669513e+00
  m = 0, n = 155465
  DRIFT : 155465
  Narrowing range: {6.7693904960080955e+00, 3.7967856664628471e+01}
===================================
  al = 3.0252514724108964e-01
  au = 4.7714946952478936e+00
  bl = 2.1787576044895740e+00
  bu = 7.9999939625968519e+00
  m = 0, n = 762927
  DRIFT : 762927
  Narrowing range: {6.5912896510085217e-01, 3.8171928751835594e+01}
===================================
  al = 1.0651824304907018e+00
  au = 9.1012060847403280e+00
  bl = 2.6393413811255675e+00
  bu = 7.9999881396738504e+00
  m = 0, n = 514473
  DRIFT : 514473
  Narrowing range: {2.8113800672420179e+00, 7.2809540730994556e+01}
===================================
  al = 5.2171532919370955e-01
  au = 2.4375210121082609e+00
  bl = 1.8282966305655641e+00
  bu = 3.9999997783141024e+00
  m = 0, n = 8350667
  DRIFT : 8350667
  Narrowing range: {9.5385037847926324e-01, 9.7500835006521278e+00}
===================================
  al = 1.7765438908959200e-01
  au = 1.0310496235339561e+00
  bl = 3.9999922462426940e+00
  bu = 3.9999922462426940e+00
  m = 202743, n = 0
  DRIFT : 202743
  Narrowing range: {7.1061617888060513e-01, 4.1241904996272734e+00}
===================================
  al = 2.1350666937502303e+00
  au = 3.8862639834841008e+00
  bl = 3.9999986727210297e+00
  bu = 6.0219909837742760e+00
  m = 381961, n = 0
  DRIFT : 381961
  Narrowing range: {8.5402639415110482e+00, 2.3403046669107958e+01}
===================================
  al = 2.1133717414051305e+00
  au = 9.4077002944300840e+00
  bl = 4.9999804220845112e-01
  bu = 7.8829422896849299e-01
  m = 188567, n = 0
  DRIFT : 188567
  Narrowing range: {1.0566817331821654e+00, 7.4160358499644277e+00}
===================================
  al = 1.1021686650395923e+00
  au = 9.3222640050136132e+00
  bl = 9.9229583076945987e-02
  bu = 2.4999841839156614e-01
  m = 0, n = 113053
  DRIFT : 113053
  Narrowing range: {1.0936773711235288e-01, 2.3305512570569276e+00}
===================================
  al = 2.9382168022573080e-01
  au = 3.5848134611186948e+00
  bl = 7.9999520200741072e+00
  bu = 7.9999520200741072e+00
  m = 103805, n = 0
  DRIFT : 103805
  Narrowing range: {2.3505593442864527e+00, 2.8678335689865353e+01}
===================================
  al = 2.1955910770046931e+00
  au = 4.4171064113328331e+00
  bl = 1.9999998862625770e+00
  bu = 3.3227181209359085e+00
  m = 6145757, n = 0
  DRIFT : 6145757
  Narrowing range: {4.3911819070177796e+00, 1.4676799515037786e+01}
===================================
  al = 4.5743564105982770e+00
  au = 4.7807181389479290e+00
  bl = 6.5228258883334354e+00
  bu = 7.9999921806507182e+00
  m = 0, n = 624851
  DRIFT : 624851
  Narrowing range: {2.9837730417514450e+01, 3.8245707727258569e+01}
===================================
  al = 2.6431656755123707e+00
  au = 3.7036625464063477e+00
  bl = 7.9999966985295181e+00
  bu = 8.0582520431871245e+00
  m = 1204879, n = 0
  DRIFT : 1204879
  Narrowing range: {2.1145316679905804e+01, 2.9845046281854582e+01}
===================================
  al = 2.6971921937403600e+00
  au = 4.3040905975019648e+00
  bl = 1.9999946069543579e+00
  bu = 6.7788930460518673e+00
  m = 106167, n = 0
  DRIFT : 106167
  Narrowing range: {5.3943698414472614e+00, 2.9176969820983295e+01}
===================================
  al = 5.0797117882262128e+00
  au = 7.8513962702685935e+00
  bl = 1.9999996574455559e+00
  bu = 6.3445478471961643e+00
  m = 2178931, n = 0
  DRIFT : 2178931
  Narrowing range: {1.0159421838309857e+01, 4.9813559304016600e+01}
===================================
  al = 5.0144913402905067e-01
  au = 4.8184450723088839e+00
  bl = 7.7243424678024808e-01
  bu = 7.9999875296287506e+00
  m = 0, n = 258719
  DRIFT : 258719
  Narrowing range: {3.8733648414233740e-01, 3.8547500489753020e+01}
===================================
  al = 5.1630092443505238e-01
  au = 1.5968780325460297e+00
  bl = 7.9999566253216630e+00
  bu = 8.6250465980929398e+00
  m = 102309, n = 0
  DRIFT : 102309
  Narrowing range: {4.1303850011393308e+00, 1.3773147442180480e+01}
===================================
  al = 5.2719377575432724e-01
  au = 3.5226429403304627e+00
  bl = 7.9999350833137743e+00
  bu = 7.9999350833137743e+00
  m = 107553, n = 0
  DRIFT : 107553
  Narrowing range: {4.2175159824094601e+00, 2.8180914844337259e+01}
===================================
  al = 6.4895402907318267e-01
  au = 2.6575120187315875e+00
  bl = 3.9999988017504151e+00
  bu = 3.9999988017504151e+00
  m = 0, n = 1788373
  DRIFT : 1788373
  Narrowing range: {2.5958153386838347e+00, 1.0630044888975283e+01}
===================================
  al = 3.3915028551054802e+00
  au = 8.5826859047347384e+00
  bl = 2.0163559466228628e-01
  bu = 4.9999817410607111e-01
  m = 0, n = 219307
  DRIFT : 219307
  Narrowing range: {6.8384769498803522e-01, 4.2913272811958905e+00}
===================================
  al = 1.5790173492793567e+00
  au = 2.2588597809836535e+00
  bl = 1.2991318804145321e-01
  bu = 2.4999992223810652e-01
  m = 0, n = 155853
  DRIFT : 155853
  Narrowing range: {2.0513517781764606e-01, 5.6471476958404809e-01}
===================================
  al = 6.9183156876076668e-01
  au = 3.1363028236247419e+00
  bl = 3.9999989113423315e+00
  bu = 8.2906476598740895e+00
  m = 1216157, n = 0
  DRIFT : 1216157
  Narrowing range: {2.7673255221453652e+00, 2.6001981665340967e+01}
===================================
  al = 1.8507705889374626e+00
  au = 8.4914389137112707e+00
  bl = 1.2150740421192052e+00
  bu = 7.9999929077716958e+00
  m = 0, n = 514205
  DRIFT : 514205
  Narrowing range: {2.2488233005355847e+00, 6.7931451082813112e+01}
===================================
  al = 2.1169533374259371e+00
  au = 3.9089303329806135e+00
  bl = 9.9999849679684538e-01
  bu = 4.7926518809461749e+00
  m = 266105, n = 0
  DRIFT : 266105
  Narrowing range: {2.1169501552740893e+00, 1.8734142312847094e+01}
===================================
  al = 1.6817679395767096e-01
  au = 2.6498825746501153e-01
  bl = 2.9283779138293342e-01
  bu = 1.9999918335568767e+00
  m = 0, n = 184835
  DRIFT : 184835
  Narrowing range: {4.9248520904427023e-02, 5.2997435090822975e-01}
===================================
  al = 7.4331956723147019e-02
  au = 5.2606419044001940e-01
  bl = 7.9999807197827710e+00
  bu = 7.9999807197827710e+00
  m = 0, n = 107707
  DRIFT : 107707
  Narrowing range: {5.9465422064890350e-01, 4.2085033808404555e+00}
===================================
  al = 6.1158856351270074e-01
  au = 1.3285227664638839e+00
  bl = 3.9999765512285825e+00
  bu = 9.8762116462246343e+00
  m = 114565, n = 0
  DRIFT : 114565
  Narrowing range: {2.4463399130758141e+00, 1.3120772018425180e+01}
===================================
  al = 6.0677094672891885e+00
  au = 8.8401506528912588e+00
  bl = 3.9999887811849035e+00
  bu = 3.9999887811849035e+00
  m = 0, n = 226573
  DRIFT : 226573
  Narrowing range: {2.4270769796646182e+01, 3.5360503434744487e+01}
===================================
  al = 1.2619336923934723e+00
  au = 2.7883763894276274e+00
  bl = 9.9999825803150055e-01
  bu = 9.9999825803150055e-01
  m = 0, n = 331991
  DRIFT : 331991
  Narrowing range: {1.2619314941447317e+00, 2.7883715320900757e+00}
===================================
  al = 1.3817993937685921e-01
  au = 2.3462088743196703e+00
  bl = 2.4999951756947178e-01
  bu = 5.7118628811251482e-01
  m = 147581, n = 0
  DRIFT : 147581
  Narrowing range: {3.4544918182505685e-02, 1.3401223380592944e+00}
===================================
  al = 2.6030200868343747e+00
  au = 6.1787388250915303e+00
  bl = 1.9999958339240809e+00
  bu = 5.8510235130051571e+00
  m = 156613, n = 1
  DRIFT : 156613
  Narrowing range: {5.2060293293589988e+00, 3.6151946146328399e+01}
===================================
  al = 4.9255012594612397e+00
  au = 8.4985228854140296e+00
  bl = 1.3069953562729344e+00
  bu = 7.9999791696665863e+00
  m = 0, n = 178881
  DRIFT : 178881
  Narrowing range: {6.4376072734323300e+00, 6.7988006054975983e+01}
===================================
  al = 2.6838775693123013e-01
  au = 2.5315836920857788e+00
  bl = 3.9999972366201346e+00
  bu = 7.3139081134498429e+00
  m = 1302999, n = 0
  DRIFT : 1302999
  Narrowing range: {1.0735502862122588e+00, 1.8515770505423486e+01}
===================================
  al = 2.2485809513730572e+00
  au = 2.3820190685766600e+00
  bl = 4.9999995890932425e-01
  bu = 3.5464522408610870e+00
  m = 2762685, n = 0
  DRIFT : 2762685
  Narrowing range: {1.1242903835975375e+00, 8.4477168635275355e+00}
===================================
  al = 6.0815372362453790e-01
  au = 1.0946658974217327e+00
  bl = 1.2499932997815767e-01
  bu = 1.4865456138338601e-01
  m = 121521, n = 0
  DRIFT : 121521
  Narrowing range: {7.6018807977632136e-02, 1.6272707884257831e-01}
===================================
  al = 9.1803501494200981e-02
  au = 9.7759366471781323e-02
  bl = 3.9999984319321857e+00
  bu = 3.9999984319321857e+00
  m = 1006905, n = 0
  DRIFT : 1006905
  Narrowing range: {3.6721386205063522e-01, 3.9103731259380919e-01}
===================================
  al = 2.3820254393557998e+00
  au = 5.7133359445632612e+00
  bl = 9.9999374182460277e-01
  bu = 9.9999374182460277e-01
  m = 114723, n = 0
  DRIFT : 114723
  Narrowing range: {2.3820105322482732e+00, 5.7133001895048166e+00}
===================================
  al = 5.8858503876420105e+00
  au = 9.7337482952396535e+00
  bl = 7.8124967060695018e-03
  bu = 1.2077353804247024e-01
  m = 184341, n = 0
  DRIFT : 184341
  Narrowing range: {4.5983186766510670e-02, 1.1755792200309561e+00}
===================================
  al = 1.1866437390929108e+00
  au = 1.3100908391824331e+00
  bl = 3.9999916955987671e+00
  bu = 4.1503790583100439e+00
  m = 367965, n = 0
  DRIFT : 367965
  Narrowing range: {4.7465651021693223e+00, 5.4373735834266022e+00}
===================================
  al = 2.1860967388447561e+00
  au = 3.2517679242934037e+00
  bl = 3.9999853085567572e+00
  bu = 7.4140441006746807e+00
  m = 128497, n = 0
  DRIFT : 128497
  Narrowing range: {8.7443548385769905e+00, 2.4108750795870662e+01}
===================================
  al = 4.3758079471852146e-01
  au = 5.6790244361105346e-01
  bl = 6.1115329387502437e-01
  bu = 1.9999916936321462e+00
  m = 1, n = 137657
  DRIFT : 137657
  Narrowing range: {2.6742894402867529e-01, 1.1358001700002223e+00}
===================================
  al = 5.8830343900257187e-01
  au = 5.0119494291887845e+00
  bl = 7.9999854714330523e+00
  bu = 7.9999854714330523e+00
  m = 127435, n = 247211
  DRIFT : 247211
  Narrowing range: {4.7064189648712684e+00, 4.0095522616189186e+01}
===================================
  al = 3.3617053183204120e+00
  au = 4.6299198250077263e+00
  bl = 1.4075564258517539e+00
  bu = 1.9999988370207222e+00
  m = 0, n = 930095
  DRIFT : 930095
  Narrowing range: {4.7317899226219113e+00, 9.2598342646885481e+00}
===================================
  al = 7.3301548162374064e-01
  au = 8.7074205013301043e-01
  bl = 3.9999942227492054e+00
  bu = 3.9999942227492054e+00
  m = 173195, n = 89661
  DRIFT : 173195
  Narrowing range: {2.9320576917191459e+00, 3.4829631700169319e+00}
===================================
  al = 1.4527998456519783e-01
  au = 2.1447482417802051e+00
  bl = 6.3526168691415841e-01
  bu = 9.9999346763993979e-01
  m = 0, n = 131841
  DRIFT : 131841
  Narrowing range: {9.2290808069750471e-02, 2.1447342314831768e+00}
===================================
  al = 2.8573170655006153e-01
  au = 3.5313084342786958e+00
  bl = 3.9999879609600297e+00
  bu = 3.9999879609600297e+00
  m = 189243, n = 0
  DRIFT : 189243
  Narrowing range: {1.1429233862858204e+00, 1.4125191223551395e+01}
===================================
  al = 1.6559679558403857e+00
  au = 8.4615266482767186e+00
  bl = 1.9999894784726018e+00
  bu = 1.9999894784726018e+00
  m = 0, n = 145441
  DRIFT : 145441
  Narrowing range: {3.3119184883685535e+00, 1.6922964268110622e+01}
===================================
  al = 1.9570663492204903e+00
  au = 4.4747789099461341e+00
  bl = 3.4620556758403405e+00
  bu = 3.9999701780016821e+00
  m = 0, n = 111779
  DRIFT : 111779
  Narrowing range: {6.7754726623149324e+00, 1.7898982192736852e+01}
===================================
  al = 1.3135059264690546e-01
  au = 4.0251501584583336e+00
  bl = 7.9999628606387905e+00
  bu = 7.9999628606387905e+00
  m = 0, n = 194067
  DRIFT : 194067
  Narrowing range: {1.0507998628981383e+00, 3.2201051775471548e+01}
===================================
  al = 1.0090121243809826e+00
  au = 3.2602354594655489e+00
  bl = 7.9999861536553096e+00
  bu = 9.9935396248333657e+00
  m = 285757, n = 0
  DRIFT : 285757
  Narrowing range: {8.0720830241719934e+00, 3.2581292250455775e+01}
===================================
  al = 3.5970519562723673e-02
  au = 1.0907057826025951e-01
  bl = 1.9999874114373817e+00
  bu = 5.8816897463127553e+00
  m = 132309, n = 0
  DRIFT : 132309
  Narrowing range: {7.1940586309227492e-02, 6.4151930177777128e-01}
===================================
  al = 3.3611792663525604e+00
  au = 8.7042405027391023e+00
  bl = 2.1353475970460840e+00
  bu = 7.9999687863539828e+00
  m = 0, n = 197871
  DRIFT : 197871
  Narrowing range: {7.1772860696470593e+00, 6.9633652329424962e+01}
===================================
  al = 8.5416818377033916e+00
  au = 8.8911113090869591e+00
  bl = 7.8915569072930403e+00
  bu = 7.9999910756936021e+00
  m = 31, n = 622027
  DRIFT : 622027
  Narrowing range: {6.7407168306227931e+01, 7.1128811121274367e+01}
===================================
  al = 2.8600036660031836e+00
  au = 8.2619966157108067e+00
  bl = 6.8846703371511913e+00
  bu = 7.9999938455275625e+00
  m = 0, n = 385801
  DRIFT : 385801
  Narrowing range: {1.9690182403475781e+01, 6.6095922074714721e+01}
===================================
  al = 7.0984167297557725e+00
  au = 8.8475321732247885e+00
  bl = 9.3351947779927447e-01
  bu = 9.9999774685498233e-01
  m = 0, n = 111911
  DRIFT : 111911
  Narrowing range: {6.6265102787632424e+00, 8.8475122383523566e+00}
===================================
  al = 1.1370222390090012e+00
  au = 8.8796379387363196e+00
  bl = 5.4432262096618438e-02
  bu = 2.4999982789725783e-01
  m = 0, n = 541225
  DRIFT : 541225
  Narrowing range: {6.1890692523421886e-02, 2.2199079563538651e+00}
===================================
  al = 3.0266252992151794e+00
  au = 9.0826278130521914e+00
  bl = 1.7266692215621435e-01
  bu = 7.9999902799251865e+00
  m = 1, n = 351927
  DRIFT : 351927
  Narrowing range: {5.2259807493561639e-01, 7.2660934218095093e+01}
===================================
  al = 5.2112220624859307e-01
  au = 5.4844487752016546e-01
  bl = 6.6518952675952088e+00
  bu = 7.9999967222515247e+00
  m = 0, n = 1957369
  DRIFT : 1957369
  Narrowing range: {3.4664503375837907e+00, 4.3875572216277163e+00}
===================================
  al = 5.4439531849964951e+00
  au = 7.2990025346845773e+00
  bl = 1.9999944733023867e+00
  bu = 3.5018648220096766e+00
  m = 158029, n = 1
  DRIFT : 158029
  Narrowing range: {1.0887876283050273e+01, 2.5560120211971384e+01}
===================================
  al = 7.0258963429129269e+00
  au = 8.5612104206211637e+00
  bl = 1.3093745165515118e+00
  bu = 1.9999913140099566e+00
  m = 0, n = 189791
  DRIFT : 189791
  Narrowing range: {9.1995296273426490e+00, 1.7122346478316718e+01}
===================================
  al = 7.6111561557340313e-01
  au = 1.7757532291058529e+00
  bl = 1.9999979071679432e+00
  bu = 3.8182408261268970e+00
  m = 202645, n = 3
  DRIFT : 202645
  Narrowing range: {1.5222296382821452e+00, 6.7802534764986353e+00}
===================================
  al = 4.2190223843912431e+00
  au = 4.3784766809021995e+00
  bl = 3.9999874755804101e+00
  bu = 6.6540434775911166e+00
  m = 186481, n = 0
  DRIFT : 186481
  Narrowing range: {1.6876036697089628e+01, 2.9134574200342083e+01}
===================================
  al = 5.1735392436633032e-01
  au = 1.2688510786009459e+00
  bl = 4.9541668601516298e+00
  bu = 7.9999874832677147e+00
  m = 0, n = 353391
  DRIFT : 353391
  Narrowing range: {2.5630576670650664e+00, 1.0150792746624433e+01}
===================================
  al = 4.1053544972401053e+00
  au = 4.2981798970685361e+00
  bl = 2.4170124606524546e+00
  bu = 7.9999693392456415e+00
  m = 0, n = 240937
  DRIFT : 240937
  Narrowing range: {9.9226929752249280e+00, 3.4385307390254297e+01}
===================================
  al = 2.8111175721563022e+00
  au = 4.4091409239338182e+00
  bl = 7.9999999265160104e+00
  bu = 7.9999999265160104e+00
  m = 0, n = 15705301
  DRIFT : 15705301
  Narrowing range: {2.2488940370678282e+01, 3.5273127011672841e+01}
===================================
  al = 1.1198659185322464e+00
  au = 4.7028304948581594e+00
  bl = 9.9999708163366474e-01
  bu = 1.9779535780072548e+00
  m = 162823, n = 5
  DRIFT : 162823
  Narrowing range: {1.1198626503713267e+00, 9.3019804040663203e+00}
===================================
  al = 1.3865578906999609e-01
  au = 3.8602127171238747e+00
  bl = 2.4999969887459100e-01
  bu = 3.8697927478845673e-01
  m = 554185, n = 0
  DRIFT : 554185
  Narrowing range: {3.4663905516640545e-02, 1.4938223178017751e+00}
===================================
  al = 2.5819380857599969e+00
  au = 3.4117451875135565e+00
  bl = 7.9999835356667113e+00
  bu = 8.4771764729430128e+00
  m = 220879, n = 0
  DRIFT : 220879
  Narrowing range: {2.0655462176583161e+01, 2.8921966035266468e+01}
===================================
  al = 3.4049373987121831e+00
  au = 8.4135282804042912e+00
  bl = 3.9999949061484337e+00
  bu = 3.9999949061484337e+00
  m = 0, n = 567777
  DRIFT : 567777
  Narrowing range: {1.3619732250603031e+01, 3.3654070262335807e+01}
===================================
  al = 2.7132586772532363e+00
  au = 4.2835829367819569e+00
  bl = 3.9999954341530555e+00
  bu = 9.6107290867399389e+00
  m = 460763, n = 0
  DRIFT : 460763
  Narrowing range: {1.0853022321098344e+01, 4.1168355125993244e+01}
===================================
  al = 1.9546411723092250e+00
  au = 4.0353801574985741e+00
  bl = 3.0358509449797157e+00
  bu = 7.9999780132513454e+00
  m = 0, n = 159177
  DRIFT : 159177
  Narrowing range: {5.9339992500512198e+00, 3.2282952534533834e+01}
===================================
  al = 3.3705658488609735e-01
  au = 8.1078331569849127e-01
  bl = 7.0060178952562007e+00
  bu = 7.9999988324921993e+00
  m = 0, n = 1518393
  DRIFT : 1518393
  Narrowing range: {2.3614244654259386e+00, 6.4862655783177825e+00}
===================================
  al = 1.6013782554216656e+00
  au = 9.2738618839923728e+00
  bl = 2.9848880716872541e+00
  bu = 7.9999583812302379e+00
  m = 0, n = 104327
  DRIFT : 104327
  Narrowing range: {4.7799348528674743e+00, 7.4190509104475140e+01}
===================================
  al = 1.6390773543463608e-01
  au = 6.5955645063875874e+00
  bl = 7.9999853486086607e+00
  bu = 7.9999853486086607e+00
  m = 373809, n = 0
  DRIFT : 373809
  Narrowing range: {1.3112594820422143e+00, 5.2764419416904012e+01}
===================================
  al = 2.2446095388934189e+00
  au = 4.2540899541870258e+00
  bl = 7.9999488908671230e+00
  bu = 9.8089818402669380e+00
  m = 130023, n = 0
  DRIFT : 130023
  Narrowing range: {1.7956761591331137e+01, 4.1728291107482548e+01}
===================================
  al = 4.2521964519502404e+00
  au = 5.0245540252348757e+00
  bl = 7.9999899772595997e+00
  bu = 7.9999899772595997e+00
  m = 0, n = 522979
  DRIFT : 522979
  Narrowing range: {3.4017528996940754e+01, 4.0196381840220390e+01}
===================================
  al = 5.2371452827562583e+00
  au = 6.8680350916101531e+00
  bl = 9.9999571419484723e-01
  bu = 8.0622000836753411e+00
  m = 156635, n = 0
  DRIFT : 156635
  Narrowing range: {5.2371228374415795e+00, 5.5371473090264558e+01}
===================================
  al = 2.1132138207800804e+00
  au = 3.0147314694641332e+00
  bl = 7.9999698467899041e+00
  bu = 7.9999698467899041e+00
  m = 217249, n = 0
  DRIFT : 217249
  Narrowing range: {1.6905646846446238e+01, 2.4117760851881684e+01}
===================================
  al = 1.3253329944570484e+00
  au = 5.2901024562320291e+00
  bl = 7.9999914372191308e+00
  bu = 8.6888276605138941e+00
  m = 484021, n = 0
  DRIFT : 484021
  Narrowing range: {1.0602652607550274e+01, 4.5964788548661346e+01}
===================================
  al = 4.3613508145551760e+00
  au = 6.1791908040173258e+00
  bl = 3.9999704701016636e+00
  bu = 3.9999704701016636e+00
  m = 111377, n = 0
  DRIFT : 111377
  Narrowing range: {1.7445274468172386e+01, 2.4716580745193060e+01}
===================================
  al = 2.1459310010782708e+00
  au = 5.2866150827982032e+00
  bl = 4.0417653197874870e+00
  bu = 7.9999922811603330e+00
  m = 0, n = 411531
  DRIFT : 411531
  Narrowing range: {8.6733494988149999e+00, 4.2292879854389369e+01}
===================================
  al = 4.4999818593859002e+00
  au = 4.8638357041997455e+00
  bl = 1.2811621142926208e+00
  bu = 7.9999747879308796e+00
  m = 0, n = 156303
  DRIFT : 156303
  Narrowing range: {5.7652062732492793e+00, 3.8910563005680700e+01}
===================================
  al = 8.4645866472274172e+00
  au = 9.2698292279307832e+00
  bl = 1.9999882035460297e+00
  bu = 3.2189337009728507e+00
  m = 156265, n = 0
  DRIFT : 156265
  Narrowing range: {1.6929073442625654e+01, 2.9838965704049539e+01}
===================================
  al = 2.0988113534395558e+00
  au = 3.5683577170932286e+00
  bl = 3.2865756352881825e+00
  bu = 3.9999959356542121e+00
  m = 0, n = 165447
  DRIFT : 165447
  Narrowing range: {6.8979022572806583e+00, 1.4273416365186311e+01}
===================================
  al = 7.3797285616930584e+00
  au = 9.6832522989638470e+00
  bl = 6.0865770323127477e-01
  bu = 1.9999999879623507e+00
  m = 1, n = 5789815
  DRIFT : 5789815
  Narrowing range: {4.4917286368303362e+00, 1.9366504471079320e+01}
===================================
  al = 1.1232157952580550e+00
  au = 1.3680982073898209e+00
  bl = 9.3510259807679616e-02
  bu = 3.9999922123081744e+00
  m = 0, n = 288165
  DRIFT : 288165
  Narrowing range: {1.0503220083467020e-01, 5.4723821751040864e+00}
===================================
  al = 5.1279494818859650e+00
  au = 8.6989115173140767e+00
  bl = 9.9999821492941943e-01
  bu = 1.3531037050325505e+00
  m = 232713, n = 0
  DRIFT : 232713
  Narrowing range: {5.1279403282375515e+00, 1.1770529403828004e+01}
===================================
  al = 4.6299850094810697e+00
  au = 9.0446242054065955e+00
  bl = 7.9999926042769003e+00
  bu = 9.1271223563472468e+00
  m = 412903, n = 0
  DRIFT : 412903
  Narrowing range: {3.7039845835228398e+01, 8.2551391789925987e+01}
===================================
  al = 7.5185852429062838e-01
  au = 4.0322227250957008e+00
  bl = 3.6350340648773960e-01
  bu = 3.9999867231243087e+00
  m = 0, n = 228007
  DRIFT : 228007
  Narrowing range: {2.7330313477648832e-01, 1.6128837364657901e+01}
===================================
  al = 4.3080230703140976e-01
  au = 8.2659718764070487e+00
  bl = 1.6103268004452946e+00
  bu = 7.9999665812545571e+00
  m = 0, n = 189651
  DRIFT : 189651
  Narrowing range: {6.9373250070634151e-01, 6.6127498771498864e+01}
===================================
  al = 1.0760950436909047e+00
  au = 3.7128168463360871e+00
  bl = 7.9999589256271015e+00
  bu = 7.9999589256271015e+00
  m = 142089, n = 0
  DRIFT : 142089
  Narrowing range: {8.6087161497243390e+00, 2.9702382269065048e+01}
===================================
  al = 8.0627309870200250e+00
  au = 8.5160296488630145e+00
  bl = 3.1249851292339551e-02
  bu = 1.0944626008898069e-01
  m = 172671, n = 0
  DRIFT : 172671
  Narrowing range: {2.5195914435930644e-01, 9.3204759587493236e-01}
===================================
  al = 1.8444360734495897e+00
  au = 5.2946935707750491e+00
  bl = 3.2775279812854876e+00
  bu = 7.9999799754975021e+00
  m = 0, n = 167569
  DRIFT : 167569
  Narrowing range: {6.0451908404233654e+00, 4.2357442542000435e+01}
===================================
  al = 9.3578026735145166e+00
  au = 9.7054143214007738e+00
  bl = 9.9999857815877624e-01
  bu = 3.0232990994608446e+00
  m = 443115, n = 0
  DRIFT : 443115
  Narrowing range: {9.3577893685984765e+00, 2.9342370377785343e+01}
===================================
  al = 2.9245323467971702e+00
  au = 6.6034619788434110e+00
  bl = 7.9999872853386078e+00
  bu = 7.9999872853386078e+00
  m = 265535, n = 0
  DRIFT : 265535
  Narrowing range: {2.3396221590410526e+01, 5.2827611869964208e+01}
===================================
  al = 7.4459332200531305e+00
  au = 9.6280409912060918e+00
  bl = 2.6870807475227250e+00
  bu = 3.9999909266890841e+00
  m = 0, n = 288109
  DRIFT : 288109
  Narrowing range: {2.0007823802944657e+01, 3.8512076605591375e+01}
===================================
  al = 2.9358603389868008e+00
  au = 8.9341992073129859e+00
  bl = 5.6594159867835083e+00
  bu = 7.9999968359090357e+00
  m = 0, n = 1870259
  DRIFT : 1870259
  Narrowing range: {1.6615254937425551e+01, 7.1473565376595914e+01}
===================================
  al = 1.0641986332616902e+00
  au = 1.2112113719285926e+00
  bl = 9.9431413757409748e-01
  bu = 9.9999787227846459e-01
  m = 0, n = 159605
  DRIFT : 159605
  Narrowing range: {1.0581477462391307e+00, 1.2112087947903529e+00}
===================================
  al = 1.6905794452660152e+00
  au = 9.8681811540692053e+00
  bl = 3.5906146358161899e+00
  bu = 3.9999932502539277e+00
  m = 0, n = 338325
  DRIFT : 338325
  Narrowing range: {6.0702192991821695e+00, 3.9472658007357865e+01}
