===================================
  al = 9.1738705275604040e-03
  au = 7.5517976982960033e-02
  bl = 5.1464412537985539e-02
  bu = 6.2499697224561890e-02
  m = 0, n = 112467
  DRIFT : 112467
  Narrowing range from: {4.7212785740043567e-04, 4.7198506964464355e-03}
                  to  : {4.7212785740043567e-04, 4.7198506963976612e-03}
===================================
  al = 1.7251489108782509e-02
  au = 3.9702114887261851e-02
  bl = 6.2499927698311489e-02
  bu = 6.2499927698311489e-02
  m = 703397, n = 0
  DRIFT : 703397
  Narrowing range from: {1.0782168219871150e-03, 2.4813793099239217e-03}
                  to  : {1.0782168220633773e-03, 2.4813793099239217e-03}
===================================
  al = 2.5962204602085519e-02
  au = 4.6742854953447141e-02
  bl = 5.0585487354212434e-03
  bu = 3.1249960676455198e-02
  m = 1, n = 213647
  DRIFT : 213648
  Narrowing range from: {1.3133107725862730e-04, 1.4607123792004721e-03}
                  to  : {1.3133107725862730e-04, 1.4607123791773086e-03}
===================================
  al = 1.6940948802255291e-02
  au = 1.7164115072040572e-02
  bl = 7.8124963780219596e-03
  bu = 7.8124963780219596e-03
  m = 0, n = 481753
  DRIFT : 481753
  Narrowing range from: {1.3235110115787492e-04, 1.3409458683226908e-04}
                  to  : {1.3235110115787492e-04, 1.3409458682574012e-04}
===================================
  al = 1.6579641040237448e-02
  au = 3.7121931672228749e-02
  bl = 2.3883759276184136e-02
  bu = 3.1249863031430632e-02
  m = 0, n = 148257
  DRIFT : 148257
  Narrowing range from: {3.9598415549057435e-04, 1.1600552802192750e-03}
                  to  : {3.9598415549057435e-04, 1.1600552802032010e-03}
===================================
  al = 1.7783765429064031e-02
  au = 4.7085998956115788e-02
  bl = 6.2499969309632045e-02
  bu = 6.2499969309632045e-02
  m = 0, n = 834871
  DRIFT : 834871
  Narrowing range from: {1.1114847935261973e-03, 2.9428734896706030e-03}
                  to  : {1.1114847935261973e-03, 2.9428734894895695e-03}
===================================
  al = 2.0024081116319651e-02
  au = 4.6126063703761849e-02
  bl = 3.1249904916980785e-02
  bu = 3.6337508216078000e-02
  m = 120553, n = 0
  DRIFT : 120553
  Narrowing range from: {6.2575063093489960e-04, 1.6761062188107834e-03}
                  to  : {6.2575063094143474e-04, 1.6761062188107834e-03}
===================================
  al = 1.0788935279932779e-06
  au = 1.4123041012245379e-04
  bl = 1.5624956266063427e-02
  bu = 6.5885880758921864e-02
  m = 151417, n = 0
  DRIFT : 151417
  Narrowing range from: {1.6857664190633847e-08, 9.3050899608616223e-06}
                  to  : {1.6857664190884344e-08, 9.3050899608616223e-06}
===================================
  al = 1.9362017760761935e-02
  au = 9.6571275568803489e-02
  bl = 3.1249829854479126e-02
  bu = 3.5279197622301230e-02
  m = 119309, n = 0
  DRIFT : 119309
  Narrowing range from: {6.0505976066321343e-04, 3.4069571154295292e-03}
                  to  : {6.0505976066968113e-04, 3.4069571154295292e-03}
===================================
  al = 4.1550853365581515e-02
  au = 7.5190198309269499e-02
  bl = 2.0378980071000551e-03
  bu = 7.8124687126199972e-03
  m = 0, n = 165883
  DRIFT : 165883
  Narrowing range from: {8.4676401267025182e-05, 5.8742107178686093e-04}
                  to  : {8.4676401267025182e-05, 5.8742107177786845e-04}
===================================
  al = 1.2777941266895642e-02
  au = 6.8174810251448434e-02
  bl = 4.9858141591621698e-02
  bu = 6.2499545637227073e-02
  m = 0, n = 119939
  DRIFT : 119939
  Narrowing range from: {6.3708440493430885e-04, 4.2608946646196973e-03}
                  to  : {6.3708440493430885e-04, 4.2608946645676824e-03}
===================================
  al = 1.2156028139889735e-03
  au = 1.5636522923249421e-02
  bl = 1.5624933368770428e-02
  bu = 8.0008325907423017e-02
  m = 105093, n = 0
  DRIFT : 105093
  Narrowing range from: {1.8993712971467546e-05, 1.2510520221022305e-03}
                  to  : {1.8993712971645579e-05, 1.2510520221022305e-03}
===================================
  al = 5.0307491076380537e-02
  au = 8.2312481388314040e-02
  bl = 3.7464012364369420e-03
  bu = 1.5624919433347963e-02
  m = 0, n = 119521
  DRIFT : 119521
  Narrowing range from: {1.8847204677059247e-04, 1.2861258900513605e-03}
                  to  : {1.8847204677059247e-04, 1.2861258900384021e-03}
===================================
  al = 4.0614087419124627e-03
  au = 3.4203225485873574e-02
  bl = 6.2499919607124046e-02
  bu = 6.2499919607124046e-02
  m = 510121, n = 505311
  DRIFT : 1015432
  Narrowing range from: {2.5383771986119976e-04, 2.1376988431714345e-03}
                  to  : {2.5383771987502659e-04, 2.1376988430618629e-03}
===================================
  al = 1.9221487429991930e-02
  au = 3.2197229016402720e-02
  bl = 2.9217350259360420e-05
  bu = 6.1035051002031070e-05
  m = 9, n = 276413
  DRIFT : 276422
  Narrowing range from: {5.6160093074796782e-07, 1.9651595151402145e-06}
                  to  : {5.6160093074796825e-07, 1.9651595150816820e-06}
===================================
  al = 1.7527990978700045e-02
  au = 2.5471368636247584e-02
  bl = 6.2499984876478475e-02
  bu = 7.9506438223339720e-02
  m = 2909433, n = 0
  DRIFT : 2909433
  Narrowing range from: {1.0954991710838040e-03, 2.0251377969417316e-03}
                  to  : {1.0954991713992453e-03, 2.0251377969417316e-03}
===================================
  al = 2.0519328967542761e-02
  au = 3.5438950676363760e-02
  bl = 7.8124967577543197e-03
  bu = 2.0662739866983901e-02
  m = 995699, n = 0
  DRIFT : 995699
  Narrowing range from: {1.6030719103022213e-04, 7.3226581898457759e-04}
                  to  : {1.6030719104371635e-04, 7.3226581898457759e-04}
===================================
  al = 3.2548727817687660e-02
  au = 5.0440838469880900e-02
  bl = 6.2499731988085727e-02
  bu = 6.2499731988085727e-02
  m = 198335, n = 0
  DRIFT : 198335
  Narrowing range from: {2.0342867651586293e-03, 3.1525388856218804e-03}
                  to  : {2.0342867652016362e-03, 3.1525388856218804e-03}
===================================
  al = 3.3048725894242709e-02
  au = 8.2448292585064212e-02
  bl = 2.1029203763660810e-03
  bu = 1.5624962666022335e-02
  m = 0, n = 125879
  DRIFT : 125879
  Narrowing range from: {6.9498839095940318e-05, 1.2882514935189143e-03}
                  to  : {6.9498839095940318e-05, 1.2882514935052666e-03}
===================================
  al = 3.5284830216097088e-02
  au = 4.4198611374295871e-02
  bl = 3.9062272783484463e-03
  bu = 1.3181015517750319e-02
  m = 104027, n = 0
  DRIFT : 104027
  Narrowing range from: {1.3783056630201196e-04, 5.8258258238760960e-04}
                  to  : {1.3783056630342177e-04, 5.8258258238760960e-04}
===================================
  al = 2.0490650007963023e-03
  au = 2.6901779327041471e-02
  bl = 6.2499515031590659e-02
  bu = 6.2499515031590659e-02
  m = 109441, n = 0
  DRIFT : 109441
  Narrowing range from: {1.2806556881797483e-04, 1.6813481614269632e-03}
                  to  : {1.2806556881945802e-04, 1.6813481614269632e-03}
===================================
  al = 1.0617536174413189e-02
  au = 4.6561077386227674e-02
  bl = 7.8124688062323694e-03
  bu = 3.5993639139012518e-02
  m = 101797, n = 0
  DRIFT : 101797
  Narrowing range from: {8.2949170161646812e-05, 1.6759026173635151e-03}
                  to  : {8.2949170162336609e-05, 1.6759026173635151e-03}
===================================
  al = 2.0402573014470626e-02
  au = 2.0619419641106116e-02
  bl = 7.8124952262793815e-03
  bu = 3.9285030425572798e-02
  m = 877181, n = 0
  DRIFT : 877181
  Narrowing range from: {1.5939500427936831e-04, 8.1003452795850716e-04}
                  to  : {1.5939500429125632e-04, 8.1003452795850716e-04}
===================================
  al = 8.1017016344868860e-03
  au = 9.3783190511307051e-03
  bl = 1.5624883958149011e-02
  bu = 6.6106499969940655e-02
  m = 116903, n = 0
  DRIFT : 116903
  Narrowing range from: {1.2658814790240377e-04, 6.1996784807166587e-04}
                  to  : {1.2658814790398809e-04, 6.1996784807166587e-04}
===================================
  al = 5.0842438173274052e-02
  au = 7.9201469138030237e-02
  bl = 3.1249999386225975e-02
  bu = 3.3516490905381446e-02
  m = 7047995, n = 0
  DRIFT : 7047995
  Narrowing range from: {1.5888261617090463e-03, 2.6545553200576400e-03}
                  to  : {1.5888261624731914e-03, 2.6545553200576400e-03}
===================================
  al = 1.7004726149252334e-02
  au = 2.1971011694018272e-02
  bl = 9.7655807983447148e-04
  bu = 9.8144585062331620e-04
  m = 109091, n = 0
  DRIFT : 109091
  Narrowing range from: {1.6606102716424887e-05, 2.1563358261090590e-05}
                  to  : {1.6606102716609693e-05, 2.1563358261090590e-05}
===================================
  al = 2.5958952471654591e-02
  au = 6.0300982342959435e-02
  bl = 7.8124943461302023e-03
  bu = 8.9398776938019259e-02
  m = 314535, n = 0
  DRIFT : 314535
  Narrowing range from: {2.0280416941626414e-04, 5.3908340696216684e-03}
                  to  : {2.0280416942052687e-04, 5.3908340696216684e-03}
===================================
  al = 3.4521893095631376e-02
  au = 8.8995423641185747e-02
  bl = 7.6293762070777059e-06
  bu = 7.0026161238313624e-03
  m = 279969, n = 1
  DRIFT : 279970
  Narrowing range from: {2.6338050980709017e-07, 6.2320078853697006e-04}
                  to  : {2.6338050981450086e-07, 6.2320078853697006e-04}
===================================
  al = 7.2732172676004121e-04
  au = 1.1414960231699244e-03
  bl = 5.6449378752117876e-03
  bu = 7.8124773440081188e-03
  m = 0, n = 283459
  DRIFT : 283459
  Narrowing range from: {4.1056859628521956e-06, 8.9179118192904006e-06}
                  to  : {4.1056859628521956e-06, 8.9179118190503023e-06}
===================================
  al = 4.0724347386936694e-03
  au = 1.2249115929618267e-02
  bl = 3.1249846338759865e-02
  bu = 5.8639036708964122e-02
  m = 105241, n = 0
  DRIFT : 105241
  Narrowing range from: {1.2726295980880487e-04, 7.1827635864924280e-04}
                  to  : {1.2726295981023113e-04, 7.1827635864924280e-04}
===================================
  al = 6.1031653363688161e-02
  au = 9.7721750458413720e-02
  bl = 1.5578748206192313e-02
  bu = 1.5624999124976139e-02
  m = 0, n = 7236519
  DRIFT : 7236519
  Narrowing range from: {9.5079676036050802e-04, 1.5269022654038509e-03}
                  to  : {9.5079676036050802e-04, 1.5269022646192661e-03}
===================================
  al = 7.6153753674061020e-02
  au = 9.9292878696242523e-02
  bl = 7.8124931014967765e-03
  bu = 9.3703827772745642e-03
  m = 805265, n = 0
  DRIFT : 805265
  Narrowing range from: {5.9495067523168655e-04, 9.3041228044128340e-04}
                  to  : {5.9495067527534000e-04, 9.3041228044128340e-04}
===================================
  al = 3.2055485145676937e-02
  au = 8.3050123100127854e-02
  bl = 6.2499741685393011e-02
  bu = 6.2566306558889728e-02
  m = 138137, n = 0
  DRIFT : 138137
  Narrowing range from: {2.0034595412047615e-03, 5.1961394616361284e-03}
                  to  : {2.0034595412347150e-03, 5.1961394616361284e-03}
===================================
  al = 3.9832587210687099e-03
  au = 4.0976329778440256e-02
  bl = 3.1249905013292407e-02
  bu = 3.1249905013292407e-02
  m = 304467, n = 0
  DRIFT : 304467
  Narrowing range from: {1.2447645667676579e-04, 1.2805064133696031e-03}
                  to  : {1.2447645668089207e-04, 1.2805064133696031e-03}
===================================
  al = 1.4039836402054685e-04
  au = 1.2625013484014652e-02
  bl = 3.1249977041496329e-02
  bu = 4.5289674765417419e-02
  m = 879781, n = 0
  DRIFT : 879781
  Narrowing range from: {4.3874456523057337e-06, 5.7178275460003302e-04}
                  to  : {4.3874456526783350e-06, 5.7178275460003302e-04}
===================================
  al = 4.4625758155124040e-02
  au = 6.9738941823058051e-02
  bl = 2.6874237190082244e-02
  bu = 6.2499988954405762e-02
  m = 0, n = 3378627
  DRIFT : 3378627
  Narrowing range from: {1.1992832094480505e-03, 4.3586830936330739e-03}
                  to  : {1.1992832094480505e-03, 4.3586830921678284e-03}
===================================
  al = 9.8838990906954822e-03
  au = 3.9511166407722419e-02
  bl = 3.1249937576376206e-02
  bu = 3.4546460102367602e-02
  m = 166175, n = 0
  DRIFT : 166175
  Narrowing range from: {3.0887122959543539e-04, 1.3649709339023895e-03}
                  to  : {3.0887122959993954e-04, 1.3649709339023895e-03}
===================================
  al = 9.8918128147027756e-03
  au = 9.1884515029454952e-02
  bl = 1.5624983064909727e-02
  bu = 7.8418093765914576e-02
  m = 223423, n = 0
  DRIFT : 223423
  Narrowing range from: {1.5455940771098790e-04, 7.2054085152153859e-03}
                  to  : {1.5455940771401584e-04, 7.2054085152153859e-03}
===================================
  al = 9.1091818713482063e-03
  au = 8.4187805352940653e-02
  bl = 3.1249953713551833e-02
  bu = 9.4721628530715862e-02
  m = 257441, n = 0
  DRIFT : 257441
  Narrowing range from: {2.8466151184795694e-04, 7.9744060254574572e-03}
                  to  : {2.8466151185493487e-04, 7.9744060254574572e-03}
===================================
  al = 2.2815202624169311e-03
  au = 3.9166046581227937e-02
  bl = 7.8124831907637046e-03
  bu = 4.1660166642590354e-02
  m = 260797, n = 0
  DRIFT : 260797
  Narrowing range from: {1.7824338699519072e-05, 1.6316640273054122e-03}
                  to  : {1.7824338699960877e-05, 1.6316640273054122e-03}
===================================
  al = 7.1862585385108840e-02
  au = 7.8269399585744914e-02
  bl = 1.9531187398034379e-03
  bu = 3.1773977947743854e-03
  m = 232105, n = 0
  DRIFT : 232105
  Narrowing range from: {1.4035616220638074e-04, 2.4869301764206107e-04}
                  to  : {1.4035616220952634e-04, 2.4869301764206107e-04}
===================================
  al = 3.7810997220575238e-02
  au = 6.5430439476106703e-02
  bl = 1.5624982985058366e-02
  bu = 1.8359405921176585e-02
  m = 582645, n = 0
  DRIFT : 582645
  Narrowing range from: {5.9079618821957728e-04, 1.2012639979428197e-03}
                  to  : {5.9079618825116247e-04, 1.2012639979428197e-03}
===================================
  al = 3.6029430183688559e-02
  au = 9.7499947489746205e-02
  bl = 7.8124548551614763e-03
  bu = 4.8028726453496852e-02
  m = 110967, n = 1
  DRIFT : 110968
  Narrowing range from: {2.8147829676725914e-04, 4.6827983072153271e-03}
                  to  : {2.8147829677026688e-04, 4.6827983072153271e-03}
===================================
  al = 4.6455330479815274e-02
  au = 6.7714069077068798e-02
  bl = 2.4535833559586669e-02
  bu = 3.1249996283389495e-02
  m = 0, n = 7221793
  DRIFT : 7221793
  Narrowing range from: {1.1398202566083411e-03, 2.1160644069915793e-03}
                  to  : {1.1398202566083411e-03, 2.1160644054256028e-03}
===================================
  al = 4.8692762643967828e-03
  au = 1.9985526261493695e-02
  bl = 2.6935977016340202e-03
  bu = 3.1249995006448275e-02
  m = 0, n = 106117
  DRIFT : 106117
  Narrowing range from: {1.3115871354400262e-05, 6.2454759587291875e-04}
                  to  : {1.3115871354400262e-05, 6.2454759586716619e-04}
===================================
  al = 2.0212815824781700e-02
  au = 5.4414305113933026e-02
  bl = 1.5624985810171471e-02
  bu = 1.6287648397669312e-02
  m = 627863, n = 0
  DRIFT : 627863
  Narrowing range from: {3.1582496044582344e-04, 8.8628106949924040e-04}
                  to  : {3.1582496046284167e-04, 8.8628106949924040e-04}
===================================
  al = 2.5552672816764530e-02
  au = 4.1228282045618285e-02
  bl = 6.1515230917246630e-02
  bu = 6.2499585028172655e-02
  m = 0, n = 100115
  DRIFT : 100115
  Narrowing range from: {1.5718785688761210e-03, 2.5767505192756039e-03}
                  to  : {1.5718785688761210e-03, 2.5767505192538951e-03}
===================================
  al = 1.7867145715423239e-02
  au = 4.3056058968934760e-02
  bl = 7.8124911193294200e-03
  bu = 2.4961981089859031e-02
  m = 396331, n = 0
  DRIFT : 396331
  Narrowing range from: {1.3958691722950876e-04, 1.0747645297864048e-03}
                  to  : {1.3958691723488004e-04, 1.0747645297864048e-03}
===================================
  al = 4.9709620831248816e-02
  au = 8.7774911939817984e-02
  bl = 7.8124900057437181e-03
  bu = 1.2382891313082966e-02
  m = 298661, n = 3
  DRIFT : 298664
  Narrowing range from: {3.8835591593344113e-04, 1.0869071945661943e-03}
                  to  : {3.8835591594153633e-04, 1.0869071945661941e-03}
===================================
  al = 3.5167206401345408e-02
  au = 7.1507209420373294e-02
  bl = 2.6844159985032992e-02
  bu = 6.2499622144641276e-02
  m = 0, n = 136679
  DRIFT : 136679
  Narrowing range from: {9.4403411486439247e-04, 4.4691735693910637e-03}
                  to  : {9.4403411486439247e-04, 4.4691735693317891e-03}
===================================
  al = 9.0805084054342011e-03
  au = 1.9645586868201843e-02
  bl = 6.2499902195667471e-02
  bu = 6.2499902195667471e-02
  m = 260649, n = 0
  DRIFT : 260649
  Narrowing range from: {5.6753088722657401e-04, 1.2278472578391045e-03}
                  to  : {5.6753088724070377e-04, 1.2278472578391045e-03}
===================================
  al = 6.6439644360607605e-02
  au = 7.9932064236022851e-02
  bl = 6.2499890075528891e-02
  bu = 6.2499890075528891e-02
  m = 159623, n = 18617
  DRIFT : 178240
  Narrowing range from: {4.1524704691952088e-03, 4.9957452282615418e-03}
                  to  : {4.1524704692644339e-03, 4.9957452282534684e-03}
===================================
  al = 1.8568065879082534e-02
  au = 2.8289416021306264e-02
  bl = 3.1249960059376587e-02
  bu = 3.1249960059376587e-02
  m = 610405, n = 92823
  DRIFT : 703228
  Narrowing range from: {5.8025131710120244e-04, 8.8404312076890881e-04}
                  to  : {5.8025131713429251e-04, 8.8404312076387692e-04}
===================================
  al = 3.3698692862812019e-02
  au = 5.4948713307493992e-02
  bl = 3.1249985753924459e-02
  bu = 3.1249985753924459e-02
  m = 0, n = 336183
  DRIFT : 336183
  Narrowing range from: {1.0530836718887515e-03, 1.7171465080556665e-03}
                  to  : {1.0530836718887515e-03, 1.7171465080192175e-03}
===================================
  al = 1.8415336847885853e-02
  au = 3.3136532167969517e-02
  bl = 3.1731385588856915e-02
  bu = 6.2499923922547933e-02
  m = 0, n = 357057
  DRIFT : 357057
  Narrowing range from: {5.8434415426895090e-04, 2.0710307395551569e-03}
                  to  : {5.8434415426895090e-04, 2.0710307394777327e-03}
===================================
  al = 1.9609630301532734e-04
  au = 4.5182139533157372e-04
  bl = 6.2499991491063313e-02
  bu = 6.9811467346345746e-02
  m = 1530203, n = 0
  DRIFT : 1530203
  Narrowing range from: {1.2256017269886932e-05, 3.1542314586570529e-05}
                  to  : {1.2256017271183064e-05, 3.1542314586570529e-05}
===================================
  al = 4.4108007016226095e-02
  au = 9.8059069880849795e-02
  bl = 1.5624982433162576e-02
  bu = 2.1861621674959305e-02
  m = 263245, n = 0
  DRIFT : 263245
  Narrowing range from: {6.8918683479034443e-04, 2.1437302875335351e-03}
                  to  : {6.8918683480461492e-04, 2.1437302875335351e-03}
===================================
  al = 1.8077374791799329e-03
  au = 4.5436741608535364e-02
  bl = 1.6804754528895387e-02
  bu = 3.1249935431712964e-02
  m = 0, n = 233619
  DRIFT : 233619
  Narrowing range from: {3.0378584590302909e-05, 1.4198952414941558e-03}
                  to  : {3.0378584590302909e-05, 1.4198952414688269e-03}
===================================
  al = 1.5216810385959711e-02
  au = 1.8130677121143881e-02
  bl = 5.7716168461886472e-02
  bu = 6.2499885955591583e-02
  m = 0, n = 256913
  DRIFT : 256913
  Narrowing range from: {8.7825599168863441e-04, 1.1331652523691460e-03}
                  to  : {8.7825599168863441e-04, 1.1331652523412915e-03}
===================================
  al = 3.8532300301850654e-02
  au = 4.5680422414797334e-02
  bl = 1.2207027684211523e-04
  bu = 4.0176809882007912e-04
  m = 1353243, n = 0
  DRIFT : 1353243
  Narrowing range from: {4.7036485652104301e-06, 1.8352936466891252e-05}
                  to  : {4.7036485657835504e-06, 1.8352936466891252e-05}
===================================
  al = 3.1962158661108006e-02
  au = 3.2022752994396532e-02
  bl = 6.2499906557404256e-02
  bu = 6.2499906557404256e-02
  m = 278731, n = 68199
  DRIFT : 346930
  Narrowing range from: {1.9976319296921797e-03, 2.0014190698606203e-03}
                  to  : {1.9976319297526197e-03, 2.0014190698458322e-03}
===================================
  al = 5.7709021691743079e-02
  au = 9.1822745061727010e-02
  bl = 2.4352240463212248e-03
  bu = 6.2499943915674476e-02
  m = 0, n = 335043
  DRIFT : 335043
  Narrowing range from: {1.4053439731340591e-04, 5.7389164165412131e-03}
                  to  : {1.4053439731340591e-04, 5.7389164163959118e-03}
===================================
  al = 4.0064418715022136e-03
  au = 4.6492994918568516e-02
  bl = 1.5624936384072106e-02
  bu = 9.8691431793669168e-02
  m = 193091, n = 0
  DRIFT : 193091
  Narrowing range from: {6.2600399368704885e-05, 4.5884602368893119e-03}
                  to  : {6.2600399370013314e-05, 4.5884602368893119e-03}
===================================
  al = 2.9332248574004391e-02
  au = 7.0578108267506115e-02
  bl = 3.3363764856329109e-02
  bu = 6.2499670285361235e-02
  m = 0, n = 160411
  DRIFT : 160411
  Narrowing range from: {9.7863424413047726e-04, 4.4111084960836598e-03}
                  to  : {9.7863424413047726e-04, 4.4111084960140930e-03}
===================================
  al = 4.5163320387380211e-02
  au = 7.0236063632849594e-02
  bl = 2.5298249905856430e-02
  bu = 6.2499948603948766e-02
  m = 0, n = 789135
  DRIFT : 789135
  Narrowing range from: {1.1425529657382051e-03, 4.3897503671967743e-03}
                  to  : {1.1425529657382051e-03, 4.3897503668545420e-03}
===================================
  al = 1.0557462031689113e-02
  au = 9.1997487742765699e-02
  bl = 3.9062411022827547e-03
  bu = 3.4988108004730165e-02
  m = 235459, n = 0
  DRIFT : 235459
  Narrowing range from: {4.1239992123973615e-05, 3.2188180373077259e-03}
                  to  : {4.1239992124771378e-05, 3.2188180373077259e-03}
===================================
  al = 7.2045527854113389e-02
  au = 8.4546767936646880e-02
  bl = 2.3325332924379955e-02
  bu = 6.2499985509059587e-02
  m = 0, n = 2737939
  DRIFT : 2737939
  Narrowing range from: {1.6804859229098842e-03, 5.2841717708782534e-03}
                  to  : {1.6804859229098842e-03, 5.2841717696908621e-03}
===================================
  al = 5.3642917284774027e-03
  au = 7.2435751273957003e-02
  bl = 6.2499830281427596e-02
  bu = 6.2499830281427596e-02
  m = 0, n = 163115
  DRIFT : 163115
  Narrowing range from: {3.3526732260990357e-04, 4.5272221609300150e-03}
                  to  : {3.3526732260990357e-04, 4.5272221608592756e-03}
===================================
  al = 3.2559939549604219e-02
  au = 6.5179883304442895e-02
  bl = 6.2499947490998513e-02
  bu = 6.2499947490998513e-02
  m = 197971, n = 941043
  DRIFT : 1139014
  Narrowing range from: {2.0349945121603498e-03, 4.0737392839970913e-03}
                  to  : {2.0349945122032777e-03, 4.0737392835889794e-03}
===================================
  al = 1.0650765095756467e-03
  au = 1.9514017165236541e-02
  bl = 6.2499875988364754e-02
  bu = 6.2499875988364754e-02
  m = 0, n = 163991
  DRIFT : 163991
  Narrowing range from: {6.6567149766598308e-05, 1.2196236528621048e-03}
                  to  : {6.6567149766598308e-05, 1.2196236528443250e-03}
===================================
  al = 2.0714268163780362e-02
  au = 3.0740483449401026e-02
  bl = 6.2499915578903179e-02
  bu = 6.2499915578903179e-02
  m = 215857, n = 0
  DRIFT : 215857
  Narrowing range from: {1.2946400115150345e-03, 1.9212776204422346e-03}
                  to  : {1.2946400115384376e-03, 1.9212776204422346e-03}
===================================
  al = 6.8929322284430120e-02
  au = 7.0087436699397807e-02
  bl = 7.8124882595554538e-03
  bu = 1.8532668077402063e-02
  m = 380787, n = 0
  DRIFT : 380787
  Narrowing range from: {5.3850952108622447e-04, 1.2989072007458676e-03}
                  to  : {5.3850952110686692e-04, 1.2989072007458676e-03}
===================================
  al = 7.5886219538346344e-02
  au = 7.8637061173992148e-02
  bl = 1.4861339815243456e-02
  bu = 6.2499847500863695e-02
  m = 0, n = 215071
  DRIFT : 215071
  Narrowing range from: {1.1277708958535324e-03, 4.9148043312905983e-03}
                  to  : {1.1277708958535324e-03, 4.9148043311973266e-03}
===================================
  al = 1.2651695306056209e-03
  au = 1.9441709991582658e-02
  bl = 1.0526738793453104e-02
  bu = 3.1249961370443238e-02
  m = 0, n = 257039
  DRIFT : 257039
  Narrowing range from: {1.3318109178121044e-05, 6.0755268621231833e-04}
                  to  : {1.3318109178121044e-05, 6.0755268619838427e-04}
===================================
  al = 5.9068751868293088e-03
  au = 2.1055092324867988e-02
  bl = 1.9531751542437247e-03
  bu = 3.1249934666470469e-02
  m = 0, n = 140001
  DRIFT : 140001
  Narrowing range from: {1.1537161854133765e-05, 6.5797025954862838e-04}
                  to  : {1.1537161854133765e-05, 6.5797025954103896e-04}
===================================
  al = 4.2244172982843588e-02
  au = 7.0190479130223277e-02
  bl = 9.7655840592422336e-04
  bu = 9.7655840592422336e-04
  m = 36991, n = 118665
  DRIFT : 155656
  Narrowing range from: {4.1253902227712882e-05, 6.8545102410468305e-05}
                  to  : {4.1253902227838209e-05, 6.8545102409664206e-05}
===================================
  al = 6.1501477605162029e-03
  au = 1.7877520439266579e-02
  bl = 6.4185406212532914e-03
  bu = 7.8124999035774027e-03
  m = 0, n = 37398955
  DRIFT : 37398955
  Narrowing range from: {3.9474973227583208e-05, 1.3966812670797318e-04}
                  to  : {3.9474973227583208e-05, 1.3966812620112284e-04}
===================================
  al = 1.7092423310556464e-04
  au = 3.9160332216544433e-03
  bl = 3.1249851027602627e-02
  bu = 4.2710251213472356e-02
  m = 113731, n = 0
  DRIFT : 113731
  Narrowing range from: {5.3413568215561205e-06, 1.6725476265716475e-04}
                  to  : {5.3413568216042870e-06, 1.6725476265716475e-04}
===================================
  al = 2.5710586292524935e-02
  au = 9.2406190849629311e-02
  bl = 1.0435308258751205e-02
  bu = 1.5624962767897358e-02
  m = 0, n = 154267
  DRIFT : 154267
  Narrowing range from: {2.6829789347572100e-04, 1.4438432915486754e-03}
                  to  : {2.6829789347572100e-04, 1.4438432915319498e-03}
===================================
  al = 4.0447704535150272e-03
  au = 8.0002152148417327e-02
  bl = 4.8828013259137121e-04
  bu = 7.2857197609042676e-02
  m = 356429, n = 0
  DRIFT : 356429
  Narrowing range from: {1.9749810533439783e-06, 5.8287326082259398e-03}
                  to  : {1.9749810534194549e-06, 5.8287326082259398e-03}
===================================
  al = 3.7045636687658375e-02
  au = 9.2679080664737137e-02
  bl = 1.5624965819449770e-02
  bu = 8.1325413928180393e-02
  m = 267203, n = 0
  DRIFT : 267203
  Narrowing range from: {5.7883680700441652e-04, 7.5371645975429681e-03}
                  to  : {5.7883680701890157e-04, 7.5371645975429681e-03}
===================================
  al = 1.0653897557114111e-02
  au = 5.0986171338588640e-02
  bl = 6.2499989897241960e-02
  bu = 6.2499989897241960e-02
  m = 698287, n = 0
  DRIFT : 698287
  Narrowing range from: {6.6586848968588279e-04, 3.1866351935608377e-03}
                  to  : {6.6586848972373695e-04, 3.1866351935608377e-03}
===================================
  al = 1.7352504759694781e-02
  au = 8.2554341971736320e-02
  bl = 1.5624958275409875e-02
  bu = 7.7114036067729860e-02
  m = 180009, n = 0
  DRIFT : 180009
  Narrowing range from: {2.7113216284408223e-04, 6.3660985043561798e-03}
                  to  : {2.7113216284896136e-04, 6.3660985043561798e-03}
===================================
  al = 3.4147546753906237e-02
  au = 6.7133909918276197e-02
  bl = 1.0355303048971571e-02
  bu = 1.5624970467566293e-02
  m = 0, n = 149883
  DRIFT : 149883
  Narrowing range from: {3.5360819501562452e-04, 1.0489653598453213e-03}
                  to  : {3.5360819501562452e-04, 1.0489653598290711e-03}
===================================
  al = 9.6588120895320009e-03
  au = 1.0539045887982872e-02
  bl = 7.8124946838429750e-03
  bu = 3.4485451595222531e-02
  m = 489091, n = 0
  DRIFT : 489091
  Narrowing range from: {7.5459418101707021e-05, 3.6344375682986237e-04}
                  to  : {7.5459418105021224e-05, 3.6344375682986237e-04}
===================================
  al = 4.1356827647577352e-02
  au = 7.0665341195222373e-02
  bl = 3.1249843838852875e-02
  bu = 3.1249843838852875e-02
  m = 0, n = 145451
  DRIFT : 145451
  Narrowing range from: {1.2923944056571453e-03, 2.2082808771699560e-03}
                  to  : {1.2923944056571453e-03, 2.2082808771384166e-03}
===================================
  al = 7.0225918878586160e-02
  au = 7.3102847533931190e-02
  bl = 3.1249833530554091e-02
  bu = 3.1249833530554091e-02
  m = 157481, n = 105805
  DRIFT : 263286
  Narrowing range from: {2.1945482744860135e-03, 2.2844518160448262e-03}
                  to  : {2.1945482745201615e-03, 2.2844518160218836e-03}
===================================
  al = 1.9426777259332454e-02
  au = 7.7814913326673396e-02
  bl = 6.2499785628526254e-02
  bu = 6.2499785628526254e-02
  m = 0, n = 152719
  DRIFT : 152719
  Narrowing range from: {1.2141694141614072e-03, 4.8634154016194376e-03}
                  to  : {1.2141694141614072e-03, 4.8634154015532068e-03}
===================================
  al = 8.1826831351673665e-02
  au = 8.9675880394234492e-02
  bl = 3.1249925375556310e-02
  bu = 4.0970028736076164e-02
  m = 277529, n = 0
  DRIFT : 277529
  Narrowing range from: {2.5570823734580336e-03, 3.6740233966847161e-03}
                  to  : {2.5570823735182129e-03, 3.6740233966847161e-03}
===================================
  al = 4.3044109961169457e-03
  au = 3.1889763633848801e-02
  bl = 6.2499557553574440e-02
  bu = 8.8782728433762920e-02
  m = 105073, n = 0
  DRIFT : 105073
  Narrowing range from: {2.6902378278604975e-04, 2.8312602245208866e-03}
                  to  : {2.6902378278889774e-04, 2.8312602245208866e-03}
===================================
  al = 2.5039705453621915e-03
  au = 1.0321220324890676e-02
  bl = 1.2206996134744078e-04
  bu = 1.2631555027593647e-04
  m = 165965, n = 0
  DRIFT : 165965
  Narrowing range from: {3.0565958768749295e-07, 1.3037306248577456e-06}
                  to  : {3.0565958769188598e-07, 1.3037306248577456e-06}
===================================
  al = 1.2091740217839939e-02
  au = 2.9606027049699030e-02
  bl = 6.2499948875743998e-02
  bu = 7.5157100252373987e-02
  m = 327663, n = 0
  DRIFT : 327663
  Narrowing range from: {7.5573314543377383e-04, 2.2251031430487261e-03}
                  to  : {7.5573314545153642e-04, 2.2251031430487261e-03}
===================================
  al = 1.5504668055005354e-02
  au = 6.9535974885262253e-02
  bl = 2.3089222384683968e-02
  bu = 3.1249802699161625e-02
  m = 0, n = 121397
  DRIFT : 121397
  Narrowing range from: {3.5799072872272407e-04, 2.1729854956583031e-03}
                  to  : {3.5799072872272407e-04, 2.1729854956319796e-03}
===================================
  al = 3.9094066313588784e-02
  au = 4.7026591530086481e-02
  bl = 6.2499847035568358e-02
  bu = 8.8292341016787790e-02
  m = 251021, n = 0
  DRIFT : 251021
  Narrowing range from: {2.4433731645976649e-03, 4.1520878562315800e-03}
                  to  : {2.4433731646520962e-03, 4.1520878562315800e-03}
===================================
  al = 8.2743657307332791e-04
  au = 1.5629189811164804e-02
  bl = 2.6346877383866154e-03
  bu = 3.1249857224435525e-02
  m = 0, n = 167277
  DRIFT : 167277
  Narrowing range from: {2.1800369933689376e-06, 4.8840995013250249e-04}
                  to  : {2.1800369933689376e-06, 4.8840995012343444e-04}
===================================
  al = 9.3019178570446545e-02
  au = 9.6752739626962916e-02
  bl = 7.8124924453310150e-03
  bu = 7.9652342644926100e-02
  m = 500167, n = 0
  DRIFT : 500167
  Narrowing range from: {7.2671162985251032e-04, 7.7065823686021696e-03}
                  to  : {7.2671162987962437e-04, 7.7065823686021696e-03}
===================================
  al = 1.6652338215416326e-02
  au = 6.4268829892858759e-02
  bl = 1.5624956336258589e-02
  bu = 5.3642076475058281e-02
  m = 294949, n = 0
  DRIFT : 294949
  Narrowing range from: {2.6019205751249039e-04, 3.4475134880752414e-03}
                  to  : {2.6019205752048498e-04, 3.4475134880752414e-03}
===================================
  al = 1.8356715428288890e-02
  au = 1.8822745241028411e-02
  bl = 6.2499834103629470e-02
  bu = 6.2499834103629470e-02
  m = 0, n = 217429
  DRIFT : 217429
  Narrowing range from: {1.1472916689555912e-03, 1.1764184549391567e-03}
                  to  : {1.1472916689555912e-03, 1.1764184549155831e-03}
===================================
  al = 3.2864744893560463e-03
  au = 4.0626326909843788e-02
  bl = 7.8124982804644765e-03
  bu = 7.6800655776913404e-02
  m = 795227, n = 0
  DRIFT : 795227
  Narrowing range from: {2.5675576296884482e-05, 3.1201285484832668e-03}
                  to  : {2.5675576298231647e-05, 3.1201285484832668e-03}
===================================
  al = 1.6531857101593859e-03
  au = 4.8440552013906332e-02
  bl = 7.2554361703634307e-04
  bu = 3.9062445820585174e-03
  m = 0, n = 120111
  DRIFT : 120111
  Narrowing range from: {1.1994583397818363e-06, 1.8922064385624540e-04}
                  to  : {1.1994583397818363e-06, 1.8922064385461761e-04}
===================================
  al = 4.3450123437781409e-02
  au = 9.6644338546281544e-02
  bl = 6.2499925457643137e-02
  bu = 6.2499925457643137e-02
  m = 400471, n = 317647
  DRIFT : 718118
  Narrowing range from: {2.7156294759867312e-03, 6.0402639550458234e-03}
                  to  : {2.7156294760735692e-03, 6.0402639549080664e-03}
===================================
  al = 4.9865787138889249e-02
  au = 7.2658553045592253e-02
  bl = 1.1989703089533840e-05
  bu = 1.9531203694748756e-03
  m = 1, n = 176367
  DRIFT : 176368
  Narrowing range from: {5.9787598212117731e-07, 1.4191089996991698e-04}
                  to  : {5.9787598212117731e-07, 1.4191089996752677e-04}
===================================
  al = 5.4994699632989578e-03
  au = 8.4655410845700507e-03
  bl = 7.8124830788777275e-03
  bu = 1.1011385629682784e-02
  m = 230579, n = 0
  DRIFT : 230579
  Narrowing range from: {4.2964516031069428e-05, 9.3217337446123858e-05}
                  to  : {4.2964516031850657e-05, 9.3217337446123858e-05}
===================================
  al = 3.4411616767438050e-02
  au = 4.6306311238534355e-02
  bl = 3.1249898691798769e-02
  bu = 7.9714004782816844e-02
  m = 268623, n = 0
  DRIFT : 268623
  Narrowing range from: {1.0753595378034430e-03, 3.6912615155431329e-03}
                  to  : {1.0753595378325670e-03, 3.6912615155431329e-03}
===================================
  al = 9.8064005067815662e-03
  au = 3.8364519881300380e-02
  bl = 5.9166671826431975e-02
  bu = 6.2499771420229978e-02
  m = 9, n = 103675
  DRIFT : 103684
  Narrowing range from: {5.8021208058330119e-04, 2.3977737232281420e-03}
                  to  : {5.8021208058330162e-04, 2.3977737232056613e-03}
===================================
  al = 6.6314548178069935e-02
  au = 7.3862633597650260e-02
  bl = 6.2499888417813301e-02
  bu = 6.2499888417813301e-02
  m = 298625, n = 0
  DRIFT : 298625
  Narrowing range from: {4.1446518616070757e-03, 4.6164063580989689e-03}
                  to  : {4.1446518617365832e-03, 4.6164063580989689e-03}
===================================
  al = 3.9372714461926136e-04
  au = 3.3158225215549212e-03
  bl = 8.1321434009377844e-03
  bu = 1.5624961473803052e-02
  m = 0, n = 104273
  DRIFT : 104273
  Narrowing range from: {3.2018456008856028e-06, 5.1809599153264130e-05}
                  to  : {3.2018456008856028e-06, 5.1809599152910843e-05}
===================================
  al = 6.8277299579194595e-02
  au = 7.0190073536339978e-02
  bl = 1.5017360339241757e-02
  bu = 6.2499528050133604e-02
  m = 0, n = 103105
  DRIFT : 103105
  Narrowing range from: {1.0253448107711248e-03, 4.3868464698254206e-03}
                  to  : {1.0253448107711248e-03, 4.3868464697807063e-03}
===================================
  al = 1.7265721351102072e-02
  au = 5.7794058750791438e-02
  bl = 1.5624960157029414e-02
  bu = 6.8674874728418364e-02
  m = 284201, n = 1
  DRIFT : 284202
  Narrowing range from: {2.6977620819334196e-04, 3.9689997447574527e-03}
                  to  : {2.6977620820104522e-04, 3.9689997447574527e-03}
===================================
  al = 3.8531425835179815e-02
  au = 9.4652528369032832e-02
  bl = 1.5624969625833368e-02
  bu = 1.5624969625833368e-02
  m = 254021, n = 0
  DRIFT : 254021
  Narrowing range from: {6.0205235831473579e-04, 1.4789428807744692e-03}
                  to  : {6.0205235832850625e-04, 1.4789428807744692e-03}
===================================
  al = 1.0613488839494367e-02
  au = 3.1648495735960243e-02
  bl = 1.5624974452480974e-02
  bu = 8.5321675971882741e-02
  m = 281469, n = 0
  DRIFT : 281469
  Narrowing range from: {1.6583549196879144e-04, 2.7003026981811122e-03}
                  to  : {1.6583549197260605e-04, 2.7003026981811122e-03}
===================================
  al = 3.9195884117831190e-02
  au = 6.8547275086864923e-02
  bl = 1.0188331143041615e-02
  bu = 1.5624998559487133e-02
  m = 0, n = 915809
  DRIFT : 915809
  Narrowing range from: {3.9934064683674973e-04, 1.0710510744890325e-03}
                  to  : {3.9934064683674973e-04, 1.0710510743897404e-03}
===================================
  al = 7.3379872648921471e-02
  au = 7.5856366476189610e-02
  bl = 2.4414013312425874e-04
  bu = 3.6958668555481272e-04
  m = 352911, n = 0
  DRIFT : 352911
  Narrowing range from: {1.7914971877148842e-05, 2.8035503064166125e-05}
                  to  : {1.7914971877746695e-05, 2.8035503064166125e-05}
===================================
  al = 9.4133023840868770e-03
  au = 1.7567814032965465e-02
  bl = 1.2597156224917624e-02
  bu = 6.2499937786774810e-02
  m = 0, n = 576821
  DRIFT : 576821
  Narrowing range from: {1.1858084072473192e-04, 1.0979872841099709e-03}
                  to  : {1.1858084072473192e-04, 1.0979872840474320e-03}
===================================
  al = 1.5004514838518439e-02
  au = 3.4740006258910237e-02
  bl = 2.4628595348452516e-02
  bu = 3.1249924582908956e-02
  m = 0, n = 205119
  DRIFT : 205119
  Narrowing range from: {3.6954012435772200e-04, 1.0856225756007299e-03}
                  to  : {3.6954012435772200e-04, 1.0856225755784910e-03}
===================================
  al = 3.2205132126594108e-02
  au = 5.6365714555293482e-02
  bl = 3.1249949614761425e-02
  bu = 6.3167233065027778e-02
  m = 531209, n = 0
  DRIFT : 531209
  Narrowing range from: {1.0064087562928004e-03, 3.5604662281910520e-03}
                  to  : {1.0064087563503941e-03, 3.5604662281910520e-03}
===================================
  al = 4.2340831145514575e-02
  au = 7.3703315920275389e-02
  bl = 7.8124626586973528e-03
  bu = 1.0142829511595661e-02
  m = 102663, n = 0
  DRIFT : 102663
  Narrowing range from: {3.3078616226254250e-04, 7.4756016781862757e-04}
                  to  : {3.3078616226532516e-04, 7.4756016781862757e-04}
===================================
  al = 7.1744835830612433e-02
  au = 7.3096872673181393e-02
  bl = 5.4272771186277702e-03
  bu = 6.2499769024917468e-02
  m = 0, n = 138705
  DRIFT : 138705
  Narrowing range from: {3.8937910588318864e-04, 4.5685376585176381e-03}
                  to  : {3.8937910588318864e-04, 4.5685376584574848e-03}
===================================
  al = 6.9706915296116487e-02
  au = 8.1446376712676738e-02
  bl = 1.9531221905373789e-03
  bu = 1.0928135805557444e-02
  m = 215661, n = 0
  DRIFT : 215661
  Narrowing range from: {1.3614612309875457e-04, 8.9005706558672266e-04}
                  to  : {1.3614612310167731e-04, 8.9005706558672266e-04}
===================================
  al = 1.0593551242726212e-03
  au = 5.6631645977057860e-03
  bl = 3.1249920055777296e-02
  bu = 5.9166836077137956e-02
  m = 346957, n = 0
  DRIFT : 346957
  Narrowing range from: {3.3104762944197436e-05, 3.3507153143030915e-04}
                  to  : {3.3104762945372969e-05, 3.3507153143030915e-04}
===================================
  al = 4.7736299704499052e-02
  au = 6.9408056431619111e-02
  bl = 2.0335157093005844e-04
  bu = 3.1249892202316283e-02
  m = 0, n = 127565
  DRIFT : 127565
  Narrowing range from: {9.7072515352979670e-06, 2.1689942814603824e-03}
                  to  : {9.7072515352979670e-06, 2.1689942814327214e-03}
===================================
  al = 3.0282713767550706e-02
  au = 3.2193902543217946e-02
  bl = 2.9092992093604338e-02
  bu = 3.1249870749791839e-02
  m = 0, n = 103829
  DRIFT : 103829
  Narrowing range from: {8.8101475221223592e-04, 1.0060552934069555e-03}
                  to  : {8.8101475221223592e-04, 1.0060552933956984e-03}
===================================
  al = 1.6753735460040241e-02
  au = 5.8839498124203055e-02
  bl = 6.2499913372086352e-02
  bu = 6.2499913372086352e-02
  m = 346939, n = 0
  DRIFT : 346939
  Narrowing range from: {1.0471070149113664e-03, 3.6774635356197284e-03}
                  to  : {1.0471070149489815e-03, 3.6774635356197284e-03}
===================================
  al = 9.1186048316096360e-03
  au = 7.0973752336370419e-02
  bl = 5.4371423782138724e-02
  bu = 6.2499729820273645e-02
  m = 3, n = 163689
  DRIFT : 163692
  Narrowing range from: {4.9579152760130529e-04, 4.4358403453541662e-03}
                  to  : {4.9579152760130540e-04, 4.4358403452831778e-03}
===================================
  al = 2.3021530663433779e-02
  au = 5.9473111656355132e-02
  bl = 6.2499939947246744e-02
  bu = 7.7656862169754037e-02
  m = 351859, n = 0
  DRIFT : 351859
  Narrowing range from: {1.4388442839583107e-03, 4.6184952347039631e-03}
                  to  : {1.4388442839964593e-03, 4.6184952347039631e-03}
===================================
  al = 1.9208907566845190e-02
  au = 3.7526999029609459e-02
  bl = 1.5624926902893736e-02
  bu = 3.7259600877306703e-02
  m = 122811, n = 0
  DRIFT : 122811
  Narrowing range from: {3.0013777661639849e-04, 1.3982410059663244e-03}
                  to  : {3.0013777661972726e-04, 1.3982410059663244e-03}
===================================
  al = 3.3215493136362982e-02
  au = 4.0176853130158945e-02
  bl = 3.7090292381932138e-04
  bu = 7.8124759382644784e-03
  m = 0, n = 145819
  DRIFT : 145819
  Narrowing range from: {1.2319723520377632e-05, 3.1388069835455262e-04}
                  to  : {1.2319723520377632e-05, 3.1388069835060022e-04}
===================================
  al = 3.2900773466892949e-02
  au = 8.7192333637832062e-02
  bl = 1.5624933356460634e-02
  bu = 2.3022268071775862e-02
  m = 132519, n = 0
  DRIFT : 132519
  Narrowing range from: {5.1407239279621067e-04, 2.0073652788138896e-03}
                  to  : {5.1407239280339449e-04, 2.0073652788138896e-03}
===================================
  al = 2.2138659729056376e-02
  au = 3.8035864083134065e-02
  bl = 1.2992879554506972e-02
  bu = 1.5624924281098698e-02
  m = 0, n = 140077
  DRIFT : 140077
  Narrowing range from: {2.8764493935784345e-04, 5.9430749626513128e-04}
                  to  : {2.8764493935784345e-04, 5.9430749625753775e-04}
===================================
  al = 2.2747000413232115e-03
  au = 1.9309106843909025e-02
  bl = 1.9531243313653962e-03
  bu = 1.6343704675426920e-02
  m = 1416873, n = 0
  DRIFT : 1416873
  Narrowing range from: {4.4427719972662369e-06, 3.1558233980311388e-04}
                  to  : {4.4427719978663055e-06, 3.1558233980311388e-04}
===================================
  al = 2.4360315681115415e-02
  au = 6.6623180542786098e-02
  bl = 1.6717905734426941e-02
  bu = 3.1249955069259389e-02
  m = 0, n = 546361
  DRIFT : 546361
  Narrowing range from: {4.0725346121776992e-04, 2.0819713985332218e-03}
                  to  : {4.0725346121776992e-04, 2.0819713984147488e-03}
===================================
  al = 1.7614096934286838e-02
  au = 4.5051273227938414e-02
  bl = 3.1249941586551911e-02
  bu = 3.1249941586551911e-02
  m = 292515, n = 0
  DRIFT : 292515
  Narrowing range from: {5.5043950029632683e-04, 1.4078496567728653e-03}
                  to  : {5.5043950031218405e-04, 1.4078496567728653e-03}
===================================
  al = 3.9588165982532373e-03
  au = 3.2374030622876505e-02
  bl = 9.6791567159454860e-04
  bu = 9.7656125878813342e-04
  m = 0, n = 322135
  DRIFT : 322135
  Narrowing range from: {3.8318006264179284e-06, 3.1615224097121856e-05}
                  to  : {3.8318006264179284e-06, 3.1615224096030423e-05}
===================================
  al = 4.6991604201261517e-03
  au = 4.3425741718925256e-02
  bl = 1.8400744597595640e-02
  bu = 6.2499880195123626e-02
  m = 0, n = 218843
  DRIFT : 218843
  Narrowing range from: {8.6468050713871538e-05, 2.7141036548172103e-03}
                  to  : {8.6468050713871538e-05, 2.7141036547697565e-03}
===================================
  al = 8.5057805235596758e-03
  au = 9.5859468111793803e-03
  bl = 7.8124718272439544e-03
  bu = 4.5950774406393606e-02
  m = 219797, n = 0
  DRIFT : 219797
  Narrowing range from: {6.6451170709030304e-05, 4.4048167939219186e-04}
                  to  : {6.6451170710519699e-05, 4.4048167939219186e-04}
===================================
  al = 3.4081911640626524e-02
  au = 9.4263801452349985e-02
  bl = 6.2499679245728801e-02
  bu = 9.3087813878835080e-02
  m = 129859, n = 1
  DRIFT : 129860
  Narrowing range from: {2.1301085456204285e-03, 8.7748112051078183e-03}
                  to  : {2.1301085456485870e-03, 8.7748112051078183e-03}
===================================
  al = 4.4522198395833823e-02
  au = 7.0796028477379286e-02
  bl = 3.9062460345289395e-03
  bu = 9.1416476087900975e-02
  m = 463021, n = 0
  DRIFT : 463021
  Narrowing range from: {1.7391466093223660e-04, 6.4719234444207000e-03}
                  to  : {1.7391466093851169e-04, 6.4719234444207000e-03}
===================================
  al = 1.0892190174695454e-02
  au = 1.8180210506906058e-02
  bl = 1.9531246804862156e-03
  bu = 9.8335333283961990e-02
  m = 589767, n = 0
  DRIFT : 589767
  Narrowing range from: {2.1273805454747158e-05, 1.7877570593691947e-03}
                  to  : {2.1273805455746260e-05, 1.7877570593691947e-03}
===================================
  al = 6.7198672152007102e-02
  au = 7.8440505552043835e-02
  bl = 7.8124456458683869e-03
  bu = 1.6506275547385367e-02
  m = 101647, n = 0
  DRIFT : 101647
  Narrowing range from: {5.2498597366208515e-04, 1.2947605987182473e-03}
                  to  : {5.2498597366759539e-04, 1.2947605987182473e-03}
===================================
  al = 2.3882002715164916e-02
  au = 6.9640233929380471e-02
  bl = 6.2499631021232141e-02
  bu = 6.2499631021232141e-02
  m = 5699, n = 148015
  DRIFT : 153714
  Narrowing range from: {1.4926163577458715e-03, 4.3524889248185705e-03}
                  to  : {1.4926163577464893e-03, 4.3524889247543797e-03}
===================================
  al = 2.1176423954756961e-02
  au = 2.2482051637465583e-02
  bl = 3.1249996646663378e-02
  bu = 3.1249996646663378e-02
  m = 0, n = 3298253
  DRIFT : 3298253
  Narrowing range from: {6.6176317757447704e-04, 7.0256403828091233e-04}
                  to  : {6.6176317757447704e-04, 7.0256403810211373e-04}
===================================
  al = 9.1547096668990833e-03
  au = 1.4114924024067610e-02
  bl = 6.2499804159105755e-02
  bu = 6.2499804159105755e-02
  m = 107413, n = 0
  DRIFT : 107413
  Narrowing range from: {5.7216756131466505e-04, 8.8217998722488254e-04}
                  to  : {5.7216756132048787e-04, 8.8217998722488254e-04}
===================================
  al = 6.4223732425081027e-04
  au = 2.0433487261030756e-03
  bl = 3.9062353369848052e-03
  bu = 1.2045756152793480e-02
  m = 169553, n = 0
  DRIFT : 169553
  Narrowing range from: {2.5087301307190836e-06, 2.4613680489758844e-05}
                  to  : {2.5087301307549876e-06, 2.4613680489758844e-05}
===================================
  al = 1.5759415622482377e-03
  au = 8.1061117917581894e-03
  bl = 3.1249794746778449e-02
  bu = 3.1249794746778449e-02
  m = 0, n = 138863
  DRIFT : 138863
  Narrowing range from: {4.9247850353174802e-05, 2.5331432968688389e-04}
                  to  : {4.9247850353174802e-05, 2.5331432968312003e-04}
===================================
  al = 6.4928360307854122e-02
  au = 7.5001178087338374e-02
  bl = 2.4373839022612021e-02
  bu = 6.2499681272278340e-02
  m = 0, n = 137413
  DRIFT : 137413
  Narrowing range from: {1.5825534021457882e-03, 4.6875497255040345e-03}
                  to  : {1.5825534021457882e-03, 4.6875497254444416e-03}
===================================
  al = 3.5783526627974953e-02
  au = 5.0712061389839649e-02
  bl = 1.5624969805844824e-02
  bu = 5.5103112795158594e-02
  m = 127301, n = 0
  DRIFT : 127301
  Narrowing range from: {5.5911652310875295e-04, 2.7943924388393413e-03}
                  to  : {5.5911652311565389e-04, 2.7943924388393413e-03}
===================================
  al = 5.9285398269403662e-02
  au = 6.4258898226726507e-02
  bl = 3.4656749618924697e-02
  bu = 6.2499694929566509e-02
  m = 0, n = 111289
  DRIFT : 111289
  Narrowing range from: {2.0546392038809543e-03, 4.0161615356804686e-03}
                  to  : {2.0546392038809543e-03, 4.0161615356322051e-03}
===================================
  al = 5.4414936162786150e-02
  au = 7.5738071440052027e-02
  bl = 5.2255567924278032e-02
  bu = 6.2499967821326656e-02
  m = 0, n = 925667
  DRIFT : 925667
  Narrowing range from: {2.8434833927497246e-03, 4.7336270278525907e-03}
                  to  : {2.8434833927497246e-03, 4.7336270274511471e-03}
===================================
  al = 1.4406702262232476e-03
  au = 9.7443260371332718e-02
  bl = 3.1249942369410401e-02
  bu = 6.7447521842384187e-02
  m = 164239, n = 0
  DRIFT : 164239
  Narrowing range from: {4.5020861542801936e-05, 6.5723064322885929e-03}
                  to  : {4.5020861543358396e-05, 6.5723064322885929e-03}
===================================
  al = 2.0300483700701659e-03
  au = 2.0643410107504842e-03
  bl = 1.5624903682509815e-02
  bu = 1.5624903682509815e-02
  m = 0, n = 121595
  DRIFT : 121595
  Narrowing range from: {3.1719310253182383e-05, 3.2255129460831272e-05}
                  to  : {3.1719310253182383e-05, 3.2255129460419295e-05}
===================================
  al = 3.4112861369155742e-02
  au = 9.6114739225921064e-02
  bl = 3.1249951605024379e-02
  bu = 5.0478070756282703e-02
  m = 185083, n = 0
  DRIFT : 185083
  Narrowing range from: {1.0660252668950228e-03, 4.8516866073677039e-03}
                  to  : {1.0660252669150894e-03, 4.8516866073677039e-03}
===================================
  al = 7.1453015048139390e-02
  au = 9.9621225975429023e-02
  bl = 6.2499917504286746e-02
  bu = 9.4364328246715909e-02
  m = 279145, n = 0
  DRIFT : 279145
  Narrowing range from: {4.4658075459412718e-03, 9.4006900682856460e-03}
                  to  : {4.4658075460623312e-03, 9.4006900682856460e-03}
===================================
  al = 4.0776406067229033e-03
  au = 9.5685112299385200e-02
  bl = 6.2499925844272532e-02
  bu = 6.2499925844272532e-02
  m = 0, n = 208649
  DRIFT : 208649
  Narrowing range from: {2.5485223553977591e-04, 5.9803124231124641e-03}
                  to  : {2.5485223553977591e-04, 5.9803124230219775e-03}
===================================
  al = 4.9933400025010552e-02
  au = 6.5196578835826802e-02
  bl = 3.7245373064769592e-03
  bu = 7.8124792937522411e-03
  m = 7, n = 119599
  DRIFT : 119606
  Narrowing range from: {1.8597881123238934e-04, 5.0934692217838242e-04}
                  to  : {1.8597881123238942e-04, 5.0934692217189899e-04}
===================================
  al = 3.1703754240961932e-02
  au = 4.3533860529087948e-02
  bl = 6.2499960049411600e-02
  bu = 7.7935864889126183e-02
  m = 428681, n = 0
  DRIFT : 428681
  Narrowing range from: {1.9814833734764846e-03, 3.3928490722970619e-03}
                  to  : {1.9814833735694397e-03, 3.3928490722970619e-03}
===================================
  al = 2.3834315055066561e-02
  au = 4.0522658126460026e-02
  bl = 1.5624951187892972e-02
  bu = 5.0536328004790312e-02
  m = 145223, n = 3
  DRIFT : 145226
  Narrowing range from: {3.7241000933227762e-04, 2.0478663427047654e-03}
                  to  : {3.7241000933621387e-04, 2.0478663427047649e-03}
===================================
  al = 3.2879913488966350e-02
  au = 8.2701388364252365e-02
  bl = 1.9185775188260829e-02
  bu = 3.1249943053100984e-02
  m = 0, n = 288729
  DRIFT : 288729
  Narrowing range from: {6.3082662840877317e-04, 2.5844136767952746e-03}
                  to  : {6.3082662840877317e-04, 2.5844136767326667e-03}
===================================
  al = 3.2815296486699279e-02
  au = 3.5394071468254747e-02
  bl = 6.2499758715022273e-02
  bu = 6.2499758715022273e-02
  m = 0, n = 179055
  DRIFT : 179055
  Narrowing range from: {2.0509481125806231e-03, 2.2121209267081756e-03}
                  to  : {2.0509481125806231e-03, 2.2121209266693495e-03}
===================================
  al = 1.6083906761900552e-02
  au = 1.9282528781680498e-02
  bl = 1.8525862464540625e-02
  bu = 6.2499741906681575e-02
  m = 0, n = 183965
  DRIFT : 183965
  Narrowing range from: {2.9796824456346460e-04, 1.2051530721631902e-03}
                  to  : {2.9796824456346460e-04, 1.2051530721432448e-03}
===================================
  al = 6.7228270410538332e-02
  au = 7.8360661966888373e-02
  bl = 6.2499982658156740e-02
  bu = 6.2499982658156740e-02
  m = 0, n = 217643
  DRIFT : 217643
  Narrowing range from: {4.2017657347965176e-03, 4.8975400140122052e-03}
                  to  : {4.2017657347965176e-03, 4.8975400139178180e-03}
===================================
  al = 2.5495413499706111e-02
  au = 3.2568145223059182e-02
  bl = 1.0537978323480600e-02
  bu = 1.5624918206891856e-02
  m = 1, n = 158683
  DRIFT : 158684
  Narrowing range from: {2.6867011480807769e-04, 5.0887460526047540e-04}
                  to  : {2.6867011480807769e-04, 5.0887460525187323e-04}
===================================
  al = 4.6732362190061473e-03
  au = 8.5763925788127998e-02
  bl = 6.2499839233111712e-02
  bu = 7.6476330002641535e-02
  m = 150441, n = 0
  DRIFT : 150441
  Narrowing range from: {2.9207651238623907e-04, 6.5589102908949351e-03}
                  to  : {2.9207651239031675e-04, 6.5589102908949351e-03}
===================================
  al = 6.9395290629894971e-03
  au = 2.1328646175489321e-02
  bl = 7.4555264886182531e-03
  bu = 1.5624945416821037e-02
  m = 0, n = 173411
  DRIFT : 173411
  Narrowing range from: {5.1737842747654400e-05, 3.3325893230670939e-04}
                  to  : {5.1737842747654400e-05, 3.3325893230200910e-04}
===================================
  al = 1.1649406311007119e-02
  au = 1.5724129375411695e-02
  bl = 6.2499918632771025e-02
  bu = 6.2499918632771025e-02
  m = 0, n = 311233
  DRIFT : 311233
  Narrowing range from: {7.2808694655803418e-04, 9.8275680653439547e-04}
                  to  : {7.2808694655803418e-04, 9.8275680650065163e-04}
===================================
  al = 4.9457642797234525e-02
  au = 6.5852451781396967e-02
  bl = 2.9426178071585197e-02
  bu = 3.1249890785732284e-02
  m = 3, n = 200869
  DRIFT : 200872
  Narrowing range from: {1.4553494039522762e-03, 2.0578819261413564e-03}
                  to  : {1.4553494039522765e-03, 2.0578819260978001e-03}
===================================
  al = 6.8317590585219726e-03
  au = 3.7647133817846096e-02
  bl = 7.1198535908884282e-03
  bu = 1.5624995188822611e-02
  m = 0, n = 746319
  DRIFT : 746319
  Narrowing range from: {4.8641124264902212e-05, 5.8823628477680621e-04}
                  to  : {4.8641124264902212e-05, 5.8823628473634823e-04}
===================================
  al = 8.3851540759672554e-04
  au = 1.0104338905043001e-03
  bl = 5.1244967673890786e-03
  bu = 6.2499587127111046e-02
  m = 0, n = 111587
  DRIFT : 111587
  Narrowing range from: {4.2969694956353557e-06, 6.3151700975759282e-05}
                  to  : {4.2969694956353557e-06, 6.3151700975003146e-05}
===================================
  al = 1.8780587134948731e-02
  au = 2.3396883694061774e-02
  bl = 5.3737293395812957e-02
  bu = 6.2499848056707788e-02
  m = 1, n = 171797
  DRIFT : 171798
  Narrowing range from: {1.0092179210163703e-03, 1.4623016758793248e-03}
                  to  : {1.0092179210163703e-03, 1.4623016758606986e-03}
===================================
  al = 9.6544753737835419e-04
  au = 4.6267094751521881e-02
  bl = 4.9379151465908051e-02
  bu = 6.2499956260038105e-02
  m = 1, n = 517873
  DRIFT : 517874
  Narrowing range from: {4.7672980180593680e-05, 2.8916913982491559e-03}
                  to  : {4.7672980180593680e-05, 2.8916913981368603e-03}
===================================
  al = 9.7772033934249505e-03
  au = 1.3764474985085817e-02
  bl = 3.1249976184349035e-02
  bu = 9.1570882116674260e-02
  m = 739213, n = 1
  DRIFT : 739214
  Narrowing range from: {3.0553737319406629e-04, 1.2604251162572049e-03}
                  to  : {3.0553737321410267e-04, 1.2604251162572049e-03}
===================================
  al = 6.5232601128246779e-03
  au = 2.7460694552050399e-02
  bl = 6.2499998784904157e-02
  bu = 6.2499998784904157e-02
  m = 2917375, n = 4130971
  DRIFT : 7048346
  Narrowing range from: {4.0770374912515615e-04, 1.7162933761357740e-03}
                  to  : {4.0770374920423173e-04, 1.7162933756878934e-03}
===================================
  al = 3.1858964506243030e-02
  au = 8.0078154464048409e-02
  bl = 3.1249878275276671e-02
  bu = 3.1249878275276671e-02
  m = 0, n = 111873
  DRIFT : 111873
  Narrowing range from: {9.9558876279645463e-04, 2.5024325795103158e-03}
                  to  : {9.9558876279645463e-04, 2.5024325794860574e-03}
===================================
  al = 1.6268565671547209e-02
  au = 3.1882044572832974e-02
  bl = 1.0282771516352722e-02
  bu = 3.1249965480855037e-02
  m = 0, n = 790439
  DRIFT : 790439
  Narrowing range from: {1.6728594369929935e-04, 9.9631279236011205e-04}
                  to  : {1.6728594369929935e-04, 9.9631279227441259e-04}
===================================
  al = 1.4784024971271140e-03
  au = 2.0487425552426909e-03
  bl = 2.1081179066484775e-02
  bu = 6.2499938450786531e-02
  m = 1, n = 101763
  DRIFT : 101764
  Narrowing range from: {3.1166467774274935e-05, 1.2804628360417529e-04}
                  to  : {3.1166467774274935e-05, 1.2804628360279615e-04}
===================================
  al = 6.5953456173075493e-04
  au = 4.2914354947099801e-03
  bl = 6.2499958569638324e-02
  bu = 7.8015524220813301e-02
  m = 767037, n = 0
  DRIFT : 767037
  Narrowing range from: {4.1220882783416756e-05, 3.3479858977960436e-04}
                  to  : {4.1220882786015575e-05, 3.3479858977960436e-04}
===================================
  al = 1.8283805666872613e-02
  au = 3.2114844702575827e-02
  bl = 3.1249976954596598e-02
  bu = 3.6072786122541563e-02
  m = 821943, n = 0
  DRIFT : 821943
  Narrowing range from: {5.7136850573209189e-04, 1.1584719243146547e-03}
                  to  : {5.7136850577664945e-04, 1.1584719243146547e-03}
===================================
  al = 1.9307084261160117e-02
  au = 5.4216724992003362e-02
  bl = 3.1249923876838469e-02
  bu = 8.9418643680766907e-02
  m = 279229, n = 0
  DRIFT : 279229
  Narrowing range from: {6.0334491344495977e-04, 4.8479860135980787e-03}
                  to  : {6.0334491346009675e-04, 4.8479860135980787e-03}
===================================
  al = 4.5233165476421221e-02
  au = 6.9561724920834608e-02
  bl = 3.1249988018927696e-02
  bu = 5.0826599527110855e-02
  m = 1421537, n = 0
  DRIFT : 1421537
  Narrowing range from: {1.4135358791963371e-03, 3.5355859349663079e-03}
                  to  : {1.4135358793504603e-03, 3.5355859349663079e-03}
===================================
  al = 3.8261476343960169e-02
  au = 5.0055216834345329e-02
  bl = 1.5624906319982269e-02
  bu = 2.3978620146139901e-02
  m = 128401, n = 1
  DRIFT : 128402
  Narrowing range from: {5.9783198353859535e-04, 1.2002550308034339e-03}
                  to  : {5.9783198354555593e-04, 1.2002550308034339e-03}
===================================
  al = 3.1656468653547029e-02
  au = 6.4249039394034577e-02
  bl = 7.8124879523948998e-03
  bu = 1.2811206527439889e-02
  m = 503695, n = 0
  DRIFT : 503695
  Narrowing range from: {2.4731577997120298e-04, 8.2310771286659833e-04}
                  to  : {2.4731577998485563e-04, 8.2310771286659833e-04}
===================================
  al = 3.7642828430819633e-02
  au = 6.2479289921104214e-02
  bl = 6.2499926538344186e-02
  bu = 8.6074809656170412e-02
  m = 126977, n = 0
  DRIFT : 126977
  Narrowing range from: {2.3526740116217213e-03, 5.3778929874117318e-03}
                  to  : {2.3526740116492548e-03, 5.3778929874117318e-03}
===================================
  al = 3.9291023061853454e-02
  au = 8.2364738829904985e-02
  bl = 6.2499865085482532e-02
  bu = 6.2499865085482532e-02
  m = 0, n = 132303
  DRIFT : 132303
  Narrowing range from: {2.4556836404364237e-03, 5.1477850646700655e-03}
                  to  : {2.4556836404364237e-03, 5.1477850646126887e-03}
===================================
  al = 7.0368992815191891e-02
  au = 7.5764378006218491e-02
  bl = 8.3818845200333788e-04
  bu = 1.9531228980088752e-03
  m = 0, n = 127955
  DRIFT : 127955
  Narrowing range from: {5.8982477156799694e-05, 1.4797714153734533e-04}
                  to  : {5.8982477156799694e-05, 1.4797714153561123e-04}
===================================
  al = 1.5656262596085591e-02
  au = 1.9967674380193312e-02
  bl = 3.1249803287117971e-02
  bu = 4.3121641373166243e-02
  m = 153723, n = 0
  DRIFT : 153723
  Narrowing range from: {4.8925512633913768e-04, 8.6103889367885559e-04}
                  to  : {4.8925512634747097e-04, 8.6103889367885559e-04}
===================================
  al = 6.2032587144158838e-02
  au = 9.6339628511069822e-02
  bl = 2.2189230234079520e-02
  bu = 6.2499930605524827e-02
  m = 0, n = 260529
  DRIFT : 260529
  Narrowing range from: {1.3764553581573418e-03, 6.0212200965039046e-03}
                  to  : {1.3764553581573418e-03, 6.0212200963909186e-03}
===================================
  al = 3.3724384957029827e-02
  au = 6.4639973276264417e-02
  bl = 3.1249939481443553e-02
  bu = 3.1249939481443553e-02
  m = 119329, n = 321137
  DRIFT : 440466
  Narrowing range from: {1.0538849889560875e-03, 2.0199952529653914e-03}
                  to  : {1.0538849889690251e-03, 2.0199952528957561e-03}
===================================
  al = 9.7781962743967374e-03
  au = 8.2504145584988364e-02
  bl = 9.7655688727463100e-04
  bu = 5.4041806872462753e-03
  m = 127765, n = 0
  DRIFT : 127765
  Narrowing range from: {9.5489649168852720e-06, 4.4586731018814917e-04}
                  to  : {9.5489649169934923e-06, 4.4586731018814917e-04}
===================================
  al = 4.2047400259629837e-03
  au = 6.8342516973060588e-03
  bl = 9.7656076965661927e-04
  bu = 2.7635584260232188e-02
  m = 507385, n = 0
  DRIFT : 507385
  Narrowing range from: {4.1061841559604049e-06, 1.8886853863653644e-04}
                  to  : {4.1061841561752904e-06, 1.8886853863653644e-04}
===================================
  al = 7.4564321674891413e-03
  au = 3.6617284345533609e-02
  bl = 3.9507994048230775e-03
  bu = 6.2499806975023359e-02
  m = 0, n = 136163
  DRIFT : 136163
  Narrowing range from: {2.9458867769419748e-05, 2.2885732035453949e-03}
                  to  : {2.9458867769419748e-05, 2.2885732035158694e-03}
===================================
  al = 1.4196955129105042e-02
  au = 3.1588942418168432e-02
  bl = 2.2667818902240310e-03
  bu = 1.5624948963338943e-02
  m = 0, n = 223559
  DRIFT : 223559
  Narrowing range from: {3.2181400782978476e-05, 4.9357561308973437e-04}
                  to  : {3.2181400782978476e-05, 4.9357561307761526e-04}
===================================
  al = 5.3143573507505981e-02
  au = 6.0421105402742203e-02
  bl = 7.8124938975061686e-03
  bu = 8.0248108356830536e-02
  m = 321189, n = 0
  DRIFT : 321189
  Narrowing range from: {4.1518384371906099e-04, 4.8486794133987352e-03}
                  to  : {4.1518384372776681e-04, 4.8486794133987352e-03}
===================================
  al = 6.3248683436823439e-02
  au = 8.1715009572562697e-02
  bl = 5.3262425912446454e-02
  bu = 6.2499684756697538e-02
  m = 0, n = 132367
  DRIFT : 132367
  Narrowing range from: {3.3687783156135876e-03, 5.1071623381756899e-03}
                  to  : {3.3687783156135876e-03, 5.1071623381182853e-03}
===================================
  al = 1.2890064402071849e-02
  au = 1.6459172558068971e-02
  bl = 6.2499848172662166e-02
  bu = 6.2499848172662166e-02
  m = 0, n = 171277
  DRIFT : 171277
  Narrowing range from: {8.0562706806532795e-04, 1.0286957859269581e-03}
                  to  : {8.0562706806532795e-04, 1.0286957859083883e-03}
===================================
  al = 2.1297049053582210e-02
  au = 5.8691950671992760e-02
  bl = 1.5624927081765794e-02
  bu = 5.0615187560584696e-02
  m = 132119, n = 0
  DRIFT : 132119
  Narrowing range from: {3.3276483851901127e-04, 2.9707040915594985e-03}
                  to  : {3.3276483852259233e-04, 2.9707040915594985e-03}
===================================
  al = 3.1310045677664738e-02
  au = 7.9854176767785237e-02
  bl = 3.5112913600043032e-02
  bu = 6.2499975592435413e-02
  m = 0, n = 400941
  DRIFT : 400941
  Narrowing range from: {1.0993869286932427e-03, 4.9908840989405998e-03}
                  to  : {1.0993869286932427e-03, 4.9908840987667197e-03}
===================================
  al = 2.6379963753044678e-02
  au = 3.4667529320083608e-02
  bl = 5.2762017720075646e-02
  bu = 6.2499936216149125e-02
  m = 0, n = 259047
  DRIFT : 259047
  Narrowing range from: {1.3918601149930966e-03, 2.1667183712767049e-03}
                  to  : {1.3918601149930966e-03, 2.1667183712205332e-03}
===================================
  al = 2.5788814893939324e-03
  au = 3.1028632447194272e-02
  bl = 6.2499855400343501e-02
  bu = 6.2499855400343501e-02
  m = 120161, n = 0
  DRIFT : 120161
  Narrowing range from: {1.6117972018174327e-04, 1.9392850412200484e-03}
                  to  : {1.6117972018337174e-04, 1.9392850412200484e-03}
===================================
  al = 1.1734203848136877e-02
  au = 2.7489160275885268e-02
  bl = 3.1249978256157902e-02
  bu = 3.1249978256157902e-02
  m = 370009, n = 0
  DRIFT : 370009
  Narrowing range from: {3.6669361510760181e-04, 8.5903566090145419e-04}
                  to  : {3.6669361511763090e-04, 8.5903566090145419e-04}
===================================
  al = 3.3491197038694354e-02
  au = 5.8908927847526341e-02
  bl = 3.1249955009057202e-02
  bu = 6.9634976634831314e-02
  m = 105917, n = 0
  DRIFT : 105917
  Narrowing range from: {1.0465984006586685e-03, 4.1021218142454604e-03}
                  to  : {1.0465984006701519e-03, 4.1021218142454604e-03}
===================================
  al = 6.2676416634413423e-02
  au = 9.8729785989025834e-02
  bl = 6.2499705335453168e-02
  bu = 7.8712020819708794e-02
  m = 115169, n = 0
  DRIFT : 115169
  Narrowing range from: {3.9172575711329347e-03, 7.7712209702935952e-03}
                  to  : {3.9172575711828809e-03, 7.7712209702935952e-03}
===================================
  al = 5.2899716709503086e-04
  au = 3.6042036876199258e-02
  bl = 5.3315488953852602e-02
  bu = 6.2499655913029986e-02
  m = 0, n = 133715
  DRIFT : 133715
  Narrowing range from: {2.8203742618874439e-05, 2.2526149031671916e-03}
                  to  : {2.8203742618874439e-05, 2.2526149031381970e-03}
===================================
  al = 2.2625952253152812e-03
  au = 6.8012776428360525e-02
  bl = 3.2056459172752441e-03
  bu = 1.5624988470655006e-02
  m = 0, n = 1222783
  DRIFT : 1222783
  Narrowing range from: {7.2530791464783919e-06, 1.0626988475503697e-03}
                  to  : {7.2530791464783919e-06, 1.0626988474177954e-03}
===================================
  al = 1.4973635419620574e-04
  au = 1.9118871434870503e-02
  bl = 5.7707719256827203e-02
  bu = 6.2499889070728246e-02
  m = 0, n = 248341
  DRIFT : 248341
  Narrowing range from: {8.6409434904954801e-06, 1.1949273438369213e-03}
                  to  : {8.6409434904954801e-06, 1.1949273438099962e-03}
===================================
  al = 3.1208930097105679e-03
  au = 9.0441582994246743e-03
  bl = 1.2893006066270685e-02
  bu = 1.5624951600351489e-02
  m = 0, n = 116717
  DRIFT : 116717
  Narrowing range from: {4.0237692506380129e-05, 1.4131453569442775e-04}
                  to  : {4.0237692506380129e-05, 1.4131453569284595e-04}
===================================
  al = 2.1760883221996555e-02
  au = 3.6423802342233101e-02
  bl = 1.5582366822913181e-02
  bu = 3.1249987985242783e-02
  m = 0, n = 1455965
  DRIFT : 1455965
  Narrowing range from: {3.3908606475572720e-04, 1.1382433855716423e-03}
                  to  : {3.3908606475572720e-04, 1.1382433854137863e-03}
===================================
  al = 7.7469643157057733e-02
  au = 9.7372391053491825e-02
  bl = 3.9062448633275012e-03
  bu = 1.9248239574385144e-02
  m = 229107, n = 0
  DRIFT : 229107
  Narrowing range from: {3.0261539564607130e-04, 1.8742471109283274e-03}
                  to  : {3.0261539565228123e-04, 1.8742471109283274e-03}
===================================
  al = 8.8207257153962732e-03
  au = 9.5968811536461980e-03
  bl = 7.8124941094834853e-03
  bu = 7.8124941094834853e-03
  m = 0, n = 130561
  DRIFT : 130561
  Narrowing range from: {6.8911867692902885e-05, 7.4975577482273988e-05}
                  to  : {6.8911867692902885e-05, 7.4975577481389279e-05}
===================================
  al = 5.6426527717316072e-02
  au = 8.5932236994661515e-02
  bl = 6.2499696580166124e-02
  bu = 6.2499696580166124e-02
  m = 0, n = 105525
  DRIFT : 105525
  Narrowing range from: {3.5266408614045884e-03, 5.3707387386212708e-03}
                  to  : {3.5266408614045884e-03, 5.3707387385755071e-03}
===================================
  al = 2.1749135269201851e-02
  au = 3.1764731861665632e-02
  bl = 6.2499485620064778e-02
  bu = 6.2499485620064778e-02
  m = 0, n = 101771
  DRIFT : 101771
  Narrowing range from: {1.3593097670063247e-03, 1.9852794022133845e-03}
                  to  : {1.3593097670063247e-03, 1.9852794021913167e-03}
===================================
  al = 3.1453396233047777e-02
  au = 3.3645572694688278e-02
  bl = 6.2499649039508727e-02
  bu = 8.4049838529169113e-02
  m = 115717, n = 0
  DRIFT : 115717
  Narrowing range from: {1.9658262256660921e-03, 2.8279049522099710e-03}
                  to  : {1.9658262256911840e-03, 2.8279049522099710e-03}
===================================
  al = 7.2638205209740632e-03
  au = 3.4864446751873737e-02
  bl = 6.1853543518889539e-02
  bu = 6.2499680950644801e-02
  m = 0, n = 111753
  DRIFT : 111753
  Narrowing range from: {4.4929303870747209e-04, 2.1790167985128528e-03}
                  to  : {4.4929303870747209e-04, 2.1790167984886205e-03}
