===================================
  al = 1.2046678484364096e-01
  au = 1.0320133683851849e+00
  bl = 1.9999916128739992e+00
  bu = 1.9999916128739992e+00
  m = 0, n = 142119
  DRIFT : 142119
  Narrowing range from: {2.4093255931717852e-01, 2.0640180811442144e+00}
                  to  : {2.4093255931717852e-01, 2.0640180811126578e+00}
===================================
  al = 7.9589852593789292e+00
  au = 9.8248766177065665e+00
  bl = 1.5148934405017171e+00
  bu = 1.9999916286678672e+00
  m = 0, n = 103511
  DRIFT : 103511
  Narrowing range from: {1.2057014562482998e+01, 1.9649670988107800e+01}
                  to  : {1.2057014562482998e+01, 1.9649670987923930e+01}
===================================
  al = 6.7175416048302363e+00
  au = 8.8909733310387224e+00
  bl = 1.9999966503798061e+00
  bu = 4.5792770369604172e+00
  m = 132917, n = 0
  DRIFT : 132917
  Narrowing range from: {1.3435060708447461e+01, 4.0714230011053090e+01}
                  to  : {1.3435060708565514e+01, 4.0714230011053090e+01}
===================================
  al = 9.8999272110774639e-01
  au = 2.5467653108079125e+00
  bl = 1.1059251816087536e+00
  bu = 7.9999730565126850e+00
  m = 0, n = 178479
  DRIFT : 178479
  Narrowing range from: {1.0948578798824287e+00, 2.0374053867724452e+01}
                  to  : {1.0948578798824287e+00, 2.0374053867407412e+01}
===================================
  al = 6.7771042196626086e-01
  au = 2.2972088514529694e+00
  bl = 7.9999824785124174e+00
  bu = 7.9999824785124174e+00
  m = 0, n = 229687
  DRIFT : 229687
  Narrowing range from: {5.4216715012353438e+00, 1.8377630561107388e+01}
                  to  : {5.4216715012353438e+00, 1.8377630560699384e+01}
===================================
  al = 3.6235766711013961e+00
  au = 4.4091038164576783e+00
  bl = 1.9999965664094483e+00
  bu = 3.3733514933051305e+00
  m = 106877, n = 0
  DRIFT : 106877
  Narrowing range from: {7.2471409003241716e+00, 1.4873456943384859e+01}
                  to  : {7.2471409003716341e+00, 1.4873456943384859e+01}
===================================
  al = 3.3673203773890341e+00
  au = 4.7726524043443961e+00
  bl = 3.9999957843308449e+00
  bu = 4.4622729690618828e+00
  m = 213357, n = 0
  DRIFT : 213357
  Narrowing range from: {1.3469267314047487e+01, 2.1296877814634200e+01}
                  to  : {1.3469267314236985e+01, 2.1296877814634200e+01}
===================================
  al = 7.6291217422010882e-01
  au = 2.4232176395081435e+00
  bl = 9.9999684904303232e-01
  bu = 9.9999684904303232e-01
  m = 0, n = 243667
  DRIFT : 243667
  Narrowing range from: {7.6290977031667773e-01, 2.4232100040536380e+00}
                  to  : {7.6290977031667773e-01, 2.4232100039995332e+00}
===================================
  al = 2.3577127733912602e+00
  au = 6.2097293470442336e+00
  bl = 3.9999892485682440e+00
  bu = 5.6341899174596612e+00
  m = 140675, n = 0
  DRIFT : 140675
  Narrowing range from: {9.4308257447770583e+00, 3.4986794477269989e+01}
                  to  : {9.4308257449020019e+00, 3.4986794477269989e+01}
===================================
  al = 3.3287166730085738e+00
  au = 4.0085488624099810e+00
  bl = 6.0845887553160933e+00
  bu = 7.9999739301521098e+00
  m = 0, n = 269877
  DRIFT : 269877
  Narrowing range from: {2.0253872038221164e+01, 3.2068286397020742e+01}
                  to  : {2.0253872038221164e+01, 3.2068286396061950e+01}
===================================
  al = 5.1334980097022065e-01
  au = 6.2312428845447290e+00
  bl = 1.9999968462500821e+00
  bu = 9.3478719890342834e+00
  m = 328755, n = 0
  DRIFT : 328755
  Narrowing range from: {1.0266979829635487e+00, 5.8248860817304866e+01}
                  to  : {1.0266979830000478e+00, 5.8248860817304866e+01}
===================================
  al = 1.1511152168537575e+00
  au = 5.2165893261474947e+00
  bl = 3.6025804819746527e+00
  bu = 3.9999904971408835e+00
  m = 0, n = 232695
  DRIFT : 232695
  Narrowing range from: {4.1469852127413667e+00, 2.0866307732076542e+01}
                  to  : {4.1469852127413667e+00, 2.0866307731663195e+01}
===================================
  al = 1.5073847237121798e+00
  au = 4.8139840800280460e+00
  bl = 9.9999999810307605e-01
  bu = 7.9484333465737951e+00
  m = 33598393, n = 0
  DRIFT : 33598393
  Narrowing range from: {1.5073847208527857e+00, 3.8263631591570295e+01}
                  to  : {1.5073847245829566e+00, 3.8263631591570295e+01}
===================================
  al = 4.7162341433990687e+00
  au = 6.3029873454709451e+00
  bl = 2.3200520825016007e+00
  bu = 7.9999712320716556e+00
  m = 0, n = 105191
  DRIFT : 105191
  Narrowing range from: {1.0941908845958162e+01, 5.0423717439879248e+01}
                  to  : {1.0941908845958162e+01, 5.0423717439505538e+01}
===================================
  al = 5.6940536568972833e-01
  au = 7.0163156715396600e+00
  bl = 1.9999956581794573e+00
  bu = 2.6881838664401858e+00
  m = 316531, n = 0
  DRIFT : 316531
  Narrowing range from: {1.1388082591235429e+00, 1.8861146590084353e+01}
                  to  : {1.1388082591586848e+00, 1.8861146590084353e+01}
===================================
  al = 7.4030649987065911e-01
  au = 2.2986907543888693e+00
  bl = 3.9999893327757841e+00
  bu = 3.9999893327757841e+00
  m = 193723, n = 23585
  DRIFT : 217308
  Narrowing range from: {2.9612181024672140e+00, 9.1947384969057957e+00}
                  to  : {2.9612181025102289e+00, 9.1947384968848489e+00}
===================================
  al = 2.0029371780460892e+00
  au = 4.1713409264070345e+00
  bl = 3.1050755671731354e+00
  bu = 7.9999715791019907e+00
  m = 0, n = 103249
  DRIFT : 103249
  Narrowing range from: {6.2192712941336197e+00, 3.3370608858001241e+01}
                  to  : {6.2192712941336197e+00, 3.3370608857634430e+01}
===================================
  al = 2.3503876410935765e+00
  au = 3.6424674070099816e+00
  bl = 7.9999973175961090e+00
  bu = 9.1217215247403587e+00
  m = 1517673, n = 0
  DRIFT : 1517673
  Narrowing range from: {1.8803094824059659e+01, 3.3225573349688148e+01}
                  to  : {1.8803094826755586e+01, 3.3225573349688148e+01}
===================================
  al = 5.8133597673862703e-04
  au = 3.4790736285774261e-02
  bl = 3.7881241698768259e-01
  bu = 1.9999943093845576e+00
  m = 0, n = 231445
  DRIFT : 231445
  Narrowing range from: {2.2021728643025452e-04, 6.9581274590847356e-02}
                  to  : {2.2021728643025452e-04, 6.9581274589241390e-02}
===================================
  al = 3.8244483456828591e+00
  au = 8.0728255288880852e+00
  bl = 6.4754715099260995e-01
  bu = 9.9999753200842889e-01
  m = 0, n = 264929
  DRIFT : 264929
  Narrowing range from: {2.4765106303653357e+00, 8.0728056052227242e+00}
                  to  : {2.4765106303653357e+00, 8.0728056049874208e+00}
===================================
  al = 6.0743778167287852e+00
  au = 8.6416381544219583e+00
  bl = 9.9999850166279358e-01
  bu = 3.0051304717732523e+00
  m = 137449, n = 0
  DRIFT : 137449
  Narrowing range from: {6.0743687152624970e+00, 2.5969250143891799e+01}
                  to  : {6.0743687153235362e+00, 2.5969250143891799e+01}
===================================
  al = 3.1854343565303926e+00
  au = 4.9309910735358464e+00
  bl = 3.3131160099515755e+00
  bu = 3.9999935319832325e+00
  m = 0, n = 427013
  DRIFT : 427013
  Narrowing range from: {1.0553713565270639e+01, 1.9723932400410440e+01}
                  to  : {1.0553713565270639e+01, 1.9723932399651915e+01}
===================================
  al = 2.9322929073294715e+00
  au = 4.7244792998920362e+00
  bl = 5.7315885163928852e+00
  bu = 7.9999598690258296e+00
  m = 0, n = 154291
  DRIFT : 154291
  Narrowing range from: {1.6806696354349906e+01, 3.7795644801179535e+01}
                  to  : {1.6806696354349906e+01, 3.7795644800631386e+01}
===================================
  al = 2.3502277160251159e+00
  au = 2.5236723223473447e+00
  bl = 7.1324296373422449e+00
  bu = 7.9999909884797029e+00
  m = 0, n = 263565
  DRIFT : 263565
  Narrowing range from: {1.6762833816280711e+01, 2.0189355836654400e+01}
                  to  : {1.6762833816280711e+01, 2.0189355836186216e+01}
===================================
  al = 2.4592689863337114e+00
  au = 2.8330066905533968e+00
  bl = 7.9999814185429443e+00
  bu = 9.1994379832265381e+00
  m = 133961, n = 0
  DRIFT : 133961
  Narrowing range from: {1.9674106193868635e+01, 2.6062069355811829e+01}
                  to  : {1.9674106194106596e+01, 2.6062069355811829e+01}
===================================
  al = 1.5929405611754430e-01
  au = 8.1568692475057833e+00
  bl = 2.2467443134751202e+00
  bu = 7.9999715373953499e+00
  m = 0, n = 274631
  DRIFT : 274631
  Narrowing range from: {3.5789301475247931e-01, 6.5254721814301689e+01}
                  to  : {3.5789301475247931e-01, 6.5254721812350326e+01}
===================================
  al = 5.7077189083350239e+00
  au = 8.1343269643656910e+00
  bl = 1.9990344088563514e+00
  bu = 3.9999979529187986e+00
  m = 0, n = 1847889
  DRIFT : 1847889
  Narrowing range from: {1.1409926493841724e+01, 3.2537291205834947e+01}
                  to  : {1.1409926493841724e+01, 3.2537291199269930e+01}
===================================
  al = 1.0092625727229472e+00
  au = 5.1144169731508091e+00
  bl = 3.8233822805394149e+00
  bu = 7.9999956729763575e+00
  m = 0, n = 1013721
  DRIFT : 1013721
  Narrowing range from: {3.8587966369605389e+00, 4.0915313655003310e+01}
                  to  : {3.8587966369605389e+00, 4.0915313651401853e+01}
===================================
  al = 1.5477856139699682e+00
  au = 3.2686123059540235e+00
  bl = 3.9999975747316774e+00
  bu = 3.9999975747316774e+00
  m = 657339, n = 0
  DRIFT : 657339
  Narrowing range from: {6.1911387020844533e+00, 1.3074441296554209e+01}
                  to  : {6.1911387023763700e+00, 1.3074441296554209e+01}
===================================
  al = 2.8082241873590846e-01
  au = 9.3393064212650501e+00
  bl = 1.9999961049615083e+00
  bu = 2.1207827181829533e+00
  m = 280681, n = 0
  DRIFT : 280681
  Narrowing range from: {5.6164374365768666e-01, 1.9806639658034001e+01}
                  to  : {5.6164374367326753e-01, 1.9806639658034001e+01}
===================================
  al = 2.1459310568471390e+00
  au = 5.3107938468569458e+00
  bl = 1.9999979550256759e+00
  bu = 1.9999979550256759e+00
  m = 802955, n = 534385
  DRIFT : 1337340
  Narrowing range from: {4.2918577253203658e+00, 1.0621576833276833e+01}
                  to  : {4.2918577256769490e+00, 1.0621576832802205e+01}
===================================
  al = 4.8062791534689522e+00
  au = 7.2976790292668960e+00
  bl = 4.9999734877288921e-01
  bu = 2.2314729107812967e+00
  m = 102953, n = 0
  DRIFT : 102953
  Narrowing range from: {2.4031268341968826e+00, 1.6284573065385828e+01}
                  to  : {2.4031268342197425e+00, 1.6284573065385828e+01}
===================================
  al = 2.0917730464163897e+00
  au = 4.8173569187310559e+00
  bl = 1.9999967474266074e+00
  bu = 4.0773158899862070e+00
  m = 348607, n = 0
  DRIFT : 348607
  Narrowing range from: {4.1835392891874257e+00, 1.9641885912477129e+01}
                  to  : {4.1835392893422378e+00, 1.9641885912477129e+01}
===================================
  al = 5.0703899970860880e+00
  au = 6.0674080617683650e+00
  bl = 1.9999956201012723e+00
  bu = 7.5356178414656458e+00
  m = 282449, n = 0
  DRIFT : 282449
  Narrowing range from: {1.0140757786377479e+01, 4.5721668441714186e+01}
                  to  : {1.0140757786628344e+01, 4.5721668441714186e+01}
===================================
  al = 5.2393281651725161e+00
  au = 8.6101370978118297e+00
  bl = 3.9999922169102806e+00
  bu = 3.9999922169102806e+00
  m = 0, n = 145085
  DRIFT : 145085
  Narrowing range from: {2.0957271882528886e+01, 3.4440481377777786e+01}
                  to  : {2.0957271882528886e+01, 3.4440481377262344e+01}
===================================
  al = 1.1026867429980161e-03
  au = 5.5107303168801067e-02
  bl = 7.9999465110189174e+00
  bu = 9.4529555844584525e+00
  m = 129077, n = 0
  DRIFT : 129077
  Narrowing range from: {8.8214349623937927e-03, 5.2092688923396302e-01}
                  to  : {8.8214349625057482e-03, 5.2092688923396302e-01}
===================================
  al = 3.9096105230054401e+00
  au = 4.8286425336528724e+00
  bl = 3.9999819871002034e+00
  bu = 3.9999819871002034e+00
  m = 5269, n = 155091
  DRIFT : 160360
  Narrowing range from: {1.5638371668599166e+01, 1.9314483156757376e+01}
                  to  : {1.5638371668603845e+01, 1.9314483156481881e+01}
===================================
  al = 2.7504748361657888e-01
  au = 9.0209819859485165e+00
  bl = 4.5994803645764870e+00
  bu = 7.9999951798966080e+00
  m = 0, n = 668341
  DRIFT : 668341
  Narrowing range from: {1.2650755002206275e+00, 7.2167812405522255e+01}
                  to  : {1.2650755002206275e+00, 7.2167812400773414e+01}
===================================
  al = 2.3235626730013794e+00
  au = 4.0032134211561443e+00
  bl = 1.9999906633294053e+00
  bu = 1.9999906633294053e+00
  m = 0, n = 163421
  DRIFT : 163421
  Narrowing range from: {4.6471036516634747e+00, 8.0063894656272545e+00}
                  to  : {4.6471036516634747e+00, 8.0063894654821084e+00}
===================================
  al = 5.4709885076938869e-01
  au = 5.5596584355928869e-01
  bl = 1.2777501109001466e+00
  bu = 3.9999980406030984e+00
  m = 0, n = 332421
  DRIFT : 332421
  Narrowing range from: {6.9905561724392917e-01, 2.2238622848794032e+00}
                  to  : {6.9905561724392917e-01, 2.2238622848055911e+00}
===================================
  al = 1.6850983115363407e+00
  au = 3.9503572843738493e+00
  bl = 7.9999885438695753e+00
  bu = 7.9999885438695753e+00
  m = 128607, n = 0
  DRIFT : 128607
  Narrowing range from: {1.3480767187584691e+01, 3.1602813019182520e+01}
                  to  : {1.3480767187698916e+01, 3.1602813019182520e+01}
===================================
  al = 1.9281062207306271e-02
  au = 7.6535804169626172e+00
  bl = 3.9999990773729071e+00
  bu = 3.9999990773729071e+00
  m = 1799625, n = 0
  DRIFT : 1799625
  Narrowing range from: {7.7124231039994717e-02, 3.0614314606449817e+01}
                  to  : {7.7124231052482117e-02, 3.0614314606449817e+01}
===================================
  al = 1.0665957521148806e+00
  au = 2.9882946948011742e+00
  bl = 7.9999684636649713e+00
  bu = 9.8641959163742321e+00
  m = 203297, n = 0
  DRIFT : 203297
  Narrowing range from: {8.5327323803980661e+00, 2.9477124325380526e+01}
                  to  : {8.5327323805786293e+00, 2.9477124325380526e+01}
===================================
  al = 1.0123957748329055e+00
  au = 3.0592148762008109e+00
  bl = 2.5679761976361828e+00
  bu = 3.9999876078260947e+00
  m = 0, n = 139177
  DRIFT : 139177
  Narrowing range from: {2.5998082523583417e+00, 1.2236821594480483e+01}
                  to  : {2.5998082523583417e+00, 1.2236821594356870e+01}
===================================
  al = 2.2783928135929905e+00
  au = 8.4465625229487706e+00
  bl = 3.1819910233772943e+00
  bu = 7.9999898745995814e+00
  m = 0, n = 577829
  DRIFT : 577829
  Narrowing range from: {7.2498254805802329e+00, 6.7572414658762455e+01}
                  to  : {7.2498254805802329e+00, 6.7572414654656740e+01}
===================================
  al = 4.5550971328529677e+00
  au = 5.6279902152194294e+00
  bl = 7.9999649298804059e+00
  bu = 7.9999649298804059e+00
  m = 0, n = 110007
  DRIFT : 110007
  Narrowing range from: {3.6440617315022529e+01, 4.5023724347465510e+01}
                  to  : {3.6440617315022529e+01, 4.5023724347074690e+01}
===================================
  al = 4.8751207234606850e+00
  au = 8.3569999493058535e+00
  bl = 4.3047501948059652e-01
  bu = 9.9999860459423195e-01
  m = 1, n = 637815
  DRIFT : 637816
  Narrowing range from: {2.0986176884019985e+00, 8.3569882878999202e+00}
                  to  : {2.0986176884019985e+00, 8.3569882873334276e+00}
===================================
  al = 1.0179393105591004e+00
  au = 9.4688646791236959e+00
  bl = 7.9999674222534365e+00
  bu = 8.4490871969430543e+00
  m = 201205, n = 0
  DRIFT : 201205
  Narrowing range from: {8.1434813223039271e+00, 8.0003263329970324e+01}
                  to  : {8.1434813224826321e+00, 8.0003263329970324e+01}
===================================
  al = 5.6409564437986914e-01
  au = 1.1212339190526190e+00
  bl = 7.9999807726027674e+00
  bu = 7.9999807726027674e+00
  m = 0, n = 160431
  DRIFT : 160431
  Narrowing range from: {4.5127543089479216e+00, 8.9698497940109991e+00}
                  to  : {4.5127543089479216e+00, 8.9698497938685087e+00}
===================================
  al = 3.2448668428848340e+00
  au = 8.0689845828911562e+00
  bl = 7.5044915669912282e-01
  bu = 7.9999964211476806e+00
  m = 0, n = 1349437
  DRIFT : 1349437
  Narrowing range from: {2.4351075858438689e+00, 6.4551847785425053e+01}
                  to  : {2.4351075858438689e+00, 6.4551847775836734e+01}
===================================
  al = 2.6039485478277868e-01
  au = 2.8768902793784310e+00
  bl = 4.9999685486363166e-01
  bu = 3.6217128206544134e+00
  m = 144025, n = 0
  DRIFT : 144025
  Narrowing range from: {1.3019660841406144e-01, 1.0419270408440921e+01}
                  to  : {1.3019660841606018e-01, 1.0419270408440921e+01}
===================================
  al = 3.5299240131349556e+00
  au = 4.8428643646881007e+00
  bl = 3.9999974294322032e+00
  bu = 3.9999974294322032e+00
  m = 0, n = 810313
  DRIFT : 810313
  Narrowing range from: {1.4119686978630829e+01, 1.9371445009841221e+01}
                  to  : {1.4119686978630829e+01, 1.9371445008401817e+01}
===================================
  al = 1.9908026344157257e+00
  au = 8.9224618506044333e+00
  bl = 1.7828651531324388e-01
  bu = 9.9999148441242558e-01
  m = 0, n = 101309
  DRIFT : 101309
  Narrowing range from: {3.5493326436640554e-01, 8.9223858705991645e+00}
                  to  : {3.5493326436640554e-01, 8.9223858705091850e+00}
===================================
  al = 3.8633034646090265e+00
  au = 8.4190087639908029e+00
  bl = 7.6472644042140612e+00
  bu = 7.9999480734575403e+00
  m = 0, n = 130445
  DRIFT : 130445
  Narrowing range from: {2.9543703067581465e+01, 6.7351632941910367e+01}
                  to  : {2.9543703067581465e+01, 6.7351632940983507e+01}
===================================
  al = 2.1515585723975557e+00
  au = 2.6473692032694944e+00
  bl = 2.0721103874227929e+00
  bu = 7.9999771990364641e+00
  m = 0, n = 144041
  DRIFT : 144041
  Narrowing range from: {4.4582668670135304e+00, 2.1178893263587284e+01}
                  to  : {4.4582668670135304e+00, 2.1178893263331418e+01}
===================================
  al = 5.3708023726166187e+00
  au = 5.7796246589877844e+00
  bl = 5.2990842576054344e+00
  bu = 7.9999954346734450e+00
  m = 0, n = 453163
  DRIFT : 453163
  Narrowing range from: {2.8460334303442639e+01, 4.6236970886028338e+01}
                  to  : {2.8460334303442639e+01, 4.6236970884418383e+01}
===================================
  al = 4.8886718429236448e-01
  au = 5.6623781348107451e+00
  bl = 6.6041647842503248e-01
  bu = 9.9999631274966128e-01
  m = 0, n = 155689
  DRIFT : 155689
  Narrowing range from: {3.2285594426792469e-01, 5.6623572562050493e+00}
                  to  : {3.2285594426792469e-01, 5.6623572561359099e+00}
===================================
  al = 2.0738033375813676e+00
  au = 4.3565499847903295e+00
  bl = 7.9999735766197926e+00
  bu = 7.9999735766197926e+00
  m = 101853, n = 0
  DRIFT : 101853
  Narrowing range from: {1.6590371903756878e+01, 3.4852284763545995e+01}
                  to  : {1.6590371903937804e+01, 3.4852284763545995e+01}
===================================
  al = 5.8886865589862736e-01
  au = 4.9729107740285432e+00
  bl = 3.5471741888638890e+00
  bu = 3.9999925314463387e+00
  m = 0, n = 123989
  DRIFT : 123989
  Narrowing range from: {2.0888196968345820e+00, 1.9891605955663202e+01}
                  to  : {2.0888196968345820e+00, 1.9891605955442955e+01}
===================================
  al = 2.1272367285130933e+00
  au = 6.9498949071953842e+00
  bl = 3.9999904979849239e+00
  bu = 4.2548949687594764e+00
  m = 285719, n = 0
  DRIFT : 285719
  Narrowing range from: {8.5089267010169092e+00, 2.9571072874032751e+01}
                  to  : {8.5089267012706777e+00, 2.9571072874032751e+01}
===================================
  al = 9.1952167940255265e+00
  au = 9.5509809693169760e+00
  bl = 7.9999956579013007e+00
  bu = 9.1630617881717136e+00
  m = 1151483, n = 0
  DRIFT : 1151483
  Narrowing range from: {7.3561694425665337e+01, 8.7516228759503619e+01}
                  to  : {7.3561694433847109e+01, 8.7516228759503619e+01}
===================================
  al = 8.1574616801339217e-01
  au = 1.1170193570589884e+00
  bl = 3.0078598202844016e+00
  bu = 3.9999696448988571e+00
  m = 0, n = 104047
  DRIFT : 104047
  Narrowing range from: {2.4536501223184510e+00, 4.4680435210003910e+00}
                  to  : {2.4536501223184510e+00, 4.4680435209541853e+00}
===================================
  al = 1.6530741475514874e+00
  au = 2.4587531449418831e+00
  bl = 6.9910108339395425e+00
  bu = 7.9999714639774675e+00
  m = 0, n = 189547
  DRIFT : 189547
  Narrowing range from: {1.1556659274837822e+01, 1.9669954996499918e+01}
                  to  : {1.1556659274837822e+01, 1.9669954996163217e+01}
===================================
  al = 4.1902315685091969e+00
  au = 9.1526562233739099e+00
  bl = 6.1639872693176239e+00
  bu = 7.9999916589426814e+00
  m = 0, n = 424337
  DRIFT : 424337
  Narrowing range from: {2.5828534043783510e+01, 7.3221173444161096e+01}
                  to  : {2.5828534043783510e+01, 7.3221173441146007e+01}
===================================
  al = 5.0661348018787447e+00
  au = 6.8544600117723240e+00
  bl = 3.9999965173606156e+00
  bu = 9.6893773139034316e+00
  m = 271627, n = 1
  DRIFT : 271628
  Narrowing range from: {2.0264521563994393e+01, 6.6415449337124997e+01}
                  to  : {2.0264521564476897e+01, 6.6415449337124997e+01}
===================================
  al = 2.2940864622849761e+00
  au = 3.2440086210870360e+00
  bl = 4.9999813026239864e-01
  bu = 6.3039686641661197e-01
  m = 117993, n = 0
  DRIFT : 117993
  Narrowing range from: {1.1470389418027689e+00, 2.0450128693617420e+00}
                  to  : {1.1470389418158686e+00, 2.0450128693617420e+00}
===================================
  al = 2.3131684775974905e-02
  au = 2.1303869700254503e+00
  bl = 4.8614926321192629e+00
  bu = 7.9999438714760354e+00
  m = 0, n = 124187
  DRIFT : 124187
  Narrowing range from: {1.1245451510690732e-01, 1.7042976184727500e+01}
                  to  : {1.1245451510690732e-01, 1.7042976184506902e+01}
===================================
  al = 4.4206155789284163e-01
  au = 1.1689399509723688e+00
  bl = 3.8387548744471118e+00
  bu = 7.9999724563718901e+00
  m = 0, n = 142093
  DRIFT : 142093
  Narrowing range from: {1.6969659601668299e+00, 9.3514874109316573e+00}
                  to  : {1.6969659601668299e+00, 9.3514874108054542e+00}
===================================
  al = 1.2265650147381288e+00
  au = 2.3731607311599907e+00
  bl = 1.1456308041346812e+00
  bu = 1.9999974189231020e+00
  m = 0, n = 162045
  DRIFT : 162045
  Narrowing range from: {1.4051906641579097e+00, 4.7463153370096425e+00}
                  to  : {1.4051906641579097e+00, 4.7463153369376805e+00}
===================================
  al = 4.2116047193624100e+00
  au = 4.7612073982584882e+00
  bl = 3.9999945552219445e+00
  bu = 6.3482653096473580e+00
  m = 599989, n = 0
  DRIFT : 599989
  Narrowing range from: {1.6846395946196687e+01, 3.0225407758400713e+01}
                  to  : {1.6846395947262479e+01, 3.0225407758400713e+01}
===================================
  al = 5.1261517031716664e-01
  au = 5.8198517742225011e+00
  bl = 9.9999338179502018e-01
  bu = 5.7055600315797488e+00
  m = 120221, n = 0
  DRIFT : 120221
  Narrowing range from: {5.1261177772489375e-01, 3.3205513672722390e+01}
                  to  : {5.1261177773156730e-01, 3.3205513672722390e+01}
===================================
  al = 3.9639680291960442e+00
  au = 8.1217440196489115e+00
  bl = 2.3337288987242015e+00
  bu = 7.9999696703288254e+00
  m = 0, n = 141195
  DRIFT : 141195
  Narrowing range from: {9.2508267433536275e+00, 6.4973705827365805e+01}
                  to  : {9.2508267433536275e+00, 6.4973705826362561e+01}
===================================
  al = 2.5460894157553787e-01
  au = 1.6542227500479492e+00
  bl = 2.4999811322538212e-01
  bu = 8.1882313337702584e-01
  m = 125753, n = 0
  DRIFT : 125753
  Narrowing range from: {6.3651755004196023e-02, 1.3545158554978223e+00}
                  to  : {6.3651755005068603e-02, 1.3545158554978223e+00}
===================================
  al = 4.9039945576560245e-01
  au = 2.0253274944115200e+00
  bl = 6.5210690719905762e-01
  bu = 7.9999670131440483e+00
  m = 0, n = 135307
  DRIFT : 135307
  Narrowing range from: {3.1979287239140808e-01, 1.6202553146105846e+01}
                  to  : {3.1979287239140808e-01, 1.6202553145865494e+01}
===================================
  al = 2.2763655470221753e+00
  au = 9.1040245126786132e+00
  bl = 2.8785566566387319e+00
  bu = 3.9999975012839779e+00
  m = 0, n = 816473
  DRIFT : 816473
  Narrowing range from: {6.5526471983237506e+00, 3.6416075302342534e+01}
                  to  : {6.5526471983237506e+00, 3.6416075299441843e+01}
===================================
  al = 1.3443584685926255e+00
  au = 5.9003798625132875e+00
  bl = 9.9999709552510396e-01
  bu = 7.1104223709855443e+00
  m = 185667, n = 0
  DRIFT : 185667
  Narrowing range from: {1.3443545639372023e+00, 4.1954192971727089e+01}
                  to  : {1.3443545639578154e+00, 4.1954192971727089e+01}
===================================
  al = 3.4027326616918302e-01
  au = 1.2286656145675070e+00
  bl = 3.9999824328934803e+00
  bu = 3.9999824328934803e+00
  m = 119817, n = 0
  DRIFT : 119817
  Narrowing range from: {1.3610870870600196e+00, 4.9146408741703000e+00}
                  to  : {1.3610870870733218e+00, 4.9146408741703000e+00}
===================================
  al = 1.9483801861294270e-01
  au = 6.3833253441670408e+00
  bl = 2.4999991957138148e-01
  bu = 4.4707540664419376e+00
  m = 847853, n = 0
  DRIFT : 847853
  Narrowing range from: {4.8709488982683007e-02, 2.8538277739856678e+01}
                  to  : {4.8709488985624584e-02, 2.8538277739856678e+01}
===================================
  al = 3.7242104682163881e+00
  au = 5.1195531258693903e+00
  bl = 7.9430226489616746e+00
  bu = 7.9999612945422971e+00
  m = 0, n = 136393
  DRIFT : 136393
  Narrowing range from: {2.9581488098542934e+01, 4.0956226852308149e+01}
                  to  : {2.9581488098542934e+01, 4.0956226851823587e+01}
===================================
  al = 5.3100227685479251e-01
  au = 6.8662081621852078e-01
  bl = 3.0161353307097277e-01
  bu = 9.9999635784071716e-01
  m = 0, n = 143727
  DRIFT : 143727
  Narrowing range from: {1.6015747279090481e-01, 6.8661831543614116e-01}
                  to  : {1.6015747279090481e-01, 6.8661831542816276e-01}
===================================
  al = 3.1791363487847466e+00
  au = 3.3899448679086803e+00
  bl = 6.3590969934916384e+00
  bu = 7.9999945989984678e+00
  m = 0, n = 257511
  DRIFT : 257511
  Narrowing range from: {2.0216436397457066e+01, 2.7119540634172015e+01}
                  to  : {2.0216436397457066e+01, 2.7119540633714585e+01}
===================================
  al = 1.7222704835111828e+00
  au = 4.7460145543812775e+00
  bl = 7.9999916788121368e+00
  bu = 7.9999916788121368e+00
  m = 0, n = 123281
  DRIFT : 123281
  Narrowing range from: {1.3778149536753219e+01, 3.7968076942571507e+01}
                  to  : {1.3778149536753219e+01, 3.7968076942133528e+01}
===================================
  al = 6.3470102347383921e-03
  au = 1.9181695578594903e-02
  bl = 2.3030222729258451e-01
  bu = 3.9999887157699252e+00
  m = 0, n = 127629
  DRIFT : 127629
  Narrowing range from: {1.4617305937090813e-03, 7.6726565863713472e-02}
                  to  : {1.4617305937090813e-03, 7.6726565862827875e-02}
===================================
  al = 2.0898535247323804e+00
  au = 3.4694027857706762e+00
  bl = 1.9999985677843106e+00
  bu = 4.5446427100747826e+00
  m = 589083, n = 0
  DRIFT : 589083
  Narrowing range from: {4.1797040563437546e+00, 1.5767196078665847e+01}
                  to  : {4.1797040566053596e+00, 1.5767196078665847e+01}
===================================
  al = 1.0208091338818814e+00
  au = 3.1972909984862752e+00
  bl = 3.9999782908841763e+00
  bu = 5.6348904618051883e+00
  m = 141757, n = 0
  DRIFT : 141757
  Narrowing range from: {4.0832143746638048e+00, 1.8016384550985897e+01}
                  to  : {4.0832143747267571e+00, 1.8016384550985897e+01}
===================================
  al = 1.6072597148848062e+00
  au = 2.5515036499211536e+00
  bl = 7.9999566074181452e+00
  bu = 7.9999566074181452e+00
  m = 0, n = 128435
  DRIFT : 128435
  Narrowing range from: {1.2858007975929709e+01, 2.0411918483038246e+01}
                  to  : {1.2858007975929709e+01, 2.0411918482810101e+01}
===================================
  al = 1.7096419457712513e+00
  au = 5.9118650710354785e+00
  bl = 1.9999969672504339e+00
  bu = 4.3302821653744337e+00
  m = 139327, n = 0
  DRIFT : 139327
  Narrowing range from: {3.4192787066266335e+00, 2.5600043881204993e+01}
                  to  : {3.4192787066575701e+00, 2.5600043881204993e+01}
===================================
  al = 6.0604981891272116e+00
  au = 8.3305173718576153e+00
  bl = 1.2995835460206897e+00
  bu = 3.9999691806658872e+00
  m = 0, n = 106603
  DRIFT : 106603
  Narrowing range from: {7.8761237272779097e+00, 3.3321812746432244e+01}
                  to  : {7.8761237272779097e+00, 3.3321812746053517e+01}
===================================
  al = 3.7035567077001907e+00
  au = 4.0217422898320052e+00
  bl = 1.6216929747428968e+00
  bu = 1.9999967207160287e+00
  m = 0, n = 272097
  DRIFT : 272097
  Narrowing range from: {6.0060318944393316e+00, 8.0434713912289819e+00}
                  to  : {6.0060318944393316e+00, 8.0434713909873121e+00}
===================================
  al = 1.0710374629850050e+00
  au = 8.3200326320996290e+00
  bl = 7.9999846828998082e+00
  bu = 8.5736787015113052e+00
  m = 279645, n = 0
  DRIFT : 279645
  Narrowing range from: {8.5682832986919113e+00, 7.1333286573711632e+01}
                  to  : {8.5682832989402851e+00, 7.1333286573711632e+01}
===================================
  al = 1.2685564171672175e+00
  au = 2.0293547661866898e+00
  bl = 1.8783993431874951e-01
  bu = 1.9999859132738678e+00
  m = 0, n = 131319
  DRIFT : 131319
  Narrowing range from: {2.3828555408031832e-01, 4.0586809454085628e+00}
                  to  : {2.3828555408031832e-01, 4.0586809453502459e+00}
===================================
  al = 6.7253008754310506e-01
  au = 1.1757166336558029e+00
  bl = 3.9999842269048869e+00
  bu = 3.9999842269048869e+00
  m = 0, n = 118851
  DRIFT : 118851
  Narrowing range from: {2.6901097422913831e+00, 4.7028479899329225e+00}
                  to  : {2.6901097422913831e+00, 4.7028479898801425e+00}
===================================
  al = 3.4896447238412711e+00
  au = 4.5722450184425476e+00
  bl = 1.0679583660755270e+00
  bu = 3.9999814143510557e+00
  m = 0, n = 146309
  DRIFT : 146309
  Narrowing range from: {3.7267952774576072e+00, 1.8288895095629389e+01}
                  to  : {3.7267952774576072e+00, 1.8288895095369494e+01}
===================================
  al = 1.0763824509993489e+00
  au = 1.4860687476421350e+00
  bl = 1.9999888709872935e+00
  bu = 7.4475264695541732e+00
  m = 160187, n = 0
  DRIFT : 160187
  Narrowing range from: {2.1527529229247238e+00, 1.1067536333642021e+01}
                  to  : {2.1527529229602922e+00, 1.1067536333642021e+01}
===================================
  al = 4.7903677693430465e-02
  au = 3.8763979268766346e-01
  bl = 3.9999926501166740e+00
  bu = 7.8216136227079422e+00
  m = 169309, n = 0
  DRIFT : 169309
  Narrowing range from: {1.9161435868727994e-01, 3.0319686831895112e+00}
                  to  : {1.9161435868962956e-01, 3.0319686831895112e+00}
===================================
  al = 1.0286495301292280e+00
  au = 2.4568771721463967e+00
  bl = 7.9999326138501097e+00
  bu = 9.1950475819576063e+00
  m = 110727, n = 0
  DRIFT : 110727
  Narrowing range from: {8.2291269243024026e+00, 2.2591102500911568e+01}
                  to  : {8.2291269244007470e+00, 2.2591102500911568e+01}
===================================
  al = 5.8455531383288086e+00
  au = 8.9427789108230371e+00
  bl = 2.2050215949961243e+00
  bu = 7.9999846877383893e+00
  m = 0, n = 344667
  DRIFT : 344667
  Narrowing range from: {1.2889570904712389e+01, 7.1542094352414082e+01}
                  to  : {1.2889570904712389e+01, 7.1542094349965083e+01}
===================================
  al = 4.7610239654603070e+00
  au = 9.5791953916778496e+00
  bl = 3.6861856711439454e+00
  bu = 3.9999791544205494e+00
  m = 9, n = 120861
  DRIFT : 120870
  Narrowing range from: {1.7550018321452711e+01, 3.8316581882832786e+01}
                  to  : {1.7550018321452725e+01, 3.8316581882403405e+01}
===================================
  al = 2.8933578110734111e+00
  au = 8.7050043513043178e+00
  bl = 3.9999843911856563e+00
  bu = 3.9999843911856563e+00
  m = 53207, n = 218509
  DRIFT : 271716
  Narrowing range from: {1.1573386082408742e+01, 3.4819881530420489e+01}
                  to  : {1.1573386082455999e+01, 3.4819881529644192e+01}
===================================
  al = 1.9178773988521541e-01
  au = 5.9376219934200936e-01
  bl = 4.5152595289883788e+00
  bu = 7.9999962495223977e+00
  m = 0, n = 1330899
  DRIFT : 1330899
  Narrowing range from: {8.6597142005986338e-01, 4.7500953678442448e+00}
                  to  : {8.6597142005986338e-01, 4.7500953672532074e+00}
===================================
  al = 2.0776609986511860e+00
  au = 6.0962254737815345e+00
  bl = 1.9999888617104804e+00
  bu = 7.0601030720861306e+00
  m = 153037, n = 1
  DRIFT : 153038
  Narrowing range from: {4.1552988557126458e+00, 4.3039980195574735e+01}
                  to  : {4.1552988557806074e+00, 4.3039980195574735e+01}
===================================
  al = 2.1721811107566591e+00
  au = 6.0541691917055616e+00
  bl = 1.5275625665800896e+00
  bu = 3.9999912451799400e+00
  m = 0, n = 144419
  DRIFT : 144419
  Narrowing range from: {3.3181425526242321e+00, 2.4216623763660358e+01}
                  to  : {3.3181425526242321e+00, 2.4216623763403820e+01}
===================================
  al = 6.3750179852909064e+00
  au = 8.1961987509624326e+00
  bl = 2.5028775242657253e+00
  bu = 3.9999953277676479e+00
  m = 0, n = 587585
  DRIFT : 587585
  Narrowing range from: {1.5955889232174375e+01, 3.2784756709304759e+01}
                  to  : {1.5955889232174375e+01, 3.2784756707217241e+01}
===================================
  al = 2.6752572289420025e+00
  au = 4.2505855855212697e+00
  bl = 9.9999533983560518e-01
  bu = 1.1862349737038449e+00
  m = 117407, n = 0
  DRIFT : 117407
  Narrowing range from: {2.6752447618035173e+00, 5.0421932802667655e+00}
                  to  : {2.6752447618295867e+00, 5.0421932802667655e+00}
===================================
  al = 4.0589748842760756e+00
  au = 5.2197526236584064e+00
  bl = 7.5767031172743388e-02
  bu = 7.9999890424383260e+00
  m = 0, n = 240127
  DRIFT : 240127
  Narrowing range from: {3.0753647658632788e-01, 4.1757963793505951e+01}
                  to  : {3.0753647658632788e-01, 4.1757963792652852e+01}
===================================
  al = 1.2530847540500101e+00
  au = 4.5148175731695872e+00
  bl = 2.8102978832015202e-01
  bu = 9.9999469025171894e-01
  m = 0, n = 127581
  DRIFT : 127581
  Narrowing range from: {3.5215414317788407e-01, 4.5147936006247384e+00}
                  to  : {3.5215414317788407e-01, 4.5147936005680815e+00}
===================================
  al = 2.9352480925800211e+00
  au = 6.9699921242142810e+00
  bl = 1.2591907414401509e+00
  bu = 3.9999996706442458e+00
  m = 0, n = 2161419
  DRIFT : 2161419
  Narrowing range from: {3.6960372220066251e+00, 2.7879966201250109e+01}
                  to  : {3.6960372220066251e+00, 2.7879966197410660e+01}
===================================
  al = 3.8151411982000706e-02
  au = 6.1971132966992526e-01
  bl = 7.9999841265811522e+00
  bu = 7.9999841265811522e+00
  m = 0, n = 201569
  DRIFT : 201569
  Narrowing range from: {3.0521069026266362e-01, 4.9576808004219011e+00}
                  to  : {3.0521069026266362e-01, 4.9576808003323869e+00}
===================================
  al = 6.8114755519722250e+00
  au = 9.1017543745369309e+00
  bl = 3.3326719983276658e+00
  bu = 7.9999930305282119e+00
  m = 0, n = 887961
  DRIFT : 887961
  Narrowing range from: {2.2700413839351317e+01, 7.2813971561875107e+01}
                  to  : {2.2700413839351317e+01, 7.2813971555565772e+01}
===================================
  al = 1.7158869304769107e+00
  au = 8.2736496332418561e+00
  bl = 1.8061965783673588e+00
  bu = 7.9999891225797937e+00
  m = 0, n = 621187
  DRIFT : 621187
  Narrowing range from: {3.0992291026926662e+00, 6.6189107069971143e+01}
                  to  : {3.0992291026926662e+00, 6.6189107065557351e+01}
===================================
  al = 1.6043616694348506e+00
  au = 3.9541500302249286e+00
  bl = 4.9999838023799037e-01
  bu = 9.6831821695750087e-01
  m = 113227, n = 0
  DRIFT : 113227
  Narrowing range from: {8.0217823603334348e-01, 3.8288755068498510e+00}
                  to  : {8.0217823603962879e-01, 3.8288755068498510e+00}
===================================
  al = 4.6799197650101085e+00
  au = 7.7859865041897036e+00
  bl = 9.9999492342899343e-01
  bu = 5.0967460979092749e+00
  m = 123171, n = 0
  DRIFT : 123171
  Narrowing range from: {4.6798960070651168e+00, 3.9683196333603149e+01}
                  to  : {4.6798960071198152e+00, 3.9683196333603149e+01}
===================================
  al = 3.7772529750357928e-02
  au = 8.8271742363345158e+00
  bl = 3.9999899256402576e+00
  bu = 4.7507920949763980e+00
  m = 185057, n = 0
  DRIFT : 185057
  Narrowing range from: {1.5108973846737864e-01, 4.1936069582957337e+01}
                  to  : {1.5108973846994680e-01, 4.1936069582957337e+01}
===================================
  al = 1.5791446582576521e-01
  au = 1.3220964434136493e+00
  bl = 3.8668845894962356e-01
  bu = 3.9999995024427792e+00
  m = 0, n = 1784293
  DRIFT : 1784293
  Narrowing range from: {6.1063701436018143e-02, 5.2883851158359647e+00}
                  to  : {6.1063701436018143e-02, 5.2883851150435799e+00}
===================================
  al = 1.6319805588053748e-01
  au = 2.4561894339988926e+00
  bl = 9.9999739206453497e-01
  bu = 9.9999739206453497e-01
  m = 264017, n = 0
  DRIFT : 264017
  Narrowing range from: {1.6319763027053974e-01, 2.4561830284153587e+00}
                  to  : {1.6319763027420370e-01, 2.4561830284153587e+00}
===================================
  al = 2.2167970590914496e+00
  au = 8.8551283597884609e+00
  bl = 3.9999914535299599e+00
  bu = 4.5361952306350055e+00
  m = 393133, n = 0
  DRIFT : 393133
  Narrowing range from: {8.8671692905761486e+00, 4.0168591032333197e+01}
                  to  : {8.8671692909253199e+00, 4.0168591032333197e+01}
===================================
  al = 6.2018482260725198e-02
  au = 1.4454748681537305e-01
  bl = 7.2807933496028565e-01
  bu = 3.9999894974291776e+00
  m = 0, n = 101835
  DRIFT : 101835
  Narrowing range from: {4.5154375319635072e-02, 5.7818842914127466e-01}
                  to  : {4.5154375319635072e-02, 5.7818842913562174e-01}
===================================
  al = 1.8942449821424172e+00
  au = 9.4082448119217794e+00
  bl = 1.2354504528354255e+00
  bu = 1.9999997567628378e+00
  m = 0, n = 1331243
  DRIFT : 1331243
  Narrowing range from: {2.3402458209690820e+00, 1.8816487335408787e+01}
                  to  : {2.3402458209690820e+00, 1.8816487333044027e+01}
===================================
  al = 1.8771073194849401e+00
  au = 6.4504233104781257e+00
  bl = 2.8620571895745686e+00
  bu = 3.9999982133637286e+00
  m = 1, n = 839189
  DRIFT : 839190
  Narrowing range from: {5.3723884993349200e+00, 2.5801681717352249e+01}
                  to  : {5.3723884993349200e+00, 2.5801681715861552e+01}
===================================
  al = 1.0774515405815799e+00
  au = 2.6469680304532544e+00
  bl = 3.9999849356916006e+00
  bu = 6.7174142745764538e+00
  m = 225789, n = 3
  DRIFT : 225792
  Narrowing range from: {4.3097899312640271e+00, 1.7780780832114210e+01}
                  to  : {4.3097899313642971e+00, 1.7780780832114207e+01}
===================================
  al = 3.6463763947129157e+00
  au = 4.4168037420519815e+00
  bl = 7.3910461834192835e+00
  bu = 7.9999818966636500e+00
  m = 0, n = 161453
  DRIFT : 161453
  Narrowing range from: {2.6950536335453062e+01, 3.5334349977532113e+01}
                  to  : {2.6950536335453062e+01, 3.5334349976958521e+01}
===================================
  al = 1.1497889761945208e+00
  au = 2.3130086013321729e+00
  bl = 1.6694691224254661e+00
  bu = 3.9999780533728932e+00
  m = 0, n = 127749
  DRIFT : 127749
  Narrowing range from: {1.9195371930619418e+00, 9.2519836425914228e+00}
                  to  : {1.9195371930619418e+00, 9.2519836424779598e+00}
===================================
  al = 1.5367032363453050e+00
  au = 8.6321031342716967e+00
  bl = 7.9999993217795735e+00
  bu = 9.7155897542310843e+00
  m = 3196167, n = 0
  DRIFT : 3196167
  Narrowing range from: {1.2293624848538917e+01, 8.3865972768796127e+01}
                  to  : {1.2293624851377682e+01, 8.3865972768796127e+01}
===================================
  al = 4.7040418787730198e+00
  au = 8.9608866118041330e+00
  bl = 3.9999765053884007e+00
  bu = 4.0841334752124734e+00
  m = 122925, n = 0
  DRIFT : 122925
  Narrowing range from: {1.8816056995455192e+01, 3.6597456978852541e+01}
                  to  : {1.8816056995673549e+01, 3.6597456978852541e+01}
===================================
  al = 2.3289534867735711e+00
  au = 5.3211534437118422e+00
  bl = 3.9999878627197294e+00
  bu = 3.9999878627197294e+00
  m = 222281, n = 0
  DRIFT : 222281
  Narrowing range from: {9.3157856799330787e+00, 2.1284549190516660e+01}
                  to  : {9.3157856801305030e+00, 2.1284549190516660e+01}
===================================
  al = 4.4201650602618470e+00
  au = 5.9596878002007960e+00
  bl = 7.9999450684108711e+00
  bu = 9.5788895548569091e+00
  m = 114993, n = 0
  DRIFT : 114993
  Narrowing range from: {3.5361077675403806e+01, 5.7087191219551556e+01}
                  to  : {3.5361077675812339e+01, 5.7087191219551556e+01}
===================================
  al = 3.8859464724330226e+00
  au = 5.8776332373662621e+00
  bl = 8.6791504558229360e-01
  bu = 7.9999951048087814e+00
  m = 0, n = 572623
  DRIFT : 572623
  Narrowing range from: {3.3726714097520598e+00, 4.7021037126791484e+01}
                  to  : {3.3726714097520598e+00, 4.7021037124757122e+01}
===================================
  al = 3.6132428910859438e+00
  au = 4.2459942900886007e+00
  bl = 7.4048952446567879e+00
  bu = 7.9999328129038414e+00
  m = 0, n = 104413
  DRIFT : 104413
  Narrowing range from: {2.6755685101992249e+01, 3.3967669044682147e+01}
                  to  : {2.6755685101992249e+01, 3.3967669044311201e+01}
===================================
  al = 5.1483179221324198e+00
  au = 8.4501604143789084e+00
  bl = 7.9999710491405098e+00
  bu = 7.9999710491405098e+00
  m = 88055, n = 253015
  DRIFT : 341070
  Narrowing range from: {4.1186394328830588e+01, 6.7601038675624437e+01}
                  to  : {4.1186394329143418e+01, 6.7601038673826665e+01}
===================================
  al = 4.4195542395583036e+00
  au = 7.6273629102061538e+00
  bl = 1.9999991496321794e+00
  bu = 9.4374419085682337e+00
  m = 1043729, n = 0
  DRIFT : 1043729
  Narrowing range from: {8.8391047208699014e+00, 7.1982794380638524e+01}
                  to  : {8.8391047217969181e+00, 7.1982794380638524e+01}
===================================
  al = 3.1313570743086266e-01
  au = 3.7759931159390629e+00
  bl = 7.9999605423595108e+00
  bu = 8.9235640930237246e+00
  m = 127909, n = 0
  DRIFT : 127909
  Narrowing range from: {2.5050733038507333e+00, 3.3695316584898592e+01}
                  to  : {2.5050733038791346e+00, 3.3695316584898592e+01}
===================================
  al = 4.4265620419484630e+00
  au = 4.4926982005714846e+00
  bl = 3.9999801230143897e+00
  bu = 3.9999801230143897e+00
  m = 0, n = 147911
  DRIFT : 147911
  Narrowing range from: {1.7706160181083842e+01, 1.7970703500988453e+01}
                  to  : {1.7706160181083842e+01, 1.7970703500725712e+01}
===================================
  al = 9.6304669043444657e-01
  au = 5.0204642992480224e+00
  bl = 1.4430027392368996e+00
  bu = 1.9999971796450335e+00
  m = 0, n = 316711
  DRIFT : 316711
  Narrowing range from: {1.3896790123099370e+00, 1.0040914439004624e+01}
                  to  : {1.3896790123099370e+00, 1.0040914438723329e+01}
===================================
  al = 4.4511060010612056e+00
  au = 5.2858855675294150e+00
  bl = 1.0047648844872992e-01
  bu = 4.9999938818318185e-01
  m = 0, n = 190815
  DRIFT : 190815
  Narrowing range from: {4.4723150069969864e-01, 2.6429395497710182e+00}
                  to  : {4.4723150069969864e-01, 2.6429395497286490e+00}
===================================
  al = 3.3487539163501574e+00
  au = 4.1476394625161221e+00
  bl = 7.9999830761683155e+00
  bu = 7.9999830761683155e+00
  m = 0, n = 277447
  DRIFT : 277447
  Narrowing range from: {2.6789974657053627e+01, 3.3181045506176822e+01}
                  to  : {2.6789974657053627e+01, 3.3181045505191136e+01}
===================================
  al = 9.0052448402922494e+00
  au = 9.6098245957241026e+00
  bl = 4.0405345359832168e-01
  bu = 7.9999832526610835e+00
  m = 0, n = 317455
  DRIFT : 317455
  Narrowing range from: {3.6386002782185503e+00, 7.6878435826803383e+01}
                  to  : {3.6386002782185503e+00, 7.6878435824547736e+01}
===================================
  al = 5.8818103072768198e-02
  au = 1.5913502725792578e-01
  bl = 3.2618536930059139e+00
  bu = 7.9999596301539055e+00
  m = 0, n = 120383
  DRIFT : 120383
  Narrowing range from: {1.9185604672351145e-01, 1.2730737938068475e+00}
                  to  : {1.9185604672351145e-01, 1.2730737937934824e+00}
===================================
  al = 1.5166794839388118e+00
  au = 8.6353752416575293e+00
  bl = 2.4999922358493301e-01
  bu = 7.8757735206179298e+00
  m = 155153, n = 21
  DRIFT : 155174
  Narrowing range from: {3.7916869341189985e-01, 6.8010259668846018e+01}
                  to  : {3.7916869341620618e-01, 6.8010259668845876e+01}
===================================
  al = 6.3346752516276295e-01
  au = 2.7218329275608957e+00
  bl = 4.6194006584916458e+00
  bu = 7.9999782663459440e+00
  m = 0, n = 215003
  DRIFT : 215003
  Narrowing range from: {2.9262403028699402e+00, 2.1774604265111918e+01}
                  to  : {2.9262403028699402e+00, 2.1774604264729998e+01}
===================================
  al = 1.1660262693989144e-01
  au = 1.7286964318132839e-01
  bl = 4.6954624798244398e+00
  bu = 7.9999655252455444e+00
  m = 0, n = 139415
  DRIFT : 139415
  Narrowing range from: {5.4750325984522674e-01, 1.3829511858121255e+00}
                  to  : {5.4750325984522674e-01, 1.3829511857966474e+00}
===================================
  al = 1.3991648763491393e-01
  au = 1.6762548746247372e-01
  bl = 1.2499970206165366e-01
  bu = 5.3788339651581492e+00
  m = 123411, n = 0
  DRIFT : 123411
  Narrowing range from: {1.7489519267877292e-02, 9.0162966538934508e-01}
                  to  : {1.7489519268091374e-02, 9.0162966538934508e-01}
===================================
  al = 1.6341006406103344e+00
  au = 2.6926712469241263e+00
  bl = 3.9999970582800213e+00
  bu = 8.3389320050268907e+00
  m = 305555, n = 0
  DRIFT : 305555
  Narrowing range from: {6.5363977553748365e+00, 2.2454002439991264e+01}
                  to  : {6.5363977555105297e+00, 2.2454002439991264e+01}
===================================
  al = 6.6994910764173268e+00
  au = 8.7156376909401843e+00
  bl = 6.1236948647210543e-01
  bu = 7.9999854487097410e+00
  m = 0, n = 233519
  DRIFT : 233519
  Narrowing range from: {4.1025639100901312e+00, 6.9724974703747634e+01}
                  to  : {4.1025639100901312e+00, 6.9724974702088389e+01}
===================================
  al = 4.5489738428072171e+00
  au = 6.9707193659047073e+00
  bl = 1.9999903497173817e+00
  bu = 1.9999903497173817e+00
  m = 141229, n = 0
  DRIFT : 141229
  Narrowing range from: {9.0979037867312282e+00, 1.3941371462397480e+01}
                  to  : {9.0979037868566639e+00, 1.3941371462397480e+01}
===================================
  al = 5.9354531867383864e-01
  au = 3.0982258752195069e+00
  bl = 3.9999780170414798e+00
  bu = 4.4822347342014872e+00
  m = 117665, n = 0
  DRIFT : 117665
  Narrowing range from: {2.3741682268132345e+00, 1.3886975632310676e+01}
                  to  : {2.3741682268393611e+00, 1.3886975632310676e+01}
===================================
  al = 5.7475716746820926e-01
  au = 9.0814451307501969e+00
  bl = 3.6312955447319082e+00
  bu = 7.9999927828816126e+00
  m = 9, n = 619703
  DRIFT : 619712
  Narrowing range from: {2.0871131415300397e+00, 7.2651495504136932e+01}
                  to  : {2.0871131415300415e+00, 7.2651495499733684e+01}
===================================
  al = 7.0353984218946553e-01
  au = 4.5178080506693954e+00
  bl = 7.9999946410438945e+00
  bu = 8.7885645584545760e+00
  m = 789031, n = 0
  DRIFT : 789031
  Narrowing range from: {5.6283149672765918e+00, 3.9705047716013802e+01}
                  to  : {5.6283149676269915e+00, 3.9705047716013802e+01}
===================================
  al = 3.0348107833876452e+00
  au = 5.4448387901277160e+00
  bl = 5.8552823977233892e+00
  bu = 7.9999757554998929e+00
  m = 1, n = 166027
  DRIFT : 166028
  Narrowing range from: {1.7769674160390810e+01, 4.3558578313627095e+01}
                  to  : {1.7769674160390810e+01, 4.3558578313037252e+01}
===================================
  al = 1.2146373807882251e+00
  au = 2.8943771183702953e+00
  bl = 1.2108147425548377e+00
  bu = 1.9999947110930985e+00
  m = 0, n = 178281
  DRIFT : 178281
  Narrowing range from: {1.4707008475165770e+00, 5.7887389286494733e+00}
                  to  : {1.4707008475165770e+00, 5.7887389285703010e+00}
===================================
  al = 4.1084371854163404e+00
  au = 4.1536783462948739e+00
  bl = 2.4999925032714518e-01
  bu = 6.3586976910854132e-01
  m = 149341, n = 0
  DRIFT : 149341
  Narrowing range from: {1.0271062163702516e+00, 2.6411984910096691e+00}
                  to  : {1.0271062163868316e+00, 2.6411984910096691e+00}
===================================
  al = 1.7588629948524697e+00
  au = 5.1025371682290714e+00
  bl = 4.9165238765825475e-01
  bu = 9.9999771593544429e-01
  m = 0, n = 235153
  DRIFT : 235153
  Narrowing range from: {8.6474919098296532e-01, 5.1025255137047809e+00}
                  to  : {8.6474919098296532e-01, 5.1025255136003524e+00}
===================================
  al = 3.7998619167862202e+00
  au = 8.8649316568407013e+00
  bl = 2.3540298023753353e-01
  bu = 1.9999974541272800e+00
  m = 1, n = 625599
  DRIFT : 625600
  Narrowing range from: {8.9449881970258294e-01, 1.7729840744693732e+01}
                  to  : {8.9449881970258294e-01, 1.7729840743582447e+01}
===================================
  al = 5.7310482429874554e+00
  au = 8.0122503101715239e+00
  bl = 1.9999944103208183e+00
  bu = 1.9999944103208183e+00
  m = 0, n = 195971
  DRIFT : 195971
  Narrowing range from: {1.1462064451253857e+01, 1.6024455834434288e+01}
                  to  : {1.1462064451253857e+01, 1.6024455834086176e+01}
===================================
  al = 5.1839407337845289e-01
  au = 4.6334563820371750e+00
  bl = 4.9999994569183187e-01
  bu = 6.6637562354365887e-01
  m = 2563773, n = 0
  DRIFT : 2563773
  Narrowing range from: {2.5919700853619398e-01, 3.0876223857423684e+00}
                  to  : {2.5919700860735295e-01, 3.0876223857423684e+00}
===================================
  al = 1.5275792524254848e+00
  au = 3.3402528858273728e+00
  bl = 2.4140172193412850e+00
  bu = 3.9999979041521905e+00
  m = 0, n = 568797
  DRIFT : 568797
  Narrowing range from: {3.6876026192636076e+00, 1.3361004542647796e+01}
                  to  : {3.6876026192636076e+00, 1.3361004542142604e+01}
===================================
  al = 4.0787191870487058e+00
  au = 5.0576724319493511e+00
  bl = 1.0740460908650680e+00
  bu = 1.9999935081035389e+00
  m = 0, n = 102573
  DRIFT : 102573
  Narrowing range from: {4.3807323985860105e+00, 1.0115312030012939e+01}
                  to  : {4.3807323985860105e+00, 1.0115312029921837e+01}
===================================
  al = 3.2074225007629975e-01
  au = 2.5961119321420338e+00
  bl = 3.9999833533716096e+00
  bu = 3.9999833533716096e+00
  m = 161021, n = 0
  DRIFT : 161021
  Narrowing range from: {1.2829636610281530e+00, 1.0384404512057541e+01}
                  to  : {1.2829636610460298e+00, 1.0384404512057541e+01}
===================================
  al = 1.2758599181599384e+00
  au = 9.2039974212821676e+00
  bl = 5.2482745315663477e+00
  bu = 7.9999846948706193e+00
  m = 0, n = 169585
  DRIFT : 169585
  Narrowing range from: {6.6960631143251295e+00, 7.3631838501885980e+01}
                  to  : {6.6960631143251295e+00, 7.3631838500681013e+01}
===================================
  al = 3.8423668364925967e+00
  au = 8.1929505093814843e+00
  bl = 3.1642463404134480e+00
  bu = 7.9999860968662766e+00
  m = 0, n = 484007
  DRIFT : 484007
  Narrowing range from: {1.2158195200897696e+01, 6.5543490167365348e+01}
                  to  : {1.2158195200897696e+01, 6.5543490163926279e+01}
===================================
  al = 1.2675374349840643e-01
  au = 3.8006212895856617e-01
  bl = 1.9999989123751662e+00
  bu = 7.8462165021745438e+00
  m = 579877, n = 0
  DRIFT : 579877
  Narrowing range from: {2.5350734913629369e-01, 2.9820497480862915e+00}
                  to  : {2.5350734915238848e-01, 2.9820497480862915e+00}
===================================
  al = 1.5900540998751196e+00
  au = 4.2903595867827233e+00
  bl = 9.0498591066322986e-01
  bu = 7.9999783677652587e+00
  m = 5, n = 188123
  DRIFT : 188128
  Narrowing range from: {1.4389765575792874e+00, 3.4322783884196078e+01}
                  to  : {1.4389765575792879e+00, 3.4322783883527734e+01}
===================================
  al = 2.0391364591574166e+00
  au = 8.5539526643825798e+00
  bl = 3.9999828542770839e+00
  bu = 3.9999828542770839e+00
  m = 45523, n = 100735
  DRIFT : 146258
  Narrowing range from: {8.1565108741609507e+00, 3.4215663993828095e+01}
                  to  : {8.1565108742013823e+00, 3.4215663993470216e+01}
===================================
  al = 1.8095451774561946e+00
  au = 4.6014358856231405e+00
  bl = 7.9999737200008063e+00
  bu = 7.9999737200008063e+00
  m = 0, n = 250789
  DRIFT : 250789
  Narrowing range from: {1.4476313864803751e+01, 3.6811366159253758e+01}
                  to  : {1.4476313864803751e+01, 3.6811366158362780e+01}
===================================
  al = 4.0691337745637490e+00
  au = 4.8463043906503254e+00
  bl = 2.3911508520776970e-01
  bu = 7.9999719010569459e+00
  m = 0, n = 178333
  DRIFT : 178333
  Narrowing range from: {9.7299126922662438e-01, 3.8770298949171504e+01}
                  to  : {9.7299126922662438e-01, 3.8770298948537942e+01}
===================================
  al = 2.3090220435549780e+00
  au = 8.2669378422792335e+00
  bl = 1.8839941528679567e+00
  bu = 1.9999887711129642e+00
  m = 0, n = 107787
  DRIFT : 107787
  Narrowing range from: {4.3501840289007987e+00, 1.6533782856047303e+01}
                  to  : {4.3501840289007987e+00, 1.6533782855855836e+01}
===================================
  al = 5.2605487746606618e+00
  au = 8.2323414978826595e+00
  bl = 7.9999719688574134e+00
  bu = 7.9999719688574134e+00
  m = 0, n = 213921
  DRIFT : 213921
  Narrowing range from: {4.2084242738092506e+01, 6.5858501221122921e+01}
                  to  : {4.2084242738092506e+01, 6.5858501219602928e+01}
===================================
  al = 3.1747802286150026e-02
  au = 4.2326862681416377e-01
  bl = 7.9999837670589082e+00
  bu = 7.9999837670589082e+00
  m = 477405, n = 0
  DRIFT : 477405
  Narrowing range from: {2.5398190292899592e-01, 3.3861421436186250e+00}
                  to  : {2.5398190294224654e-01, 3.3861421436186250e+00}
===================================
  al = 4.4114341551469032e+00
  au = 7.6556186093662681e+00
  bl = 7.9999471110232143e+00
  bu = 8.1072986802829909e+00
  m = 118979, n = 0
  DRIFT : 118979
  Narrowing range from: {3.5291239924936605e+01, 6.2066386648465055e+01}
                  to  : {3.5291239925359299e+01, 6.2066386648465055e+01}
===================================
  al = 7.6633015786219408e-02
  au = 8.4688279789273206e+00
  bl = 4.9683252152199389e+00
  bu = 7.9999630264685155e+00
  m = 0, n = 189735
  DRIFT : 189735
  Narrowing range from: {3.8073774464902149e-01, 6.7750310708940646e+01}
                  to  : {3.8073774464902149e-01, 6.7750310707592504e+01}
===================================
  al = 4.5833475289454411e+00
  au = 9.2250452657471840e+00
  bl = 1.9999959343823603e+00
  bu = 1.9999959343823603e+00
  m = 0, n = 240093
  DRIFT : 240093
  Narrowing range from: {9.1666764237523193e+00, 1.8450053025987607e+01}
                  to  : {9.1666764237523193e+00, 1.8450053025561118e+01}
===================================
  al = 6.3997099787058929e+00
  au = 9.5321390948600158e+00
  bl = 3.9999759958600585e+00
  bu = 3.9999759958600585e+00
  m = 0, n = 120261
  DRIFT : 120261
  Narrowing range from: {2.5598686295289657e+01, 3.8128327568639286e+01}
                  to  : {2.5598686295289657e+01, 3.8128327568212036e+01}
===================================
  al = 3.5434547285675405e-01
  au = 3.7954405411354303e-01
  bl = 7.9999998796846654e+00
  bu = 8.1113120989119327e+00
  m = 7697491, n = 0
  DRIFT : 7697491
  Narrowing range from: {2.8347637402208385e+00, 3.0786002782012671e+00}
                  to  : {2.8347637419300247e+00, 3.0786002782012671e+00}
===================================
  al = 8.2479692191742471e-01
  au = 1.2946130153371143e+00
  bl = 5.0455195820907530e+00
  bu = 7.9999737324257456e+00
  m = 0, n = 159133
  DRIFT : 159133
  Narrowing range from: {4.1615290207825444e+00, 1.0356870116353402e+01}
                  to  : {4.1615290207825444e+00, 1.0356870116212065e+01}
===================================
  al = 3.5815576517331381e-02
  au = 3.2018751934741276e+00
  bl = 4.9999897388031261e-01
  bu = 7.8201432969464344e+00
  m = 344107, n = 0
  DRIFT : 344107
  Narrowing range from: {1.7907751507597512e-02, 2.5039122831905768e+01}
                  to  : {1.7907751508194441e-02, 2.5039122831905768e+01}
===================================
  al = 1.7701113060489393e-01
  au = 2.0635558138403648e-01
  bl = 1.9999888339117946e+00
  bu = 4.4517738936237139e+00
  m = 102535, n = 0
  DRIFT : 102535
  Narrowing range from: {3.5402028468789021e-01, 9.1864839000899734e-01}
                  to  : {3.5402028469073610e-01, 9.1864839000899734e-01}
===================================
  al = 5.4642837941093714e-01
  au = 1.7877518305928035e+00
  bl = 7.9999438493472788e+00
  bu = 7.9999438493472788e+00
  m = 101405, n = 0
  DRIFT : 101405
  Narrowing range from: {4.3713963529773281e+00, 1.4301914261310237e+01}
                  to  : {4.3713963530223605e+00, 1.4301914261310237e+01}
===================================
  al = 2.3876585427037065e+00
  au = 2.8647339009795503e+00
  bl = 7.9999642964179447e+00
  bu = 7.9999642964179447e+00
  m = 110395, n = 0
  DRIFT : 110395
  Narrowing range from: {1.9101183093666954e+01, 2.2917768926574503e+01}
                  to  : {1.9101183093863053e+01, 2.2917768926574503e+01}
===================================
  al = 2.0436281319378025e+00
  au = 4.0508618206517237e+00
  bl = 1.5602203670774564e+00
  bu = 3.9999948103969403e+00
  m = 0, n = 146267
  DRIFT : 146267
  Narrowing range from: {3.1885102341818148e+00, 1.6203426260241994e+01}
                  to  : {3.1885102341818148e+00, 1.6203426259982173e+01}
===================================
  al = 2.5608273490962108e+00
  au = 2.8699677451161869e+00
  bl = 3.0912942055426980e+00
  bu = 7.9999922871810236e+00
  m = 0, n = 461451
  DRIFT : 461451
  Narrowing range from: {7.9162707456563837e+00, 2.2959719825387808e+01}
                  to  : {7.9162707456563837e+00, 2.2959719824568108e+01}
===================================
  al = 1.1001731711877933e+00
  au = 3.4071859777231261e+00
  bl = 2.4999933411397160e-01
  bu = 9.7899992609562458e-01
  m = 157357, n = 0
  DRIFT : 157357
  Narrowing range from: {2.7504256020700485e-01, 3.3356348203849890e+00}
                  to  : {2.7504256021137236e-01, 3.3356348203849890e+00}
===================================
  al = 9.9193953123585699e-01
  au = 4.2662357195400631e+00
  bl = 7.9999945792018696e+00
  bu = 7.9999945792018696e+00
  m = 0, n = 208239
  DRIFT : 208239
  Narrowing range from: {7.9355108727828991e+00, 3.4129862629917888e+01}
                  to  : {7.9355108727828991e+00, 3.4129862629178078e+01}
===================================
  al = 2.0207607681150077e+00
  au = 7.5612034187956381e+00
  bl = 7.9999834933599443e+00
  bu = 7.9999834933599443e+00
  m = 258379, n = 0
  DRIFT : 258379
  Narrowing range from: {1.6166052788949425e+01, 6.0489502540301885e+01}
                  to  : {1.6166052789408397e+01, 6.0489502540301885e+01}
===================================
  al = 1.1088850391497316e+00
  au = 1.4582276746270249e+00
  bl = 9.9999660121342626e-01
  bu = 5.3040723019901677e+00
  m = 145695, n = 0
  DRIFT : 145695
  Narrowing range from: {1.1088812702861488e+00, 7.7345450189847327e+00}
                  to  : {1.1088812703023241e+00, 7.7345450189847327e+00}
===================================
  al = 1.3919524828840094e-01
  au = 9.8437461443183671e-01
  bl = 4.9999668811869696e-01
  bu = 3.8352993246019156e+00
  m = 102537, n = 0
  DRIFT : 102537
  Narrowing range from: {6.9597163146060195e-02, 3.7753712938856943e+00}
                  to  : {6.9597163146771682e-02, 3.7753712938856943e+00}
===================================
  al = 2.7183923015028917e+00
  au = 2.9598172805002907e+00
  bl = 8.3720090129361380e-01
  bu = 7.9999788544470460e+00
  m = 0, n = 102475
  DRIFT : 102475
  Narrowing range from: {2.2758404848878420e+00, 2.3678475657029285e+01}
                  to  : {2.2758404848878420e+00, 2.3678475656847255e+01}
===================================
  al = 2.0695343227067347e+00
  au = 8.0022224733310470e+00
  bl = 3.9999727791098696e+00
  bu = 3.9999727791098696e+00
  m = 0, n = 126859
  DRIFT : 126859
  Narrowing range from: {8.2780809562605189e+00, 3.2008672065705440e+01}
                  to  : {8.2780809562605189e+00, 3.2008672065254750e+01}
===================================
  al = 2.2897134021030177e-02
  au = 5.7880857560722498e-01
  bl = 3.9999902035315906e+00
  bu = 5.8335791092025966e+00
  m = 120475, n = 0
  DRIFT : 120475
  Narrowing range from: {9.1588311773070613e-02, 3.3765256148896192e+00}
                  to  : {9.1588311773906569e-02, 3.3765256148896192e+00}
===================================
  al = 2.5625210860771841e-01
  au = 1.0004533077124051e+00
  bl = 1.9999892929743770e+00
  bu = 2.5231948200673897e+00
  m = 141941, n = 0
  DRIFT : 141941
  Narrowing range from: {5.1250147351754405e-01, 2.5243386037392268e+00}
                  to  : {5.1250147352542330e-01, 2.5243386037392268e+00}
===================================
  al = 1.1671358881771356e+00
  au = 2.7320963914764707e+00
  bl = 3.9999985721154161e+00
  bu = 6.0176463193369223e+00
  m = 1930109, n = 0
  DRIFT : 1930109
  Narrowing range from: {4.6685418861732009e+00, 1.6440789794242072e+01}
                  to  : {4.6685418870303410e+00, 1.6440789794242072e+01}
===================================
  al = 6.6402808381045864e+00
  au = 9.0980375569753242e+00
  bl = 2.8414752136380663e+00
  bu = 3.9999967231360039e+00
  m = 0, n = 695175
  DRIFT : 695175
  Narrowing range from: {1.8868193413069989e+01, 3.6392120414869588e+01}
                  to  : {1.8868193413069989e+01, 3.6392120412399834e+01}
===================================
  al = 3.3663284009149169e-01
  au = 2.2028502923489159e+00
  bl = 6.8500223039279784e-01
  bu = 7.9999686290457710e+00
  m = 0, n = 228209
  DRIFT : 228209
  Narrowing range from: {2.3059424628613387e-01, 1.7622733233275632e+01}
                  to  : {2.3059424628613387e-01, 1.7622733232870253e+01}
===================================
  al = 9.5512365372511809e-01
  au = 2.1394420723296612e+00
  bl = 1.4112827629361755e+00
  bu = 3.9999947931962225e+00
  m = 0, n = 114231
  DRIFT : 114231
  Narrowing range from: {1.3479495489748796e+00, 8.5577571496635798e+00}
                  to  : {1.3479495489748796e+00, 8.5577571495621232e+00}
===================================
  al = 4.1446311667568727e+00
  au = 4.6430507734165927e+00
  bl = 3.1249960211926990e-02
  bu = 5.9688132610674121e+00
  m = 533929, n = 0
  DRIFT : 533929
  Narrowing range from: {1.2951955905426482e-01, 2.7713503028178263e+01}
                  to  : {1.2951955906167456e-01, 2.7713503028178263e+01}
===================================
  al = 2.9038596678167719e+00
  au = 3.3631788242060296e+00
  bl = 1.9999913960441800e+00
  bu = 6.0600263341092555e+00
  m = 110625, n = 1
  DRIFT : 110626
  Narrowing range from: {5.8076943509532546e+00, 2.0380952241007140e+01}
                  to  : {5.8076943510023815e+00, 2.0380952241007140e+01}
===================================
  al = 4.1669503690094345e+00
  au = 6.8468884288783052e+00
  bl = 3.9999879067612238e+00
  bu = 6.3504513073973214e+00
  m = 117153, n = 0
  DRIFT : 117153
  Narrowing range from: {1.6667751084111959e+01, 4.3480831574773823e+01}
                  to  : {1.6667751084320063e+01, 4.3480831574773823e+01}
===================================
  al = 1.2775553174779311e+00
  au = 9.8789566295668134e+00
  bl = 3.9999972475235261e+00
  bu = 3.9999972475235261e+00
  m = 0, n = 482569
  DRIFT : 482569
  Narrowing range from: {5.1102177534707689e+00, 3.9515799326671541e+01}
                  to  : {5.1102177534707689e+00, 3.9515799324957115e+01}
===================================
  al = 4.1704642489930484e+00
  au = 5.3450182200323013e+00
  bl = 9.9999703102487181e-01
  bu = 2.4050267594803945e+00
  m = 160359, n = 0
  DRIFT : 160359
  Narrowing range from: {4.1704518669884205e+00, 1.2854911849087951e+01}
                  to  : {4.1704518670596338e+00, 1.2854911849087951e+01}
===================================
  al = 6.0534874611875926e+00
  au = 8.5410849008255170e+00
  bl = 8.8103367603950578e-01
  bu = 1.9999916350572677e+00
  m = 3, n = 222595
  DRIFT : 222598
  Narrowing range from: {5.3333263107891602e+00, 1.7082098355964966e+01}
                  to  : {5.3333263107891611e+00, 1.7082098355569560e+01}
===================================
  al = 3.7258297672306209e+00
  au = 9.3348284258630994e+00
  bl = 4.1653980890240021e+00
  bu = 7.9999484045480518e+00
  m = 0, n = 111417
  DRIFT : 111417
  Narrowing range from: {1.5519564192451170e+01, 7.4678145772213298e+01}
                  to  : {1.5519564192451170e+01, 7.4678145771421640e+01}
===================================
  al = 2.8404474735092367e-01
  au = 3.8512466387115571e+00
  bl = 7.9999765726806480e+00
  bu = 7.9999765726806480e+00
  m = 275819, n = 0
  DRIFT : 275819
  Narrowing range from: {2.2723513244003830e+00, 3.0809882885307548e+01}
                  to  : {2.2723513244616269e+00, 3.0809882885307548e+01}
===================================
  al = 2.5686953389786900e+00
  au = 2.7398337178952010e+00
  bl = 1.5502798185133124e+00
  bu = 1.9999969948818088e+00
  m = 0, n = 181267
  DRIFT : 181267
  Narrowing range from: {3.9821965439278748e+00, 5.4796592022662551e+00}
                  to  : {3.9821965439278748e+00, 5.4796592021857569e+00}
===================================
  al = 7.3351284308864928e-01
  au = 9.2840154960871413e+00
  bl = 4.8847680133606763e-01
  bu = 1.9999958297590745e+00
  m = 13, n = 395789
  DRIFT : 395802
  Narrowing range from: {3.5830400733086831e-01, 1.8567992275592907e+01}
                  to  : {3.5830400733086865e-01, 1.8567992274889846e+01}
===================================
  al = 2.5865314936941650e+00
  au = 4.9367650841268187e+00
  bl = 1.9999999008820393e+00
  bu = 6.6675697177109878e+00
  m = 4644309, n = 0
  DRIFT : 4644309
  Narrowing range from: {5.1730627310166035e+00, 3.2916225378376915e+01}
                  to  : {5.1730627330790906e+00, 3.2916225378376915e+01}
===================================
  al = 6.3211323185142163e+00
  au = 9.7210768926901441e+00
  bl = 9.9999823931550114e-01
  bu = 2.1778238843304387e+00
  m = 167931, n = 0
  DRIFT : 167931
  Narrowing range from: {6.3211211889945282e+00, 2.1170793438313321e+01}
                  to  : {6.3211211890691041e+00, 2.1170793438313321e+01}
===================================
  al = 2.2506870600369773e+00
  au = 8.6830232388182438e+00
  bl = 1.9999967047568956e+00
  bu = 6.3405453693411040e+00
  m = 194123, n = 0
  DRIFT : 194123
  Narrowing range from: {4.5013667035129403e+00, 5.5055102788770213e+01}
                  to  : {4.5013667035991478e+00, 5.5055102788770213e+01}
===================================
  al = 4.3102938999148837e+00
  au = 4.5541116389534286e+00
  bl = 4.9999795083728926e-01
  bu = 4.9999795083728926e-01
  m = 0, n = 139911
  DRIFT : 139911
  Narrowing range from: {2.1551381174639097e+00, 2.2770464873609630e+00}
                  to  : {2.1551381174639097e+00, 2.2770464873298968e+00}
===================================
  al = 2.4243051614097777e-01
  au = 2.4742345979489864e+00
  bl = 2.9595706982880863e+00
  bu = 3.9999924969266907e+00
  m = 0, n = 358871
  DRIFT : 358871
  Narrowing range from: {7.1749025194169480e-01, 9.8969198274323720e+00}
                  to  : {7.1749025194169480e-01, 9.8969198271136314e+00}
===================================
  al = 1.2213727935850860e+00
  au = 3.4027310105347031e+00
  bl = 3.9999922433549817e+00
  bu = 9.8225602750771994e+00
  m = 395117, n = 1
  DRIFT : 395118
  Narrowing range from: {4.8854817005851494e+00, 3.3423530450851466e+01}
                  to  : {4.8854817007606162e+00, 3.3423530450851466e+01}
===================================
  al = 5.7797883090969044e+00
  au = 6.8367033477293404e+00
  bl = 3.9999906356996191e+00
  bu = 4.3851068655150822e+00
  m = 140731, n = 0
  DRIFT : 140731
  Narrowing range from: {2.3119099112713755e+01, 2.9979674787617878e+01}
                  to  : {2.3119099112963742e+01, 2.9979674787617878e+01}
===================================
  al = 3.1474667052398048e-01
  au = 6.9689176073931733e+00
  bl = 1.9999905530923558e+00
  bu = 5.7641755601508224e+00
  m = 122947, n = 0
  DRIFT : 122947
  Narrowing range from: {6.2949036766523325e-01, 4.0170064553240472e+01}
                  to  : {6.2949036767205813e-01, 4.0170064553240472e+01}
===================================
  al = 3.6387209992443860e-02
  au = 1.4549040483224865e-01
  bl = 1.6527151342858964e-01
  bu = 3.9999914862210559e+00
  m = 0, n = 224781
  DRIFT : 224781
  Narrowing range from: {6.0137692648950967e-03, 5.8196038065584932e-01}
                  to  : {6.0137692648950967e-03, 5.8196038064337152e-01}
===================================
  al = 6.8795875844145205e-01
  au = 7.6456030166636135e-01
  bl = 9.9999861153619429e-01
  bu = 1.4257796953957151e+00
  m = 398599, n = 0
  DRIFT : 398599
  Narrowing range from: {6.8795780323561617e-01, 1.0900945540215208e+00}
                  to  : {6.8795780325774281e-01, 1.0900945540215208e+00}
===================================
  al = 1.4758726408168934e+00
  au = 8.6782292941119596e+00
  bl = 3.9999893684567200e+00
  bu = 9.6055902331802692e+00
  m = 189477, n = 0
  DRIFT : 189477
  Narrowing range from: {5.9034748724637174e+00, 8.3359514548820741e+01}
                  to  : {5.9034748725478616e+00, 8.3359514548820741e+01}
===================================
  al = 8.7002323326394215e+00
  au = 9.0728638561047479e+00
  bl = 3.9999951494965567e+00
  bu = 3.9999951494965567e+00
  m = 132301, n = 536381
  DRIFT : 668682
  Narrowing range from: {3.4800887130050803e+01, 3.6291411416461614e+01}
                  to  : {3.4800887130520827e+01, 3.6291411414556009e+01}
===================================
  al = 2.3398206662962751e+00
  au = 4.8775483855798827e+00
  bl = 1.9999886518758379e+00
  bu = 3.1011952964591445e+00
  m = 108327, n = 0
  DRIFT : 108327
  Narrowing range from: {4.6796147800171122e+00, 1.5126230111612227e+01}
                  to  : {4.6796147800652186e+00, 1.5126230111612227e+01}
===================================
  al = 4.3294394688366450e-01
  au = 4.4313261385100677e+00
  bl = 7.9999638489470462e+00
  bu = 7.9999638489470462e+00
  m = 0, n = 150519
  DRIFT : 150519
  Narrowing range from: {3.4635359236897663e+00, 3.5450448910974650e+01}
                  to  : {3.4635359236897663e+00, 3.5450448910439903e+01}
===================================
  al = 1.9775893566783593e+00
  au = 2.6103334321513287e+00
  bl = 3.0401853206384502e+00
  bu = 7.9999784687598030e+00
  m = 0, n = 100341
  DRIFT : 100341
  Narrowing range from: {6.0122381324243843e+00, 2.0882611253494506e+01}
                  to  : {6.0122381324243843e+00, 2.0882611253316266e+01}
===================================
  al = 1.0788230614121987e+00
  au = 1.1818811546117653e+00
  bl = 1.9999971688044855e+00
  bu = 1.9999971688044855e+00
  m = 0, n = 345257
  DRIFT : 345257
  Narrowing range from: {2.1576430684653851e+00, 2.3637589630869069e+00}
                  to  : {2.1576430684653851e+00, 2.3637589630102447e+00}
===================================
  al = 4.1717092318780544e+00
  au = 9.0874388983712038e+00
  bl = 7.9999694745974859e+00
  bu = 9.3494309870538164e+00
  m = 153421, n = 0
  DRIFT : 153421
  Narrowing range from: {3.3373546511920964e+01, 8.4962382829389924e+01}
                  to  : {3.3373546512466021e+01, 8.4962382829389924e+01}
===================================
  al = 2.8250251723100928e-01
  au = 1.2451032981305308e+00
  bl = 1.9999946856515751e+00
  bu = 1.9999946856515751e+00
  m = 252929, n = 62009
  DRIFT : 314938
  Narrowing range from: {5.6500353314521112e-01, 2.4901999793483101e+00}
                  to  : {5.6500353315925145e-01, 2.4901999793345415e+00}
===================================
  al = 8.6773602392374514e+00
  au = 8.6959307250327118e+00
  bl = 3.9999742144017625e+00
  bu = 8.6025591764551486e+00
  m = 112993, n = 0
  DRIFT : 112993
  Narrowing range from: {3.4709217206024917e+01, 7.4807258656448425e+01}
                  to  : {3.4709217206426345e+01, 7.4807258656448425e+01}
===================================
  al = 6.2722827665765832e+00
  au = 9.3843345084580996e+00
  bl = 1.3476212234317572e-01
  bu = 4.9999881805325075e-01
  m = 0, n = 130043
  DRIFT : 130043
  Narrowing range from: {8.4526613756038615e-01, 4.6921561624453831e+00}
                  to  : {8.4526613756038615e-01, 4.6921561623876329e+00}
===================================
  al = 5.2371362729223199e+00
  au = 7.6687562818788280e+00
  bl = 7.9999667083881825e+00
  bu = 9.6978044075144716e+00
  m = 103351, n = 0
  DRIFT : 103351
  Narrowing range from: {4.1896915830670729e+01, 7.4370098470558787e+01}
                  to  : {4.1896915831037902e+01, 7.4370098470558787e+01}
===================================
  al = 1.2513354841791695e+00
  au = 2.9298016999478973e+00
  bl = 1.9999914697288219e+00
  bu = 8.2112364689730306e+00
  m = 142269, n = 0
  DRIFT : 142269
  Narrowing range from: {2.5026602941273244e+00, 2.4057294565471356e+01}
                  to  : {2.5026602941589142e+00, 2.4057294565471356e+01}
===================================
  al = 5.8441214067054092e+00
  au = 7.2117732781229726e+00
  bl = 1.9999985047396891e+00
  bu = 6.0984814420442701e+00
  m = 440921, n = 0
  DRIFT : 440921
  Narrowing range from: {1.1688234074928028e+01, 4.3980865500863722e+01}
                  to  : {1.1688234075319643e+01, 4.3980865500863722e+01}
===================================
  al = 2.8831602727778838e-01
  au = 3.4802746524804018e-01
  bl = 4.9999758126384308e-01
  bu = 5.0434644383737726e-01
  m = 171681, n = 0
  DRIFT : 171681
  Narrowing range from: {1.4415731627849440e-01, 1.7552641445558548e-01}
                  to  : {1.4415731628087694e-01, 1.7552641445558548e-01}
===================================
  al = 2.1542339306524583e+00
  au = 4.2758004084979913e+00
  bl = 1.9999983857101511e+00
  bu = 3.2912949200150750e+00
  m = 738151, n = 0
  DRIFT : 738151
  Narrowing range from: {4.3084643837469505e+00, 1.4072920163487820e+01}
                  to  : {4.3084643840747550e+00, 1.4072920163487820e+01}
===================================
  al = 3.1632480121949382e+00
  au = 5.9793130505189138e+00
  bl = 4.8869485622843047e+00
  bu = 7.9999811703812771e+00
  m = 0, n = 210957
  DRIFT : 210957
  Narrowing range from: {1.5458630325344737e+01, 4.7834391815966342e+01}
                  to  : {1.5458630325344737e+01, 4.7834391815216875e+01}
===================================
  al = 2.5172919263464806e+00
  au = 9.7551486673199115e+00
  bl = 7.0509733527342293e+00
  bu = 7.9999775492650684e+00
  m = 0, n = 110883
  DRIFT : 110883
  Narrowing range from: {1.7749358293722050e+01, 7.8040970328302336e+01}
                  to  : {1.7749358293722050e+01, 7.8040970327514472e+01}
===================================
  al = 4.6637353058602882e+00
  au = 5.2340331263503597e+00
  bl = 6.2005774346875997e+00
  bu = 7.9999639594884417e+00
  m = 0, n = 139675
  DRIFT : 139675
  Narrowing range from: {2.8917851898873174e+01, 4.1872076373571488e+01}
                  to  : {2.8917851898873174e+01, 4.1872076373075267e+01}
===================================
  al = 9.6990039409000406e-01
  au = 2.7491941695367133e+00
  bl = 4.7216171564952542e-01
  bu = 1.9999959890191761e+00
  m = 0, n = 151033
  DRIFT : 151033
  Narrowing range from: {4.5794983408268713e-01, 5.4983773121083308e+00}
                  to  : {4.5794983408268713e-01, 5.4983773120412591e+00}
===================================
  al = 1.5224137437517957e+00
  au = 8.5347282306893497e+00
  bl = 1.9999998483846273e+00
  bu = 8.2568658748993489e+00
  m = 3078715, n = 0
  DRIFT : 3078715
  Narrowing range from: {3.0448272566822645e+00, 7.0470106279518987e+01}
                  to  : {3.0448272573658763e+00, 7.0470106279518987e+01}
===================================
  al = 1.5467190688500763e+00
  au = 8.1402886160487959e+00
  bl = 1.9999984175895906e+00
  bu = 8.8335046980552274e+00
  m = 526977, n = 0
  DRIFT : 526977
  Narrowing range from: {3.0934356901557978e+00, 7.1907277733392519e+01}
                  to  : {3.0934356902728100e+00, 7.1907277733392519e+01}
===================================
  al = 6.2242602427120426e+00
  au = 6.3988742573928734e+00
  bl = 1.9999979446506231e+00
  bu = 1.9999979446506231e+00
  m = 423305, n = 0
  DRIFT : 423305
  Narrowing range from: {1.2448507692394674e+01, 1.2797735362863529e+01}
                  to  : {1.2448507692770644e+01, 1.2797735362863529e+01}
===================================
  al = 1.0027147576553679e+00
  au = 4.8114094262153904e+00
  bl = 1.2237171150269408e+00
  bu = 7.9999916451247266e+00
  m = 0, n = 192881
  DRIFT : 192881
  Narrowing range from: {1.2270392104329648e+00, 3.8491235210997473e+01}
                  to  : {1.2270392104329648e+00, 3.8491235210312226e+01}
===================================
  al = 1.3307126119769280e-01
  au = 2.0660089837653678e-01
  bl = 7.9999686057859618e+00
  bu = 8.1778821135394821e+00
  m = 109885, n = 0
  DRIFT : 109885
  Narrowing range from: {1.0645659119138862e+00, 1.6895577914746684e+00}
                  to  : {1.0645659119260857e+00, 1.6895577914746684e+00}
===================================
  al = 1.2152765388345983e+00
  au = 7.3746566880103366e+00
  bl = 3.9999966825587387e+00
  bu = 9.7550087224029642e+00
  m = 259653, n = 0
  DRIFT : 259653
  Narrowing range from: {4.8611021237298599e+00, 7.1939840316268189e+01}
                  to  : {4.8611021238451686e+00, 7.1939840316268189e+01}
===================================
  al = 4.3828215283187824e+00
  au = 9.7911159572244397e+00
  bl = 6.2499949853586895e-02
  bu = 6.2499949853586895e-02
  m = 0, n = 108925
  DRIFT : 108925
  Narrowing range from: {2.7392612573714498e-01, 6.1194425633718186e-01}
                  to  : {2.7392612573714498e-01, 6.1194425633113536e-01}
===================================
  al = 1.6472108856081355e-01
  au = 6.7977423504815970e+00
  bl = 2.4999985335438263e-01
  bu = 7.7931056667439433e+00
  m = 210611, n = 0
  DRIFT : 210611
  Narrowing range from: {4.1180247984577666e-02, 5.2975524432603429e+01}
                  to  : {4.1180247985308366e-02, 5.2975524432603429e+01}
===================================
  al = 2.2876029128282722e+00
  au = 6.8425186219832845e+00
  bl = 7.9999900763058482e+00
  bu = 9.4138106050388028e+00
  m = 667039, n = 0
  DRIFT : 667039
  Narrowing range from: {1.8300800601154531e+01, 6.4414174368801739e+01}
                  to  : {1.8300800602339429e+01, 6.4414174368801739e+01}
===================================
  al = 4.6167631939250047e+00
  au = 4.8821645385217280e+00
  bl = 7.9999928854511886e+00
  bu = 8.3644459561917657e+00
  m = 141971, n = 0
  DRIFT : 141971
  Narrowing range from: {3.6934072705212948e+01, 4.0836601431700906e+01}
                  to  : {3.6934072705717327e+01, 4.0836601431700906e+01}
===================================
  al = 6.3930200563165291e+00
  au = 8.0133721244106368e+00
  bl = 3.9999713576077918e+00
  bu = 3.9999713576077918e+00
  m = 0, n = 105277
  DRIFT : 105277
  Narrowing range from: {2.5571897113878268e+01, 3.2053258975495247e+01}
                  to  : {2.5571897113878268e+01, 3.2053258975121231e+01}
===================================
  al = 1.5060987499756833e+00
  au = 8.2459118495394677e+00
  bl = 4.9999678509270151e-01
  bu = 4.9999678509270151e-01
  m = 0, n = 113897
  DRIFT : 113897
  Narrowing range from: {7.5304453301997809e-01, 4.1229294149275457e+00}
                  to  : {7.5304453301997809e-01, 4.1229294148769657e+00}
===================================
  al = 7.2817328013198512e+00
  au = 8.2507540558889421e+00
  bl = 7.9999837092666040e+00
  bu = 7.9999837092666040e+00
  m = 0, n = 280859
  DRIFT : 280859
  Narrowing range from: {5.8253743785791080e+01, 6.6005898036276889e+01}
                  to  : {5.8253743785791080e+01, 6.6005898034281273e+01}
===================================
  al = 2.0817722681040878e+00
  au = 2.7658519623214612e+00
  bl = 1.2633308982680767e+00
  bu = 3.9999917637326474e+00
  m = 0, n = 245731
  DRIFT : 245731
  Narrowing range from: {2.6299672294535084e+00, 1.1063385068989625e+01}
                  to  : {2.6299672294535084e+00, 1.1063385068771373e+01}
===================================
  al = 1.0395375357606276e+00
  au = 1.4112623558020834e+00
  bl = 3.9999915826021031e+00
  bu = 8.9999535975540148e+00
  m = 222229, n = 0
  DRIFT : 222229
  Narrowing range from: {4.1581413928414435e+00, 1.2701295716193515e+01}
                  to  : {4.1581413929401325e+00, 1.2701295716193515e+01}
===================================
  al = 2.2082422767893328e-01
  au = 1.2126965263147358e+00
  bl = 7.9999844216154585e+00
  bu = 7.9999844216154585e+00
  m = 0, n = 221385
  DRIFT : 221385
  Narrowing range from: {1.7665903813467314e+00, 9.7015533186650664e+00}
                  to  : {1.7665903813467314e+00, 9.7015533184684379e+00}
===================================
  al = 9.2762090537312647e-01
  au = 2.4609794270892396e+00
  bl = 1.7194672507083564e+00
  bu = 3.9999892675675035e+00
  m = 0, n = 174311
  DRIFT : 174311
  Narrowing range from: {1.5950137678615262e+00, 9.8438912960613809e+00}
                  to  : {1.5950137678615262e+00, 9.8438912959065625e+00}
===================================
  al = 5.6747786096463815e-01
  au = 6.3562561715052013e+00
  bl = 3.9999958115442644e+00
  bu = 9.0187684906355088e+00
  m = 772109, n = 0
  DRIFT : 772109
  Narrowing range from: {2.2699090670026512e+00, 5.7325602877978604e+01}
                  to  : {2.2699090671740936e+00, 5.7325602877978604e+01}
===================================
  al = 1.5545768988837225e-01
  au = 9.0632354184321180e+00
  bl = 6.7669463516884110e-01
  bu = 1.9999961071592867e+00
  m = 0, n = 289609
  DRIFT : 289609
  Narrowing range from: {1.0519738474320289e-01, 1.8126435555132403e+01}
                  to  : {1.0519738474320289e-01, 1.8126435554617956e+01}
===================================
  al = 5.1661945067415278e+00
  au = 5.2614397076965460e+00
  bl = 1.9999938637943806e+00
  bu = 2.4560333448209057e+00
  m = 115207, n = 0
  DRIFT : 115207
  Narrowing range from: {1.0332357312651293e+01, 1.2922271363867477e+01}
                  to  : {1.0332357312753617e+01, 1.2922271363867477e+01}
===================================
  al = 2.3584722463524264e+00
  au = 6.5220811354028356e+00
  bl = 9.9999947752743157e-01
  bu = 1.7243436544185928e+00
  m = 1189515, n = 0
  DRIFT : 1189515
  Narrowing range from: {2.3584710141153744e+00, 1.1246309219435091e+01}
                  to  : {2.3584710143794996e+00, 1.1246309219435091e+01}
===================================
  al = 1.0113639071345126e+00
  au = 8.3535267514964122e+00
  bl = 6.0875859795391811e+00
  bu = 7.9999731617573264e+00
  m = 0, n = 253775
  DRIFT : 253775
  Narrowing range from: {6.1567647412840252e+00, 6.6827989817993156e+01}
                  to  : {6.1567647412840252e+00, 6.6827989816189984e+01}
===================================
  al = 3.7019506440913820e-02
  au = 1.8162976260954702e+00
  bl = 1.9999983811274156e+00
  bu = 9.6012532114618914e+00
  m = 157987, n = 0
  DRIFT : 157987
  Narrowing range from: {7.4038952951963583e-02, 1.7438733415519742e+01}
                  to  : {7.4038952953059831e-02, 1.7438733415519742e+01}
===================================
  al = 3.1382071150958324e-01
  au = 3.4274614222118771e-01
  bl = 6.2499874968676664e-02
  bu = 2.6172192621259072e+00
  m = 208107, n = 0
  DRIFT : 208107
  Narrowing range from: {1.9613755231930104e-02, 8.9704180544063816e-01}
                  to  : {1.9613755232291110e-02, 8.9704180544063816e-01}
