===================================
  al = 1.2582897519190600e-01
  au = 2.5220191686437682e-01
  bl = 1.2499987333070763e-01
  bu = 1.2499987333070763e-01
  m = 0, n = 225333
  Narrowing range:
    Lower bound shifts to right 0 times
    Upper bound shifts to left  225333 times
    Total shifting operations : 225333 times
    {1.5728605960321003e-02, 3.1525207661808753e-02}
                \                      /
                 \                    /
    {1.5728605960321003e-02, 3.1525207661026976e-02}
===================================
  al = 2.8812189272919825e-01
  au = 3.4379337047184144e-01
  bl = 3.8250639038059294e-04
  bu = 2.4999980796906937e-01
  m = 0, n = 658877
  Narrowing range:
    Lower bound shifts to right 0 times
    Upper bound shifts to left  658877 times
    Total shifting operations : 658877 times
    {1.1020846517747003e-04, 8.5948276598999479e-02}
                \                      /
                 \                    /
    {1.1020846517747003e-04, 8.5948276594427608e-02}
===================================
  al = 1.8972800924611943e-01
  au = 2.1567941688053310e-01
  bl = 3.6905891772036547e-03
  bu = 7.8124873469088314e-03
  m = 0, n = 101879
  Narrowing range:
    Lower bound shifts to right 0 times
    Upper bound shifts to left  101879 times
    Total shifting operations : 101879 times
    {7.0020813753612335e-04, 1.6849927153678398e-03}
                \                      /
                 \                    /
    {7.0020813753612335e-04, 1.6849927153567942e-03}
===================================
  al = 7.4456259703154254e-02
  au = 1.8643768792059301e-01
  bl = 9.9999894317385518e-01
  bu = 9.9999894317385518e-01
  m = 610475, n = 0
  Narrowing range:
    Lower bound shifts to right 610475 times
    Upper bound shifts to left  0 times
    Total shifting operations : 610475 times
    {7.4456181015832359e-02, 1.8643749088837003e-01}
                \                      /
                 \                    /
    {7.4456181020068374e-02, 1.8643749088837003e-01}
===================================
  al = 5.0908574689917607e-01
  au = 7.0025417708908810e-01
  bl = 4.9999750446081792e-01
  bu = 7.7587374349611149e-01
  m = 138893, n = 0
  Narrowing range:
    Lower bound shifts to right 138893 times
    Upper bound shifts to left  0 times
    Total shifting operations : 138893 times
    {2.5454160300615963e-01, 5.4330882977689976e-01}
                \                      /
                 \                    /
    {2.5454160301001466e-01, 5.4330882977689976e-01}
===================================
  al = 3.1291508323530992e-01
  au = 6.0405149855998785e-01
  bl = 9.7656016183593226e-04
  bu = 2.2385269819419670e-01
  m = 205269, n = 7
  Narrowing range:
    Lower bound shifts to right 205269 times
    Upper bound shifts to left  7 times
    Total shifting operations : 205276 times
    {3.0558040432517849e-04, 1.3521855780090120e-01}
                \                      /
                 \                    /
    {3.0558040433074229e-04, 1.3521855780090111e-01}
===================================
  al = 6.3057046619187254e-04
  au = 7.4748671313603687e-01
  bl = 6.2499987657663458e-02
  bu = 1.9983640743516365e-01
  m = 1241943, n = 0
  Narrowing range:
    Lower bound shifts to right 1241943 times
    Upper bound shifts to left  0 times
    Total shifting operations : 1241943 times
    {3.9410646354279131e-05, 1.4937505935862436e-01}
                \                      /
                 \                    /
    {3.9410646358486994e-05, 1.4937505935862436e-01}
===================================
  al = 1.9244258832334440e-01
  au = 2.9871550659052576e-01
  bl = 1.7392867128035730e-01
  bu = 2.4999889464522784e-01
  m = 1, n = 110257
  Narrowing range:
    Lower bound shifts to right 1 times
    Upper bound shifts to left  110257 times
    Total shifting operations : 110258 times
    {3.3471283684832098e-02, 7.4678546461020706e-02}
                \                      /
                 \                    /
    {3.3471283684832098e-02, 7.4678546460255651e-02}
===================================
  al = 5.1235373556514463e-01
  au = 6.6687033704043752e-01
  bl = 6.4802423551072935e-02
  bu = 1.2499979690346484e-01
  m = 0, n = 200757
  Narrowing range:
    Lower bound shifts to right 0 times
    Upper bound shifts to left  200757 times
    Total shifting operations : 200757 times
    {3.3201763780066923e-02, 8.3358656690999830e-02}
                \                      /
                 \                    /
    {3.3201763780066923e-02, 8.3358656689606805e-02}
===================================
  al = 6.1309710739756162e-01
  au = 9.6895164592308092e-01
  bl = 9.9999781299960133e-01
  bu = 9.9999781299960133e-01
  m = 193775, n = 0
  Narrowing range:
    Lower bound shifts to right 193775 times
    Upper bound shifts to left  0 times
    Total shifting operations : 193775 times
    {6.1309576655394338e-01, 9.6894952682544500e-01}
                \                      /
                 \                    /
    {6.1309576656470000e-01, 9.6894952682544500e-01}
===================================
  al = 5.5629807562966704e-01
  au = 7.0472228460150543e-01
  bl = 2.4999847899094263e-01
  bu = 2.4999847899094263e-01
  m = 108515, n = 4467
  Narrowing range:
    Lower bound shifts to right 108515 times
    Upper bound shifts to left  4467 times
    Total shifting operations : 112982 times
    {1.3907367277300514e-01, 1.7617949926139853e-01}
                \                      /
                 \                    /
    {1.3907367277451108e-01, 1.7617949926133655e-01}
===================================
  al = 2.1126192489289871e-02
  au = 6.8916426261566188e-01
  bl = 9.9999892770748600e-01
  bu = 9.9999892770748600e-01
  m = 259451, n = 577493
  Narrowing range:
    Lower bound shifts to right 259451 times
    Upper bound shifts to left  577493 times
    Total shifting operations : 836944 times
    {2.1126169835831817e-02, 6.8916352362998212e-01}
                \                      /
                 \                    /
    {2.1126169836281891e-02, 6.8916352359792488e-01}
===================================
  al = 3.4188853332361147e-01
  au = 5.0359937257797904e-01
  bl = 4.9999714331519618e-01
  bu = 5.4068422616845080e-01
  m = 100141, n = 0
  Narrowing range:
    Lower bound shifts to right 100141 times
    Upper bound shifts to left  0 times
    Total shifting operations : 100141 times
    {1.7094328999402800e-01, 2.7228823706124194e-01}
                \                      /
                 \                    /
    {1.7094328999541772e-01, 2.7228823706124194e-01}
===================================
  al = 6.1430888624517989e-02
  au = 4.2099291363233610e-01
  bl = 4.9999980908363850e-01
  bu = 4.9999980908363850e-01
  m = 0, n = 253073
  Narrowing range:
    Lower bound shifts to right 0 times
    Upper bound shifts to left  253073 times
    Total shifting operations : 253073 times
    {3.0715432584097254e-02, 2.1049637644173275e-01}
                \                      /
                 \                    /
    {3.0715432584097254e-02, 2.1049637643822067e-01}
===================================
  al = 1.3227357632741121e-01
  au = 4.5280304773944530e-01
  bl = 9.9999397774544141e-01
  bu = 9.9999397774544141e-01
  m = 146907, n = 0
  Narrowing range:
    Lower bound shifts to right 146907 times
    Upper bound shifts to left  0 times
    Total shifting operations : 146907 times
    {1.3227277974226320e-01, 4.5280032084422689e-01}
                \                      /
                 \                    /
    {1.3227277974430193e-01, 4.5280032084422689e-01}
===================================
  al = 8.0050848642812741e-02
  au = 3.8369935329489302e-01
  bl = 7.6072111732433029e-02
  bu = 2.4999957061618810e-01
  m = 0, n = 162359
  Narrowing range:
    Lower bound shifts to right 0 times
    Upper bound shifts to left  162359 times
    Total shifting operations : 162359 times
    {6.0896371022321353e-03, 9.5924673569432309e-02}
                \                      /
                 \                    /
    {6.0896371022321353e-03, 9.5924673568305724e-02}
===================================
  al = 1.6327392113983600e-02
  au = 2.1356789517311094e-02
  bl = 4.9999653332793309e-01
  bu = 6.8609463118330638e-01
  m = 101123, n = 0
  Narrowing range:
    Lower bound shifts to right 101123 times
    Upper bound shifts to left  0 times
    Total shifting operations : 101123 times
    {8.1636394552776336e-03, 1.4652778627139059e-02}
                \                      /
                 \                    /
    {8.1636394553653430e-03, 1.4652778627139059e-02}
===================================
  al = 1.8656296507129312e-04
  au = 7.1846267402087632e-02
  bl = 4.9999947805580536e-01
  bu = 8.0093409217840605e-01
  m = 288705, n = 0
  Narrowing range:
    Lower bound shifts to right 288705 times
    Upper bound shifts to left  0 times
    Total shifting operations : 288705 times
    {9.3281385160190014e-05, 5.7544124958098068e-02}
                \                      /
                 \                    /
    {9.3281385162146348e-05, 5.7544124958098068e-02}
===================================
  al = 1.5737765915811264e-01
  au = 6.0091361048419800e-01
  bl = 2.4999904287989760e-01
  bu = 8.6170306329426405e-01
  m = 131407, n = 0
  Narrowing range:
    Lower bound shifts to right 131407 times
    Upper bound shifts to left  0 times
    Total shifting operations : 131407 times
    {3.9344264160206914e-02, 5.1780909892944960e-01}
                \                      /
                 \                    /
    {3.9344264160662820e-02, 5.1780909892944960e-01}
===================================
  al = 1.8152402941441337e-01
  au = 2.8007659330133527e-01
  bl = 8.1649680893711785e-01
  bu = 9.9999960229925822e-01
  m = 0, n = 732229
  Narrowing range:
    Lower bound shifts to right 0 times
    Upper bound shifts to left  732229 times
    Total shifting operations : 732229 times
    {1.4821379076227603e-01, 2.8007648191466633e-01}
                \                      /
                 \                    /
    {1.4821379076227603e-01, 2.8007648189434292e-01}
===================================
  al = 2.5239674106656151e-01
  au = 2.8657833343451034e-01
  bl = 4.0583589504419426e-02
  bu = 2.4999971182129938e-01
  m = 0, n = 422727
  Narrowing range:
    Lower bound shifts to right 0 times
    Upper bound shifts to left  422727 times
    Total shifting operations : 422727 times
    {1.0243165731698574e-02, 7.1644500772855821e-02}
                \                      /
                 \                    /
    {1.0243165731698574e-02, 7.1644500769922570e-02}
===================================
  al = 1.5861033235980512e-01
  au = 4.5928519176771060e-01
  bl = 2.4999858133782432e-01
  bu = 2.4999858133782432e-01
  m = 117331, n = 0
  Narrowing range:
    Lower bound shifts to right 117331 times
    Upper bound shifts to left  0 times
    Total shifting operations : 117331 times
    {3.9652358075472093e-02, 1.1482064637139824e-01}
                \                      /
                 \                    /
    {3.9652358075879163e-02, 1.1482064637139824e-01}
===================================
  al = 3.9056548717807262e-02
  au = 1.1549730223823422e-01
  bl = 1.9531222536457976e-03
  bu = 3.4391189969281963e-02
  m = 239929, n = 0
  Narrowing range:
    Lower bound shifts to right 239929 times
    Upper bound shifts to left  0 times
    Total shifting operations : 239929 times
    {7.6282214451350611e-05, 3.9720896622146883e-03}
                \                      /
                 \                    /
    {7.6282214452976426e-05, 3.9720896622146883e-03}
===================================
  al = 7.8351390195537975e-03
  au = 8.6448063159569946e-02
  bl = 9.9999421452267667e-01
  bu = 9.9999421452267667e-01
  m = 110681, n = 0
  Narrowing range:
    Lower bound shifts to right 110681 times
    Upper bound shifts to left  0 times
    Total shifting operations : 110681 times
    {7.8350936895346755e-03, 8.6447563016260887e-02}
                \                      /
                 \                    /
    {7.8350936896306751e-03, 8.6447563016260887e-02}
===================================
  al = 4.1636508921430301e-03
  au = 1.9058435483009131e-02
  bl = 2.4999994306450143e-01
  bu = 5.0158006895058715e-01
  m = 3133815, n = 0
  Narrowing range:
    Lower bound shifts to right 3133815 times
    Upper bound shifts to left  0 times
    Total shifting operations : 3133815 times
    {1.0409124859762182e-03, 9.5593313836580367e-03}
                \                      /
                 \                    /
    {1.0409124863159870e-03, 9.5593313836580367e-03}
===================================
  al = 6.7021056062074635e-01
  au = 8.5080372315569608e-01
  bl = 2.4999952366256162e-01
  bu = 2.4999952366256162e-01
  m = 149681, n = 0
  Narrowing range:
    Lower bound shifts to right 149681 times
    Upper bound shifts to left  0 times
    Total shifting operations : 149681 times
    {1.6755232090880498e-01, 2.1270052551925797e-01}
                \                      /
                 \                    /
    {1.6755232091088221e-01, 2.1270052551925797e-01}
===================================
  al = 8.6564274580883324e-03
  au = 9.2999148252455744e-03
  bl = 4.9999970026449936e-01
  bu = 6.2546233495630288e-01
  m = 1469443, n = 0
  Narrowing range:
    Lower bound shifts to right 1469443 times
    Upper bound shifts to left  0 times
    Total shifting operations : 1469443 times
    {4.3282111344055485e-03, 5.8167464414928347e-03}
                \                      /
                 \                    /
    {4.3282111350428174e-03, 5.8167464414928347e-03}
