===================================
  A = {4.0131420841452544e-04, 4.7007328061435556e-03}
  B = {7.8124624663177961e-03}
  m = 0, n = 161861
  Narrowing range:
    Lower bound shifts to right 0 times
    Upper bound shifts to left  161861 times
    Total shifting operations : 161861 times
    {3.1352521904385173e-06, 3.6724298612185254e-05}
                \                      /
                 \                    /
    {3.1352521904385173e-06, 3.6724298611636851e-05}
    Narrowed xl  / 4.0131420841452544e-04 = 7.8124624663177961e-03
    Narrowed xu  / 4.7007328060733591e-03 = 7.8124624663177961e-03
===================================
  A = {2.1499076071180173e-03, 2.4928792574210206e-03}
  B = {3.9062446266853001e-03}
  m = 341811, n = 0
  Narrowing range:
    Lower bound shifts to right 341811 times
    Upper bound shifts to left  0 times
    Total shifting operations : 341811 times
    {8.3980650381746071e-06, 9.7377962042761026e-06}
                \                      /
                 \                    /
    {8.3980650384641314e-06, 9.7377962042761026e-06}
    Narrowed xl  / 2.1499076071921359e-03 = 3.9062446266853001e-03
    Narrowed xu  / 2.4928792574210206e-03 = 3.9062446266853001e-03
===================================
  A = {8.3472831264624261e-03, 9.5957228224968737e-03}
  B = {7.8124817521444279e-03}
  m = 0, n = 200235
  Narrowing range:
    Lower bound shifts to right 0 times
    Upper bound shifts to left  200235 times
    Total shifting operations : 200235 times
    {6.5212997105470793e-05, 7.4966409449392645e-05}
                \                      /
                 \                    /
    {6.5212997105470793e-05, 7.4966409448035806e-05}
    Narrowed xl  / 8.3472831264624261e-03 = 7.8124817521444279e-03
    Narrowed xu  / 9.5957228223231966e-03 = 7.8124817521444279e-03
===================================
  A = {9.0455452099225016e-03, 9.7873823594301305e-03}
  B = {3.9062492328183619e-03}
  m = 0, n = 994975
  Narrowing range:
    Lower bound shifts to right 0 times
    Upper bound shifts to left  994975 times
    Total shifting operations : 994975 times
    {3.5334154036683579e-05, 3.8231954832823912e-05}
                \                      /
                 \                    /
    {3.5334154036683579e-05, 3.8231954829452809e-05}
    Narrowed xl  / 9.0455452099225016e-03 = 3.9062492328183619e-03
    Narrowed xu  / 9.7873823585671264e-03 = 3.9062492328183619e-03
===================================
  A = {3.9706040684773115e-03, 5.7592222539821613e-03}
  B = {1.9531214517042870e-03}
  m = 259953, n = 0
  Narrowing range:
    Lower bound shifts to right 259953 times
    Upper bound shifts to left  0 times
    Total shifting operations : 259953 times
    {7.7550719823673555e-06, 1.1248460529385275e-05}
                \                      /
                 \                    /
    {7.7550719825875434e-06, 1.1248460529385275e-05}
    Narrowed xl  / 3.9706040685900485e-03 = 1.9531214517042870e-03
    Narrowed xu  / 5.7592222539821613e-03 = 1.9531214517042870e-03
===================================
  A = {2.3303750829675547e-03, 2.6198718214633203e-03}
  B = {7.8124904120030958e-03}
  m = 454879, n = 267701
  Narrowing range:
    Lower bound shifts to right 454879 times
    Upper bound shifts to left  267701 times
    Total shifting operations : 722580 times
    {1.8206032992054941e-05, 2.0467723485859274e-05}
                \                      /
                 \                    /
    {1.8206032992825534e-05, 2.0467723485405773e-05}
    Narrowed xl  / 2.3303750830661911e-03 = 7.8124904120030958e-03
    Narrowed xu  / 2.6198718214052717e-03 = 7.8124904120030958e-03
===================================
  A = {2.0308796407630773e-03, 3.0642118061448278e-03}
  B = {1.9531222338836974e-03}
  m = 286795, n = 112361
  Narrowing range:
    Lower bound shifts to right 286795 times
    Upper bound shifts to left  112361 times
    Total shifting operations : 399156 times
    {3.9665561807161030e-06, 5.9847802079103848e-06}
                \                      /
                 \                    /
    {3.9665561808375649e-06, 5.9847802078627985e-06}
    Narrowed xl  / 2.0308796408252663e-03 = 1.9531222338836974e-03
    Narrowed xu  / 3.0642118061204632e-03 = 1.9531222338836974e-03
===================================
  A = {5.9923902952172354e-03, 7.2345086558696127e-03}
  B = {7.8124899754969182e-03}
  m = 0, n = 100527
  Narrowing range:
    Lower bound shifts to right 0 times
    Upper bound shifts to left  100527 times
    Total shifting operations : 100527 times
    {4.6815489110649672e-05, 5.6519526351627030e-05}
                \                      /
                 \                    /
    {4.6815489110649672e-05, 5.6519526351286435e-05}
    Narrowed xl  / 5.9923902952172354e-03 = 7.8124899754969182e-03
    Narrowed xu  / 7.2345086558260156e-03 = 7.8124899754969182e-03
===================================
  A = {1.5508886397782101e-03, 2.5127283907918426e-03}
  B = {7.8124888532495650e-03}
  m = 53879, n = 441445
  Narrowing range:
    Lower bound shifts to right 53879 times
    Upper bound shifts to left  441445 times
    Total shifting operations : 495324 times
    {1.2116300210898647e-05, 1.9630662544304986e-05}
                \                      /
                 \                    /
    {1.2116300210944283e-05, 1.9630662543557150e-05}
    Narrowed xl  / 1.5508886397840517e-03 = 7.8124888532495650e-03
    Narrowed xu  / 2.5127283906961192e-03 = 7.8124888532495650e-03
===================================
  A = {2.9034731719218212e-04, 2.1614007727612048e-03}
  B = {7.8124778836282053e-03}
  m = 256521, n = 0
  Narrowing range:
    Lower bound shifts to right 256521 times
    Upper bound shifts to left  0 times
    Total shifting operations : 256521 times
    {2.2683319941347064e-06, 1.6885895734853825e-05}
                \                      /
                 \                    /
    {2.2683319941890266e-06, 1.6885895734853825e-05}
    Narrowed xl  / 2.9034731719913517e-04 = 7.8124778836282053e-03
    Narrowed xu  / 2.1614007727612048e-03 = 7.8124778836282053e-03
===================================
  A = {1.4406679035884383e-03, 8.5844269299772402e-03}
  B = {7.8124923841954132e-03}
  m = 0, n = 718931
  Narrowing range:
    Lower bound shifts to right 0 times
    Upper bound shifts to left  718931 times
    Total shifting operations : 718931 times
    {1.1255207024939446e-05, 6.7065770013129196e-05}
                \                      /
                 \                    /
    {1.1255207024939446e-05, 6.7065770008257537e-05}
    Narrowed xl  / 1.4406679035884383e-03 = 7.8124923841954132e-03
    Narrowed xu  / 8.5844269293536661e-03 = 7.8124923841954132e-03
===================================
  A = {1.2576735040618241e-04, 1.5090307807629814e-03}
  B = {3.9062162583166967e-03}
  m = 103885, n = 51695
  Narrowing range:
    Lower bound shifts to right 103885 times
    Upper bound shifts to left  51695 times
    Total shifting operations : 155580 times
    {4.9127446892204278e-07, 5.8946005701166962e-06}
                \                      /
                 \                    /
    {4.9127446892754236e-07, 5.8946005700948029e-06}
    Narrowed xl  / 1.2576735040759033e-04 = 3.9062162583166967e-03
    Narrowed xu  / 1.5090307807573765e-03 = 3.9062162583166967e-03
===================================
  A = {2.8525587328322635e-03, 4.0115629865131400e-03}
  B = {7.8124853756999756e-03}
  m = 238019, n = 168277
  Narrowing range:
    Lower bound shifts to right 238019 times
    Upper bound shifts to left  168277 times
    Total shifting operations : 406296 times
    {2.2285573383577313e-05, 3.1340277165833221e-05}
                \                      /
                 \                    /
    {2.2285573383980532e-05, 3.1340277165263080e-05}
    Narrowed xl  / 2.8525587328838758e-03 = 7.8124853756999756e-03
    Narrowed xu  / 4.0115629864401611e-03 = 7.8124853756999756e-03
===================================
  A = {2.0785802262152740e-03, 6.4991564657242741e-03}
  B = {7.8124873249198522e-03}
  m = 162019, n = 88175
  Narrowing range:
    Lower bound shifts to right 162019 times
    Upper bound shifts to left  88175 times
    Total shifting operations : 250194 times
    {1.6238881671135869e-05, 5.0774577511141792e-05}
                \                      /
                 \                    /
    {1.6238881671410338e-05, 5.0774577510843047e-05}
    Narrowed xl  / 2.0785802262504064e-03 = 7.8124873249198522e-03
    Narrowed xu  / 6.4991564656860339e-03 = 7.8124873249198522e-03
===================================
  A = {1.3831924654812591e-03, 7.1036917448763712e-03}
  B = {7.8124922453725277e-03}
  m = 425787, n = 0
  Narrowing range:
    Lower bound shifts to right 425787 times
    Upper bound shifts to left  0 times
    Total shifting operations : 425787 times
    {1.0806180410430045e-05, 5.5497536670363491e-05}
                \                      /
                 \                    /
    {1.0806180410790700e-05, 5.5497536670363491e-05}
    Narrowed xl  / 1.3831924655274231e-03 = 7.8124922453725277e-03
    Narrowed xu  / 7.1036917448763712e-03 = 7.8124922453725277e-03
===================================
  A = {3.7978614191669789e-03, 4.7036016170473342e-03}
  B = {7.8124667833160931e-03}
  m = 0, n = 113817
  Narrowing range:
    Lower bound shifts to right 0 times
    Upper bound shifts to left  113817 times
    Total shifting operations : 113817 times
    {2.9670666184879741e-05, 3.6746731395134158e-05}
                \                      /
                 \                    /
    {2.9670666184879741e-05, 3.6746731394748534e-05}
    Narrowed xl  / 3.7978614191669789e-03 = 7.8124667833160931e-03
    Narrowed xu  / 4.7036016169979735e-03 = 7.8124667833160931e-03
===================================
  A = {4.8315847487056000e-03, 5.0427972367632539e-03}
  B = {7.8124808124259383e-03}
  m = 297377, n = 0
  Narrowing range:
    Lower bound shifts to right 297377 times
    Upper bound shifts to left  0 times
    Total shifting operations : 297377 times
    {3.7746663142872301e-05, 3.9396756653167463e-05}
                \                      /
                 \                    /
    {3.7746663143879850e-05, 3.9396756653167463e-05}
    Narrowed xl  / 4.8315847488345672e-03 = 7.8124808124259383e-03
    Narrowed xu  / 5.0427972367632539e-03 = 7.8124808124259383e-03
===================================
  A = {5.1123222154265671e-03, 6.7305973767282723e-03}
  B = {7.8124558099060219e-03}
  m = 112885, n = 24155
  Narrowing range:
    Lower bound shifts to right 112885 times
    Upper bound shifts to left  24155 times
    Total shifting operations : 137040 times
    {3.9939791394020911e-05, 5.2582494579959018e-05}
                \                      /
                 \                    /
    {3.9939791394403377e-05, 5.2582494579877181e-05}
    Narrowed xl  / 5.1123222154755236e-03 = 7.8124558099060219e-03
    Narrowed xu  / 6.7305973767177963e-03 = 7.8124558099060219e-03
===================================
  A = {1.0511098836119284e-03, 1.2577304289225974e-03}
  B = {3.9062438340257293e-03}
  m = 392235, n = 23475
  Narrowing range:
    Lower bound shifts to right 392235 times
    Upper bound shifts to left  23475 times
    Total shifting operations : 415710 times
    {4.1058915017425975e-06, 4.9130017328454314e-06}
                \                      /
                 \                    /
    {4.1058915019087151e-06, 4.9130017328354897e-06}
    Narrowed xl  / 1.0511098836544547e-03 = 3.9062438340257293e-03
    Narrowed xu  / 1.2577304289200521e-03 = 3.9062438340257293e-03
===================================
  A = {2.2817449917885519e-03, 2.5118135234198425e-03}
  B = {7.8124993956500003e-03}
  m = 0, n = 937147
  Narrowing range:
    Lower bound shifts to right 0 times
    Upper bound shifts to left  937147 times
    Total shifting operations : 937147 times
    {1.7826131369375476e-05, 1.9623541633703015e-05}
                \                      /
                 \                    /
    {1.7826131369375476e-05, 1.9623541632115428e-05}
    Narrowed xl  / 2.2817449917885519e-03 = 7.8124993956500003e-03
    Narrowed xu  / 2.5118135232166309e-03 = 7.8124993956500003e-03
===================================
  A = {5.7751393582563277e-03, 8.6778609398058901e-03}
  B = {7.8124883649049598e-03}
  m = 237777, n = 103843
  Narrowing range:
    Lower bound shifts to right 237777 times
    Upper bound shifts to left  103843 times
    Total shifting operations : 341620 times
    {4.5118209042082259e-05, 6.7795687624496728e-05}
                \                      /
                 \                    /
    {4.5118209042887876e-05, 6.7795687623793067e-05}
    Narrowed xl  / 5.7751393583594475e-03 = 7.8124883649049598e-03
    Narrowed xu  / 8.6778609397158198e-03 = 7.8124883649049598e-03
===================================
  A = {1.9925817070240346e-03, 4.0355402612914527e-03}
  B = {7.8124350759928600e-03}
  m = 112893, n = 0
  Narrowing range:
    Lower bound shifts to right 112893 times
    Upper bound shifts to left  0 times
    Total shifting operations : 112893 times
    {1.5566915219736297e-05, 3.1527396287894737e-05}
                \                      /
                 \                    /
    {1.5566915219927544e-05, 3.1527396287894737e-05}
    Narrowed xl  / 1.9925817070485146e-03 = 7.8124350759928600e-03
    Narrowed xu  / 4.0355402612914527e-03 = 7.8124350759928600e-03
===================================
  A = {5.8965166013074592e-04, 1.5669826555344544e-03}
  B = {7.8124801129559728e-03}
  m = 228567, n = 0
  Narrowing range:
    Lower bound shifts to right 228567 times
    Upper bound shifts to left  0 times
    Total shifting operations : 228567 times
    {4.6066418683429271e-06, 1.2242020833709865e-05}
                \                      /
                 \                    /
    {4.6066418684397286e-06, 1.2242020833709865e-05}
    Narrowed xl  / 5.8965166014313662e-04 = 7.8124801129559728e-03
    Narrowed xu  / 1.5669826555344544e-03 = 7.8124801129559728e-03
===================================
  A = {5.1356166887111237e-03, 8.6678649510435243e-03}
  B = {4.8827921410901285e-04}
  m = 24193, n = 117085
  Narrowing range:
    Lower bound shifts to right 24193 times
    Upper bound shifts to left  117085 times
    Total shifting operations : 141278 times
    {2.5076148807289986e-06, 4.2323382862985887e-06}
                \                      /
                 \                    /
    {2.5076148807341215e-06, 4.2323382862490017e-06}
    Narrowed xl  / 5.1356166887216162e-03 = 4.8827921410901285e-04
    Narrowed xu  / 8.6678649509419683e-03 = 4.8827921410901285e-04
===================================
  A = {2.5731424315701338e-03, 4.0815487217263679e-03}
  B = {7.8124863538878535e-03}
  m = 337699, n = 532361
  Narrowing range:
    Lower bound shifts to right 337699 times
    Upper bound shifts to left  532361 times
    Total shifting operations : 870060 times
    {2.0102640133251482e-05, 3.1887043691215659e-05}
                \                      /
                 \                    /
    {2.0102640133823564e-05, 3.1887043689411953e-05}
    Narrowed xl  / 2.5731424316433609e-03 = 7.8124863538878535e-03
    Narrowed xu  / 4.0815487214954926e-03 = 7.8124863538878535e-03
===================================
  A = {3.5551655521214214e-03, 8.5872121689494364e-03}
  B = {7.8124864486113898e-03}
  m = 0, n = 250079
  Narrowing range:
    Lower bound shifts to right 0 times
    Upper bound shifts to left  250079 times
    Total shifting operations : 250079 times
    {2.7774682698518633e-05, 6.7087478701268285e-05}
                \                      /
                 \                    /
    {2.7774682698518633e-05, 6.7087478699573690e-05}
    Narrowed xl  / 3.5551655521214214e-03 = 7.8124864486113898e-03
    Narrowed xu  / 8.5872121687325265e-03 = 7.8124864486113898e-03
===================================
  A = {6.6239636287525341e-05, 5.2878913839337304e-04}
  B = {7.8124920986889093e-03}
  m = 0, n = 784179
  Narrowing range:
    Lower bound shifts to right 0 times
    Upper bound shifts to left  784179 times
    Total shifting operations : 784179 times
    {5.1749663511631890e-07, 4.1311609655707428e-06}
                \                      /
                 \                    /
    {5.1749663511631890e-07, 4.1311609652386305e-06}
    Narrowed xl  / 6.6239636287525341e-05 = 7.8124920986889093e-03
    Narrowed xu  / 5.2878913835086255e-04 = 7.8124920986889093e-03
===================================
  A = {5.2456203504076147e-03, 7.9069367594401547e-03}
  B = {1.9531234614066815e-03}
  m = 0, n = 326001
  Narrowing range:
    Lower bound shifts to right 0 times
    Upper bound shifts to left  326001 times
    Total shifting operations : 326001 times
    {1.0245344176013450e-05, 1.5443223692721482e-05}
                \                      /
                 \                    /
    {1.0245344176013450e-05, 1.5443223692169217e-05}
    Narrowed xl  / 5.2456203504076147e-03 = 1.9531234614066815e-03
    Narrowed xu  / 7.9069367591573930e-03 = 1.9531234614066815e-03
===================================
  A = {7.4699141715427126e-03, 8.3807108943140737e-03}
  B = {7.8124992749991551e-03}
  m = 0, n = 8724491
  Narrowing range:
    Lower bound shifts to right 0 times
    Upper bound shifts to left  8724491 times
    Total shifting operations : 8724491 times
    {5.8358699049483358e-05, 6.5474297785806217e-05}
                \                      /
                 \                    /
    {5.8358699049483358e-05, 6.5474297726686773e-05}
    Narrowed xl  / 7.4699141715427126e-03 = 7.8124992749991551e-03
    Narrowed xu  / 8.3807108867467832e-03 = 7.8124992749991551e-03
===================================
  A = {4.7791482017717386e-03, 5.9631650862160155e-03}
  B = {1.9531233220792220e-03}
  m = 586339, n = 0
  Narrowing range:
    Lower bound shifts to right 586339 times
    Upper bound shifts to left  0 times
    Total shifting operations : 586339 times
    {9.3342658125533588e-06, 1.1646796803297054e-05}
                \                      /
                 \                    /
    {9.3342658130500064e-06, 1.1646796803297054e-05}
    Narrowed xl  / 4.7791482020260231e-03 = 1.9531233220792220e-03
    Narrowed xu  / 5.9631650862160155e-03 = 1.9531233220792220e-03
===================================
  A = {1.2097387253805631e-05, 1.4341837533624388e-04}
  B = {7.8124582193750862e-03}
  m = 34381, n = 138369
  Narrowing range:
    Lower bound shifts to right 34381 times
    Upper bound shifts to left  138369 times
    Total shifting operations : 172750 times
    {9.4510332483957215e-08, 1.1204500652050596e-06}
                \                      /
                 \                    /
    {9.4510332484184723e-08, 1.1204500651904093e-06}
    Narrowed xl  / 1.2097387253834754e-05 = 7.8124582193750862e-03
    Narrowed xu  / 1.4341837533436862e-04 = 7.8124582193750862e-03
===================================
  A = {2.1170451490178052e-03, 7.9236369937491780e-03}
  B = {3.9062184986934298e-03}
  m = 109455, n = 67381
  Narrowing range:
    Lower bound shifts to right 109455 times
    Upper bound shifts to left  67381 times
    Total shifting operations : 176836 times
    {8.2696409236625397e-06, 3.0951457401914632e-05}
                \                      /
                 \                    /
    {8.2696409237552509e-06, 3.0951457401686340e-05}
    Narrowed xl  / 2.1170451490415397e-03 = 3.9062184986934298e-03
    Narrowed xu  / 7.9236369936907334e-03 = 3.9062184986934298e-03
===================================
  A = {4.4667674034612592e-03, 6.1961551179927276e-03}
  B = {7.8124573021959081e-03}
  m = 116093, n = 0
  Narrowing range:
    Lower bound shifts to right 116093 times
    Upper bound shifts to left  0 times
    Total shifting operations : 116093 times
    {3.4896429618381573e-05, 4.8407197297100836e-05}
                \                      /
                 \                    /
    {3.4896429618774908e-05, 4.8407197297100836e-05}
    Narrowed xl  / 4.4667674035116069e-03 = 7.8124573021959081e-03
    Narrowed xu  / 6.1961551179927276e-03 = 7.8124573021959081e-03
===================================
  A = {5.8945892360854355e-04, 2.6510156784353904e-03}
  B = {2.4414008620406941e-04}
  m = 213451, n = 170331
  Narrowing range:
    Lower bound shifts to right 213451 times
    Upper bound shifts to left  170331 times
    Total shifting operations : 383782 times
    {1.4391055242354780e-07, 6.4721919626155572e-07}
                \                      /
                 \                    /
    {1.4391055242637279e-07, 6.4721919625253852e-07}
    Narrowed xl  / 5.8945892362011480e-04 = 2.4414008620406941e-04
    Narrowed xu  / 2.6510156783984555e-03 = 2.4414008620406941e-04
===================================
  A = {4.6293330873084801e-03, 8.3920106658936997e-03}
  B = {7.8124939541478859e-03}
  m = 862043, n = 801521
  Narrowing range:
    Lower bound shifts to right 862043 times
    Upper bound shifts to left  801521 times
    Total shifting operations : 1663564 times
    {3.6166636756334271e-05, 6.5562532590439097e-05}
                \                      /
                 \                    /
    {3.6166636759254983e-05, 6.5562532585007786e-05}
    Narrowed xl  / 4.6293330876823321e-03 = 7.8124939541478859e-03
    Narrowed xu  / 8.3920106651984901e-03 = 7.8124939541478859e-03
===================================
  A = {2.4425884297247370e-03, 8.3394621038616733e-03}
  B = {7.8124823994980067e-03}
  m = 29467, n = 346635
  Narrowing range:
    Lower bound shifts to right 29467 times
    Upper bound shifts to left  346635 times
    Total shifting operations : 376102 times
    {1.9082679116441984e-05, 6.5151900907699936e-05}
                \                      /
                 \                    /
    {1.9082679116491901e-05, 6.5151900905351053e-05}
    Narrowed xl  / 2.4425884297311269e-03 = 7.8124823994980067e-03
    Narrowed xu  / 8.3394621035610145e-03 = 7.8124823994980067e-03
===================================
  A = {3.2442533990322275e-05, 2.5573250504627417e-03}
  B = {7.8124690233754256e-03}
  m = 147609, n = 112019
  Narrowing range:
    Lower bound shifts to right 147609 times
    Upper bound shifts to left  112019 times
    Total shifting operations : 259628 times
    {2.5345629183919714e-07, 1.9979022739442165e-05}
                \                      /
                 \                    /
    {2.5345629184310429e-07, 1.9979022739252399e-05}
    Narrowed xl  / 3.2442533990822398e-05 = 7.8124690233754256e-03
    Narrowed xu  / 2.5573250504384512e-03 = 7.8124690233754256e-03
